#
# A fatal error has been detected by the Java Runtime Environment:
#
#  SIGSEGV (0xb) at pc=0x00007fe0a1c65b80, pid=5888, tid=140602775480064
#
# JRE version: Java(TM) SE Runtime Environment (7.0_75-b13) (build 1.7.0_75-b13)
# Java VM: Java HotSpot(TM) 64-Bit Server VM (24.75-b04 mixed mode linux-amd64 compressed oops)
# Problematic frame:
# C  [libc.so.6+0x98b80]  envz_strip+0x610
#
# Failed to write core dump. Core dumps have been disabled. To enable core dumping, try "ulimit -c unlimited" before starting Java again
#
# If you would like to submit a bug report, please visit:
#   http://bugreport.sun.com/bugreport/crash.jsp
# The crash happened outside the Java Virtual Machine in native code.
# See problematic frame for where to report the bug.
#

---------------  T H R E A D  ---------------

Current thread (0x00007fe09c00a000):  JavaThread "main" [_thread_in_native, id=5892, stack(0x00007fe0a26ca000,0x00007fe0a27cb000)]

siginfo:si_signo=SIGSEGV: si_errno=0, si_code=1 (SEGV_MAPERR), si_addr=0x0000000000000000

Registers:
RAX=0xffff801f77f5135c, RBX=0x00007fe088043038, RCX=0x0000000000000060, RDX=0x0000000000000030
RSP=0x00007fe0a27c92d8, RBP=0x0000000000000000, RSI=0x0000000000000000, RDI=0x00007fe0880aec74
R8 =0x0000000000000007, R9 =0x00007fe09c000078, R10=0x0000000000000000, R11=0x0000000000000246
R12=0x0000000000000030, R13=0x0000000000000030, R14=0x0000000000000000, R15=0x00007fe0880b0170
RIP=0x00007fe0a1c65b80, EFLAGS=0x0000000000010202, CSGSFS=0x0000000000000033, ERR=0x0000000000000004
  TRAPNO=0x000000000000000e

Top of Stack: (sp=0x00007fe0a27c92d8)
0x00007fe0a27c92d8:   00007fe05f9130dd 0000000000000000
0x00007fe0a27c92e8:   0000000000000000 0000000000000000
0x00007fe0a27c92f8:   00007fe0880b0178 0000000000000010
0x00007fe0a27c9308:   0000000000000010 00007fe0880b0170
0x00007fe0a27c9318:   0000000000000002 0000000000000000
0x00007fe0a27c9328:   00007fe05f9371ee 0000000000000001
0x00007fe0a27c9338:   00007fe088043038 00007fe09c93dd00
0x00007fe0a27c9348:   00007fe000000030 000000000000000d
0x00007fe0a27c9358:   00007fe0880b0178 00007fe0880afff0
0x00007fe0a27c9368:   00007fe088043038 00007fe0a27c93c0
0x00007fe0a27c9378:   0000000000000000 0000000000000001
0x00007fe0a27c9388:   00007fe05f937ae4 0000000000800016
0x00007fe0a27c9398:   00007fe000000002 0000000200000000
0x00007fe0a27c93a8:   0000000000000001 00007fe0880b0148
0x00007fe0a27c93b8:   0000000200000001 00007fe0880afff0
0x00007fe0a27c93c8:   00007fe09c9296a8 00007fe05fd752e8
0x00007fe0a27c93d8:   0000000000000001 00007fe09c93d718
0x00007fe0a27c93e8:   00007fe088043038 00007fe09c76f4b0
0x00007fe0a27c93f8:   0000000000000000 0000000000000000
0x00007fe0a27c9408:   0000000000000001 00000000304c0aff
0x00007fe0a27c9418:   00007fe05f44403d 00007fe000000000
0x00007fe0a27c9428:   00007fe088043038 00007fe09c31ff20
0x00007fe0a27c9438:   00007fe05f9034df 00007fe088043038
0x00007fe0a27c9448:   00007fe09c76eaa0 00007fe09c76f200
0x00007fe0a27c9458:   00007fe05f9c470c 00007fe09c76ed50
0x00007fe0a27c9468:   0000000000000001 00007fe000000000
0x00007fe0a27c9478:   0000000000000000 00007fe09c76eaa0
0x00007fe0a27c9488:   00007fe088043038 0000000000000001
0x00007fe0a27c9498:   00007fe09c76f200 0000000000000001
0x00007fe0a27c94a8:   00007fe09c76eaa0 0000000000000000
0x00007fe0a27c94b8:   00007fe05f978974 0000000000000001
0x00007fe0a27c94c8:   00007fe000000001 00000000000002bc 

Instructions: (pc=0x00007fe0a1c65b80)
0x00007fe0a1c65b60:   48 89 f0 48 8d 0c 12 48 29 f8 48 29 d0 48 39 c8
0x00007fe0a1c65b70:   0f 82 07 01 00 00 48 83 fa 10 0f 86 8b 01 00 00
0x00007fe0a1c65b80:   f3 44 0f 6f 06 48 83 fa 20 f3 44 0f 7f 07 f3 44
0x00007fe0a1c65b90:   0f 6f 44 16 f0 f3 44 0f 7f 44 17 f0 77 12 48 89 

Register to memory mapping:

RAX=0xffff801f77f5135c is an unknown value
RBX=0x00007fe088043038 is an unknown value
RCX=0x0000000000000060 is an unknown value
RDX=0x0000000000000030 is an unknown value
RSP=0x00007fe0a27c92d8 is pointing into the stack for thread: 0x00007fe09c00a000
RBP=0x0000000000000000 is an unknown value
RSI=0x0000000000000000 is an unknown value
RDI=0x00007fe0880aec74 is an unknown value
R8 =0x0000000000000007 is an unknown value
R9 =0x00007fe09c000078 is an unknown value
R10=0x0000000000000000 is an unknown value
R11=0x0000000000000246 is an unknown value
R12=0x0000000000000030 is an unknown value
R13=0x0000000000000030 is an unknown value
R14=0x0000000000000000 is an unknown value
R15=0x00007fe0880b0170 is an unknown value


Stack: [0x00007fe0a26ca000,0x00007fe0a27cb000],  sp=0x00007fe0a27c92d8,  free space=1020k
Native frames: (J=compiled Java code, j=interpreted, Vv=VM code, C=native code)
C  [libc.so.6+0x98b80]  envz_strip+0x610

[error occurred during error reporting (printing native stack), id 0xb]

Java frames: (J=compiled Java code, j=interpreted, Vv=VM code)
j  org.lwjgl.opengl.GL11.nglDrawArrays(IIIJ)V+0
j  org.lwjgl.opengl.GL11.glDrawArrays(III)V+22
j  simulador.Avion.draw()V+119
j  simulador.Simulador.draw()V+35
j  simulador.Simulador.come_alive()V+57
j  simulador.Simulador.run()V+1
j  simulador.Main.main([Ljava/lang/String;)V+13
v  ~StubRoutines::call_stub

---------------  P R O C E S S  ---------------

Java Threads: ( => current thread )
  0x00007fe09c0a0800 JavaThread "Service Thread" daemon [_thread_blocked, id=5903, stack(0x00007fe073dfe000,0x00007fe073eff000)]
  0x00007fe09c09e000 JavaThread "C2 CompilerThread1" daemon [_thread_blocked, id=5902, stack(0x00007fe073eff000,0x00007fe074000000)]
  0x00007fe09c09b800 JavaThread "C2 CompilerThread0" daemon [_thread_blocked, id=5901, stack(0x00007fe0880b2000,0x00007fe0881b3000)]
  0x00007fe09c099000 JavaThread "Signal Dispatcher" daemon [_thread_blocked, id=5900, stack(0x00007fe0881b3000,0x00007fe0882b4000)]
  0x00007fe09c070000 JavaThread "Finalizer" daemon [_thread_blocked, id=5899, stack(0x00007fe088996000,0x00007fe088a97000)]
  0x00007fe09c06e000 JavaThread "Reference Handler" daemon [_thread_blocked, id=5898, stack(0x00007fe088a97000,0x00007fe088b98000)]
=>0x00007fe09c00a000 JavaThread "main" [_thread_in_native, id=5892, stack(0x00007fe0a26ca000,0x00007fe0a27cb000)]

Other Threads:
  0x00007fe09c069800 VMThread [stack: 0x00007fe088b98000,0x00007fe088c99000] [id=5897]
  0x00007fe09c0ab800 WatcherThread [stack: 0x00007fe073cfd000,0x00007fe073dfe000] [id=5904]

VM state:not at safepoint (normal execution)

VM Mutex/Monitor currently owned by a thread: None

Heap
 PSYoungGen      total 17920K, used 8978K [0x00000000ec000000, 0x00000000ed400000, 0x0000000100000000)
  eden space 15360K, 58% used [0x00000000ec000000,0x00000000ec8c4960,0x00000000ecf00000)
  from space 2560K, 0% used [0x00000000ed180000,0x00000000ed180000,0x00000000ed400000)
  to   space 2560K, 0% used [0x00000000ecf00000,0x00000000ecf00000,0x00000000ed180000)
 ParOldGen       total 40960K, used 0K [0x00000000c4000000, 0x00000000c6800000, 0x00000000ec000000)
  object space 40960K, 0% used [0x00000000c4000000,0x00000000c4000000,0x00000000c6800000)
 PSPermGen       total 21504K, used 7098K [0x00000000bee00000, 0x00000000c0300000, 0x00000000c4000000)
  object space 21504K, 33% used [0x00000000bee00000,0x00000000bf4ee810,0x00000000c0300000)

Card table byte_map: [0x00007fe0985a9000,0x00007fe0987b3000] byte_map_base: 0x00007fe097fb2000

Polling page: 0x00007fe0a27eb000

Code Cache  [0x00007fe0987b3000, 0x00007fe098a23000, 0x00007fe09b7b3000)
 total_blobs=488 nmethods=19 adapters=423 free_code_cache=48594Kb largest_free_block=49750016

Compilation events (10 events):
Event: 0,272 Thread 0x00007fe09c09b800 nmethod 14 0x00007fe09882b190 code [0x00007fe09882b2c0, 0x00007fe09882b338]
Event: 0,272 Thread 0x00007fe09c09e000 nmethod 12 0x00007fe09882b3d0 code [0x00007fe09882b500, 0x00007fe09882b598]
Event: 0,298 Thread 0x00007fe09c09b800   15             org.lwjgl.system.MemoryUtil::memEncodeASCII (62 bytes)
Event: 0,303 Thread 0x00007fe09c09e000   16             java.lang.Object::<init> (1 bytes)
Event: 0,304 Thread 0x00007fe09c09e000 nmethod 16 0x00007fe098837450 code [0x00007fe098837580, 0x00007fe0988375f8]
Event: 0,308 Thread 0x00007fe09c09b800 nmethod 15 0x00007fe098834cd0 code [0x00007fe098834e40, 0x00007fe098835298]
Event: 0,330 Thread 0x00007fe09c09e000   17             java.lang.String::equals (81 bytes)
Event: 0,335 Thread 0x00007fe09c09e000 nmethod 17 0x00007fe09883ab90 code [0x00007fe09883ace0, 0x00007fe09883af38]
Event: 0,363 Thread 0x00007fe09c09b800   18             sun.net.www.ParseUtil::encodePath (336 bytes)
Event: 0,386 Thread 0x00007fe09c09b800 nmethod 18 0x00007fe09883f390 code [0x00007fe09883f5e0, 0x00007fe098840638]

GC Heap History (0 events):
No events

Deoptimization events (0 events):
No events

Internal exceptions (10 events):
Event: 0,387 Thread 0x00007fe09c00a000 Threw 0x00000000ec863658 at /HUDSON/workspace/7u-2-build-linux-amd64/jdk7u75/1940/hotspot/src/share/vm/prims/jvm.cpp:1281
Event: 0,387 Thread 0x00007fe09c00a000 Threw 0x00000000ec866288 at /HUDSON/workspace/7u-2-build-linux-amd64/jdk7u75/1940/hotspot/src/share/vm/prims/jvm.cpp:1281
Event: 0,387 Thread 0x00007fe09c00a000 Threw 0x00000000ec8692a8 at /HUDSON/workspace/7u-2-build-linux-amd64/jdk7u75/1940/hotspot/src/share/vm/prims/jvm.cpp:1281
Event: 0,388 Thread 0x00007fe09c00a000 Threw 0x00000000ec86bda8 at /HUDSON/workspace/7u-2-build-linux-amd64/jdk7u75/1940/hotspot/src/share/vm/prims/jvm.cpp:1281
Event: 0,388 Thread 0x00007fe09c00a000 Threw 0x00000000ec870c00 at /HUDSON/workspace/7u-2-build-linux-amd64/jdk7u75/1940/hotspot/src/share/vm/prims/jvm.cpp:1281
Event: 0,388 Thread 0x00007fe09c00a000 Threw 0x00000000ec875750 at /HUDSON/workspace/7u-2-build-linux-amd64/jdk7u75/1940/hotspot/src/share/vm/prims/jvm.cpp:1281
Event: 0,392 Thread 0x00007fe09c00a000 Threw 0x00000000ec8785f0 at /HUDSON/workspace/7u-2-build-linux-amd64/jdk7u75/1940/hotspot/src/share/vm/prims/jvm.cpp:1281
Event: 0,393 Thread 0x00007fe09c00a000 Threw 0x00000000ec87a900 at /HUDSON/workspace/7u-2-build-linux-amd64/jdk7u75/1940/hotspot/src/share/vm/prims/jvm.cpp:1281
Event: 0,394 Thread 0x00007fe09c00a000 Threw 0x00000000ec87d598 at /HUDSON/workspace/7u-2-build-linux-amd64/jdk7u75/1940/hotspot/src/share/vm/prims/jvm.cpp:1281
Event: 0,396 Thread 0x00007fe09c00a000 Threw 0x00000000ec880708 at /HUDSON/workspace/7u-2-build-linux-amd64/jdk7u75/1940/hotspot/src/share/vm/prims/jvm.cpp:1281

Events (10 events):
Event: 0,395 loading class 0x00007fe0a003adf0
Event: 0,395 loading class 0x00007fe0a003adf0 done
Event: 0,395 loading class 0x00007fe09c077aa0
Event: 0,395 loading class 0x00007fe09c077aa0 done
Event: 0,395 loading class 0x00007fe0a0019760
Event: 0,395 loading class 0x00007fe0a0019760 done
Event: 0,395 loading class 0x00007fe0a003d000
Event: 0,395 loading class 0x00007fe0a003d000 done
Event: 0,396 loading class 0x00007fe09c7c5250
Event: 0,396 loading class 0x00007fe09c7c5250 done


Dynamic libraries:
00400000-00401000 r-xp 00000000 08:09 1838081                            /home/raul/jdk1.7.0_75/bin/java
00600000-00601000 rw-p 00000000 08:09 1838081                            /home/raul/jdk1.7.0_75/bin/java
01462000-01483000 rw-p 00000000 00:00 0                                  [heap]
bee00000-c0300000 rw-p 00000000 00:00 0 
c0300000-c4000000 rw-p 00000000 00:00 0 
c4000000-c6800000 rw-p 00000000 00:00 0 
c6800000-ec000000 rw-p 00000000 00:00 0 
ec000000-ed400000 rw-p 00000000 00:00 0 
ed400000-100000000 rw-p 00000000 00:00 0 
7fe05d0ee000-7fe05e28c000 rw-p 00000000 00:00 0 
7fe05e28c000-7fe05e2c3000 r-xp 00000000 08:09 3679606                    /usr/lib/x86_64-linux-gnu/libtxc_dxtn_s2tc.so.0.0.0
7fe05e2c3000-7fe05e4c2000 ---p 00037000 08:09 3679606                    /usr/lib/x86_64-linux-gnu/libtxc_dxtn_s2tc.so.0.0.0
7fe05e4c2000-7fe05e4c3000 r--p 00036000 08:09 3679606                    /usr/lib/x86_64-linux-gnu/libtxc_dxtn_s2tc.so.0.0.0
7fe05e4c3000-7fe05e4c4000 rw-p 00037000 08:09 3679606                    /usr/lib/x86_64-linux-gnu/libtxc_dxtn_s2tc.so.0.0.0
7fe05e4c4000-7fe05e4dc000 r-xp 00000000 08:09 2625662                    /lib/x86_64-linux-gnu/libz.so.1.2.8
7fe05e4dc000-7fe05e6db000 ---p 00018000 08:09 2625662                    /lib/x86_64-linux-gnu/libz.so.1.2.8
7fe05e6db000-7fe05e6dc000 r--p 00017000 08:09 2625662                    /lib/x86_64-linux-gnu/libz.so.1.2.8
7fe05e6dc000-7fe05e6dd000 rw-p 00018000 08:09 2625662                    /lib/x86_64-linux-gnu/libz.so.1.2.8
7fe05e6dd000-7fe05e6e5000 r-xp 00000000 08:09 3679409                    /usr/lib/x86_64-linux-gnu/libpciaccess.so.0.11.1
7fe05e6e5000-7fe05e8e4000 ---p 00008000 08:09 3679409                    /usr/lib/x86_64-linux-gnu/libpciaccess.so.0.11.1
7fe05e8e4000-7fe05e8e5000 r--p 00007000 08:09 3679409                    /usr/lib/x86_64-linux-gnu/libpciaccess.so.0.11.1
7fe05e8e5000-7fe05e8e6000 rw-p 00008000 08:09 3679409                    /usr/lib/x86_64-linux-gnu/libpciaccess.so.0.11.1
7fe05e8e6000-7fe05e8fc000 r-xp 00000000 08:09 2625476                    /lib/x86_64-linux-gnu/libgcc_s.so.1
7fe05e8fc000-7fe05eafb000 ---p 00016000 08:09 2625476                    /lib/x86_64-linux-gnu/libgcc_s.so.1
7fe05eafb000-7fe05eafc000 rw-p 00015000 08:09 2625476                    /lib/x86_64-linux-gnu/libgcc_s.so.1
7fe05eafc000-7fe05ebe2000 r-xp 00000000 08:09 3679564                    /usr/lib/x86_64-linux-gnu/libstdc++.so.6.0.19
7fe05ebe2000-7fe05ede1000 ---p 000e6000 08:09 3679564                    /usr/lib/x86_64-linux-gnu/libstdc++.so.6.0.19
7fe05ede1000-7fe05ede9000 r--p 000e5000 08:09 3679564                    /usr/lib/x86_64-linux-gnu/libstdc++.so.6.0.19
7fe05ede9000-7fe05edeb000 rw-p 000ed000 08:09 3679564                    /usr/lib/x86_64-linux-gnu/libstdc++.so.6.0.19
7fe05edeb000-7fe05ee00000 rw-p 00000000 00:00 0 
7fe05ee00000-7fe05ee27000 r-xp 00000000 08:09 2625521                    /lib/x86_64-linux-gnu/libexpat.so.1.6.0
7fe05ee27000-7fe05f027000 ---p 00027000 08:09 2625521                    /lib/x86_64-linux-gnu/libexpat.so.1.6.0
7fe05f027000-7fe05f029000 r--p 00027000 08:09 2625521                    /lib/x86_64-linux-gnu/libexpat.so.1.6.0
7fe05f029000-7fe05f02a000 rw-p 00029000 08:09 2625521                    /lib/x86_64-linux-gnu/libexpat.so.1.6.0
7fe05f02a000-7fe05f036000 r-xp 00000000 08:09 3673068                    /usr/lib/x86_64-linux-gnu/libdrm_radeon.so.1.0.1
7fe05f036000-7fe05f235000 ---p 0000c000 08:09 3673068                    /usr/lib/x86_64-linux-gnu/libdrm_radeon.so.1.0.1
7fe05f235000-7fe05f236000 r--p 0000b000 08:09 3673068                    /usr/lib/x86_64-linux-gnu/libdrm_radeon.so.1.0.1
7fe05f236000-7fe05f237000 rw-p 0000c000 08:09 3673068                    /usr/lib/x86_64-linux-gnu/libdrm_radeon.so.1.0.1
7fe05f237000-7fe05f23d000 r-xp 00000000 08:09 3672797                    /usr/lib/x86_64-linux-gnu/libdrm_nouveau.so.2.0.0
7fe05f23d000-7fe05f43c000 ---p 00006000 08:09 3672797                    /usr/lib/x86_64-linux-gnu/libdrm_nouveau.so.2.0.0
7fe05f43c000-7fe05f43d000 r--p 00005000 08:09 3672797                    /usr/lib/x86_64-linux-gnu/libdrm_nouveau.so.2.0.0
7fe05f43d000-7fe05f43e000 rw-p 00006000 08:09 3672797                    /usr/lib/x86_64-linux-gnu/libdrm_nouveau.so.2.0.0
7fe05f43e000-7fe05f45d000 r-xp 00000000 08:09 3672795                    /usr/lib/x86_64-linux-gnu/libdrm_intel.so.1.0.0
7fe05f45d000-7fe05f65c000 ---p 0001f000 08:09 3672795                    /usr/lib/x86_64-linux-gnu/libdrm_intel.so.1.0.0
7fe05f65c000-7fe05f65d000 r--p 0001e000 08:09 3672795                    /usr/lib/x86_64-linux-gnu/libdrm_intel.so.1.0.0
7fe05f65d000-7fe05f65e000 rw-p 0001f000 08:09 3672795                    /usr/lib/x86_64-linux-gnu/libdrm_intel.so.1.0.0
7fe05f65e000-7fe05fb4d000 r-xp 00000000 08:09 3934416                    /usr/lib/x86_64-linux-gnu/dri/i965_dri.so
7fe05fb4d000-7fe05fd4c000 ---p 004ef000 08:09 3934416                    /usr/lib/x86_64-linux-gnu/dri/i965_dri.so
7fe05fd4c000-7fe05fd63000 r--p 004ee000 08:09 3934416                    /usr/lib/x86_64-linux-gnu/dri/i965_dri.so
7fe05fd63000-7fe05fd6f000 rw-p 00505000 08:09 3934416                    /usr/lib/x86_64-linux-gnu/dri/i965_dri.so
7fe05fd6f000-7fe05fdbb000 rw-p 00000000 00:00 0 
7fe05fdbb000-7fe05fdff000 r-xp 00000000 08:09 2625517                    /lib/x86_64-linux-gnu/libdbus-1.so.3.7.6
7fe05fdff000-7fe05fffe000 ---p 00044000 08:09 2625517                    /lib/x86_64-linux-gnu/libdbus-1.so.3.7.6
7fe05fffe000-7fe05ffff000 r--p 00043000 08:09 2625517                    /lib/x86_64-linux-gnu/libdbus-1.so.3.7.6
7fe05ffff000-7fe060000000 rw-p 00044000 08:09 2625517                    /lib/x86_64-linux-gnu/libdbus-1.so.3.7.6
7fe060000000-7fe060021000 rw-p 00000000 00:00 0 
7fe060021000-7fe064000000 ---p 00000000 00:00 0 
7fe064000000-7fe064021000 rw-p 00000000 00:00 0 
7fe064021000-7fe068000000 ---p 00000000 00:00 0 
7fe068000000-7fe068080000 rw-p 00000000 00:00 0 
7fe068080000-7fe06c000000 ---p 00000000 00:00 0 
7fe06c000000-7fe06c141000 rw-p 00000000 00:00 0 
7fe06c141000-7fe070000000 ---p 00000000 00:00 0 
7fe0701c9000-7fe0701d1000 r-xp 00000000 08:09 2625561                    /lib/x86_64-linux-gnu/libnih-dbus.so.1.0.0
7fe0701d1000-7fe0703d1000 ---p 00008000 08:09 2625561                    /lib/x86_64-linux-gnu/libnih-dbus.so.1.0.0
7fe0703d1000-7fe0703d2000 r--p 00008000 08:09 2625561                    /lib/x86_64-linux-gnu/libnih-dbus.so.1.0.0
7fe0703d2000-7fe0703d3000 rw-p 00009000 08:09 2625561                    /lib/x86_64-linux-gnu/libnih-dbus.so.1.0.0
7fe0703d3000-7fe0703ea000 r-xp 00000000 08:09 2625563                    /lib/x86_64-linux-gnu/libnih.so.1.0.0
7fe0703ea000-7fe0705e9000 ---p 00017000 08:09 2625563                    /lib/x86_64-linux-gnu/libnih.so.1.0.0
7fe0705e9000-7fe0705ea000 r--p 00016000 08:09 2625563                    /lib/x86_64-linux-gnu/libnih.so.1.0.0
7fe0705ea000-7fe0705eb000 rw-p 00017000 08:09 2625563                    /lib/x86_64-linux-gnu/libnih.so.1.0.0
7fe0705eb000-7fe070604000 r-xp 00000000 08:09 2625512                    /lib/x86_64-linux-gnu/libcgmanager.so.0.0.0
7fe070604000-7fe070803000 ---p 00019000 08:09 2625512                    /lib/x86_64-linux-gnu/libcgmanager.so.0.0.0
7fe070803000-7fe070805000 r--p 00018000 08:09 2625512                    /lib/x86_64-linux-gnu/libcgmanager.so.0.0.0
7fe070805000-7fe070806000 rw-p 0001a000 08:09 2625512                    /lib/x86_64-linux-gnu/libcgmanager.so.0.0.0
7fe070806000-7fe070816000 r-xp 00000000 08:09 2625436                    /lib/x86_64-linux-gnu/libudev.so.1.3.5
7fe070816000-7fe070a15000 ---p 00010000 08:09 2625436                    /lib/x86_64-linux-gnu/libudev.so.1.3.5
7fe070a15000-7fe070a16000 r--p 0000f000 08:09 2625436                    /lib/x86_64-linux-gnu/libudev.so.1.3.5
7fe070a16000-7fe070a17000 rw-p 00010000 08:09 2625436                    /lib/x86_64-linux-gnu/libudev.so.1.3.5
7fe070a17000-7fe070a1c000 r-xp 00000000 08:09 3678669                    /usr/lib/x86_64-linux-gnu/libXdmcp.so.6.0.0
7fe070a1c000-7fe070c1b000 ---p 00005000 08:09 3678669                    /usr/lib/x86_64-linux-gnu/libXdmcp.so.6.0.0
7fe070c1b000-7fe070c1c000 r--p 00004000 08:09 3678669                    /usr/lib/x86_64-linux-gnu/libXdmcp.so.6.0.0
7fe070c1c000-7fe070c1d000 rw-p 00005000 08:09 3678669                    /usr/lib/x86_64-linux-gnu/libXdmcp.so.6.0.0
7fe070c1d000-7fe070c1f000 r-xp 00000000 08:09 3678658                    /usr/lib/x86_64-linux-gnu/libXau.so.6.0.0
7fe070c1f000-7fe070e1f000 ---p 00002000 08:09 3678658                    /usr/lib/x86_64-linux-gnu/libXau.so.6.0.0
7fe070e1f000-7fe070e20000 r--p 00002000 08:09 3678658                    /usr/lib/x86_64-linux-gnu/libXau.so.6.0.0
7fe070e20000-7fe070e21000 rw-p 00003000 08:09 3678658                    /usr/lib/x86_64-linux-gnu/libXau.so.6.0.0
7fe070e21000-7fe070e2a000 r-xp 00000000 08:09 3678693                    /usr/lib/x86_64-linux-gnu/libXrender.so.1.3.0
7fe070e2a000-7fe071029000 ---p 00009000 08:09 3678693                    /usr/lib/x86_64-linux-gnu/libXrender.so.1.3.0
7fe071029000-7fe07102a000 r--p 00008000 08:09 3678693                    /usr/lib/x86_64-linux-gnu/libXrender.so.1.3.0
7fe07102a000-7fe07102b000 rw-p 00009000 08:09 3678693                    /usr/lib/x86_64-linux-gnu/libXrender.so.1.3.0
7fe07102b000-7fe071036000 r-xp 00000000 08:09 3672667                    /usr/lib/x86_64-linux-gnu/libdrm.so.2.4.0
7fe071036000-7fe071235000 ---p 0000b000 08:09 3672667                    /usr/lib/x86_64-linux-gnu/libdrm.so.2.4.0
7fe071235000-7fe071236000 r--p 0000a000 08:09 3672667                    /usr/lib/x86_64-linux-gnu/libdrm.so.2.4.0
7fe071236000-7fe071237000 rw-p 0000b000 08:09 3672667                    /usr/lib/x86_64-linux-gnu/libdrm.so.2.4.0
7fe071237000-7fe071238000 r-xp 00000000 08:09 3679738                    /usr/lib/x86_64-linux-gnu/libxshmfence.so.1.0.0
7fe071238000-7fe071437000 ---p 00001000 08:09 3679738                    /usr/lib/x86_64-linux-gnu/libxshmfence.so.1.0.0
7fe071437000-7fe071438000 r--p 00000000 08:09 3679738                    /usr/lib/x86_64-linux-gnu/libxshmfence.so.1.0.0
7fe071438000-7fe071439000 rw-p 00001000 08:09 3679738                    /usr/lib/x86_64-linux-gnu/libxshmfence.so.1.0.0
7fe071439000-7fe07143e000 r-xp 00000000 08:09 3679720                    /usr/lib/x86_64-linux-gnu/libxcb-sync.so.1.0.0
7fe07143e000-7fe07163d000 ---p 00005000 08:09 3679720                    /usr/lib/x86_64-linux-gnu/libxcb-sync.so.1.0.0
7fe07163d000-7fe07163e000 r--p 00004000 08:09 3679720                    /usr/lib/x86_64-linux-gnu/libxcb-sync.so.1.0.0
7fe07163e000-7fe07163f000 rw-p 00005000 08:09 3679720                    /usr/lib/x86_64-linux-gnu/libxcb-sync.so.1.0.0
7fe07163f000-7fe071641000 r-xp 00000000 08:09 3679708                    /usr/lib/x86_64-linux-gnu/libxcb-present.so.0.0.0
7fe071641000-7fe071840000 ---p 00002000 08:09 3679708                    /usr/lib/x86_64-linux-gnu/libxcb-present.so.0.0.0
7fe071840000-7fe071841000 r--p 00001000 08:09 3679708                    /usr/lib/x86_64-linux-gnu/libxcb-present.so.0.0.0
7fe071841000-7fe071842000 rw-p 00002000 08:09 3679708                    /usr/lib/x86_64-linux-gnu/libxcb-present.so.0.0.0
7fe071842000-7fe071844000 r-xp 00000000 08:09 3679698                    /usr/lib/x86_64-linux-gnu/libxcb-dri3.so.0.0.0
7fe071844000-7fe071a43000 ---p 00002000 08:09 3679698                    /usr/lib/x86_64-linux-gnu/libxcb-dri3.so.0.0.0
7fe071a43000-7fe071a44000 r--p 00001000 08:09 3679698                    /usr/lib/x86_64-linux-gnu/libxcb-dri3.so.0.0.0
7fe071a44000-7fe071a45000 rw-p 00002000 08:09 3679698                    /usr/lib/x86_64-linux-gnu/libxcb-dri3.so.0.0.0
7fe071a45000-7fe071a48000 r-xp 00000000 08:09 3679696                    /usr/lib/x86_64-linux-gnu/libxcb-dri2.so.0.0.0
7fe071a48000-7fe071c48000 ---p 00003000 08:09 3679696                    /usr/lib/x86_64-linux-gnu/libxcb-dri2.so.0.0.0
7fe071c48000-7fe071c49000 r--p 00003000 08:09 3679696                    /usr/lib/x86_64-linux-gnu/libxcb-dri2.so.0.0.0
7fe071c49000-7fe071c4a000 rw-p 00004000 08:09 3679696                    /usr/lib/x86_64-linux-gnu/libxcb-dri2.so.0.0.0
7fe071c4a000-7fe071c5f000 r-xp 00000000 08:09 3679700                    /usr/lib/x86_64-linux-gnu/libxcb-glx.so.0.0.0
7fe071c5f000-7fe071e5e000 ---p 00015000 08:09 3679700                    /usr/lib/x86_64-linux-gnu/libxcb-glx.so.0.0.0
7fe071e5e000-7fe071e60000 r--p 00014000 08:09 3679700                    /usr/lib/x86_64-linux-gnu/libxcb-glx.so.0.0.0
7fe071e60000-7fe071e61000 rw-p 00016000 08:09 3679700                    /usr/lib/x86_64-linux-gnu/libxcb-glx.so.0.0.0
7fe071e61000-7fe071e62000 r-xp 00000000 08:09 3678652                    /usr/lib/x86_64-linux-gnu/libX11-xcb.so.1.0.0
7fe071e62000-7fe072061000 ---p 00001000 08:09 3678652                    /usr/lib/x86_64-linux-gnu/libX11-xcb.so.1.0.0
7fe072061000-7fe072062000 r--p 00000000 08:09 3678652                    /usr/lib/x86_64-linux-gnu/libX11-xcb.so.1.0.0
7fe072062000-7fe072063000 rw-p 00001000 08:09 3678652                    /usr/lib/x86_64-linux-gnu/libX11-xcb.so.1.0.0
7fe072063000-7fe072068000 r-xp 00000000 08:09 3678673                    /usr/lib/x86_64-linux-gnu/libXfixes.so.3.1.0
7fe072068000-7fe072267000 ---p 00005000 08:09 3678673                    /usr/lib/x86_64-linux-gnu/libXfixes.so.3.1.0
7fe072267000-7fe072268000 r--p 00004000 08:09 3678673                    /usr/lib/x86_64-linux-gnu/libXfixes.so.3.1.0
7fe072268000-7fe072269000 rw-p 00005000 08:09 3678673                    /usr/lib/x86_64-linux-gnu/libXfixes.so.3.1.0
7fe072269000-7fe07226b000 r-xp 00000000 08:09 3678667                    /usr/lib/x86_64-linux-gnu/libXdamage.so.1.1.0
7fe07226b000-7fe07246a000 ---p 00002000 08:09 3678667                    /usr/lib/x86_64-linux-gnu/libXdamage.so.1.1.0
7fe07246a000-7fe07246b000 r--p 00001000 08:09 3678667                    /usr/lib/x86_64-linux-gnu/libXdamage.so.1.1.0
7fe07246b000-7fe07246c000 rw-p 00002000 08:09 3678667                    /usr/lib/x86_64-linux-gnu/libXdamage.so.1.1.0
7fe07246c000-7fe07247d000 r-xp 00000000 08:09 3678671                    /usr/lib/x86_64-linux-gnu/libXext.so.6.4.0
7fe07247d000-7fe07267c000 ---p 00011000 08:09 3678671                    /usr/lib/x86_64-linux-gnu/libXext.so.6.4.0
7fe07267c000-7fe07267d000 r--p 00010000 08:09 3678671                    /usr/lib/x86_64-linux-gnu/libXext.so.6.4.0
7fe07267d000-7fe07267e000 rw-p 00011000 08:09 3678671                    /usr/lib/x86_64-linux-gnu/libXext.so.6.4.0
7fe07267e000-7fe0726a0000 r-xp 00000000 08:09 3672157                    /usr/lib/x86_64-linux-gnu/libglapi.so.0.0.0
7fe0726a0000-7fe0728a0000 ---p 00022000 08:09 3672157                    /usr/lib/x86_64-linux-gnu/libglapi.so.0.0.0
7fe0728a0000-7fe0728a3000 r--p 00022000 08:09 3672157                    /usr/lib/x86_64-linux-gnu/libglapi.so.0.0.0
7fe0728a3000-7fe0728a4000 rw-p 00025000 08:09 3672157                    /usr/lib/x86_64-linux-gnu/libglapi.so.0.0.0
7fe0728a4000-7fe0728a5000 rw-p 00000000 00:00 0 
7fe0728a5000-7fe0728c2000 r-xp 00000000 08:09 3679728                    /usr/lib/x86_64-linux-gnu/libxcb.so.1.1.0
7fe0728c2000-7fe072ac2000 ---p 0001d000 08:09 3679728                    /usr/lib/x86_64-linux-gnu/libxcb.so.1.1.0
7fe072ac2000-7fe072ac3000 r--p 0001d000 08:09 3679728                    /usr/lib/x86_64-linux-gnu/libxcb.so.1.1.0
7fe072ac3000-7fe072ac4000 rw-p 0001e000 08:09 3679728                    /usr/lib/x86_64-linux-gnu/libxcb.so.1.1.0
7fe072ac4000-7fe072acd000 r-xp 00000000 08:09 3678665                    /usr/lib/x86_64-linux-gnu/libXcursor.so.1.0.2
7fe072acd000-7fe072ccc000 ---p 00009000 08:09 3678665                    /usr/lib/x86_64-linux-gnu/libXcursor.so.1.0.2
7fe072ccc000-7fe072ccd000 r--p 00008000 08:09 3678665                    /usr/lib/x86_64-linux-gnu/libXcursor.so.1.0.2
7fe072ccd000-7fe072cce000 rw-p 00009000 08:09 3678665                    /usr/lib/x86_64-linux-gnu/libXcursor.so.1.0.2
7fe072cce000-7fe072cd0000 r-xp 00000000 08:09 3678681                    /usr/lib/x86_64-linux-gnu/libXinerama.so.1.0.0
7fe072cd0000-7fe072ecf000 ---p 00002000 08:09 3678681                    /usr/lib/x86_64-linux-gnu/libXinerama.so.1.0.0
7fe072ecf000-7fe072ed0000 r--p 00001000 08:09 3678681                    /usr/lib/x86_64-linux-gnu/libXinerama.so.1.0.0
7fe072ed0000-7fe072ed1000 rw-p 00002000 08:09 3678681                    /usr/lib/x86_64-linux-gnu/libXinerama.so.1.0.0
7fe072ed1000-7fe072ed5000 r-xp 00000000 08:09 3678709                    /usr/lib/x86_64-linux-gnu/libXxf86vm.so.1.0.0
7fe072ed5000-7fe0730d5000 ---p 00004000 08:09 3678709                    /usr/lib/x86_64-linux-gnu/libXxf86vm.so.1.0.0
7fe0730d5000-7fe0730d6000 r--p 00004000 08:09 3678709                    /usr/lib/x86_64-linux-gnu/libXxf86vm.so.1.0.0
7fe0730d6000-7fe0730d7000 rw-p 00005000 08:09 3678709                    /usr/lib/x86_64-linux-gnu/libXxf86vm.so.1.0.0
7fe0730d7000-7fe0730e0000 r-xp 00000000 08:09 3678691                    /usr/lib/x86_64-linux-gnu/libXrandr.so.2.2.0
7fe0730e0000-7fe0732df000 ---p 00009000 08:09 3678691                    /usr/lib/x86_64-linux-gnu/libXrandr.so.2.2.0
7fe0732df000-7fe0732e0000 r--p 00008000 08:09 3678691                    /usr/lib/x86_64-linux-gnu/libXrandr.so.2.2.0
7fe0732e0000-7fe0732e1000 rw-p 00009000 08:09 3678691                    /usr/lib/x86_64-linux-gnu/libXrandr.so.2.2.0
7fe0732e1000-7fe0732f0000 r-xp 00000000 08:09 3678679                    /usr/lib/x86_64-linux-gnu/libXi.so.6.1.0
7fe0732f0000-7fe0734ef000 ---p 0000f000 08:09 3678679                    /usr/lib/x86_64-linux-gnu/libXi.so.6.1.0
7fe0734ef000-7fe0734f0000 r--p 0000e000 08:09 3678679                    /usr/lib/x86_64-linux-gnu/libXi.so.6.1.0
7fe0734f0000-7fe0734f1000 rw-p 0000f000 08:09 3678679                    /usr/lib/x86_64-linux-gnu/libXi.so.6.1.0
7fe0734f1000-7fe073553000 r-xp 00000000 08:09 3934455                    /usr/lib/x86_64-linux-gnu/mesa/libGL.so.1.2.0
7fe073553000-7fe073752000 ---p 00062000 08:09 3934455                    /usr/lib/x86_64-linux-gnu/mesa/libGL.so.1.2.0
7fe073752000-7fe073755000 r--p 00061000 08:09 3934455                    /usr/lib/x86_64-linux-gnu/mesa/libGL.so.1.2.0
7fe073755000-7fe073756000 rw-p 00064000 08:09 3934455                    /usr/lib/x86_64-linux-gnu/mesa/libGL.so.1.2.0
7fe073756000-7fe073757000 rw-p 00000000 00:00 0 
7fe073757000-7fe073887000 r-xp 00000000 08:09 3678654                    /usr/lib/x86_64-linux-gnu/libX11.so.6.3.0
7fe073887000-7fe073a87000 ---p 00130000 08:09 3678654                    /usr/lib/x86_64-linux-gnu/libX11.so.6.3.0
7fe073a87000-7fe073a88000 r--p 00130000 08:09 3678654                    /usr/lib/x86_64-linux-gnu/libX11.so.6.3.0
7fe073a88000-7fe073a8c000 rw-p 00131000 08:09 3678654                    /usr/lib/x86_64-linux-gnu/libX11.so.6.3.0
7fe073a8c000-7fe073afb000 r-xp 00000000 08:09 2102220                    /home/raul/lwjgl/native/linux/x64/liblwjgl.so
7fe073afb000-7fe073cfa000 ---p 0006f000 08:09 2102220                    /home/raul/lwjgl/native/linux/x64/liblwjgl.so
7fe073cfa000-7fe073cfb000 r--p 0006e000 08:09 2102220                    /home/raul/lwjgl/native/linux/x64/liblwjgl.so
7fe073cfb000-7fe073cfc000 rw-p 0006f000 08:09 2102220                    /home/raul/lwjgl/native/linux/x64/liblwjgl.so
7fe073cfc000-7fe073cfd000 rw-p 00000000 00:00 0 
7fe073cfd000-7fe073cfe000 ---p 00000000 00:00 0 
7fe073cfe000-7fe073dfe000 rw-p 00000000 00:00 0                          [stack:5904]
7fe073dfe000-7fe073e01000 ---p 00000000 00:00 0 
7fe073e01000-7fe073eff000 rw-p 00000000 00:00 0                          [stack:5903]
7fe073eff000-7fe073f02000 ---p 00000000 00:00 0 
7fe073f02000-7fe074000000 rw-p 00000000 00:00 0                          [stack:5902]
7fe074000000-7fe074021000 rw-p 00000000 00:00 0 
7fe074021000-7fe078000000 ---p 00000000 00:00 0 
7fe078000000-7fe078021000 rw-p 00000000 00:00 0 
7fe078021000-7fe07c000000 ---p 00000000 00:00 0 
7fe07c000000-7fe07c021000 rw-p 00000000 00:00 0 
7fe07c021000-7fe080000000 ---p 00000000 00:00 0 
7fe080000000-7fe080021000 rw-p 00000000 00:00 0 
7fe080021000-7fe084000000 ---p 00000000 00:00 0 
7fe084000000-7fe084021000 rw-p 00000000 00:00 0 
7fe084021000-7fe088000000 ---p 00000000 00:00 0 
7fe088043000-7fe0880b2000 rw-p 00000000 00:00 0 
7fe0880b2000-7fe0880b5000 ---p 00000000 00:00 0 
7fe0880b5000-7fe0881b3000 rw-p 00000000 00:00 0                          [stack:5901]
7fe0881b3000-7fe0881b6000 ---p 00000000 00:00 0 
7fe0881b6000-7fe0882b4000 rw-p 00000000 00:00 0                          [stack:5900]
7fe0882b4000-7fe088996000 r--p 00000000 08:09 3677561                    /usr/lib/locale/locale-archive
7fe088996000-7fe088999000 ---p 00000000 00:00 0 
7fe088999000-7fe088a97000 rw-p 00000000 00:00 0                          [stack:5899]
7fe088a97000-7fe088a9a000 ---p 00000000 00:00 0 
7fe088a9a000-7fe088b98000 rw-p 00000000 00:00 0                          [stack:5898]
7fe088b98000-7fe088b99000 ---p 00000000 00:00 0 
7fe088b99000-7fe089ba8000 rw-p 00000000 00:00 0                          [stack:5897]
7fe089ba8000-7fe089d67000 r--s 039eb000 08:09 1837861                    /home/raul/jdk1.7.0_75/jre/lib/rt.jar
7fe089d67000-7fe08c000000 rw-p 00000000 00:00 0 
7fe08c000000-7fe08c021000 rw-p 00000000 00:00 0 
7fe08c021000-7fe090000000 ---p 00000000 00:00 0 
7fe090000000-7fe090021000 rw-p 00000000 00:00 0 
7fe090021000-7fe094000000 ---p 00000000 00:00 0 
7fe094000000-7fe094021000 rw-p 00000000 00:00 0 
7fe094021000-7fe098000000 ---p 00000000 00:00 0 
7fe098011000-7fe098019000 rw-s 00000000 00:04 60362                      /drm mm object (deleted)
7fe098019000-7fe09803f000 r--p 00000000 08:09 4329090                    /usr/share/locale-langpack/es/LC_MESSAGES/libc.mo
7fe09803f000-7fe0981a5000 rw-p 00000000 00:00 0 
7fe0981a5000-7fe0981a6000 ---p 00000000 00:00 0 
7fe0981a6000-7fe0982a6000 rw-p 00000000 00:00 0                          [stack:5896]
7fe0982a6000-7fe0982a7000 ---p 00000000 00:00 0 
7fe0982a7000-7fe0983a7000 rw-p 00000000 00:00 0                          [stack:5895]
7fe0983a7000-7fe0983a8000 ---p 00000000 00:00 0 
7fe0983a8000-7fe0984a8000 rw-p 00000000 00:00 0                          [stack:5894]
7fe0984a8000-7fe0984a9000 ---p 00000000 00:00 0 
7fe0984a9000-7fe0985b4000 rw-p 00000000 00:00 0                          [stack:5893]
7fe0985b4000-7fe0985d2000 rw-p 00000000 00:00 0 
7fe0985d2000-7fe0985e6000 rw-p 00000000 00:00 0 
7fe0985e6000-7fe098712000 rw-p 00000000 00:00 0 
7fe098712000-7fe09871c000 rw-p 00000000 00:00 0 
7fe09871c000-7fe0987b2000 rw-p 00000000 00:00 0 
7fe0987b2000-7fe0987b3000 rw-p 00000000 00:00 0 
7fe0987b3000-7fe098a23000 rwxp 00000000 00:00 0 
7fe098a23000-7fe09b7b3000 rw-p 00000000 00:00 0 
7fe09b7b3000-7fe09b7cd000 r-xp 00000000 08:09 1837823                    /home/raul/jdk1.7.0_75/jre/lib/amd64/libzip.so
7fe09b7cd000-7fe09b9cd000 ---p 0001a000 08:09 1837823                    /home/raul/jdk1.7.0_75/jre/lib/amd64/libzip.so
7fe09b9cd000-7fe09b9ce000 rw-p 0001a000 08:09 1837823                    /home/raul/jdk1.7.0_75/jre/lib/amd64/libzip.so
7fe09b9ce000-7fe09b9d9000 r-xp 00000000 08:09 2625429                    /lib/x86_64-linux-gnu/libnss_files-2.19.so
7fe09b9d9000-7fe09bbd8000 ---p 0000b000 08:09 2625429                    /lib/x86_64-linux-gnu/libnss_files-2.19.so
7fe09bbd8000-7fe09bbd9000 r--p 0000a000 08:09 2625429                    /lib/x86_64-linux-gnu/libnss_files-2.19.so
7fe09bbd9000-7fe09bbda000 rw-p 0000b000 08:09 2625429                    /lib/x86_64-linux-gnu/libnss_files-2.19.so
7fe09bbda000-7fe09bbe5000 r-xp 00000000 08:09 2621542                    /lib/x86_64-linux-gnu/libnss_nis-2.19.so
7fe09bbe5000-7fe09bde4000 ---p 0000b000 08:09 2621542                    /lib/x86_64-linux-gnu/libnss_nis-2.19.so
7fe09bde4000-7fe09bde5000 r--p 0000a000 08:09 2621542                    /lib/x86_64-linux-gnu/libnss_nis-2.19.so
7fe09bde5000-7fe09bde6000 rw-p 0000b000 08:09 2621542                    /lib/x86_64-linux-gnu/libnss_nis-2.19.so
7fe09bde6000-7fe09bdfd000 r-xp 00000000 08:09 2621536                    /lib/x86_64-linux-gnu/libnsl-2.19.so
7fe09bdfd000-7fe09bffc000 ---p 00017000 08:09 2621536                    /lib/x86_64-linux-gnu/libnsl-2.19.so
7fe09bffc000-7fe09bffd000 r--p 00016000 08:09 2621536                    /lib/x86_64-linux-gnu/libnsl-2.19.so
7fe09bffd000-7fe09bffe000 rw-p 00017000 08:09 2621536                    /lib/x86_64-linux-gnu/libnsl-2.19.so
7fe09bffe000-7fe09c000000 rw-p 00000000 00:00 0 
7fe09c000000-7fe09c94e000 rw-p 00000000 00:00 0 
7fe09c94e000-7fe0a0000000 ---p 00000000 00:00 0 
7fe0a0001000-7fe0a0009000 rw-s 00000000 00:04 60361                      /drm mm object (deleted)
7fe0a0009000-7fe0a0011000 rw-s 00000000 00:04 60357                      /drm mm object (deleted)
7fe0a0011000-7fe0a0018000 r--s 00000000 08:09 3939448                    /usr/lib/x86_64-linux-gnu/gconv/gconv-modules.cache
7fe0a0018000-7fe0a00a6000 rw-p 00000000 00:00 0 
7fe0a00a6000-7fe0a00c4000 rw-p 00000000 00:00 0 
7fe0a00c4000-7fe0a00d8000 rw-p 00000000 00:00 0 
7fe0a00d8000-7fe0a0204000 rw-p 00000000 00:00 0 
7fe0a0204000-7fe0a020d000 r-xp 00000000 08:09 2621533                    /lib/x86_64-linux-gnu/libnss_compat-2.19.so
7fe0a020d000-7fe0a040c000 ---p 00009000 08:09 2621533                    /lib/x86_64-linux-gnu/libnss_compat-2.19.so
7fe0a040c000-7fe0a040d000 r--p 00008000 08:09 2621533                    /lib/x86_64-linux-gnu/libnss_compat-2.19.so
7fe0a040d000-7fe0a040e000 rw-p 00009000 08:09 2621533                    /lib/x86_64-linux-gnu/libnss_compat-2.19.so
7fe0a040e000-7fe0a0437000 r-xp 00000000 08:09 1837758                    /home/raul/jdk1.7.0_75/jre/lib/amd64/libjava.so
7fe0a0437000-7fe0a0637000 ---p 00029000 08:09 1837758                    /home/raul/jdk1.7.0_75/jre/lib/amd64/libjava.so
7fe0a0637000-7fe0a0639000 rw-p 00029000 08:09 1837758                    /home/raul/jdk1.7.0_75/jre/lib/amd64/libjava.so
7fe0a0639000-7fe0a0646000 r-xp 00000000 08:09 1837636                    /home/raul/jdk1.7.0_75/jre/lib/amd64/libverify.so
7fe0a0646000-7fe0a0845000 ---p 0000d000 08:09 1837636                    /home/raul/jdk1.7.0_75/jre/lib/amd64/libverify.so
7fe0a0845000-7fe0a0847000 rw-p 0000c000 08:09 1837636                    /home/raul/jdk1.7.0_75/jre/lib/amd64/libverify.so
7fe0a0847000-7fe0a084e000 r-xp 00000000 08:09 2621470                    /lib/x86_64-linux-gnu/librt-2.19.so
7fe0a084e000-7fe0a0a4d000 ---p 00007000 08:09 2621470                    /lib/x86_64-linux-gnu/librt-2.19.so
7fe0a0a4d000-7fe0a0a4e000 r--p 00006000 08:09 2621470                    /lib/x86_64-linux-gnu/librt-2.19.so
7fe0a0a4e000-7fe0a0a4f000 rw-p 00007000 08:09 2621470                    /lib/x86_64-linux-gnu/librt-2.19.so
7fe0a0a4f000-7fe0a0b54000 r-xp 00000000 08:09 2621535                    /lib/x86_64-linux-gnu/libm-2.19.so
7fe0a0b54000-7fe0a0d53000 ---p 00105000 08:09 2621535                    /lib/x86_64-linux-gnu/libm-2.19.so
7fe0a0d53000-7fe0a0d54000 r--p 00104000 08:09 2621535                    /lib/x86_64-linux-gnu/libm-2.19.so
7fe0a0d54000-7fe0a0d55000 rw-p 00105000 08:09 2621535                    /lib/x86_64-linux-gnu/libm-2.19.so
7fe0a0d55000-7fe0a18c8000 r-xp 00000000 08:09 1837408                    /home/raul/jdk1.7.0_75/jre/lib/amd64/server/libjvm.so
7fe0a18c8000-7fe0a1ac8000 ---p 00b73000 08:09 1837408                    /home/raul/jdk1.7.0_75/jre/lib/amd64/server/libjvm.so
7fe0a1ac8000-7fe0a1b8c000 rw-p 00b73000 08:09 1837408                    /home/raul/jdk1.7.0_75/jre/lib/amd64/server/libjvm.so
7fe0a1b8c000-7fe0a1bcd000 rw-p 00000000 00:00 0 
7fe0a1bcd000-7fe0a1d88000 r-xp 00000000 08:09 2621469                    /lib/x86_64-linux-gnu/libc-2.19.so
7fe0a1d88000-7fe0a1f88000 ---p 001bb000 08:09 2621469                    /lib/x86_64-linux-gnu/libc-2.19.so
7fe0a1f88000-7fe0a1f8c000 r--p 001bb000 08:09 2621469                    /lib/x86_64-linux-gnu/libc-2.19.so
7fe0a1f8c000-7fe0a1f8e000 rw-p 001bf000 08:09 2621469                    /lib/x86_64-linux-gnu/libc-2.19.so
7fe0a1f8e000-7fe0a1f93000 rw-p 00000000 00:00 0 
7fe0a1f93000-7fe0a1f96000 r-xp 00000000 08:09 2621531                    /lib/x86_64-linux-gnu/libdl-2.19.so
7fe0a1f96000-7fe0a2195000 ---p 00003000 08:09 2621531                    /lib/x86_64-linux-gnu/libdl-2.19.so
7fe0a2195000-7fe0a2196000 r--p 00002000 08:09 2621531                    /lib/x86_64-linux-gnu/libdl-2.19.so
7fe0a2196000-7fe0a2197000 rw-p 00003000 08:09 2621531                    /lib/x86_64-linux-gnu/libdl-2.19.so
7fe0a2197000-7fe0a21ad000 r-xp 00000000 08:09 1837831                    /home/raul/jdk1.7.0_75/lib/amd64/jli/libjli.so
7fe0a21ad000-7fe0a23ad000 ---p 00016000 08:09 1837831                    /home/raul/jdk1.7.0_75/lib/amd64/jli/libjli.so
7fe0a23ad000-7fe0a23ae000 rw-p 00016000 08:09 1837831                    /home/raul/jdk1.7.0_75/lib/amd64/jli/libjli.so
7fe0a23ae000-7fe0a23c7000 r-xp 00000000 08:09 2621544                    /lib/x86_64-linux-gnu/libpthread-2.19.so
7fe0a23c7000-7fe0a25c6000 ---p 00019000 08:09 2621544                    /lib/x86_64-linux-gnu/libpthread-2.19.so
7fe0a25c6000-7fe0a25c7000 r--p 00018000 08:09 2621544                    /lib/x86_64-linux-gnu/libpthread-2.19.so
7fe0a25c7000-7fe0a25c8000 rw-p 00019000 08:09 2621544                    /lib/x86_64-linux-gnu/libpthread-2.19.so
7fe0a25c8000-7fe0a25cc000 rw-p 00000000 00:00 0 
7fe0a25cc000-7fe0a25ef000 r-xp 00000000 08:09 2621459                    /lib/x86_64-linux-gnu/ld-2.19.so
7fe0a25f1000-7fe0a25f2000 rw-p 00000000 00:00 0 
7fe0a25f2000-7fe0a25f3000 rw-s 00000000 00:04 63567                      /drm mm object (deleted)
7fe0a25f3000-7fe0a25f4000 rw-s 00000000 00:04 62866                      /drm mm object (deleted)
7fe0a25f4000-7fe0a25f5000 rwxp 00000000 00:00 0 
7fe0a25f5000-7fe0a2614000 rw-p 00000000 00:00 0 
7fe0a2614000-7fe0a26ca000 rw-p 00000000 00:00 0 
7fe0a26ca000-7fe0a26cd000 ---p 00000000 00:00 0 
7fe0a26cd000-7fe0a27cf000 rw-p 00000000 00:00 0                          [stack:5892]
7fe0a27cf000-7fe0a27d0000 rw-s 00000000 00:04 60358                      /drm mm object (deleted)
7fe0a27d0000-7fe0a27d1000 rwxp 00000000 00:00 0 
7fe0a27d1000-7fe0a27d3000 r--s 00004000 08:09 1968631                    /home/raul/.netbeans/8.0.2/gluegen-runtime/gluegen-rt.jar
7fe0a27d3000-7fe0a27e2000 r--s 0012e000 08:09 2102216                    /home/raul/lwjgl/jar/lwjgl.jar
7fe0a27e2000-7fe0a27ea000 rw-s 00000000 08:09 4080676                    /tmp/hsperfdata_raul/5888
7fe0a27ea000-7fe0a27eb000 rw-p 00000000 00:00 0 
7fe0a27eb000-7fe0a27ec000 r--p 00000000 00:00 0 
7fe0a27ec000-7fe0a27ee000 rw-p 00000000 00:00 0 
7fe0a27ee000-7fe0a27ef000 r--p 00022000 08:09 2621459                    /lib/x86_64-linux-gnu/ld-2.19.so
7fe0a27ef000-7fe0a27f0000 rw-p 00023000 08:09 2621459                    /lib/x86_64-linux-gnu/ld-2.19.so
7fe0a27f0000-7fe0a27f1000 rw-p 00000000 00:00 0 
7fff4d6b5000-7fff4d6d6000 rw-p 00000000 00:00 0                          [stack]
7fff4d76a000-7fff4d76c000 r-xp 00000000 00:00 0                          [vdso]
ffffffffff600000-ffffffffff601000 r-xp 00000000 00:00 0                  [vsyscall]

VM Arguments:
jvm_args: -Dfile.encoding=UTF-8 -Djava.library.path=/home/raul/lwjgl/native/linux/x64 
java_command: simulador.Main
Launcher Type: SUN_STANDARD

Environment Variables:
PATH=/usr/local/sbin:/usr/local/bin:/usr/sbin:/usr/bin:/sbin:/bin:/usr/games:/usr/local/games
LD_LIBRARY_PATH=/home/raul/jdk1.7.0_75/jre/lib/amd64:/home/raul/jdk1.7.0_75/jre/lib/i386:
SHELL=/bin/bash
DISPLAY=:0

Signal Handlers:
SIGSEGV: [libjvm.so+0x9a21f0], sa_mask[0]=0x7ffbfeff, sa_flags=0x10000004
SIGBUS: [libjvm.so+0x9a21f0], sa_mask[0]=0x7ffbfeff, sa_flags=0x10000004
SIGFPE: [libjvm.so+0x81ba40], sa_mask[0]=0x7ffbfeff, sa_flags=0x10000004
SIGPIPE: [libjvm.so+0x81ba40], sa_mask[0]=0x7ffbfeff, sa_flags=0x10000004
SIGXFSZ: [libjvm.so+0x81ba40], sa_mask[0]=0x7ffbfeff, sa_flags=0x10000004
SIGILL: [libjvm.so+0x81ba40], sa_mask[0]=0x7ffbfeff, sa_flags=0x10000004
SIGUSR1: SIG_DFL, sa_mask[0]=0x00000000, sa_flags=0x00000000
SIGUSR2: [libjvm.so+0x81d240], sa_mask[0]=0x00000004, sa_flags=0x10000004
SIGHUP: [libjvm.so+0x81e360], sa_mask[0]=0x7ffbfeff, sa_flags=0x10000004
SIGINT: SIG_IGN, sa_mask[0]=0x00000000, sa_flags=0x00000000
SIGTERM: [libjvm.so+0x81e360], sa_mask[0]=0x7ffbfeff, sa_flags=0x10000004
SIGQUIT: [libjvm.so+0x81e360], sa_mask[0]=0x7ffbfeff, sa_flags=0x10000004


---------------  S Y S T E M  ---------------

OS:jessie/sid

uname:Linux 3.13.0-45-generic #74-Ubuntu SMP Tue Jan 13 19:36:28 UTC 2015 x86_64
libc:glibc 2.19 NPTL 2.19 
rlimit: STACK 8192k, CORE 0k, NPROC 29139, NOFILE 4096, AS infinity
load average:0,96 0,97 0,83

/proc/meminfo:
MemTotal:        3931356 kB
MemFree:          899008 kB
Buffers:           96612 kB
Cached:          1353704 kB
SwapCached:            0 kB
Active:          1781552 kB
Inactive:        1079664 kB
Active(anon):    1412808 kB
Inactive(anon):   227428 kB
Active(file):     368744 kB
Inactive(file):   852236 kB
Unevictable:          32 kB
Mlocked:              32 kB
SwapTotal:       4077564 kB
SwapFree:        4077564 kB
Dirty:              2628 kB
Writeback:             0 kB
AnonPages:       1412908 kB
Mapped:           199652 kB
Shmem:            229340 kB
Slab:              86176 kB
SReclaimable:      55588 kB
SUnreclaim:        30588 kB
KernelStack:        4360 kB
PageTables:        28272 kB
NFS_Unstable:          0 kB
Bounce:                0 kB
WritebackTmp:          0 kB
CommitLimit:     6043240 kB
Committed_AS:    4490324 kB
VmallocTotal:   34359738367 kB
VmallocUsed:      350792 kB
VmallocChunk:   34359379968 kB
HardwareCorrupted:     0 kB
AnonHugePages:    712704 kB
HugePages_Total:       0
HugePages_Free:        0
HugePages_Rsvd:        0
HugePages_Surp:        0
Hugepagesize:       2048 kB
DirectMap4k:       69696 kB
DirectMap2M:     4007936 kB


CPU:total 4 (2 cores per cpu, 2 threads per core) family 6 model 58 stepping 9, cmov, cx8, fxsr, mmx, sse, sse2, sse3, ssse3, sse4.1, sse4.2, popcnt, avx, aes, erms, ht, tsc, tscinvbit, tscinv

/proc/cpuinfo:
processor	: 0
vendor_id	: GenuineIntel
cpu family	: 6
model		: 58
model name	: Intel(R) Core(TM) i5-3230M CPU @ 2.60GHz
stepping	: 9
microcode	: 0x12
cpu MHz		: 2601.000
cache size	: 3072 KB
physical id	: 0
siblings	: 4
core id		: 0
cpu cores	: 2
apicid		: 0
initial apicid	: 0
fpu		: yes
fpu_exception	: yes
cpuid level	: 13
wp		: yes
flags		: fpu vme de pse tsc msr pae mce cx8 apic sep mtrr pge mca cmov pat pse36 clflush dts acpi mmx fxsr sse sse2 ss ht tm pbe syscall nx rdtscp lm constant_tsc arch_perfmon pebs bts rep_good nopl xtopology nonstop_tsc aperfmperf eagerfpu pni pclmulqdq dtes64 monitor ds_cpl vmx est tm2 ssse3 cx16 xtpr pdcm pcid sse4_1 sse4_2 x2apic popcnt tsc_deadline_timer aes xsave avx f16c rdrand lahf_lm ida arat epb xsaveopt pln pts dtherm tpr_shadow vnmi flexpriority ept vpid fsgsbase smep erms
bogomips	: 5188.23
clflush size	: 64
cache_alignment	: 64
address sizes	: 36 bits physical, 48 bits virtual
power management:

processor	: 1
vendor_id	: GenuineIntel
cpu family	: 6
model		: 58
model name	: Intel(R) Core(TM) i5-3230M CPU @ 2.60GHz
stepping	: 9
microcode	: 0x12
cpu MHz		: 2601.000
cache size	: 3072 KB
physical id	: 0
siblings	: 4
core id		: 1
cpu cores	: 2
apicid		: 2
initial apicid	: 2
fpu		: yes
fpu_exception	: yes
cpuid level	: 13
wp		: yes
flags		: fpu vme de pse tsc msr pae mce cx8 apic sep mtrr pge mca cmov pat pse36 clflush dts acpi mmx fxsr sse sse2 ss ht tm pbe syscall nx rdtscp lm constant_tsc arch_perfmon pebs bts rep_good nopl xtopology nonstop_tsc aperfmperf eagerfpu pni pclmulqdq dtes64 monitor ds_cpl vmx est tm2 ssse3 cx16 xtpr pdcm pcid sse4_1 sse4_2 x2apic popcnt tsc_deadline_timer aes xsave avx f16c rdrand lahf_lm ida arat epb xsaveopt pln pts dtherm tpr_shadow vnmi flexpriority ept vpid fsgsbase smep erms
bogomips	: 5188.23
clflush size	: 64
cache_alignment	: 64
address sizes	: 36 bits physical, 48 bits virtual
power management:

processor	: 2
vendor_id	: GenuineIntel
cpu family	: 6
model		: 58
model name	: Intel(R) Core(TM) i5-3230M CPU @ 2.60GHz
stepping	: 9
microcode	: 0x12
cpu MHz		: 1700.000
cache size	: 3072 KB
physical id	: 0
siblings	: 4
core id		: 0
cpu cores	: 2
apicid		: 1
initial apicid	: 1
fpu		: yes
fpu_exception	: yes
cpuid level	: 13
wp		: yes
flags		: fpu vme de pse tsc msr pae mce cx8 apic sep mtrr pge mca cmov pat pse36 clflush dts acpi mmx fxsr sse sse2 ss ht tm pbe syscall nx rdtscp lm constant_tsc arch_perfmon pebs bts rep_good nopl xtopology nonstop_tsc aperfmperf eagerfpu pni pclmulqdq dtes64 monitor ds_cpl vmx est tm2 ssse3 cx16 xtpr pdcm pcid sse4_1 sse4_2 x2apic popcnt tsc_deadline_timer aes xsave avx f16c rdrand lahf_lm ida arat epb xsaveopt pln pts dtherm tpr_shadow vnmi flexpriority ept vpid fsgsbase smep erms
bogomips	: 5188.23
clflush size	: 64
cache_alignment	: 64
address sizes	: 36 bits physical, 48 bits virtual
power management:

processor	: 3
vendor_id	: GenuineIntel
cpu family	: 6
model		: 58
model name	: Intel(R) Core(TM) i5-3230M CPU @ 2.60GHz
stepping	: 9
microcode	: 0x12
cpu MHz		: 2601.000
cache size	: 3072 KB
physical id	: 0
siblings	: 4
core id		: 1
cpu cores	: 2
apicid		: 3
initial apicid	: 3
fpu		: yes
fpu_exception	: yes
cpuid level	: 13
wp		: yes
flags		: fpu vme de pse tsc msr pae mce cx8 apic sep mtrr pge mca cmov pat pse36 clflush dts acpi mmx fxsr sse sse2 ss ht tm pbe syscall nx rdtscp lm constant_tsc arch_perfmon pebs bts rep_good nopl xtopology nonstop_tsc aperfmperf eagerfpu pni pclmulqdq dtes64 monitor ds_cpl vmx est tm2 ssse3 cx16 xtpr pdcm pcid sse4_1 sse4_2 x2apic popcnt tsc_deadline_timer aes xsave avx f16c rdrand lahf_lm ida arat epb xsaveopt pln pts dtherm tpr_shadow vnmi flexpriority ept vpid fsgsbase smep erms
bogomips	: 5188.23
clflush size	: 64
cache_alignment	: 64
address sizes	: 36 bits physical, 48 bits virtual
power management:



Memory: 4k page, physical 3931356k(899008k free), swap 4077564k(4077564k free)

vm_info: Java HotSpot(TM) 64-Bit Server VM (24.75-b04) for linux-amd64 JRE (1.7.0_75-b13), built on Dec 18 2014 16:45:18 by "java_re" with gcc 4.3.0 20080428 (Red Hat 4.3.0-8)

time: Sat Mar 28 14:41:24 2015
elapsed time: 0 seconds

