#
# A fatal error has been detected by the Java Runtime Environment:
#
#  SIGSEGV (0xb) at pc=0x00007f7a8f55bd4d, pid=3308, tid=140164379444992
#
# JRE version: Java(TM) SE Runtime Environment (7.0_75-b13) (build 1.7.0_75-b13)
# Java VM: Java HotSpot(TM) 64-Bit Server VM (24.75-b04 mixed mode linux-amd64 compressed oops)
# Problematic frame:
# C  [libc.so.6+0x98d4d]  envz_strip+0x7dd
#
# Failed to write core dump. Core dumps have been disabled. To enable core dumping, try "ulimit -c unlimited" before starting Java again
#
# If you would like to submit a bug report, please visit:
#   http://bugreport.sun.com/bugreport/crash.jsp
# The crash happened outside the Java Virtual Machine in native code.
# See problematic frame for where to report the bug.
#

---------------  T H R E A D  ---------------

Current thread (0x00007f7a8800a000):  JavaThread "main" [_thread_in_native, id=3309, stack(0x00007f7a8ffc0000,0x00007f7a900c1000)]

siginfo:si_signo=SIGSEGV: si_errno=0, si_code=1 (SEGV_MAPERR), si_addr=0x0000000000000000

Registers:
RAX=0xffff8085b0003380, RBX=0x000000000000000c, RCX=0x0000000000000018, RDX=0x000000000000000c
RSP=0x00007f7a900bf3b8, RBP=0x0000000000000018, RSI=0x0000000000000000, RDI=0x00007f7a4fffcc74
R8 =0x00007f7a4fffcc74, R9 =0x0000000000000003, R10=0x0000000000000000, R11=0x0000000000000246
R12=0x000000000000000c, R13=0x00007f7a4fffe158, R14=0x0000000000000002, R15=0x0000000000000000
RIP=0x00007f7a8f55bd4d, EFLAGS=0x0000000000010202, CSGSFS=0x0000000000000033, ERR=0x0000000000000004
  TRAPNO=0x000000000000000e

Top of Stack: (sp=0x00007f7a900bf3b8)
0x00007f7a900bf3b8:   00007f7a7548218e 0000000000000001
0x00007f7a900bf3c8:   00007f7a4ff91038 00007f7a4fffcc74
0x00007f7a900bf3d8:   0000000300000024 000000000000000d
0x00007f7a900bf3e8:   00007f7a4fffe160 00007f7a4fffdfd8
0x00007f7a900bf3f8:   00007f7a4ff91038 00007f7a900bf450
0x00007f7a900bf408:   0000000000000000 0000000000000000
0x00007f7a900bf418:   00007f7a75482ae4 0000000000800016
0x00007f7a900bf428:   00007f7a00000001 0000000200000000
0x00007f7a900bf438:   0000000000000001 0080001600000078
0x00007f7a900bf448:   0000000200000000 00007f7a4fffdfd8
0x00007f7a900bf458:   00007f7a889179f8 00007f7a758c02e8
0x00007f7a900bf468:   0000000000000001 00007f7a8892b688
0x00007f7a900bf478:   00007f7a4ff91038 00007f7a88766de0
0x00007f7a900bf488:   0000000000000000 0000000000000000
0x00007f7a900bf498:   0000000000000001 00000000304c0aff
0x00007f7a900bf4a8:   00007f7a74f8f03d 00007f7a00000000
0x00007f7a900bf4b8:   00007f7a4ff91038 00007f7a883178e0
0x00007f7a900bf4c8:   00007f7a7544e4df 00007f7a4ff91038
0x00007f7a900bf4d8:   00007f7a887663d0 00007f7a88766b30
0x00007f7a900bf4e8:   00007f7a7550f70c 00007f7a88766680
0x00007f7a900bf4f8:   0000000000000001 00007f7a00000000
0x00007f7a900bf508:   0000000000000000 00007f7a887663d0
0x00007f7a900bf518:   00007f7a4ff91038 0000000000000001
0x00007f7a900bf528:   00007f7a88766b30 0000000000000001
0x00007f7a900bf538:   00007f7a887663d0 0000000000000000
0x00007f7a900bf548:   00007f7a754c3974 0000000000000001
0x00007f7a900bf558:   00007f7a00000001 00000000000002bc
0x00007f7a900bf568:   00007f7a4ff91038 00007f7a758c02e8
0x00007f7a900bf578:   0000000000000033 0000000000000198
0x00007f7a900bf588:   00007f7a4ff99e0c 00007f7a758c02e8
0x00007f7a900bf598:   00007f7a75482c86 000002bc00000000
0x00007f7a900bf5a8:   00007f7a4ff91038 00007f7a758c02e8 

Instructions: (pc=0x00007f7a8f55bd4d)
0x00007f7a8f55bd2d:   b7 44 16 fe 66 89 44 17 fe e9 63 fe ff ff 48 8d
0x00007f7a8f55bd3d:   42 ff 90 0f b6 14 06 88 14 07 48 83 e8 01 eb f3
0x00007f7a8f55bd4d:   48 8b 06 48 89 07 48 8b 44 16 f8 48 89 44 17 f8
0x00007f7a8f55bd5d:   e9 3c fe ff ff 31 c0 eb 90 8b 06 89 07 8b 44 16 

Register to memory mapping:

RAX=0xffff8085b0003380 is an unknown value
RBX=0x000000000000000c is an unknown value
RCX=0x0000000000000018 is an unknown value
RDX=0x000000000000000c is an unknown value
RSP=0x00007f7a900bf3b8 is pointing into the stack for thread: 0x00007f7a8800a000
RBP=0x0000000000000018 is an unknown value
RSI=0x0000000000000000 is an unknown value
RDI=0x00007f7a4fffcc74 is an unknown value
R8 =0x00007f7a4fffcc74 is an unknown value
R9 =0x0000000000000003 is an unknown value
R10=0x0000000000000000 is an unknown value
R11=0x0000000000000246 is an unknown value
R12=0x000000000000000c is an unknown value
R13=0x00007f7a4fffe158 is an unknown value
R14=0x0000000000000002 is an unknown value
R15=0x0000000000000000 is an unknown value


Stack: [0x00007f7a8ffc0000,0x00007f7a900c1000],  sp=0x00007f7a900bf3b8,  free space=1020k
Native frames: (J=compiled Java code, j=interpreted, Vv=VM code, C=native code)
C  [libc.so.6+0x98d4d]  envz_strip+0x7dd

[error occurred during error reporting (printing native stack), id 0xb]

Java frames: (J=compiled Java code, j=interpreted, Vv=VM code)
j  org.lwjgl.opengl.GL11.nglDrawArrays(IIIJ)V+0
j  org.lwjgl.opengl.GL11.glDrawArrays(III)V+22
j  simulador.Simulador.come_alive()V+210
j  simulador.Simulador.run()V+1
j  simulador.Main.main([Ljava/lang/String;)V+13
v  ~StubRoutines::call_stub

---------------  P R O C E S S  ---------------

Java Threads: ( => current thread )
  0x00007f7a88098800 JavaThread "Service Thread" daemon [_thread_blocked, id=3323, stack(0x00007f7a7d78d000,0x00007f7a7d88e000)]
  0x00007f7a88096000 JavaThread "C2 CompilerThread1" daemon [_thread_blocked, id=3322, stack(0x00007f7a8406d000,0x00007f7a8416e000)]
  0x00007f7a88093800 JavaThread "C2 CompilerThread0" daemon [_thread_blocked, id=3321, stack(0x00007f7a8416e000,0x00007f7a8426f000)]
  0x00007f7a88091000 JavaThread "Signal Dispatcher" daemon [_thread_blocked, id=3320, stack(0x00007f7a8426f000,0x00007f7a84370000)]
  0x00007f7a88070000 JavaThread "Finalizer" daemon [_thread_blocked, id=3319, stack(0x00007f7a84370000,0x00007f7a84471000)]
  0x00007f7a8806e000 JavaThread "Reference Handler" daemon [_thread_blocked, id=3318, stack(0x00007f7a84471000,0x00007f7a84572000)]
=>0x00007f7a8800a000 JavaThread "main" [_thread_in_native, id=3309, stack(0x00007f7a8ffc0000,0x00007f7a900c1000)]

Other Threads:
  0x00007f7a88069800 VMThread [stack: 0x00007f7a84572000,0x00007f7a84673000] [id=3317]
  0x00007f7a880a3800 WatcherThread [stack: 0x00007f7a7d68c000,0x00007f7a7d78d000] [id=3324]

VM state:not at safepoint (normal execution)

VM Mutex/Monitor currently owned by a thread: None

Heap
 PSYoungGen      total 17920K, used 8688K [0x00000000ec000000, 0x00000000ed400000, 0x0000000100000000)
  eden space 15360K, 56% used [0x00000000ec000000,0x00000000ec87c078,0x00000000ecf00000)
  from space 2560K, 0% used [0x00000000ed180000,0x00000000ed180000,0x00000000ed400000)
  to   space 2560K, 0% used [0x00000000ecf00000,0x00000000ecf00000,0x00000000ed180000)
 ParOldGen       total 40960K, used 0K [0x00000000c4000000, 0x00000000c6800000, 0x00000000ec000000)
  object space 40960K, 0% used [0x00000000c4000000,0x00000000c4000000,0x00000000c6800000)
 PSPermGen       total 21504K, used 7032K [0x00000000bee00000, 0x00000000c0300000, 0x00000000c4000000)
  object space 21504K, 32% used [0x00000000bee00000,0x00000000bf4de210,0x00000000c0300000)

Card table byte_map: [0x00007f7a8d0a3000,0x00007f7a8d2ad000] byte_map_base: 0x00007f7a8caac000

Polling page: 0x00007f7a900e1000

Code Cache  [0x00007f7a85000000, 0x00007f7a85270000, 0x00007f7a88000000)
 total_blobs=487 nmethods=19 adapters=422 free_code_cache=48595Kb largest_free_block=49749824

Compilation events (10 events):
Event: 0,219 Thread 0x00007f7a88093800   13             java.nio.DirectByteBuffer::put (18 bytes)
Event: 0,220 Thread 0x00007f7a88093800 nmethod 13 0x00007f7a85075b50 code [0x00007f7a85075c80, 0x00007f7a85075d18]
Event: 0,250 Thread 0x00007f7a88093800   15             org.lwjgl.system.MemoryUtil::memEncodeASCII (62 bytes)
Event: 0,253 Thread 0x00007f7a88096000   16             java.lang.Object::<init> (1 bytes)
Event: 0,254 Thread 0x00007f7a88096000 nmethod 16 0x00007f7a85084810 code [0x00007f7a85084940, 0x00007f7a850849b8]
Event: 0,261 Thread 0x00007f7a88093800 nmethod 15 0x00007f7a850865d0 code [0x00007f7a85086740, 0x00007f7a85086b98]
Event: 0,281 Thread 0x00007f7a88096000   17             java.lang.String::equals (81 bytes)
Event: 0,284 Thread 0x00007f7a88096000 nmethod 17 0x00007f7a85084b90 code [0x00007f7a85084ce0, 0x00007f7a85084f38]
Event: 0,312 Thread 0x00007f7a88093800   18             sun.net.www.ParseUtil::encodePath (336 bytes)
Event: 0,335 Thread 0x00007f7a88093800 nmethod 18 0x00007f7a8508c450 code [0x00007f7a8508c6a0, 0x00007f7a8508d6f8]

GC Heap History (0 events):
No events

Deoptimization events (0 events):
No events

Internal exceptions (10 events):
Event: 0,338 Thread 0x00007f7a8800a000 Threw 0x00000000ec80b100 at /HUDSON/workspace/7u-2-build-linux-amd64/jdk7u75/1940/hotspot/src/share/vm/prims/jvm.cpp:1281
Event: 0,338 Thread 0x00007f7a8800a000 Threw 0x00000000ec813258 at /HUDSON/workspace/7u-2-build-linux-amd64/jdk7u75/1940/hotspot/src/share/vm/prims/jvm.cpp:1281
Event: 0,339 Thread 0x00007f7a8800a000 Threw 0x00000000ec818010 at /HUDSON/workspace/7u-2-build-linux-amd64/jdk7u75/1940/hotspot/src/share/vm/prims/jvm.cpp:1281
Event: 0,339 Thread 0x00007f7a8800a000 Threw 0x00000000ec81ad70 at /HUDSON/workspace/7u-2-build-linux-amd64/jdk7u75/1940/hotspot/src/share/vm/prims/jvm.cpp:1281
Event: 0,339 Thread 0x00007f7a8800a000 Threw 0x00000000ec81d9a0 at /HUDSON/workspace/7u-2-build-linux-amd64/jdk7u75/1940/hotspot/src/share/vm/prims/jvm.cpp:1281
Event: 0,340 Thread 0x00007f7a8800a000 Threw 0x00000000ec8206a0 at /HUDSON/workspace/7u-2-build-linux-amd64/jdk7u75/1940/hotspot/src/share/vm/prims/jvm.cpp:1281
Event: 0,340 Thread 0x00007f7a8800a000 Threw 0x00000000ec8231a0 at /HUDSON/workspace/7u-2-build-linux-amd64/jdk7u75/1940/hotspot/src/share/vm/prims/jvm.cpp:1281
Event: 0,341 Thread 0x00007f7a8800a000 Threw 0x00000000ec827ff8 at /HUDSON/workspace/7u-2-build-linux-amd64/jdk7u75/1940/hotspot/src/share/vm/prims/jvm.cpp:1281
Event: 0,342 Thread 0x00007f7a8800a000 Threw 0x00000000ec82cb48 at /HUDSON/workspace/7u-2-build-linux-amd64/jdk7u75/1940/hotspot/src/share/vm/prims/jvm.cpp:1281
Event: 0,344 Thread 0x00007f7a8800a000 Threw 0x00000000ec82f978 at /HUDSON/workspace/7u-2-build-linux-amd64/jdk7u75/1940/hotspot/src/share/vm/prims/jvm.cpp:1281

Events (10 events):
Event: 0,340 loading class 0x00007f7a887e5250
Event: 0,340 loading class 0x00007f7a887e5250 done
Event: 0,340 loading class 0x00007f7a887e5300
Event: 0,340 loading class 0x00007f7a887e5300 done
Event: 0,341 loading class 0x00007f7a887e53b0
Event: 0,341 loading class 0x00007f7a887e53b0 done
Event: 0,342 loading class 0x00007f7a88780bf0
Event: 0,342 loading class 0x00007f7a88780bf0 done
Event: 0,344 loading class 0x00007f7a883662d0
Event: 0,344 loading class 0x00007f7a883662d0 done


Dynamic libraries:
00400000-00401000 r-xp 00000000 08:09 1838081                            /home/raul/jdk1.7.0_75/bin/java
00600000-00601000 rw-p 00000000 08:09 1838081                            /home/raul/jdk1.7.0_75/bin/java
0117a000-0119b000 rw-p 00000000 00:00 0                                  [heap]
bee00000-c0300000 rw-p 00000000 00:00 0 
c0300000-c4000000 rw-p 00000000 00:00 0 
c4000000-c6800000 rw-p 00000000 00:00 0 
c6800000-ec000000 rw-p 00000000 00:00 0 
ec000000-ed400000 rw-p 00000000 00:00 0 
ed400000-100000000 rw-p 00000000 00:00 0 
7f7a48000000-7f7a48021000 rw-p 00000000 00:00 0 
7f7a48021000-7f7a4c000000 ---p 00000000 00:00 0 
7f7a4ebbb000-7f7a4fd59000 rw-p 00000000 00:00 0 
7f7a4fd59000-7f7a4fd90000 r-xp 00000000 08:09 3679606                    /usr/lib/x86_64-linux-gnu/libtxc_dxtn_s2tc.so.0.0.0
7f7a4fd90000-7f7a4ff8f000 ---p 00037000 08:09 3679606                    /usr/lib/x86_64-linux-gnu/libtxc_dxtn_s2tc.so.0.0.0
7f7a4ff8f000-7f7a4ff90000 r--p 00036000 08:09 3679606                    /usr/lib/x86_64-linux-gnu/libtxc_dxtn_s2tc.so.0.0.0
7f7a4ff90000-7f7a4ff91000 rw-p 00037000 08:09 3679606                    /usr/lib/x86_64-linux-gnu/libtxc_dxtn_s2tc.so.0.0.0
7f7a4ff91000-7f7a50000000 rw-p 00000000 00:00 0 
7f7a50000000-7f7a5005e000 rw-p 00000000 00:00 0 
7f7a5005e000-7f7a54000000 ---p 00000000 00:00 0 
7f7a54000000-7f7a54021000 rw-p 00000000 00:00 0 
7f7a54021000-7f7a58000000 ---p 00000000 00:00 0 
7f7a58000000-7f7a58021000 rw-p 00000000 00:00 0 
7f7a58021000-7f7a5c000000 ---p 00000000 00:00 0 
7f7a5c000000-7f7a5c1ac000 rw-p 00000000 00:00 0 
7f7a5c1ac000-7f7a60000000 ---p 00000000 00:00 0 
7f7a60000000-7f7a60021000 rw-p 00000000 00:00 0 
7f7a60021000-7f7a64000000 ---p 00000000 00:00 0 
7f7a64000000-7f7a64021000 rw-p 00000000 00:00 0 
7f7a64021000-7f7a68000000 ---p 00000000 00:00 0 
7f7a68000000-7f7a68021000 rw-p 00000000 00:00 0 
7f7a68021000-7f7a6c000000 ---p 00000000 00:00 0 
7f7a6c000000-7f7a6c021000 rw-p 00000000 00:00 0 
7f7a6c021000-7f7a70000000 ---p 00000000 00:00 0 
7f7a70000000-7f7a70021000 rw-p 00000000 00:00 0 
7f7a70021000-7f7a74000000 ---p 00000000 00:00 0 
7f7a7400f000-7f7a74027000 r-xp 00000000 08:09 2625662                    /lib/x86_64-linux-gnu/libz.so.1.2.8
7f7a74027000-7f7a74226000 ---p 00018000 08:09 2625662                    /lib/x86_64-linux-gnu/libz.so.1.2.8
7f7a74226000-7f7a74227000 r--p 00017000 08:09 2625662                    /lib/x86_64-linux-gnu/libz.so.1.2.8
7f7a74227000-7f7a74228000 rw-p 00018000 08:09 2625662                    /lib/x86_64-linux-gnu/libz.so.1.2.8
7f7a74228000-7f7a74230000 r-xp 00000000 08:09 3679409                    /usr/lib/x86_64-linux-gnu/libpciaccess.so.0.11.1
7f7a74230000-7f7a7442f000 ---p 00008000 08:09 3679409                    /usr/lib/x86_64-linux-gnu/libpciaccess.so.0.11.1
7f7a7442f000-7f7a74430000 r--p 00007000 08:09 3679409                    /usr/lib/x86_64-linux-gnu/libpciaccess.so.0.11.1
7f7a74430000-7f7a74431000 rw-p 00008000 08:09 3679409                    /usr/lib/x86_64-linux-gnu/libpciaccess.so.0.11.1
7f7a74431000-7f7a74447000 r-xp 00000000 08:09 2625476                    /lib/x86_64-linux-gnu/libgcc_s.so.1
7f7a74447000-7f7a74646000 ---p 00016000 08:09 2625476                    /lib/x86_64-linux-gnu/libgcc_s.so.1
7f7a74646000-7f7a74647000 rw-p 00015000 08:09 2625476                    /lib/x86_64-linux-gnu/libgcc_s.so.1
7f7a74647000-7f7a7472d000 r-xp 00000000 08:09 3679564                    /usr/lib/x86_64-linux-gnu/libstdc++.so.6.0.19
7f7a7472d000-7f7a7492c000 ---p 000e6000 08:09 3679564                    /usr/lib/x86_64-linux-gnu/libstdc++.so.6.0.19
7f7a7492c000-7f7a74934000 r--p 000e5000 08:09 3679564                    /usr/lib/x86_64-linux-gnu/libstdc++.so.6.0.19
7f7a74934000-7f7a74936000 rw-p 000ed000 08:09 3679564                    /usr/lib/x86_64-linux-gnu/libstdc++.so.6.0.19
7f7a74936000-7f7a7494b000 rw-p 00000000 00:00 0 
7f7a7494b000-7f7a74972000 r-xp 00000000 08:09 2625521                    /lib/x86_64-linux-gnu/libexpat.so.1.6.0
7f7a74972000-7f7a74b72000 ---p 00027000 08:09 2625521                    /lib/x86_64-linux-gnu/libexpat.so.1.6.0
7f7a74b72000-7f7a74b74000 r--p 00027000 08:09 2625521                    /lib/x86_64-linux-gnu/libexpat.so.1.6.0
7f7a74b74000-7f7a74b75000 rw-p 00029000 08:09 2625521                    /lib/x86_64-linux-gnu/libexpat.so.1.6.0
7f7a74b75000-7f7a74b81000 r-xp 00000000 08:09 3673068                    /usr/lib/x86_64-linux-gnu/libdrm_radeon.so.1.0.1
7f7a74b81000-7f7a74d80000 ---p 0000c000 08:09 3673068                    /usr/lib/x86_64-linux-gnu/libdrm_radeon.so.1.0.1
7f7a74d80000-7f7a74d81000 r--p 0000b000 08:09 3673068                    /usr/lib/x86_64-linux-gnu/libdrm_radeon.so.1.0.1
7f7a74d81000-7f7a74d82000 rw-p 0000c000 08:09 3673068                    /usr/lib/x86_64-linux-gnu/libdrm_radeon.so.1.0.1
7f7a74d82000-7f7a74d88000 r-xp 00000000 08:09 3672797                    /usr/lib/x86_64-linux-gnu/libdrm_nouveau.so.2.0.0
7f7a74d88000-7f7a74f87000 ---p 00006000 08:09 3672797                    /usr/lib/x86_64-linux-gnu/libdrm_nouveau.so.2.0.0
7f7a74f87000-7f7a74f88000 r--p 00005000 08:09 3672797                    /usr/lib/x86_64-linux-gnu/libdrm_nouveau.so.2.0.0
7f7a74f88000-7f7a74f89000 rw-p 00006000 08:09 3672797                    /usr/lib/x86_64-linux-gnu/libdrm_nouveau.so.2.0.0
7f7a74f89000-7f7a74fa8000 r-xp 00000000 08:09 3672795                    /usr/lib/x86_64-linux-gnu/libdrm_intel.so.1.0.0
7f7a74fa8000-7f7a751a7000 ---p 0001f000 08:09 3672795                    /usr/lib/x86_64-linux-gnu/libdrm_intel.so.1.0.0
7f7a751a7000-7f7a751a8000 r--p 0001e000 08:09 3672795                    /usr/lib/x86_64-linux-gnu/libdrm_intel.so.1.0.0
7f7a751a8000-7f7a751a9000 rw-p 0001f000 08:09 3672795                    /usr/lib/x86_64-linux-gnu/libdrm_intel.so.1.0.0
7f7a751a9000-7f7a75698000 r-xp 00000000 08:09 3934416                    /usr/lib/x86_64-linux-gnu/dri/i965_dri.so
7f7a75698000-7f7a75897000 ---p 004ef000 08:09 3934416                    /usr/lib/x86_64-linux-gnu/dri/i965_dri.so
7f7a75897000-7f7a758ae000 r--p 004ee000 08:09 3934416                    /usr/lib/x86_64-linux-gnu/dri/i965_dri.so
7f7a758ae000-7f7a758ba000 rw-p 00505000 08:09 3934416                    /usr/lib/x86_64-linux-gnu/dri/i965_dri.so
7f7a758ba000-7f7a75906000 rw-p 00000000 00:00 0 
7f7a75906000-7f7a7594a000 r-xp 00000000 08:09 2625517                    /lib/x86_64-linux-gnu/libdbus-1.so.3.7.6
7f7a7594a000-7f7a75b49000 ---p 00044000 08:09 2625517                    /lib/x86_64-linux-gnu/libdbus-1.so.3.7.6
7f7a75b49000-7f7a75b4a000 r--p 00043000 08:09 2625517                    /lib/x86_64-linux-gnu/libdbus-1.so.3.7.6
7f7a75b4a000-7f7a75b4b000 rw-p 00044000 08:09 2625517                    /lib/x86_64-linux-gnu/libdbus-1.so.3.7.6
7f7a75b4b000-7f7a75b53000 r-xp 00000000 08:09 2625561                    /lib/x86_64-linux-gnu/libnih-dbus.so.1.0.0
7f7a75b53000-7f7a75d53000 ---p 00008000 08:09 2625561                    /lib/x86_64-linux-gnu/libnih-dbus.so.1.0.0
7f7a75d53000-7f7a75d54000 r--p 00008000 08:09 2625561                    /lib/x86_64-linux-gnu/libnih-dbus.so.1.0.0
7f7a75d54000-7f7a75d55000 rw-p 00009000 08:09 2625561                    /lib/x86_64-linux-gnu/libnih-dbus.so.1.0.0
7f7a75d55000-7f7a75d6c000 r-xp 00000000 08:09 2625563                    /lib/x86_64-linux-gnu/libnih.so.1.0.0
7f7a75d6c000-7f7a75f6b000 ---p 00017000 08:09 2625563                    /lib/x86_64-linux-gnu/libnih.so.1.0.0
7f7a75f6b000-7f7a75f6c000 r--p 00016000 08:09 2625563                    /lib/x86_64-linux-gnu/libnih.so.1.0.0
7f7a75f6c000-7f7a75f6d000 rw-p 00017000 08:09 2625563                    /lib/x86_64-linux-gnu/libnih.so.1.0.0
7f7a75f6d000-7f7a75f86000 r-xp 00000000 08:09 2625512                    /lib/x86_64-linux-gnu/libcgmanager.so.0.0.0
7f7a75f86000-7f7a76185000 ---p 00019000 08:09 2625512                    /lib/x86_64-linux-gnu/libcgmanager.so.0.0.0
7f7a76185000-7f7a76187000 r--p 00018000 08:09 2625512                    /lib/x86_64-linux-gnu/libcgmanager.so.0.0.0
7f7a76187000-7f7a76188000 rw-p 0001a000 08:09 2625512                    /lib/x86_64-linux-gnu/libcgmanager.so.0.0.0
7f7a76188000-7f7a76198000 r-xp 00000000 08:09 2625436                    /lib/x86_64-linux-gnu/libudev.so.1.3.5
7f7a76198000-7f7a76397000 ---p 00010000 08:09 2625436                    /lib/x86_64-linux-gnu/libudev.so.1.3.5
7f7a76397000-7f7a76398000 r--p 0000f000 08:09 2625436                    /lib/x86_64-linux-gnu/libudev.so.1.3.5
7f7a76398000-7f7a76399000 rw-p 00010000 08:09 2625436                    /lib/x86_64-linux-gnu/libudev.so.1.3.5
7f7a76399000-7f7a7639e000 r-xp 00000000 08:09 3678669                    /usr/lib/x86_64-linux-gnu/libXdmcp.so.6.0.0
7f7a7639e000-7f7a7659d000 ---p 00005000 08:09 3678669                    /usr/lib/x86_64-linux-gnu/libXdmcp.so.6.0.0
7f7a7659d000-7f7a7659e000 r--p 00004000 08:09 3678669                    /usr/lib/x86_64-linux-gnu/libXdmcp.so.6.0.0
7f7a7659e000-7f7a7659f000 rw-p 00005000 08:09 3678669                    /usr/lib/x86_64-linux-gnu/libXdmcp.so.6.0.0
7f7a7659f000-7f7a765a1000 r-xp 00000000 08:09 3678658                    /usr/lib/x86_64-linux-gnu/libXau.so.6.0.0
7f7a765a1000-7f7a767a1000 ---p 00002000 08:09 3678658                    /usr/lib/x86_64-linux-gnu/libXau.so.6.0.0
7f7a767a1000-7f7a767a2000 r--p 00002000 08:09 3678658                    /usr/lib/x86_64-linux-gnu/libXau.so.6.0.0
7f7a767a2000-7f7a767a3000 rw-p 00003000 08:09 3678658                    /usr/lib/x86_64-linux-gnu/libXau.so.6.0.0
7f7a767a3000-7f7a767ac000 r-xp 00000000 08:09 3678693                    /usr/lib/x86_64-linux-gnu/libXrender.so.1.3.0
7f7a767ac000-7f7a769ab000 ---p 00009000 08:09 3678693                    /usr/lib/x86_64-linux-gnu/libXrender.so.1.3.0
7f7a769ab000-7f7a769ac000 r--p 00008000 08:09 3678693                    /usr/lib/x86_64-linux-gnu/libXrender.so.1.3.0
7f7a769ac000-7f7a769ad000 rw-p 00009000 08:09 3678693                    /usr/lib/x86_64-linux-gnu/libXrender.so.1.3.0
7f7a769ad000-7f7a769b8000 r-xp 00000000 08:09 3672667                    /usr/lib/x86_64-linux-gnu/libdrm.so.2.4.0
7f7a769b8000-7f7a76bb7000 ---p 0000b000 08:09 3672667                    /usr/lib/x86_64-linux-gnu/libdrm.so.2.4.0
7f7a76bb7000-7f7a76bb8000 r--p 0000a000 08:09 3672667                    /usr/lib/x86_64-linux-gnu/libdrm.so.2.4.0
7f7a76bb8000-7f7a76bb9000 rw-p 0000b000 08:09 3672667                    /usr/lib/x86_64-linux-gnu/libdrm.so.2.4.0
7f7a76bb9000-7f7a76bba000 r-xp 00000000 08:09 3679738                    /usr/lib/x86_64-linux-gnu/libxshmfence.so.1.0.0
7f7a76bba000-7f7a76db9000 ---p 00001000 08:09 3679738                    /usr/lib/x86_64-linux-gnu/libxshmfence.so.1.0.0
7f7a76db9000-7f7a76dba000 r--p 00000000 08:09 3679738                    /usr/lib/x86_64-linux-gnu/libxshmfence.so.1.0.0
7f7a76dba000-7f7a76dbb000 rw-p 00001000 08:09 3679738                    /usr/lib/x86_64-linux-gnu/libxshmfence.so.1.0.0
7f7a76dbb000-7f7a76dc0000 r-xp 00000000 08:09 3679720                    /usr/lib/x86_64-linux-gnu/libxcb-sync.so.1.0.0
7f7a76dc0000-7f7a76fbf000 ---p 00005000 08:09 3679720                    /usr/lib/x86_64-linux-gnu/libxcb-sync.so.1.0.0
7f7a76fbf000-7f7a76fc0000 r--p 00004000 08:09 3679720                    /usr/lib/x86_64-linux-gnu/libxcb-sync.so.1.0.0
7f7a76fc0000-7f7a76fc1000 rw-p 00005000 08:09 3679720                    /usr/lib/x86_64-linux-gnu/libxcb-sync.so.1.0.0
7f7a76fc1000-7f7a76fc3000 r-xp 00000000 08:09 3679708                    /usr/lib/x86_64-linux-gnu/libxcb-present.so.0.0.0
7f7a76fc3000-7f7a771c2000 ---p 00002000 08:09 3679708                    /usr/lib/x86_64-linux-gnu/libxcb-present.so.0.0.0
7f7a771c2000-7f7a771c3000 r--p 00001000 08:09 3679708                    /usr/lib/x86_64-linux-gnu/libxcb-present.so.0.0.0
7f7a771c3000-7f7a771c4000 rw-p 00002000 08:09 3679708                    /usr/lib/x86_64-linux-gnu/libxcb-present.so.0.0.0
7f7a771c4000-7f7a771c6000 r-xp 00000000 08:09 3679698                    /usr/lib/x86_64-linux-gnu/libxcb-dri3.so.0.0.0
7f7a771c6000-7f7a773c5000 ---p 00002000 08:09 3679698                    /usr/lib/x86_64-linux-gnu/libxcb-dri3.so.0.0.0
7f7a773c5000-7f7a773c6000 r--p 00001000 08:09 3679698                    /usr/lib/x86_64-linux-gnu/libxcb-dri3.so.0.0.0
7f7a773c6000-7f7a773c7000 rw-p 00002000 08:09 3679698                    /usr/lib/x86_64-linux-gnu/libxcb-dri3.so.0.0.0
7f7a773c7000-7f7a773ca000 r-xp 00000000 08:09 3679696                    /usr/lib/x86_64-linux-gnu/libxcb-dri2.so.0.0.0
7f7a773ca000-7f7a775ca000 ---p 00003000 08:09 3679696                    /usr/lib/x86_64-linux-gnu/libxcb-dri2.so.0.0.0
7f7a775ca000-7f7a775cb000 r--p 00003000 08:09 3679696                    /usr/lib/x86_64-linux-gnu/libxcb-dri2.so.0.0.0
7f7a775cb000-7f7a775cc000 rw-p 00004000 08:09 3679696                    /usr/lib/x86_64-linux-gnu/libxcb-dri2.so.0.0.0
7f7a775cc000-7f7a775e1000 r-xp 00000000 08:09 3679700                    /usr/lib/x86_64-linux-gnu/libxcb-glx.so.0.0.0
7f7a775e1000-7f7a777e0000 ---p 00015000 08:09 3679700                    /usr/lib/x86_64-linux-gnu/libxcb-glx.so.0.0.0
7f7a777e0000-7f7a777e2000 r--p 00014000 08:09 3679700                    /usr/lib/x86_64-linux-gnu/libxcb-glx.so.0.0.0
7f7a777e2000-7f7a777e3000 rw-p 00016000 08:09 3679700                    /usr/lib/x86_64-linux-gnu/libxcb-glx.so.0.0.0
7f7a777e3000-7f7a777e4000 r-xp 00000000 08:09 3678652                    /usr/lib/x86_64-linux-gnu/libX11-xcb.so.1.0.0
7f7a777e4000-7f7a779e3000 ---p 00001000 08:09 3678652                    /usr/lib/x86_64-linux-gnu/libX11-xcb.so.1.0.0
7f7a779e3000-7f7a779e4000 r--p 00000000 08:09 3678652                    /usr/lib/x86_64-linux-gnu/libX11-xcb.so.1.0.0
7f7a779e4000-7f7a779e5000 rw-p 00001000 08:09 3678652                    /usr/lib/x86_64-linux-gnu/libX11-xcb.so.1.0.0
7f7a779e5000-7f7a779ea000 r-xp 00000000 08:09 3678673                    /usr/lib/x86_64-linux-gnu/libXfixes.so.3.1.0
7f7a779ea000-7f7a77be9000 ---p 00005000 08:09 3678673                    /usr/lib/x86_64-linux-gnu/libXfixes.so.3.1.0
7f7a77be9000-7f7a77bea000 r--p 00004000 08:09 3678673                    /usr/lib/x86_64-linux-gnu/libXfixes.so.3.1.0
7f7a77bea000-7f7a77beb000 rw-p 00005000 08:09 3678673                    /usr/lib/x86_64-linux-gnu/libXfixes.so.3.1.0
7f7a77beb000-7f7a77bed000 r-xp 00000000 08:09 3678667                    /usr/lib/x86_64-linux-gnu/libXdamage.so.1.1.0
7f7a77bed000-7f7a77dec000 ---p 00002000 08:09 3678667                    /usr/lib/x86_64-linux-gnu/libXdamage.so.1.1.0
7f7a77dec000-7f7a77ded000 r--p 00001000 08:09 3678667                    /usr/lib/x86_64-linux-gnu/libXdamage.so.1.1.0
7f7a77ded000-7f7a77dee000 rw-p 00002000 08:09 3678667                    /usr/lib/x86_64-linux-gnu/libXdamage.so.1.1.0
7f7a77dee000-7f7a77dff000 r-xp 00000000 08:09 3678671                    /usr/lib/x86_64-linux-gnu/libXext.so.6.4.0
7f7a77dff000-7f7a77ffe000 ---p 00011000 08:09 3678671                    /usr/lib/x86_64-linux-gnu/libXext.so.6.4.0
7f7a77ffe000-7f7a77fff000 r--p 00010000 08:09 3678671                    /usr/lib/x86_64-linux-gnu/libXext.so.6.4.0
7f7a77fff000-7f7a78000000 rw-p 00011000 08:09 3678671                    /usr/lib/x86_64-linux-gnu/libXext.so.6.4.0
7f7a78000000-7f7a78021000 rw-p 00000000 00:00 0 
7f7a78021000-7f7a7c000000 ---p 00000000 00:00 0 
7f7a7c00d000-7f7a7c02f000 r-xp 00000000 08:09 3672157                    /usr/lib/x86_64-linux-gnu/libglapi.so.0.0.0
7f7a7c02f000-7f7a7c22f000 ---p 00022000 08:09 3672157                    /usr/lib/x86_64-linux-gnu/libglapi.so.0.0.0
7f7a7c22f000-7f7a7c232000 r--p 00022000 08:09 3672157                    /usr/lib/x86_64-linux-gnu/libglapi.so.0.0.0
7f7a7c232000-7f7a7c233000 rw-p 00025000 08:09 3672157                    /usr/lib/x86_64-linux-gnu/libglapi.so.0.0.0
7f7a7c233000-7f7a7c234000 rw-p 00000000 00:00 0 
7f7a7c234000-7f7a7c251000 r-xp 00000000 08:09 3679728                    /usr/lib/x86_64-linux-gnu/libxcb.so.1.1.0
7f7a7c251000-7f7a7c451000 ---p 0001d000 08:09 3679728                    /usr/lib/x86_64-linux-gnu/libxcb.so.1.1.0
7f7a7c451000-7f7a7c452000 r--p 0001d000 08:09 3679728                    /usr/lib/x86_64-linux-gnu/libxcb.so.1.1.0
7f7a7c452000-7f7a7c453000 rw-p 0001e000 08:09 3679728                    /usr/lib/x86_64-linux-gnu/libxcb.so.1.1.0
7f7a7c453000-7f7a7c45c000 r-xp 00000000 08:09 3678665                    /usr/lib/x86_64-linux-gnu/libXcursor.so.1.0.2
7f7a7c45c000-7f7a7c65b000 ---p 00009000 08:09 3678665                    /usr/lib/x86_64-linux-gnu/libXcursor.so.1.0.2
7f7a7c65b000-7f7a7c65c000 r--p 00008000 08:09 3678665                    /usr/lib/x86_64-linux-gnu/libXcursor.so.1.0.2
7f7a7c65c000-7f7a7c65d000 rw-p 00009000 08:09 3678665                    /usr/lib/x86_64-linux-gnu/libXcursor.so.1.0.2
7f7a7c65d000-7f7a7c65f000 r-xp 00000000 08:09 3678681                    /usr/lib/x86_64-linux-gnu/libXinerama.so.1.0.0
7f7a7c65f000-7f7a7c85e000 ---p 00002000 08:09 3678681                    /usr/lib/x86_64-linux-gnu/libXinerama.so.1.0.0
7f7a7c85e000-7f7a7c85f000 r--p 00001000 08:09 3678681                    /usr/lib/x86_64-linux-gnu/libXinerama.so.1.0.0
7f7a7c85f000-7f7a7c860000 rw-p 00002000 08:09 3678681                    /usr/lib/x86_64-linux-gnu/libXinerama.so.1.0.0
7f7a7c860000-7f7a7c864000 r-xp 00000000 08:09 3678709                    /usr/lib/x86_64-linux-gnu/libXxf86vm.so.1.0.0
7f7a7c864000-7f7a7ca64000 ---p 00004000 08:09 3678709                    /usr/lib/x86_64-linux-gnu/libXxf86vm.so.1.0.0
7f7a7ca64000-7f7a7ca65000 r--p 00004000 08:09 3678709                    /usr/lib/x86_64-linux-gnu/libXxf86vm.so.1.0.0
7f7a7ca65000-7f7a7ca66000 rw-p 00005000 08:09 3678709                    /usr/lib/x86_64-linux-gnu/libXxf86vm.so.1.0.0
7f7a7ca66000-7f7a7ca6f000 r-xp 00000000 08:09 3678691                    /usr/lib/x86_64-linux-gnu/libXrandr.so.2.2.0
7f7a7ca6f000-7f7a7cc6e000 ---p 00009000 08:09 3678691                    /usr/lib/x86_64-linux-gnu/libXrandr.so.2.2.0
7f7a7cc6e000-7f7a7cc6f000 r--p 00008000 08:09 3678691                    /usr/lib/x86_64-linux-gnu/libXrandr.so.2.2.0
7f7a7cc6f000-7f7a7cc70000 rw-p 00009000 08:09 3678691                    /usr/lib/x86_64-linux-gnu/libXrandr.so.2.2.0
7f7a7cc70000-7f7a7cc7f000 r-xp 00000000 08:09 3678679                    /usr/lib/x86_64-linux-gnu/libXi.so.6.1.0
7f7a7cc7f000-7f7a7ce7e000 ---p 0000f000 08:09 3678679                    /usr/lib/x86_64-linux-gnu/libXi.so.6.1.0
7f7a7ce7e000-7f7a7ce7f000 r--p 0000e000 08:09 3678679                    /usr/lib/x86_64-linux-gnu/libXi.so.6.1.0
7f7a7ce7f000-7f7a7ce80000 rw-p 0000f000 08:09 3678679                    /usr/lib/x86_64-linux-gnu/libXi.so.6.1.0
7f7a7ce80000-7f7a7cee2000 r-xp 00000000 08:09 3934455                    /usr/lib/x86_64-linux-gnu/mesa/libGL.so.1.2.0
7f7a7cee2000-7f7a7d0e1000 ---p 00062000 08:09 3934455                    /usr/lib/x86_64-linux-gnu/mesa/libGL.so.1.2.0
7f7a7d0e1000-7f7a7d0e4000 r--p 00061000 08:09 3934455                    /usr/lib/x86_64-linux-gnu/mesa/libGL.so.1.2.0
7f7a7d0e4000-7f7a7d0e5000 rw-p 00064000 08:09 3934455                    /usr/lib/x86_64-linux-gnu/mesa/libGL.so.1.2.0
7f7a7d0e5000-7f7a7d0e6000 rw-p 00000000 00:00 0 
7f7a7d0e6000-7f7a7d216000 r-xp 00000000 08:09 3678654                    /usr/lib/x86_64-linux-gnu/libX11.so.6.3.0
7f7a7d216000-7f7a7d416000 ---p 00130000 08:09 3678654                    /usr/lib/x86_64-linux-gnu/libX11.so.6.3.0
7f7a7d416000-7f7a7d417000 r--p 00130000 08:09 3678654                    /usr/lib/x86_64-linux-gnu/libX11.so.6.3.0
7f7a7d417000-7f7a7d41b000 rw-p 00131000 08:09 3678654                    /usr/lib/x86_64-linux-gnu/libX11.so.6.3.0
7f7a7d41b000-7f7a7d48a000 r-xp 00000000 08:09 2102220                    /home/raul/lwjgl/native/linux/x64/liblwjgl.so
7f7a7d48a000-7f7a7d689000 ---p 0006f000 08:09 2102220                    /home/raul/lwjgl/native/linux/x64/liblwjgl.so
7f7a7d689000-7f7a7d68a000 r--p 0006e000 08:09 2102220                    /home/raul/lwjgl/native/linux/x64/liblwjgl.so
7f7a7d68a000-7f7a7d68b000 rw-p 0006f000 08:09 2102220                    /home/raul/lwjgl/native/linux/x64/liblwjgl.so
7f7a7d68b000-7f7a7d68c000 rw-p 00000000 00:00 0 
7f7a7d68c000-7f7a7d68d000 ---p 00000000 00:00 0 
7f7a7d68d000-7f7a7d78d000 rw-p 00000000 00:00 0                          [stack:3324]
7f7a7d78d000-7f7a7d790000 ---p 00000000 00:00 0 
7f7a7d790000-7f7a7d88e000 rw-p 00000000 00:00 0                          [stack:3323]
7f7a7d88e000-7f7a7df70000 r--p 00000000 08:09 3677561                    /usr/lib/locale/locale-archive
7f7a7df70000-7f7a80000000 rw-p 00000000 00:00 0 
7f7a80000000-7f7a80021000 rw-p 00000000 00:00 0 
7f7a80021000-7f7a84000000 ---p 00000000 00:00 0 
7f7a84028000-7f7a84030000 rw-s 00000000 00:04 17799                      /drm mm object (deleted)
7f7a84030000-7f7a84038000 rw-s 00000000 00:04 17798                      /drm mm object (deleted)
7f7a84038000-7f7a84040000 rw-s 00000000 00:04 17794                      /drm mm object (deleted)
7f7a84040000-7f7a84047000 r--s 00000000 08:09 3939448                    /usr/lib/x86_64-linux-gnu/gconv/gconv-modules.cache
7f7a84047000-7f7a8406d000 r--p 00000000 08:09 4329090                    /usr/share/locale-langpack/es/LC_MESSAGES/libc.mo
7f7a8406d000-7f7a84070000 ---p 00000000 00:00 0 
7f7a84070000-7f7a8416e000 rw-p 00000000 00:00 0                          [stack:3322]
7f7a8416e000-7f7a84171000 ---p 00000000 00:00 0 
7f7a84171000-7f7a8426f000 rw-p 00000000 00:00 0                          [stack:3321]
7f7a8426f000-7f7a84272000 ---p 00000000 00:00 0 
7f7a84272000-7f7a84370000 rw-p 00000000 00:00 0                          [stack:3320]
7f7a84370000-7f7a84373000 ---p 00000000 00:00 0 
7f7a84373000-7f7a84471000 rw-p 00000000 00:00 0                          [stack:3319]
7f7a84471000-7f7a84474000 ---p 00000000 00:00 0 
7f7a84474000-7f7a84572000 rw-p 00000000 00:00 0                          [stack:3318]
7f7a84572000-7f7a84573000 ---p 00000000 00:00 0 
7f7a84573000-7f7a85000000 rw-p 00000000 00:00 0                          [stack:3317]
7f7a85000000-7f7a85270000 rwxp 00000000 00:00 0 
7f7a85270000-7f7a88941000 rw-p 00000000 00:00 0 
7f7a88941000-7f7a8c000000 ---p 00000000 00:00 0 
7f7a8c003000-7f7a8c675000 rw-p 00000000 00:00 0 
7f7a8c675000-7f7a8c834000 r--s 039eb000 08:09 1837861                    /home/raul/jdk1.7.0_75/jre/lib/rt.jar
7f7a8c834000-7f7a8cb36000 rw-p 00000000 00:00 0 
7f7a8cb36000-7f7a8cb37000 ---p 00000000 00:00 0 
7f7a8cb37000-7f7a8cc37000 rw-p 00000000 00:00 0                          [stack:3316]
7f7a8cc37000-7f7a8cc38000 ---p 00000000 00:00 0 
7f7a8cc38000-7f7a8cd38000 rw-p 00000000 00:00 0                          [stack:3315]
7f7a8cd38000-7f7a8cd39000 ---p 00000000 00:00 0 
7f7a8cd39000-7f7a8ce39000 rw-p 00000000 00:00 0                          [stack:3314]
7f7a8ce39000-7f7a8ce3a000 ---p 00000000 00:00 0 
7f7a8ce3a000-7f7a8cf45000 rw-p 00000000 00:00 0                          [stack:3313]
7f7a8cf45000-7f7a8cf63000 rw-p 00000000 00:00 0 
7f7a8cf63000-7f7a8cf77000 rw-p 00000000 00:00 0 
7f7a8cf77000-7f7a8d0a3000 rw-p 00000000 00:00 0 
7f7a8d0a3000-7f7a8d0ae000 rw-p 00000000 00:00 0 
7f7a8d0ae000-7f7a8d0cc000 rw-p 00000000 00:00 0 
7f7a8d0cc000-7f7a8d0e0000 rw-p 00000000 00:00 0 
7f7a8d0e0000-7f7a8d20c000 rw-p 00000000 00:00 0 
7f7a8d20c000-7f7a8d216000 rw-p 00000000 00:00 0 
7f7a8d216000-7f7a8d2ac000 rw-p 00000000 00:00 0 
7f7a8d2ac000-7f7a8d2ad000 rw-p 00000000 00:00 0 
7f7a8d2ad000-7f7a8d2c7000 r-xp 00000000 08:09 1837823                    /home/raul/jdk1.7.0_75/jre/lib/amd64/libzip.so
7f7a8d2c7000-7f7a8d4c7000 ---p 0001a000 08:09 1837823                    /home/raul/jdk1.7.0_75/jre/lib/amd64/libzip.so
7f7a8d4c7000-7f7a8d4c8000 rw-p 0001a000 08:09 1837823                    /home/raul/jdk1.7.0_75/jre/lib/amd64/libzip.so
7f7a8d4c8000-7f7a8d4d3000 r-xp 00000000 08:09 2625429                    /lib/x86_64-linux-gnu/libnss_files-2.19.so
7f7a8d4d3000-7f7a8d6d2000 ---p 0000b000 08:09 2625429                    /lib/x86_64-linux-gnu/libnss_files-2.19.so
7f7a8d6d2000-7f7a8d6d3000 r--p 0000a000 08:09 2625429                    /lib/x86_64-linux-gnu/libnss_files-2.19.so
7f7a8d6d3000-7f7a8d6d4000 rw-p 0000b000 08:09 2625429                    /lib/x86_64-linux-gnu/libnss_files-2.19.so
7f7a8d6d4000-7f7a8d6df000 r-xp 00000000 08:09 2621542                    /lib/x86_64-linux-gnu/libnss_nis-2.19.so
7f7a8d6df000-7f7a8d8de000 ---p 0000b000 08:09 2621542                    /lib/x86_64-linux-gnu/libnss_nis-2.19.so
7f7a8d8de000-7f7a8d8df000 r--p 0000a000 08:09 2621542                    /lib/x86_64-linux-gnu/libnss_nis-2.19.so
7f7a8d8df000-7f7a8d8e0000 rw-p 0000b000 08:09 2621542                    /lib/x86_64-linux-gnu/libnss_nis-2.19.so
7f7a8d8e0000-7f7a8d8f7000 r-xp 00000000 08:09 2621536                    /lib/x86_64-linux-gnu/libnsl-2.19.so
7f7a8d8f7000-7f7a8daf6000 ---p 00017000 08:09 2621536                    /lib/x86_64-linux-gnu/libnsl-2.19.so
7f7a8daf6000-7f7a8daf7000 r--p 00016000 08:09 2621536                    /lib/x86_64-linux-gnu/libnsl-2.19.so
7f7a8daf7000-7f7a8daf8000 rw-p 00017000 08:09 2621536                    /lib/x86_64-linux-gnu/libnsl-2.19.so
7f7a8daf8000-7f7a8dafa000 rw-p 00000000 00:00 0 
7f7a8dafa000-7f7a8db03000 r-xp 00000000 08:09 2621533                    /lib/x86_64-linux-gnu/libnss_compat-2.19.so
7f7a8db03000-7f7a8dd02000 ---p 00009000 08:09 2621533                    /lib/x86_64-linux-gnu/libnss_compat-2.19.so
7f7a8dd02000-7f7a8dd03000 r--p 00008000 08:09 2621533                    /lib/x86_64-linux-gnu/libnss_compat-2.19.so
7f7a8dd03000-7f7a8dd04000 rw-p 00009000 08:09 2621533                    /lib/x86_64-linux-gnu/libnss_compat-2.19.so
7f7a8dd04000-7f7a8dd2d000 r-xp 00000000 08:09 1837758                    /home/raul/jdk1.7.0_75/jre/lib/amd64/libjava.so
7f7a8dd2d000-7f7a8df2d000 ---p 00029000 08:09 1837758                    /home/raul/jdk1.7.0_75/jre/lib/amd64/libjava.so
7f7a8df2d000-7f7a8df2f000 rw-p 00029000 08:09 1837758                    /home/raul/jdk1.7.0_75/jre/lib/amd64/libjava.so
7f7a8df2f000-7f7a8df3c000 r-xp 00000000 08:09 1837636                    /home/raul/jdk1.7.0_75/jre/lib/amd64/libverify.so
7f7a8df3c000-7f7a8e13b000 ---p 0000d000 08:09 1837636                    /home/raul/jdk1.7.0_75/jre/lib/amd64/libverify.so
7f7a8e13b000-7f7a8e13d000 rw-p 0000c000 08:09 1837636                    /home/raul/jdk1.7.0_75/jre/lib/amd64/libverify.so
7f7a8e13d000-7f7a8e144000 r-xp 00000000 08:09 2621470                    /lib/x86_64-linux-gnu/librt-2.19.so
7f7a8e144000-7f7a8e343000 ---p 00007000 08:09 2621470                    /lib/x86_64-linux-gnu/librt-2.19.so
7f7a8e343000-7f7a8e344000 r--p 00006000 08:09 2621470                    /lib/x86_64-linux-gnu/librt-2.19.so
7f7a8e344000-7f7a8e345000 rw-p 00007000 08:09 2621470                    /lib/x86_64-linux-gnu/librt-2.19.so
7f7a8e345000-7f7a8e44a000 r-xp 00000000 08:09 2621535                    /lib/x86_64-linux-gnu/libm-2.19.so
7f7a8e44a000-7f7a8e649000 ---p 00105000 08:09 2621535                    /lib/x86_64-linux-gnu/libm-2.19.so
7f7a8e649000-7f7a8e64a000 r--p 00104000 08:09 2621535                    /lib/x86_64-linux-gnu/libm-2.19.so
7f7a8e64a000-7f7a8e64b000 rw-p 00105000 08:09 2621535                    /lib/x86_64-linux-gnu/libm-2.19.so
7f7a8e64b000-7f7a8f1be000 r-xp 00000000 08:09 1837408                    /home/raul/jdk1.7.0_75/jre/lib/amd64/server/libjvm.so
7f7a8f1be000-7f7a8f3be000 ---p 00b73000 08:09 1837408                    /home/raul/jdk1.7.0_75/jre/lib/amd64/server/libjvm.so
7f7a8f3be000-7f7a8f482000 rw-p 00b73000 08:09 1837408                    /home/raul/jdk1.7.0_75/jre/lib/amd64/server/libjvm.so
7f7a8f482000-7f7a8f4c3000 rw-p 00000000 00:00 0 
7f7a8f4c3000-7f7a8f67e000 r-xp 00000000 08:09 2621469                    /lib/x86_64-linux-gnu/libc-2.19.so
7f7a8f67e000-7f7a8f87e000 ---p 001bb000 08:09 2621469                    /lib/x86_64-linux-gnu/libc-2.19.so
7f7a8f87e000-7f7a8f882000 r--p 001bb000 08:09 2621469                    /lib/x86_64-linux-gnu/libc-2.19.so
7f7a8f882000-7f7a8f884000 rw-p 001bf000 08:09 2621469                    /lib/x86_64-linux-gnu/libc-2.19.so
7f7a8f884000-7f7a8f889000 rw-p 00000000 00:00 0 
7f7a8f889000-7f7a8f88c000 r-xp 00000000 08:09 2621531                    /lib/x86_64-linux-gnu/libdl-2.19.so
7f7a8f88c000-7f7a8fa8b000 ---p 00003000 08:09 2621531                    /lib/x86_64-linux-gnu/libdl-2.19.so
7f7a8fa8b000-7f7a8fa8c000 r--p 00002000 08:09 2621531                    /lib/x86_64-linux-gnu/libdl-2.19.so
7f7a8fa8c000-7f7a8fa8d000 rw-p 00003000 08:09 2621531                    /lib/x86_64-linux-gnu/libdl-2.19.so
7f7a8fa8d000-7f7a8faa3000 r-xp 00000000 08:09 1837831                    /home/raul/jdk1.7.0_75/lib/amd64/jli/libjli.so
7f7a8faa3000-7f7a8fca3000 ---p 00016000 08:09 1837831                    /home/raul/jdk1.7.0_75/lib/amd64/jli/libjli.so
7f7a8fca3000-7f7a8fca4000 rw-p 00016000 08:09 1837831                    /home/raul/jdk1.7.0_75/lib/amd64/jli/libjli.so
7f7a8fca4000-7f7a8fcbd000 r-xp 00000000 08:09 2621544                    /lib/x86_64-linux-gnu/libpthread-2.19.so
7f7a8fcbd000-7f7a8febc000 ---p 00019000 08:09 2621544                    /lib/x86_64-linux-gnu/libpthread-2.19.so
7f7a8febc000-7f7a8febd000 r--p 00018000 08:09 2621544                    /lib/x86_64-linux-gnu/libpthread-2.19.so
7f7a8febd000-7f7a8febe000 rw-p 00019000 08:09 2621544                    /lib/x86_64-linux-gnu/libpthread-2.19.so
7f7a8febe000-7f7a8fec2000 rw-p 00000000 00:00 0 
7f7a8fec2000-7f7a8fee5000 r-xp 00000000 08:09 2621459                    /lib/x86_64-linux-gnu/ld-2.19.so
7f7a8fee7000-7f7a8fee8000 rw-p 00000000 00:00 0 
7f7a8fee8000-7f7a8fee9000 rw-s 00000000 00:04 19204                      /drm mm object (deleted)
7f7a8fee9000-7f7a8feea000 rw-s 00000000 00:04 17803                      /drm mm object (deleted)
7f7a8feea000-7f7a8feeb000 rwxp 00000000 00:00 0 
7f7a8feeb000-7f7a8ff0a000 rw-p 00000000 00:00 0 
7f7a8ff0a000-7f7a8ffc0000 rw-p 00000000 00:00 0 
7f7a8ffc0000-7f7a8ffc3000 ---p 00000000 00:00 0 
7f7a8ffc3000-7f7a900c5000 rw-p 00000000 00:00 0                          [stack:3309]
7f7a900c5000-7f7a900c6000 rw-s 00000000 00:04 17795                      /drm mm object (deleted)
7f7a900c6000-7f7a900c7000 rwxp 00000000 00:00 0 
7f7a900c7000-7f7a900c9000 r--s 00004000 08:09 1968631                    /home/raul/.netbeans/8.0.2/gluegen-runtime/gluegen-rt.jar
7f7a900c9000-7f7a900d8000 r--s 0012e000 08:09 2102216                    /home/raul/lwjgl/jar/lwjgl.jar
7f7a900d8000-7f7a900e0000 rw-s 00000000 08:09 4080303                    /tmp/hsperfdata_raul/3308
7f7a900e0000-7f7a900e1000 rw-p 00000000 00:00 0 
7f7a900e1000-7f7a900e2000 r--p 00000000 00:00 0 
7f7a900e2000-7f7a900e4000 rw-p 00000000 00:00 0 
7f7a900e4000-7f7a900e5000 r--p 00022000 08:09 2621459                    /lib/x86_64-linux-gnu/ld-2.19.so
7f7a900e5000-7f7a900e6000 rw-p 00023000 08:09 2621459                    /lib/x86_64-linux-gnu/ld-2.19.so
7f7a900e6000-7f7a900e7000 rw-p 00000000 00:00 0 
7fff9d51c000-7fff9d53d000 rw-p 00000000 00:00 0                          [stack]
7fff9d584000-7fff9d586000 r-xp 00000000 00:00 0                          [vdso]
ffffffffff600000-ffffffffff601000 r-xp 00000000 00:00 0                  [vsyscall]

VM Arguments:
jvm_args: -Dfile.encoding=UTF-8 -Djava.library.path=/home/raul/lwjgl/native/linux/x64 
java_command: simulador.Main
Launcher Type: SUN_STANDARD

Environment Variables:
PATH=/usr/local/sbin:/usr/local/bin:/usr/sbin:/usr/bin:/sbin:/bin:/usr/games:/usr/local/games
LD_LIBRARY_PATH=/home/raul/jdk1.7.0_75/jre/lib/amd64:/home/raul/jdk1.7.0_75/jre/lib/i386:
SHELL=/bin/bash
DISPLAY=:0.0

Signal Handlers:
SIGSEGV: [libjvm.so+0x9a21f0], sa_mask[0]=0x7ffbfeff, sa_flags=0x10000004
SIGBUS: [libjvm.so+0x9a21f0], sa_mask[0]=0x7ffbfeff, sa_flags=0x10000004
SIGFPE: [libjvm.so+0x81ba40], sa_mask[0]=0x7ffbfeff, sa_flags=0x10000004
SIGPIPE: [libjvm.so+0x81ba40], sa_mask[0]=0x7ffbfeff, sa_flags=0x10000004
SIGXFSZ: [libjvm.so+0x81ba40], sa_mask[0]=0x7ffbfeff, sa_flags=0x10000004
SIGILL: [libjvm.so+0x81ba40], sa_mask[0]=0x7ffbfeff, sa_flags=0x10000004
SIGUSR1: SIG_DFL, sa_mask[0]=0x00000000, sa_flags=0x00000000
SIGUSR2: [libjvm.so+0x81d240], sa_mask[0]=0x00000004, sa_flags=0x10000004
SIGHUP: [libjvm.so+0x81e360], sa_mask[0]=0x7ffbfeff, sa_flags=0x10000004
SIGINT: SIG_IGN, sa_mask[0]=0x00000000, sa_flags=0x00000000
SIGTERM: [libjvm.so+0x81e360], sa_mask[0]=0x7ffbfeff, sa_flags=0x10000004
SIGQUIT: [libjvm.so+0x81e360], sa_mask[0]=0x7ffbfeff, sa_flags=0x10000004


---------------  S Y S T E M  ---------------

OS:jessie/sid

uname:Linux 3.13.0-45-generic #74-Ubuntu SMP Tue Jan 13 19:36:28 UTC 2015 x86_64
libc:glibc 2.19 NPTL 2.19 
rlimit: STACK 8192k, CORE 0k, NPROC 29139, NOFILE 4096, AS infinity
load average:1,50 0,57 0,21

/proc/meminfo:
MemTotal:        3931356 kB
MemFree:         1963444 kB
Buffers:           74572 kB
Cached:           905328 kB
SwapCached:            0 kB
Active:          1010692 kB
Inactive:         818184 kB
Active(anon):     850828 kB
Inactive(anon):   180496 kB
Active(file):     159864 kB
Inactive(file):   637688 kB
Unevictable:          32 kB
Mlocked:              32 kB
SwapTotal:       4077564 kB
SwapFree:        4077564 kB
Dirty:              2312 kB
Writeback:             0 kB
AnonPages:        849556 kB
Mapped:           190368 kB
Shmem:            182240 kB
Slab:              61428 kB
SReclaimable:      35012 kB
SUnreclaim:        26416 kB
KernelStack:        3024 kB
PageTables:        23772 kB
NFS_Unstable:          0 kB
Bounce:                0 kB
WritebackTmp:          0 kB
CommitLimit:     6043240 kB
Committed_AS:    3204580 kB
VmallocTotal:   34359738367 kB
VmallocUsed:      350760 kB
VmallocChunk:   34359377408 kB
HardwareCorrupted:     0 kB
AnonHugePages:    403456 kB
HugePages_Total:       0
HugePages_Free:        0
HugePages_Rsvd:        0
HugePages_Surp:        0
Hugepagesize:       2048 kB
DirectMap4k:       77888 kB
DirectMap2M:     3999744 kB


CPU:total 4 (2 cores per cpu, 2 threads per core) family 6 model 58 stepping 9, cmov, cx8, fxsr, mmx, sse, sse2, sse3, ssse3, sse4.1, sse4.2, popcnt, avx, aes, erms, ht, tsc, tscinvbit, tscinv

/proc/cpuinfo:
processor	: 0
vendor_id	: GenuineIntel
cpu family	: 6
model		: 58
model name	: Intel(R) Core(TM) i5-3230M CPU @ 2.60GHz
stepping	: 9
microcode	: 0x12
cpu MHz		: 2601.000
cache size	: 3072 KB
physical id	: 0
siblings	: 4
core id		: 0
cpu cores	: 2
apicid		: 0
initial apicid	: 0
fpu		: yes
fpu_exception	: yes
cpuid level	: 13
wp		: yes
flags		: fpu vme de pse tsc msr pae mce cx8 apic sep mtrr pge mca cmov pat pse36 clflush dts acpi mmx fxsr sse sse2 ss ht tm pbe syscall nx rdtscp lm constant_tsc arch_perfmon pebs bts rep_good nopl xtopology nonstop_tsc aperfmperf eagerfpu pni pclmulqdq dtes64 monitor ds_cpl vmx est tm2 ssse3 cx16 xtpr pdcm pcid sse4_1 sse4_2 x2apic popcnt tsc_deadline_timer aes xsave avx f16c rdrand lahf_lm ida arat epb xsaveopt pln pts dtherm tpr_shadow vnmi flexpriority ept vpid fsgsbase smep erms
bogomips	: 5187.96
clflush size	: 64
cache_alignment	: 64
address sizes	: 36 bits physical, 48 bits virtual
power management:

processor	: 1
vendor_id	: GenuineIntel
cpu family	: 6
model		: 58
model name	: Intel(R) Core(TM) i5-3230M CPU @ 2.60GHz
stepping	: 9
microcode	: 0x12
cpu MHz		: 1600.000
cache size	: 3072 KB
physical id	: 0
siblings	: 4
core id		: 1
cpu cores	: 2
apicid		: 2
initial apicid	: 2
fpu		: yes
fpu_exception	: yes
cpuid level	: 13
wp		: yes
flags		: fpu vme de pse tsc msr pae mce cx8 apic sep mtrr pge mca cmov pat pse36 clflush dts acpi mmx fxsr sse sse2 ss ht tm pbe syscall nx rdtscp lm constant_tsc arch_perfmon pebs bts rep_good nopl xtopology nonstop_tsc aperfmperf eagerfpu pni pclmulqdq dtes64 monitor ds_cpl vmx est tm2 ssse3 cx16 xtpr pdcm pcid sse4_1 sse4_2 x2apic popcnt tsc_deadline_timer aes xsave avx f16c rdrand lahf_lm ida arat epb xsaveopt pln pts dtherm tpr_shadow vnmi flexpriority ept vpid fsgsbase smep erms
bogomips	: 5187.96
clflush size	: 64
cache_alignment	: 64
address sizes	: 36 bits physical, 48 bits virtual
power management:

processor	: 2
vendor_id	: GenuineIntel
cpu family	: 6
model		: 58
model name	: Intel(R) Core(TM) i5-3230M CPU @ 2.60GHz
stepping	: 9
microcode	: 0x12
cpu MHz		: 2601.000
cache size	: 3072 KB
physical id	: 0
siblings	: 4
core id		: 0
cpu cores	: 2
apicid		: 1
initial apicid	: 1
fpu		: yes
fpu_exception	: yes
cpuid level	: 13
wp		: yes
flags		: fpu vme de pse tsc msr pae mce cx8 apic sep mtrr pge mca cmov pat pse36 clflush dts acpi mmx fxsr sse sse2 ss ht tm pbe syscall nx rdtscp lm constant_tsc arch_perfmon pebs bts rep_good nopl xtopology nonstop_tsc aperfmperf eagerfpu pni pclmulqdq dtes64 monitor ds_cpl vmx est tm2 ssse3 cx16 xtpr pdcm pcid sse4_1 sse4_2 x2apic popcnt tsc_deadline_timer aes xsave avx f16c rdrand lahf_lm ida arat epb xsaveopt pln pts dtherm tpr_shadow vnmi flexpriority ept vpid fsgsbase smep erms
bogomips	: 5187.96
clflush size	: 64
cache_alignment	: 64
address sizes	: 36 bits physical, 48 bits virtual
power management:

processor	: 3
vendor_id	: GenuineIntel
cpu family	: 6
model		: 58
model name	: Intel(R) Core(TM) i5-3230M CPU @ 2.60GHz
stepping	: 9
microcode	: 0x12
cpu MHz		: 2601.000
cache size	: 3072 KB
physical id	: 0
siblings	: 4
core id		: 1
cpu cores	: 2
apicid		: 3
initial apicid	: 3
fpu		: yes
fpu_exception	: yes
cpuid level	: 13
wp		: yes
flags		: fpu vme de pse tsc msr pae mce cx8 apic sep mtrr pge mca cmov pat pse36 clflush dts acpi mmx fxsr sse sse2 ss ht tm pbe syscall nx rdtscp lm constant_tsc arch_perfmon pebs bts rep_good nopl xtopology nonstop_tsc aperfmperf eagerfpu pni pclmulqdq dtes64 monitor ds_cpl vmx est tm2 ssse3 cx16 xtpr pdcm pcid sse4_1 sse4_2 x2apic popcnt tsc_deadline_timer aes xsave avx f16c rdrand lahf_lm ida arat epb xsaveopt pln pts dtherm tpr_shadow vnmi flexpriority ept vpid fsgsbase smep erms
bogomips	: 5187.96
clflush size	: 64
cache_alignment	: 64
address sizes	: 36 bits physical, 48 bits virtual
power management:



Memory: 4k page, physical 3931356k(1963444k free), swap 4077564k(4077564k free)

vm_info: Java HotSpot(TM) 64-Bit Server VM (24.75-b04) for linux-amd64 JRE (1.7.0_75-b13), built on Dec 18 2014 16:45:18 by "java_re" with gcc 4.3.0 20080428 (Red Hat 4.3.0-8)

time: Wed Mar 18 09:16:12 2015
elapsed time: 0 seconds

