#
# A fatal error has been detected by the Java Runtime Environment:
#
#  SIGSEGV (0xb) at pc=0x00007f64f96c2d4d, pid=4983, tid=140071670019840
#
# JRE version: Java(TM) SE Runtime Environment (7.0_75-b13) (build 1.7.0_75-b13)
# Java VM: Java HotSpot(TM) 64-Bit Server VM (24.75-b04 mixed mode linux-amd64 compressed oops)
# Problematic frame:
# C  [libc.so.6+0x98d4d]  envz_strip+0x7dd
#
# Failed to write core dump. Core dumps have been disabled. To enable core dumping, try "ulimit -c unlimited" before starting Java again
#
# If you would like to submit a bug report, please visit:
#   http://bugreport.sun.com/bugreport/crash.jsp
# The crash happened outside the Java Virtual Machine in native code.
# See problematic frame for where to report the bug.
#

---------------  T H R E A D  ---------------

Current thread (0x00007f64f400a000):  JavaThread "main" [_thread_in_native, id=4987, stack(0x00007f64fa127000,0x00007f64fa228000)]

siginfo:si_signo=SIGSEGV: si_errno=0, si_code=1 (SEGV_MAPERR), si_addr=0x0000000000000000

Registers:
RAX=0xffff809b1bef8380, RBX=0x000000000000000c, RCX=0x0000000000000018, RDX=0x000000000000000c
RSP=0x00007f64fa2263b8, RBP=0x0000000000000018, RSI=0x0000000000000000, RDI=0x00007f64e4107c74
R8 =0x00007f64e4107c74, R9 =0x0000000000000003, R10=0x0000000000000000, R11=0x0000000000000246
R12=0x000000000000000c, R13=0x00007f64e4109158, R14=0x0000000000000002, R15=0x0000000000000000
RIP=0x00007f64f96c2d4d, EFLAGS=0x0000000000010202, CSGSFS=0x0000000000000033, ERR=0x0000000000000004
  TRAPNO=0x000000000000000e

Top of Stack: (sp=0x00007f64fa2263b8)
0x00007f64fa2263b8:   00007f64df51518e 0000000000000001
0x00007f64fa2263c8:   00007f64e409c038 00007f64e4107c74
0x00007f64fa2263d8:   0000000300000024 000000000000000d
0x00007f64fa2263e8:   00007f64e4109160 00007f64e4108fd8
0x00007f64fa2263f8:   00007f64e409c038 00007f64fa226450
0x00007f64fa226408:   0000000000000000 0000000000000000
0x00007f64fa226418:   00007f64df515ae4 0000000000800016
0x00007f64fa226428:   00007f6400000001 0000000200000000
0x00007f64fa226438:   0000000000000001 0080001600000078
0x00007f64fa226448:   0000000200000000 00007f64e4108fd8
0x00007f64fa226458:   00007f64f4947a48 00007f64df9532e8
0x00007f64fa226468:   0000000000000001 00007f64f494d328
0x00007f64fa226478:   00007f64e409c038 00007f64f4766de0
0x00007f64fa226488:   0000000000000000 0000000000000000
0x00007f64fa226498:   0000000000000001 00000000304c0aff
0x00007f64fa2264a8:   00007f64df02203d 00007f6400000000
0x00007f64fa2264b8:   00007f64e409c038 00007f64f43178e0
0x00007f64fa2264c8:   00007f64df4e14df 00007f64e409c038
0x00007f64fa2264d8:   00007f64f47663d0 00007f64f4766b30
0x00007f64fa2264e8:   00007f64df5a270c 00007f64f4766680
0x00007f64fa2264f8:   0000000000000001 00007f6400000000
0x00007f64fa226508:   0000000000000000 00007f64f47663d0
0x00007f64fa226518:   00007f64e409c038 0000000000000001
0x00007f64fa226528:   00007f64f4766b30 0000000000000001
0x00007f64fa226538:   00007f64f47663d0 0000000000000000
0x00007f64fa226548:   00007f64df556974 0000000000000001
0x00007f64fa226558:   00007f6400000001 00000000000002bc
0x00007f64fa226568:   00007f64e409c038 00007f64df9532e8
0x00007f64fa226578:   0000000000000033 0000000000000198
0x00007f64fa226588:   00007f64e40a4e0c 00007f64df9532e8
0x00007f64fa226598:   00007f64df515c86 000002bc00000000
0x00007f64fa2265a8:   00007f64e409c038 00007f64df9532e8 

Instructions: (pc=0x00007f64f96c2d4d)
0x00007f64f96c2d2d:   b7 44 16 fe 66 89 44 17 fe e9 63 fe ff ff 48 8d
0x00007f64f96c2d3d:   42 ff 90 0f b6 14 06 88 14 07 48 83 e8 01 eb f3
0x00007f64f96c2d4d:   48 8b 06 48 89 07 48 8b 44 16 f8 48 89 44 17 f8
0x00007f64f96c2d5d:   e9 3c fe ff ff 31 c0 eb 90 8b 06 89 07 8b 44 16 

Register to memory mapping:

RAX=0xffff809b1bef8380 is an unknown value
RBX=0x000000000000000c is an unknown value
RCX=0x0000000000000018 is an unknown value
RDX=0x000000000000000c is an unknown value
RSP=0x00007f64fa2263b8 is pointing into the stack for thread: 0x00007f64f400a000
RBP=0x0000000000000018 is an unknown value
RSI=0x0000000000000000 is an unknown value
RDI=0x00007f64e4107c74 is an unknown value
R8 =0x00007f64e4107c74 is an unknown value
R9 =0x0000000000000003 is an unknown value
R10=0x0000000000000000 is an unknown value
R11=0x0000000000000246 is an unknown value
R12=0x000000000000000c is an unknown value
R13=0x00007f64e4109158 is an unknown value
R14=0x0000000000000002 is an unknown value
R15=0x0000000000000000 is an unknown value


Stack: [0x00007f64fa127000,0x00007f64fa228000],  sp=0x00007f64fa2263b8,  free space=1020k
Native frames: (J=compiled Java code, j=interpreted, Vv=VM code, C=native code)
C  [libc.so.6+0x98d4d]  envz_strip+0x7dd

[error occurred during error reporting (printing native stack), id 0xb]

Java frames: (J=compiled Java code, j=interpreted, Vv=VM code)
j  org.lwjgl.opengl.GL11.nglDrawArrays(IIIJ)V+0
j  org.lwjgl.opengl.GL11.glDrawArrays(III)V+22
j  simulador.Simulador.come_alive()V+214
j  simulador.Simulador.run()V+1
j  simulador.Main.main([Ljava/lang/String;)V+13
v  ~StubRoutines::call_stub

---------------  P R O C E S S  ---------------

Java Threads: ( => current thread )
  0x00007f64f4098800 JavaThread "Service Thread" daemon [_thread_blocked, id=4998, stack(0x00007f64ec043000,0x00007f64ec144000)]
  0x00007f64f4096000 JavaThread "C2 CompilerThread1" daemon [_thread_in_native, id=4997, stack(0x00007f64ec144000,0x00007f64ec245000)]
  0x00007f64f4093800 JavaThread "C2 CompilerThread0" daemon [_thread_blocked, id=4996, stack(0x00007f64ec245000,0x00007f64ec346000)]
  0x00007f64f4091000 JavaThread "Signal Dispatcher" daemon [_thread_blocked, id=4995, stack(0x00007f64ec346000,0x00007f64ec447000)]
  0x00007f64f4070000 JavaThread "Finalizer" daemon [_thread_blocked, id=4994, stack(0x00007f64ec447000,0x00007f64ec548000)]
  0x00007f64f406e000 JavaThread "Reference Handler" daemon [_thread_blocked, id=4993, stack(0x00007f64ec548000,0x00007f64ec649000)]
=>0x00007f64f400a000 JavaThread "main" [_thread_in_native, id=4987, stack(0x00007f64fa127000,0x00007f64fa228000)]

Other Threads:
  0x00007f64f4069800 VMThread [stack: 0x00007f64ec649000,0x00007f64ec74a000] [id=4992]
  0x00007f64f40a3800 WatcherThread [stack: 0x00007f64e781d000,0x00007f64e791e000] [id=4999]

VM state:not at safepoint (normal execution)

VM Mutex/Monitor currently owned by a thread: None

Heap
 PSYoungGen      total 17920K, used 8995K [0x00000000ec000000, 0x00000000ed400000, 0x0000000100000000)
  eden space 15360K, 58% used [0x00000000ec000000,0x00000000ec8c8de0,0x00000000ecf00000)
  from space 2560K, 0% used [0x00000000ed180000,0x00000000ed180000,0x00000000ed400000)
  to   space 2560K, 0% used [0x00000000ecf00000,0x00000000ecf00000,0x00000000ed180000)
 ParOldGen       total 40960K, used 0K [0x00000000c4000000, 0x00000000c6800000, 0x00000000ec000000)
  object space 40960K, 0% used [0x00000000c4000000,0x00000000c4000000,0x00000000c6800000)
 PSPermGen       total 21504K, used 7032K [0x00000000bee00000, 0x00000000c0300000, 0x00000000c4000000)
  object space 21504K, 32% used [0x00000000bee00000,0x00000000bf4de010,0x00000000c0300000)

Card table byte_map: [0x00007f64f0174000,0x00007f64f037e000] byte_map_base: 0x00007f64efb7d000

Polling page: 0x00007f64fa248000

Code Cache  [0x00007f64f037e000, 0x00007f64f05ee000, 0x00007f64f337e000)
 total_blobs=489 nmethods=21 adapters=422 free_code_cache=48593Kb largest_free_block=49737984

Compilation events (10 events):
Event: 0,226 Thread 0x00007f64f4093800 nmethod 15 0x00007f64f0404410 code [0x00007f64f0404580, 0x00007f64f04049d8]
Event: 0,244 Thread 0x00007f64f4096000   17             java.lang.String::equals (81 bytes)
Event: 0,248 Thread 0x00007f64f4096000 nmethod 17 0x00007f64f04029d0 code [0x00007f64f0402b20, 0x00007f64f0402d78]
Event: 0,276 Thread 0x00007f64f4093800   18             sun.net.www.ParseUtil::encodePath (336 bytes)
Event: 0,293 Thread 0x00007f64f4093800 nmethod 18 0x00007f64f040a290 code [0x00007f64f040a4e0, 0x00007f64f040b538]
Event: 0,304 Thread 0x00007f64f4096000   20             java.nio.Buffer::limit (5 bytes)
Event: 0,304 Thread 0x00007f64f4093800   21             org.lwjgl.system.MemoryUtil::memStrLen1 (31 bytes)
Event: 0,305 Thread 0x00007f64f4096000 nmethod 20 0x00007f64f0407390 code [0x00007f64f04074c0, 0x00007f64f0407518]
Event: 0,305 Thread 0x00007f64f4096000   22             org.lwjgl.system.MemoryUtil::memDecodeASCII (41 bytes)
Event: 0,308 Thread 0x00007f64f4093800 nmethod 21 0x00007f64f0406f90 code [0x00007f64f04070e0, 0x00007f64f0407278]

GC Heap History (0 events):
No events

Deoptimization events (0 events):
No events

Internal exceptions (10 events):
Event: 0,296 Thread 0x00007f64f400a000 Threw 0x00000000ec857e68 at /HUDSON/workspace/7u-2-build-linux-amd64/jdk7u75/1940/hotspot/src/share/vm/prims/jvm.cpp:1281
Event: 0,296 Thread 0x00007f64f400a000 Threw 0x00000000ec85ffc0 at /HUDSON/workspace/7u-2-build-linux-amd64/jdk7u75/1940/hotspot/src/share/vm/prims/jvm.cpp:1281
Event: 0,297 Thread 0x00007f64f400a000 Threw 0x00000000ec864d78 at /HUDSON/workspace/7u-2-build-linux-amd64/jdk7u75/1940/hotspot/src/share/vm/prims/jvm.cpp:1281
Event: 0,298 Thread 0x00007f64f400a000 Threw 0x00000000ec867ad8 at /HUDSON/workspace/7u-2-build-linux-amd64/jdk7u75/1940/hotspot/src/share/vm/prims/jvm.cpp:1281
Event: 0,298 Thread 0x00007f64f400a000 Threw 0x00000000ec86a708 at /HUDSON/workspace/7u-2-build-linux-amd64/jdk7u75/1940/hotspot/src/share/vm/prims/jvm.cpp:1281
Event: 0,299 Thread 0x00007f64f400a000 Threw 0x00000000ec86d408 at /HUDSON/workspace/7u-2-build-linux-amd64/jdk7u75/1940/hotspot/src/share/vm/prims/jvm.cpp:1281
Event: 0,299 Thread 0x00007f64f400a000 Threw 0x00000000ec86ff08 at /HUDSON/workspace/7u-2-build-linux-amd64/jdk7u75/1940/hotspot/src/share/vm/prims/jvm.cpp:1281
Event: 0,299 Thread 0x00007f64f400a000 Threw 0x00000000ec874d60 at /HUDSON/workspace/7u-2-build-linux-amd64/jdk7u75/1940/hotspot/src/share/vm/prims/jvm.cpp:1281
Event: 0,300 Thread 0x00007f64f400a000 Threw 0x00000000ec8798b0 at /HUDSON/workspace/7u-2-build-linux-amd64/jdk7u75/1940/hotspot/src/share/vm/prims/jvm.cpp:1281
Event: 0,302 Thread 0x00007f64f400a000 Threw 0x00000000ec87c6e0 at /HUDSON/workspace/7u-2-build-linux-amd64/jdk7u75/1940/hotspot/src/share/vm/prims/jvm.cpp:1281

Events (10 events):
Event: 0,299 loading class 0x00007f64f480d1b0
Event: 0,299 loading class 0x00007f64f480d1b0 done
Event: 0,299 loading class 0x00007f64f480d260
Event: 0,299 loading class 0x00007f64f480d260 done
Event: 0,299 loading class 0x00007f64f480d310
Event: 0,299 loading class 0x00007f64f480d310 done
Event: 0,300 loading class 0x00007f64f4781c30
Event: 0,300 loading class 0x00007f64f4781c30 done
Event: 0,302 loading class 0x00007f64f47d1190
Event: 0,302 loading class 0x00007f64f47d1190 done


Dynamic libraries:
00400000-00401000 r-xp 00000000 08:09 1838081                            /home/raul/jdk1.7.0_75/bin/java
00600000-00601000 rw-p 00000000 08:09 1838081                            /home/raul/jdk1.7.0_75/bin/java
00d59000-00d7a000 rw-p 00000000 00:00 0                                  [heap]
bee00000-c0300000 rw-p 00000000 00:00 0 
c0300000-c4000000 rw-p 00000000 00:00 0 
c4000000-c6800000 rw-p 00000000 00:00 0 
c6800000-ec000000 rw-p 00000000 00:00 0 
ec000000-ed400000 rw-p 00000000 00:00 0 
ed400000-100000000 rw-p 00000000 00:00 0 
7f64b4000000-7f64b4021000 rw-p 00000000 00:00 0 
7f64b4021000-7f64b8000000 ---p 00000000 00:00 0 
7f64b8000000-7f64b8021000 rw-p 00000000 00:00 0 
7f64b8021000-7f64bc000000 ---p 00000000 00:00 0 
7f64bc000000-7f64bc18c000 rw-p 00000000 00:00 0 
7f64bc18c000-7f64c0000000 ---p 00000000 00:00 0 
7f64c0000000-7f64c0032000 rw-p 00000000 00:00 0 
7f64c0032000-7f64c4000000 ---p 00000000 00:00 0 
7f64c4000000-7f64c4021000 rw-p 00000000 00:00 0 
7f64c4021000-7f64c8000000 ---p 00000000 00:00 0 
7f64c8000000-7f64c8021000 rw-p 00000000 00:00 0 
7f64c8021000-7f64cc000000 ---p 00000000 00:00 0 
7f64cc000000-7f64cc021000 rw-p 00000000 00:00 0 
7f64cc021000-7f64d0000000 ---p 00000000 00:00 0 
7f64d0000000-7f64d0021000 rw-p 00000000 00:00 0 
7f64d0021000-7f64d4000000 ---p 00000000 00:00 0 
7f64d4000000-7f64d4021000 rw-p 00000000 00:00 0 
7f64d4021000-7f64d8000000 ---p 00000000 00:00 0 
7f64d8000000-7f64d8021000 rw-p 00000000 00:00 0 
7f64d8021000-7f64dc000000 ---p 00000000 00:00 0 
7f64dcccc000-7f64dde6a000 rw-p 00000000 00:00 0 
7f64dde6a000-7f64ddea1000 r-xp 00000000 08:09 3679606                    /usr/lib/x86_64-linux-gnu/libtxc_dxtn_s2tc.so.0.0.0
7f64ddea1000-7f64de0a0000 ---p 00037000 08:09 3679606                    /usr/lib/x86_64-linux-gnu/libtxc_dxtn_s2tc.so.0.0.0
7f64de0a0000-7f64de0a1000 r--p 00036000 08:09 3679606                    /usr/lib/x86_64-linux-gnu/libtxc_dxtn_s2tc.so.0.0.0
7f64de0a1000-7f64de0a2000 rw-p 00037000 08:09 3679606                    /usr/lib/x86_64-linux-gnu/libtxc_dxtn_s2tc.so.0.0.0
7f64de0a2000-7f64de0ba000 r-xp 00000000 08:09 2625662                    /lib/x86_64-linux-gnu/libz.so.1.2.8
7f64de0ba000-7f64de2b9000 ---p 00018000 08:09 2625662                    /lib/x86_64-linux-gnu/libz.so.1.2.8
7f64de2b9000-7f64de2ba000 r--p 00017000 08:09 2625662                    /lib/x86_64-linux-gnu/libz.so.1.2.8
7f64de2ba000-7f64de2bb000 rw-p 00018000 08:09 2625662                    /lib/x86_64-linux-gnu/libz.so.1.2.8
7f64de2bb000-7f64de2c3000 r-xp 00000000 08:09 3679409                    /usr/lib/x86_64-linux-gnu/libpciaccess.so.0.11.1
7f64de2c3000-7f64de4c2000 ---p 00008000 08:09 3679409                    /usr/lib/x86_64-linux-gnu/libpciaccess.so.0.11.1
7f64de4c2000-7f64de4c3000 r--p 00007000 08:09 3679409                    /usr/lib/x86_64-linux-gnu/libpciaccess.so.0.11.1
7f64de4c3000-7f64de4c4000 rw-p 00008000 08:09 3679409                    /usr/lib/x86_64-linux-gnu/libpciaccess.so.0.11.1
7f64de4c4000-7f64de4da000 r-xp 00000000 08:09 2625476                    /lib/x86_64-linux-gnu/libgcc_s.so.1
7f64de4da000-7f64de6d9000 ---p 00016000 08:09 2625476                    /lib/x86_64-linux-gnu/libgcc_s.so.1
7f64de6d9000-7f64de6da000 rw-p 00015000 08:09 2625476                    /lib/x86_64-linux-gnu/libgcc_s.so.1
7f64de6da000-7f64de7c0000 r-xp 00000000 08:09 3679564                    /usr/lib/x86_64-linux-gnu/libstdc++.so.6.0.19
7f64de7c0000-7f64de9bf000 ---p 000e6000 08:09 3679564                    /usr/lib/x86_64-linux-gnu/libstdc++.so.6.0.19
7f64de9bf000-7f64de9c7000 r--p 000e5000 08:09 3679564                    /usr/lib/x86_64-linux-gnu/libstdc++.so.6.0.19
7f64de9c7000-7f64de9c9000 rw-p 000ed000 08:09 3679564                    /usr/lib/x86_64-linux-gnu/libstdc++.so.6.0.19
7f64de9c9000-7f64de9de000 rw-p 00000000 00:00 0 
7f64de9de000-7f64dea05000 r-xp 00000000 08:09 2625521                    /lib/x86_64-linux-gnu/libexpat.so.1.6.0
7f64dea05000-7f64dec05000 ---p 00027000 08:09 2625521                    /lib/x86_64-linux-gnu/libexpat.so.1.6.0
7f64dec05000-7f64dec07000 r--p 00027000 08:09 2625521                    /lib/x86_64-linux-gnu/libexpat.so.1.6.0
7f64dec07000-7f64dec08000 rw-p 00029000 08:09 2625521                    /lib/x86_64-linux-gnu/libexpat.so.1.6.0
7f64dec08000-7f64dec14000 r-xp 00000000 08:09 3673068                    /usr/lib/x86_64-linux-gnu/libdrm_radeon.so.1.0.1
7f64dec14000-7f64dee13000 ---p 0000c000 08:09 3673068                    /usr/lib/x86_64-linux-gnu/libdrm_radeon.so.1.0.1
7f64dee13000-7f64dee14000 r--p 0000b000 08:09 3673068                    /usr/lib/x86_64-linux-gnu/libdrm_radeon.so.1.0.1
7f64dee14000-7f64dee15000 rw-p 0000c000 08:09 3673068                    /usr/lib/x86_64-linux-gnu/libdrm_radeon.so.1.0.1
7f64dee15000-7f64dee1b000 r-xp 00000000 08:09 3672797                    /usr/lib/x86_64-linux-gnu/libdrm_nouveau.so.2.0.0
7f64dee1b000-7f64df01a000 ---p 00006000 08:09 3672797                    /usr/lib/x86_64-linux-gnu/libdrm_nouveau.so.2.0.0
7f64df01a000-7f64df01b000 r--p 00005000 08:09 3672797                    /usr/lib/x86_64-linux-gnu/libdrm_nouveau.so.2.0.0
7f64df01b000-7f64df01c000 rw-p 00006000 08:09 3672797                    /usr/lib/x86_64-linux-gnu/libdrm_nouveau.so.2.0.0
7f64df01c000-7f64df03b000 r-xp 00000000 08:09 3672795                    /usr/lib/x86_64-linux-gnu/libdrm_intel.so.1.0.0
7f64df03b000-7f64df23a000 ---p 0001f000 08:09 3672795                    /usr/lib/x86_64-linux-gnu/libdrm_intel.so.1.0.0
7f64df23a000-7f64df23b000 r--p 0001e000 08:09 3672795                    /usr/lib/x86_64-linux-gnu/libdrm_intel.so.1.0.0
7f64df23b000-7f64df23c000 rw-p 0001f000 08:09 3672795                    /usr/lib/x86_64-linux-gnu/libdrm_intel.so.1.0.0
7f64df23c000-7f64df72b000 r-xp 00000000 08:09 3934416                    /usr/lib/x86_64-linux-gnu/dri/i965_dri.so
7f64df72b000-7f64df92a000 ---p 004ef000 08:09 3934416                    /usr/lib/x86_64-linux-gnu/dri/i965_dri.so
7f64df92a000-7f64df941000 r--p 004ee000 08:09 3934416                    /usr/lib/x86_64-linux-gnu/dri/i965_dri.so
7f64df941000-7f64df94d000 rw-p 00505000 08:09 3934416                    /usr/lib/x86_64-linux-gnu/dri/i965_dri.so
7f64df94d000-7f64df999000 rw-p 00000000 00:00 0 
7f64df999000-7f64df9dd000 r-xp 00000000 08:09 2625517                    /lib/x86_64-linux-gnu/libdbus-1.so.3.7.6
7f64df9dd000-7f64dfbdc000 ---p 00044000 08:09 2625517                    /lib/x86_64-linux-gnu/libdbus-1.so.3.7.6
7f64dfbdc000-7f64dfbdd000 r--p 00043000 08:09 2625517                    /lib/x86_64-linux-gnu/libdbus-1.so.3.7.6
7f64dfbdd000-7f64dfbde000 rw-p 00044000 08:09 2625517                    /lib/x86_64-linux-gnu/libdbus-1.so.3.7.6
7f64dfbde000-7f64dfbe6000 r-xp 00000000 08:09 2625561                    /lib/x86_64-linux-gnu/libnih-dbus.so.1.0.0
7f64dfbe6000-7f64dfde6000 ---p 00008000 08:09 2625561                    /lib/x86_64-linux-gnu/libnih-dbus.so.1.0.0
7f64dfde6000-7f64dfde7000 r--p 00008000 08:09 2625561                    /lib/x86_64-linux-gnu/libnih-dbus.so.1.0.0
7f64dfde7000-7f64dfde8000 rw-p 00009000 08:09 2625561                    /lib/x86_64-linux-gnu/libnih-dbus.so.1.0.0
7f64dfde8000-7f64dfdff000 r-xp 00000000 08:09 2625563                    /lib/x86_64-linux-gnu/libnih.so.1.0.0
7f64dfdff000-7f64dfffe000 ---p 00017000 08:09 2625563                    /lib/x86_64-linux-gnu/libnih.so.1.0.0
7f64dfffe000-7f64dffff000 r--p 00016000 08:09 2625563                    /lib/x86_64-linux-gnu/libnih.so.1.0.0
7f64dffff000-7f64e0000000 rw-p 00017000 08:09 2625563                    /lib/x86_64-linux-gnu/libnih.so.1.0.0
7f64e0000000-7f64e0021000 rw-p 00000000 00:00 0 
7f64e0021000-7f64e4000000 ---p 00000000 00:00 0 
7f64e4094000-7f64e409c000 rw-s 00000000 00:04 49220                      /drm mm object (deleted)
7f64e409c000-7f64e410b000 rw-p 00000000 00:00 0 
7f64e410b000-7f64e4124000 r-xp 00000000 08:09 2625512                    /lib/x86_64-linux-gnu/libcgmanager.so.0.0.0
7f64e4124000-7f64e4323000 ---p 00019000 08:09 2625512                    /lib/x86_64-linux-gnu/libcgmanager.so.0.0.0
7f64e4323000-7f64e4325000 r--p 00018000 08:09 2625512                    /lib/x86_64-linux-gnu/libcgmanager.so.0.0.0
7f64e4325000-7f64e4326000 rw-p 0001a000 08:09 2625512                    /lib/x86_64-linux-gnu/libcgmanager.so.0.0.0
7f64e4326000-7f64e4336000 r-xp 00000000 08:09 2625436                    /lib/x86_64-linux-gnu/libudev.so.1.3.5
7f64e4336000-7f64e4535000 ---p 00010000 08:09 2625436                    /lib/x86_64-linux-gnu/libudev.so.1.3.5
7f64e4535000-7f64e4536000 r--p 0000f000 08:09 2625436                    /lib/x86_64-linux-gnu/libudev.so.1.3.5
7f64e4536000-7f64e4537000 rw-p 00010000 08:09 2625436                    /lib/x86_64-linux-gnu/libudev.so.1.3.5
7f64e4537000-7f64e453c000 r-xp 00000000 08:09 3678669                    /usr/lib/x86_64-linux-gnu/libXdmcp.so.6.0.0
7f64e453c000-7f64e473b000 ---p 00005000 08:09 3678669                    /usr/lib/x86_64-linux-gnu/libXdmcp.so.6.0.0
7f64e473b000-7f64e473c000 r--p 00004000 08:09 3678669                    /usr/lib/x86_64-linux-gnu/libXdmcp.so.6.0.0
7f64e473c000-7f64e473d000 rw-p 00005000 08:09 3678669                    /usr/lib/x86_64-linux-gnu/libXdmcp.so.6.0.0
7f64e473d000-7f64e473f000 r-xp 00000000 08:09 3678658                    /usr/lib/x86_64-linux-gnu/libXau.so.6.0.0
7f64e473f000-7f64e493f000 ---p 00002000 08:09 3678658                    /usr/lib/x86_64-linux-gnu/libXau.so.6.0.0
7f64e493f000-7f64e4940000 r--p 00002000 08:09 3678658                    /usr/lib/x86_64-linux-gnu/libXau.so.6.0.0
7f64e4940000-7f64e4941000 rw-p 00003000 08:09 3678658                    /usr/lib/x86_64-linux-gnu/libXau.so.6.0.0
7f64e4941000-7f64e494a000 r-xp 00000000 08:09 3678693                    /usr/lib/x86_64-linux-gnu/libXrender.so.1.3.0
7f64e494a000-7f64e4b49000 ---p 00009000 08:09 3678693                    /usr/lib/x86_64-linux-gnu/libXrender.so.1.3.0
7f64e4b49000-7f64e4b4a000 r--p 00008000 08:09 3678693                    /usr/lib/x86_64-linux-gnu/libXrender.so.1.3.0
7f64e4b4a000-7f64e4b4b000 rw-p 00009000 08:09 3678693                    /usr/lib/x86_64-linux-gnu/libXrender.so.1.3.0
7f64e4b4b000-7f64e4b56000 r-xp 00000000 08:09 3672667                    /usr/lib/x86_64-linux-gnu/libdrm.so.2.4.0
7f64e4b56000-7f64e4d55000 ---p 0000b000 08:09 3672667                    /usr/lib/x86_64-linux-gnu/libdrm.so.2.4.0
7f64e4d55000-7f64e4d56000 r--p 0000a000 08:09 3672667                    /usr/lib/x86_64-linux-gnu/libdrm.so.2.4.0
7f64e4d56000-7f64e4d57000 rw-p 0000b000 08:09 3672667                    /usr/lib/x86_64-linux-gnu/libdrm.so.2.4.0
7f64e4d57000-7f64e4d58000 r-xp 00000000 08:09 3679738                    /usr/lib/x86_64-linux-gnu/libxshmfence.so.1.0.0
7f64e4d58000-7f64e4f57000 ---p 00001000 08:09 3679738                    /usr/lib/x86_64-linux-gnu/libxshmfence.so.1.0.0
7f64e4f57000-7f64e4f58000 r--p 00000000 08:09 3679738                    /usr/lib/x86_64-linux-gnu/libxshmfence.so.1.0.0
7f64e4f58000-7f64e4f59000 rw-p 00001000 08:09 3679738                    /usr/lib/x86_64-linux-gnu/libxshmfence.so.1.0.0
7f64e4f59000-7f64e4f5e000 r-xp 00000000 08:09 3679720                    /usr/lib/x86_64-linux-gnu/libxcb-sync.so.1.0.0
7f64e4f5e000-7f64e515d000 ---p 00005000 08:09 3679720                    /usr/lib/x86_64-linux-gnu/libxcb-sync.so.1.0.0
7f64e515d000-7f64e515e000 r--p 00004000 08:09 3679720                    /usr/lib/x86_64-linux-gnu/libxcb-sync.so.1.0.0
7f64e515e000-7f64e515f000 rw-p 00005000 08:09 3679720                    /usr/lib/x86_64-linux-gnu/libxcb-sync.so.1.0.0
7f64e515f000-7f64e5161000 r-xp 00000000 08:09 3679708                    /usr/lib/x86_64-linux-gnu/libxcb-present.so.0.0.0
7f64e5161000-7f64e5360000 ---p 00002000 08:09 3679708                    /usr/lib/x86_64-linux-gnu/libxcb-present.so.0.0.0
7f64e5360000-7f64e5361000 r--p 00001000 08:09 3679708                    /usr/lib/x86_64-linux-gnu/libxcb-present.so.0.0.0
7f64e5361000-7f64e5362000 rw-p 00002000 08:09 3679708                    /usr/lib/x86_64-linux-gnu/libxcb-present.so.0.0.0
7f64e5362000-7f64e5364000 r-xp 00000000 08:09 3679698                    /usr/lib/x86_64-linux-gnu/libxcb-dri3.so.0.0.0
7f64e5364000-7f64e5563000 ---p 00002000 08:09 3679698                    /usr/lib/x86_64-linux-gnu/libxcb-dri3.so.0.0.0
7f64e5563000-7f64e5564000 r--p 00001000 08:09 3679698                    /usr/lib/x86_64-linux-gnu/libxcb-dri3.so.0.0.0
7f64e5564000-7f64e5565000 rw-p 00002000 08:09 3679698                    /usr/lib/x86_64-linux-gnu/libxcb-dri3.so.0.0.0
7f64e5565000-7f64e5568000 r-xp 00000000 08:09 3679696                    /usr/lib/x86_64-linux-gnu/libxcb-dri2.so.0.0.0
7f64e5568000-7f64e5768000 ---p 00003000 08:09 3679696                    /usr/lib/x86_64-linux-gnu/libxcb-dri2.so.0.0.0
7f64e5768000-7f64e5769000 r--p 00003000 08:09 3679696                    /usr/lib/x86_64-linux-gnu/libxcb-dri2.so.0.0.0
7f64e5769000-7f64e576a000 rw-p 00004000 08:09 3679696                    /usr/lib/x86_64-linux-gnu/libxcb-dri2.so.0.0.0
7f64e576a000-7f64e577f000 r-xp 00000000 08:09 3679700                    /usr/lib/x86_64-linux-gnu/libxcb-glx.so.0.0.0
7f64e577f000-7f64e597e000 ---p 00015000 08:09 3679700                    /usr/lib/x86_64-linux-gnu/libxcb-glx.so.0.0.0
7f64e597e000-7f64e5980000 r--p 00014000 08:09 3679700                    /usr/lib/x86_64-linux-gnu/libxcb-glx.so.0.0.0
7f64e5980000-7f64e5981000 rw-p 00016000 08:09 3679700                    /usr/lib/x86_64-linux-gnu/libxcb-glx.so.0.0.0
7f64e5981000-7f64e5982000 r-xp 00000000 08:09 3678652                    /usr/lib/x86_64-linux-gnu/libX11-xcb.so.1.0.0
7f64e5982000-7f64e5b81000 ---p 00001000 08:09 3678652                    /usr/lib/x86_64-linux-gnu/libX11-xcb.so.1.0.0
7f64e5b81000-7f64e5b82000 r--p 00000000 08:09 3678652                    /usr/lib/x86_64-linux-gnu/libX11-xcb.so.1.0.0
7f64e5b82000-7f64e5b83000 rw-p 00001000 08:09 3678652                    /usr/lib/x86_64-linux-gnu/libX11-xcb.so.1.0.0
7f64e5b83000-7f64e5b88000 r-xp 00000000 08:09 3678673                    /usr/lib/x86_64-linux-gnu/libXfixes.so.3.1.0
7f64e5b88000-7f64e5d87000 ---p 00005000 08:09 3678673                    /usr/lib/x86_64-linux-gnu/libXfixes.so.3.1.0
7f64e5d87000-7f64e5d88000 r--p 00004000 08:09 3678673                    /usr/lib/x86_64-linux-gnu/libXfixes.so.3.1.0
7f64e5d88000-7f64e5d89000 rw-p 00005000 08:09 3678673                    /usr/lib/x86_64-linux-gnu/libXfixes.so.3.1.0
7f64e5d89000-7f64e5d8b000 r-xp 00000000 08:09 3678667                    /usr/lib/x86_64-linux-gnu/libXdamage.so.1.1.0
7f64e5d8b000-7f64e5f8a000 ---p 00002000 08:09 3678667                    /usr/lib/x86_64-linux-gnu/libXdamage.so.1.1.0
7f64e5f8a000-7f64e5f8b000 r--p 00001000 08:09 3678667                    /usr/lib/x86_64-linux-gnu/libXdamage.so.1.1.0
7f64e5f8b000-7f64e5f8c000 rw-p 00002000 08:09 3678667                    /usr/lib/x86_64-linux-gnu/libXdamage.so.1.1.0
7f64e5f8c000-7f64e5f9d000 r-xp 00000000 08:09 3678671                    /usr/lib/x86_64-linux-gnu/libXext.so.6.4.0
7f64e5f9d000-7f64e619c000 ---p 00011000 08:09 3678671                    /usr/lib/x86_64-linux-gnu/libXext.so.6.4.0
7f64e619c000-7f64e619d000 r--p 00010000 08:09 3678671                    /usr/lib/x86_64-linux-gnu/libXext.so.6.4.0
7f64e619d000-7f64e619e000 rw-p 00011000 08:09 3678671                    /usr/lib/x86_64-linux-gnu/libXext.so.6.4.0
7f64e619e000-7f64e61c0000 r-xp 00000000 08:09 3672157                    /usr/lib/x86_64-linux-gnu/libglapi.so.0.0.0
7f64e61c0000-7f64e63c0000 ---p 00022000 08:09 3672157                    /usr/lib/x86_64-linux-gnu/libglapi.so.0.0.0
7f64e63c0000-7f64e63c3000 r--p 00022000 08:09 3672157                    /usr/lib/x86_64-linux-gnu/libglapi.so.0.0.0
7f64e63c3000-7f64e63c4000 rw-p 00025000 08:09 3672157                    /usr/lib/x86_64-linux-gnu/libglapi.so.0.0.0
7f64e63c4000-7f64e63c5000 rw-p 00000000 00:00 0 
7f64e63c5000-7f64e63e2000 r-xp 00000000 08:09 3679728                    /usr/lib/x86_64-linux-gnu/libxcb.so.1.1.0
7f64e63e2000-7f64e65e2000 ---p 0001d000 08:09 3679728                    /usr/lib/x86_64-linux-gnu/libxcb.so.1.1.0
7f64e65e2000-7f64e65e3000 r--p 0001d000 08:09 3679728                    /usr/lib/x86_64-linux-gnu/libxcb.so.1.1.0
7f64e65e3000-7f64e65e4000 rw-p 0001e000 08:09 3679728                    /usr/lib/x86_64-linux-gnu/libxcb.so.1.1.0
7f64e65e4000-7f64e65ed000 r-xp 00000000 08:09 3678665                    /usr/lib/x86_64-linux-gnu/libXcursor.so.1.0.2
7f64e65ed000-7f64e67ec000 ---p 00009000 08:09 3678665                    /usr/lib/x86_64-linux-gnu/libXcursor.so.1.0.2
7f64e67ec000-7f64e67ed000 r--p 00008000 08:09 3678665                    /usr/lib/x86_64-linux-gnu/libXcursor.so.1.0.2
7f64e67ed000-7f64e67ee000 rw-p 00009000 08:09 3678665                    /usr/lib/x86_64-linux-gnu/libXcursor.so.1.0.2
7f64e67ee000-7f64e67f0000 r-xp 00000000 08:09 3678681                    /usr/lib/x86_64-linux-gnu/libXinerama.so.1.0.0
7f64e67f0000-7f64e69ef000 ---p 00002000 08:09 3678681                    /usr/lib/x86_64-linux-gnu/libXinerama.so.1.0.0
7f64e69ef000-7f64e69f0000 r--p 00001000 08:09 3678681                    /usr/lib/x86_64-linux-gnu/libXinerama.so.1.0.0
7f64e69f0000-7f64e69f1000 rw-p 00002000 08:09 3678681                    /usr/lib/x86_64-linux-gnu/libXinerama.so.1.0.0
7f64e69f1000-7f64e69f5000 r-xp 00000000 08:09 3678709                    /usr/lib/x86_64-linux-gnu/libXxf86vm.so.1.0.0
7f64e69f5000-7f64e6bf5000 ---p 00004000 08:09 3678709                    /usr/lib/x86_64-linux-gnu/libXxf86vm.so.1.0.0
7f64e6bf5000-7f64e6bf6000 r--p 00004000 08:09 3678709                    /usr/lib/x86_64-linux-gnu/libXxf86vm.so.1.0.0
7f64e6bf6000-7f64e6bf7000 rw-p 00005000 08:09 3678709                    /usr/lib/x86_64-linux-gnu/libXxf86vm.so.1.0.0
7f64e6bf7000-7f64e6c00000 r-xp 00000000 08:09 3678691                    /usr/lib/x86_64-linux-gnu/libXrandr.so.2.2.0
7f64e6c00000-7f64e6dff000 ---p 00009000 08:09 3678691                    /usr/lib/x86_64-linux-gnu/libXrandr.so.2.2.0
7f64e6dff000-7f64e6e00000 r--p 00008000 08:09 3678691                    /usr/lib/x86_64-linux-gnu/libXrandr.so.2.2.0
7f64e6e00000-7f64e6e01000 rw-p 00009000 08:09 3678691                    /usr/lib/x86_64-linux-gnu/libXrandr.so.2.2.0
7f64e6e01000-7f64e6e10000 r-xp 00000000 08:09 3678679                    /usr/lib/x86_64-linux-gnu/libXi.so.6.1.0
7f64e6e10000-7f64e700f000 ---p 0000f000 08:09 3678679                    /usr/lib/x86_64-linux-gnu/libXi.so.6.1.0
7f64e700f000-7f64e7010000 r--p 0000e000 08:09 3678679                    /usr/lib/x86_64-linux-gnu/libXi.so.6.1.0
7f64e7010000-7f64e7011000 rw-p 0000f000 08:09 3678679                    /usr/lib/x86_64-linux-gnu/libXi.so.6.1.0
7f64e7011000-7f64e7073000 r-xp 00000000 08:09 3934455                    /usr/lib/x86_64-linux-gnu/mesa/libGL.so.1.2.0
7f64e7073000-7f64e7272000 ---p 00062000 08:09 3934455                    /usr/lib/x86_64-linux-gnu/mesa/libGL.so.1.2.0
7f64e7272000-7f64e7275000 r--p 00061000 08:09 3934455                    /usr/lib/x86_64-linux-gnu/mesa/libGL.so.1.2.0
7f64e7275000-7f64e7276000 rw-p 00064000 08:09 3934455                    /usr/lib/x86_64-linux-gnu/mesa/libGL.so.1.2.0
7f64e7276000-7f64e7277000 rw-p 00000000 00:00 0 
7f64e7277000-7f64e73a7000 r-xp 00000000 08:09 3678654                    /usr/lib/x86_64-linux-gnu/libX11.so.6.3.0
7f64e73a7000-7f64e75a7000 ---p 00130000 08:09 3678654                    /usr/lib/x86_64-linux-gnu/libX11.so.6.3.0
7f64e75a7000-7f64e75a8000 r--p 00130000 08:09 3678654                    /usr/lib/x86_64-linux-gnu/libX11.so.6.3.0
7f64e75a8000-7f64e75ac000 rw-p 00131000 08:09 3678654                    /usr/lib/x86_64-linux-gnu/libX11.so.6.3.0
7f64e75ac000-7f64e761b000 r-xp 00000000 08:09 2102220                    /home/raul/lwjgl/native/linux/x64/liblwjgl.so
7f64e761b000-7f64e781a000 ---p 0006f000 08:09 2102220                    /home/raul/lwjgl/native/linux/x64/liblwjgl.so
7f64e781a000-7f64e781b000 r--p 0006e000 08:09 2102220                    /home/raul/lwjgl/native/linux/x64/liblwjgl.so
7f64e781b000-7f64e781c000 rw-p 0006f000 08:09 2102220                    /home/raul/lwjgl/native/linux/x64/liblwjgl.so
7f64e781c000-7f64e781d000 rw-p 00000000 00:00 0 
7f64e781d000-7f64e781e000 ---p 00000000 00:00 0 
7f64e781e000-7f64e791e000 rw-p 00000000 00:00 0                          [stack:4999]
7f64e791e000-7f64e8000000 r--p 00000000 08:09 3677561                    /usr/lib/locale/locale-archive
7f64e8000000-7f64e8021000 rw-p 00000000 00:00 0 
7f64e8021000-7f64ec000000 ---p 00000000 00:00 0 
7f64ec006000-7f64ec00e000 rw-s 00000000 00:04 49219                      /drm mm object (deleted)
7f64ec00e000-7f64ec016000 rw-s 00000000 00:04 49215                      /drm mm object (deleted)
7f64ec016000-7f64ec01d000 r--s 00000000 08:09 3939448                    /usr/lib/x86_64-linux-gnu/gconv/gconv-modules.cache
7f64ec01d000-7f64ec043000 r--p 00000000 08:09 4329090                    /usr/share/locale-langpack/es/LC_MESSAGES/libc.mo
7f64ec043000-7f64ec046000 ---p 00000000 00:00 0 
7f64ec046000-7f64ec144000 rw-p 00000000 00:00 0                          [stack:4998]
7f64ec144000-7f64ec147000 ---p 00000000 00:00 0 
7f64ec147000-7f64ec245000 rw-p 00000000 00:00 0                          [stack:4997]
7f64ec245000-7f64ec248000 ---p 00000000 00:00 0 
7f64ec248000-7f64ec346000 rw-p 00000000 00:00 0                          [stack:4996]
7f64ec346000-7f64ec349000 ---p 00000000 00:00 0 
7f64ec349000-7f64ec447000 rw-p 00000000 00:00 0                          [stack:4995]
7f64ec447000-7f64ec44a000 ---p 00000000 00:00 0 
7f64ec44a000-7f64ec548000 rw-p 00000000 00:00 0                          [stack:4994]
7f64ec548000-7f64ec54b000 ---p 00000000 00:00 0 
7f64ec54b000-7f64ec649000 rw-p 00000000 00:00 0                          [stack:4993]
7f64ec649000-7f64ec64a000 ---p 00000000 00:00 0 
7f64ec64a000-7f64ed707000 rw-p 00000000 00:00 0                          [stack:4992]
7f64ed707000-7f64ed8c6000 r--s 039eb000 08:09 1837861                    /home/raul/jdk1.7.0_75/jre/lib/rt.jar
7f64ed8c6000-7f64efc30000 rw-p 00000000 00:00 0 
7f64efc30000-7f64efc31000 ---p 00000000 00:00 0 
7f64efc31000-7f64efd31000 rw-p 00000000 00:00 0                          [stack:4991]
7f64efd31000-7f64efd32000 ---p 00000000 00:00 0 
7f64efd32000-7f64efe32000 rw-p 00000000 00:00 0                          [stack:4990]
7f64efe32000-7f64efe33000 ---p 00000000 00:00 0 
7f64efe33000-7f64eff33000 rw-p 00000000 00:00 0                          [stack:4989]
7f64eff33000-7f64eff34000 ---p 00000000 00:00 0 
7f64eff34000-7f64f0048000 rw-p 00000000 00:00 0                          [stack:4988]
7f64f0048000-7f64f0174000 rw-p 00000000 00:00 0 
7f64f0174000-7f64f017f000 rw-p 00000000 00:00 0 
7f64f017f000-7f64f019d000 rw-p 00000000 00:00 0 
7f64f019d000-7f64f01b1000 rw-p 00000000 00:00 0 
7f64f01b1000-7f64f02dd000 rw-p 00000000 00:00 0 
7f64f02dd000-7f64f02e7000 rw-p 00000000 00:00 0 
7f64f02e7000-7f64f037d000 rw-p 00000000 00:00 0 
7f64f037d000-7f64f037e000 rw-p 00000000 00:00 0 
7f64f037e000-7f64f05ee000 rwxp 00000000 00:00 0 
7f64f05ee000-7f64f337e000 rw-p 00000000 00:00 0 
7f64f337e000-7f64f3398000 r-xp 00000000 08:09 1837823                    /home/raul/jdk1.7.0_75/jre/lib/amd64/libzip.so
7f64f3398000-7f64f3598000 ---p 0001a000 08:09 1837823                    /home/raul/jdk1.7.0_75/jre/lib/amd64/libzip.so
7f64f3598000-7f64f3599000 rw-p 0001a000 08:09 1837823                    /home/raul/jdk1.7.0_75/jre/lib/amd64/libzip.so
7f64f3599000-7f64f35a4000 r-xp 00000000 08:09 2625429                    /lib/x86_64-linux-gnu/libnss_files-2.19.so
7f64f35a4000-7f64f37a3000 ---p 0000b000 08:09 2625429                    /lib/x86_64-linux-gnu/libnss_files-2.19.so
7f64f37a3000-7f64f37a4000 r--p 0000a000 08:09 2625429                    /lib/x86_64-linux-gnu/libnss_files-2.19.so
7f64f37a4000-7f64f37a5000 rw-p 0000b000 08:09 2625429                    /lib/x86_64-linux-gnu/libnss_files-2.19.so
7f64f37a5000-7f64f37b0000 r-xp 00000000 08:09 2621542                    /lib/x86_64-linux-gnu/libnss_nis-2.19.so
7f64f37b0000-7f64f39af000 ---p 0000b000 08:09 2621542                    /lib/x86_64-linux-gnu/libnss_nis-2.19.so
7f64f39af000-7f64f39b0000 r--p 0000a000 08:09 2621542                    /lib/x86_64-linux-gnu/libnss_nis-2.19.so
7f64f39b0000-7f64f39b1000 rw-p 0000b000 08:09 2621542                    /lib/x86_64-linux-gnu/libnss_nis-2.19.so
7f64f39b1000-7f64f39c8000 r-xp 00000000 08:09 2621536                    /lib/x86_64-linux-gnu/libnsl-2.19.so
7f64f39c8000-7f64f3bc7000 ---p 00017000 08:09 2621536                    /lib/x86_64-linux-gnu/libnsl-2.19.so
7f64f3bc7000-7f64f3bc8000 r--p 00016000 08:09 2621536                    /lib/x86_64-linux-gnu/libnsl-2.19.so
7f64f3bc8000-7f64f3bc9000 rw-p 00017000 08:09 2621536                    /lib/x86_64-linux-gnu/libnsl-2.19.so
7f64f3bc9000-7f64f3bcb000 rw-p 00000000 00:00 0 
7f64f3bcb000-7f64f3bd4000 r-xp 00000000 08:09 2621533                    /lib/x86_64-linux-gnu/libnss_compat-2.19.so
7f64f3bd4000-7f64f3dd3000 ---p 00009000 08:09 2621533                    /lib/x86_64-linux-gnu/libnss_compat-2.19.so
7f64f3dd3000-7f64f3dd4000 r--p 00008000 08:09 2621533                    /lib/x86_64-linux-gnu/libnss_compat-2.19.so
7f64f3dd4000-7f64f3dd5000 rw-p 00009000 08:09 2621533                    /lib/x86_64-linux-gnu/libnss_compat-2.19.so
7f64f3dd5000-7f64f3dfe000 r-xp 00000000 08:09 1837758                    /home/raul/jdk1.7.0_75/jre/lib/amd64/libjava.so
7f64f3dfe000-7f64f3ffe000 ---p 00029000 08:09 1837758                    /home/raul/jdk1.7.0_75/jre/lib/amd64/libjava.so
7f64f3ffe000-7f64f4000000 rw-p 00029000 08:09 1837758                    /home/raul/jdk1.7.0_75/jre/lib/amd64/libjava.so
7f64f4000000-7f64f4971000 rw-p 00000000 00:00 0 
7f64f4971000-7f64f8000000 ---p 00000000 00:00 0 
7f64f8003000-7f64f8078000 rw-p 00000000 00:00 0 
7f64f8078000-7f64f8096000 rw-p 00000000 00:00 0 
7f64f8096000-7f64f80a3000 r-xp 00000000 08:09 1837636                    /home/raul/jdk1.7.0_75/jre/lib/amd64/libverify.so
7f64f80a3000-7f64f82a2000 ---p 0000d000 08:09 1837636                    /home/raul/jdk1.7.0_75/jre/lib/amd64/libverify.so
7f64f82a2000-7f64f82a4000 rw-p 0000c000 08:09 1837636                    /home/raul/jdk1.7.0_75/jre/lib/amd64/libverify.so
7f64f82a4000-7f64f82ab000 r-xp 00000000 08:09 2621470                    /lib/x86_64-linux-gnu/librt-2.19.so
7f64f82ab000-7f64f84aa000 ---p 00007000 08:09 2621470                    /lib/x86_64-linux-gnu/librt-2.19.so
7f64f84aa000-7f64f84ab000 r--p 00006000 08:09 2621470                    /lib/x86_64-linux-gnu/librt-2.19.so
7f64f84ab000-7f64f84ac000 rw-p 00007000 08:09 2621470                    /lib/x86_64-linux-gnu/librt-2.19.so
7f64f84ac000-7f64f85b1000 r-xp 00000000 08:09 2621535                    /lib/x86_64-linux-gnu/libm-2.19.so
7f64f85b1000-7f64f87b0000 ---p 00105000 08:09 2621535                    /lib/x86_64-linux-gnu/libm-2.19.so
7f64f87b0000-7f64f87b1000 r--p 00104000 08:09 2621535                    /lib/x86_64-linux-gnu/libm-2.19.so
7f64f87b1000-7f64f87b2000 rw-p 00105000 08:09 2621535                    /lib/x86_64-linux-gnu/libm-2.19.so
7f64f87b2000-7f64f9325000 r-xp 00000000 08:09 1837408                    /home/raul/jdk1.7.0_75/jre/lib/amd64/server/libjvm.so
7f64f9325000-7f64f9525000 ---p 00b73000 08:09 1837408                    /home/raul/jdk1.7.0_75/jre/lib/amd64/server/libjvm.so
7f64f9525000-7f64f95e9000 rw-p 00b73000 08:09 1837408                    /home/raul/jdk1.7.0_75/jre/lib/amd64/server/libjvm.so
7f64f95e9000-7f64f962a000 rw-p 00000000 00:00 0 
7f64f962a000-7f64f97e5000 r-xp 00000000 08:09 2621469                    /lib/x86_64-linux-gnu/libc-2.19.so
7f64f97e5000-7f64f99e5000 ---p 001bb000 08:09 2621469                    /lib/x86_64-linux-gnu/libc-2.19.so
7f64f99e5000-7f64f99e9000 r--p 001bb000 08:09 2621469                    /lib/x86_64-linux-gnu/libc-2.19.so
7f64f99e9000-7f64f99eb000 rw-p 001bf000 08:09 2621469                    /lib/x86_64-linux-gnu/libc-2.19.so
7f64f99eb000-7f64f99f0000 rw-p 00000000 00:00 0 
7f64f99f0000-7f64f99f3000 r-xp 00000000 08:09 2621531                    /lib/x86_64-linux-gnu/libdl-2.19.so
7f64f99f3000-7f64f9bf2000 ---p 00003000 08:09 2621531                    /lib/x86_64-linux-gnu/libdl-2.19.so
7f64f9bf2000-7f64f9bf3000 r--p 00002000 08:09 2621531                    /lib/x86_64-linux-gnu/libdl-2.19.so
7f64f9bf3000-7f64f9bf4000 rw-p 00003000 08:09 2621531                    /lib/x86_64-linux-gnu/libdl-2.19.so
7f64f9bf4000-7f64f9c0a000 r-xp 00000000 08:09 1837831                    /home/raul/jdk1.7.0_75/lib/amd64/jli/libjli.so
7f64f9c0a000-7f64f9e0a000 ---p 00016000 08:09 1837831                    /home/raul/jdk1.7.0_75/lib/amd64/jli/libjli.so
7f64f9e0a000-7f64f9e0b000 rw-p 00016000 08:09 1837831                    /home/raul/jdk1.7.0_75/lib/amd64/jli/libjli.so
7f64f9e0b000-7f64f9e24000 r-xp 00000000 08:09 2621544                    /lib/x86_64-linux-gnu/libpthread-2.19.so
7f64f9e24000-7f64fa023000 ---p 00019000 08:09 2621544                    /lib/x86_64-linux-gnu/libpthread-2.19.so
7f64fa023000-7f64fa024000 r--p 00018000 08:09 2621544                    /lib/x86_64-linux-gnu/libpthread-2.19.so
7f64fa024000-7f64fa025000 rw-p 00019000 08:09 2621544                    /lib/x86_64-linux-gnu/libpthread-2.19.so
7f64fa025000-7f64fa029000 rw-p 00000000 00:00 0 
7f64fa029000-7f64fa04c000 r-xp 00000000 08:09 2621459                    /lib/x86_64-linux-gnu/ld-2.19.so
7f64fa04e000-7f64fa04f000 rw-p 00000000 00:00 0 
7f64fa04f000-7f64fa050000 rw-s 00000000 00:04 49226                      /drm mm object (deleted)
7f64fa050000-7f64fa051000 rw-s 00000000 00:04 49224                      /drm mm object (deleted)
7f64fa051000-7f64fa052000 rwxp 00000000 00:00 0 
7f64fa052000-7f64fa071000 rw-p 00000000 00:00 0 
7f64fa071000-7f64fa127000 rw-p 00000000 00:00 0 
7f64fa127000-7f64fa12a000 ---p 00000000 00:00 0 
7f64fa12a000-7f64fa22c000 rw-p 00000000 00:00 0                          [stack:4987]
7f64fa22c000-7f64fa22d000 rw-s 00000000 00:04 49216                      /drm mm object (deleted)
7f64fa22d000-7f64fa22e000 rwxp 00000000 00:00 0 
7f64fa22e000-7f64fa230000 r--s 00004000 08:09 1968631                    /home/raul/.netbeans/8.0.2/gluegen-runtime/gluegen-rt.jar
7f64fa230000-7f64fa23f000 r--s 0012e000 08:09 2102216                    /home/raul/lwjgl/jar/lwjgl.jar
7f64fa23f000-7f64fa247000 rw-s 00000000 08:09 4080368                    /tmp/hsperfdata_raul/4983
7f64fa247000-7f64fa248000 rw-p 00000000 00:00 0 
7f64fa248000-7f64fa249000 r--p 00000000 00:00 0 
7f64fa249000-7f64fa24b000 rw-p 00000000 00:00 0 
7f64fa24b000-7f64fa24c000 r--p 00022000 08:09 2621459                    /lib/x86_64-linux-gnu/ld-2.19.so
7f64fa24c000-7f64fa24d000 rw-p 00023000 08:09 2621459                    /lib/x86_64-linux-gnu/ld-2.19.so
7f64fa24d000-7f64fa24e000 rw-p 00000000 00:00 0 
7fff3640e000-7fff3642f000 rw-p 00000000 00:00 0                          [stack]
7fff36519000-7fff3651b000 r-xp 00000000 00:00 0                          [vdso]
ffffffffff600000-ffffffffff601000 r-xp 00000000 00:00 0                  [vsyscall]

VM Arguments:
jvm_args: -Dfile.encoding=UTF-8 -Djava.library.path=/home/raul/lwjgl/native/linux/x64 
java_command: simulador.Main
Launcher Type: SUN_STANDARD

Environment Variables:
PATH=/usr/local/sbin:/usr/local/bin:/usr/sbin:/usr/bin:/sbin:/bin:/usr/games:/usr/local/games
LD_LIBRARY_PATH=/home/raul/jdk1.7.0_75/jre/lib/amd64:/home/raul/jdk1.7.0_75/jre/lib/i386:
SHELL=/bin/bash
DISPLAY=:0.0

Signal Handlers:
SIGSEGV: [libjvm.so+0x9a21f0], sa_mask[0]=0x7ffbfeff, sa_flags=0x10000004
SIGBUS: [libjvm.so+0x9a21f0], sa_mask[0]=0x7ffbfeff, sa_flags=0x10000004
SIGFPE: [libjvm.so+0x81ba40], sa_mask[0]=0x7ffbfeff, sa_flags=0x10000004
SIGPIPE: [libjvm.so+0x81ba40], sa_mask[0]=0x7ffbfeff, sa_flags=0x10000004
SIGXFSZ: [libjvm.so+0x81ba40], sa_mask[0]=0x7ffbfeff, sa_flags=0x10000004
SIGILL: [libjvm.so+0x81ba40], sa_mask[0]=0x7ffbfeff, sa_flags=0x10000004
SIGUSR1: SIG_DFL, sa_mask[0]=0x00000000, sa_flags=0x00000000
SIGUSR2: [libjvm.so+0x81d240], sa_mask[0]=0x00000004, sa_flags=0x10000004
SIGHUP: [libjvm.so+0x81e360], sa_mask[0]=0x7ffbfeff, sa_flags=0x10000004
SIGINT: SIG_IGN, sa_mask[0]=0x00000000, sa_flags=0x00000000
SIGTERM: [libjvm.so+0x81e360], sa_mask[0]=0x7ffbfeff, sa_flags=0x10000004
SIGQUIT: [libjvm.so+0x81e360], sa_mask[0]=0x7ffbfeff, sa_flags=0x10000004


---------------  S Y S T E M  ---------------

OS:jessie/sid

uname:Linux 3.13.0-45-generic #74-Ubuntu SMP Tue Jan 13 19:36:28 UTC 2015 x86_64
libc:glibc 2.19 NPTL 2.19 
rlimit: STACK 8192k, CORE 0k, NPROC 29139, NOFILE 4096, AS infinity
load average:0,50 0,30 0,28

/proc/meminfo:
MemTotal:        3931356 kB
MemFree:         1395772 kB
Buffers:          100500 kB
Cached:          1154596 kB
SwapCached:            0 kB
Active:          1418372 kB
Inactive:         958024 kB
Active(anon):    1123312 kB
Inactive(anon):   238460 kB
Active(file):     295060 kB
Inactive(file):   719564 kB
Unevictable:          64 kB
Mlocked:              64 kB
SwapTotal:       4077564 kB
SwapFree:        4077564 kB
Dirty:               424 kB
Writeback:             0 kB
AnonPages:       1121644 kB
Mapped:           183692 kB
Shmem:            240252 kB
Slab:              79440 kB
SReclaimable:      50188 kB
SUnreclaim:        29252 kB
KernelStack:        3344 kB
PageTables:        25508 kB
NFS_Unstable:          0 kB
Bounce:                0 kB
WritebackTmp:          0 kB
CommitLimit:     6043240 kB
Committed_AS:    3877392 kB
VmallocTotal:   34359738367 kB
VmallocUsed:      350760 kB
VmallocChunk:   34359379256 kB
HardwareCorrupted:     0 kB
AnonHugePages:    690176 kB
HugePages_Total:       0
HugePages_Free:        0
HugePages_Rsvd:        0
HugePages_Surp:        0
Hugepagesize:       2048 kB
DirectMap4k:       65600 kB
DirectMap2M:     4012032 kB


CPU:total 4 (2 cores per cpu, 2 threads per core) family 6 model 58 stepping 9, cmov, cx8, fxsr, mmx, sse, sse2, sse3, ssse3, sse4.1, sse4.2, popcnt, avx, aes, erms, ht, tsc, tscinvbit, tscinv

/proc/cpuinfo:
processor	: 0
vendor_id	: GenuineIntel
cpu family	: 6
model		: 58
model name	: Intel(R) Core(TM) i5-3230M CPU @ 2.60GHz
stepping	: 9
microcode	: 0x12
cpu MHz		: 1200.000
cache size	: 3072 KB
physical id	: 0
siblings	: 4
core id		: 0
cpu cores	: 2
apicid		: 0
initial apicid	: 0
fpu		: yes
fpu_exception	: yes
cpuid level	: 13
wp		: yes
flags		: fpu vme de pse tsc msr pae mce cx8 apic sep mtrr pge mca cmov pat pse36 clflush dts acpi mmx fxsr sse sse2 ss ht tm pbe syscall nx rdtscp lm constant_tsc arch_perfmon pebs bts rep_good nopl xtopology nonstop_tsc aperfmperf eagerfpu pni pclmulqdq dtes64 monitor ds_cpl vmx est tm2 ssse3 cx16 xtpr pdcm pcid sse4_1 sse4_2 x2apic popcnt tsc_deadline_timer aes xsave avx f16c rdrand lahf_lm ida arat epb xsaveopt pln pts dtherm tpr_shadow vnmi flexpriority ept vpid fsgsbase smep erms
bogomips	: 5187.92
clflush size	: 64
cache_alignment	: 64
address sizes	: 36 bits physical, 48 bits virtual
power management:

processor	: 1
vendor_id	: GenuineIntel
cpu family	: 6
model		: 58
model name	: Intel(R) Core(TM) i5-3230M CPU @ 2.60GHz
stepping	: 9
microcode	: 0x12
cpu MHz		: 2601.000
cache size	: 3072 KB
physical id	: 0
siblings	: 4
core id		: 1
cpu cores	: 2
apicid		: 2
initial apicid	: 2
fpu		: yes
fpu_exception	: yes
cpuid level	: 13
wp		: yes
flags		: fpu vme de pse tsc msr pae mce cx8 apic sep mtrr pge mca cmov pat pse36 clflush dts acpi mmx fxsr sse sse2 ss ht tm pbe syscall nx rdtscp lm constant_tsc arch_perfmon pebs bts rep_good nopl xtopology nonstop_tsc aperfmperf eagerfpu pni pclmulqdq dtes64 monitor ds_cpl vmx est tm2 ssse3 cx16 xtpr pdcm pcid sse4_1 sse4_2 x2apic popcnt tsc_deadline_timer aes xsave avx f16c rdrand lahf_lm ida arat epb xsaveopt pln pts dtherm tpr_shadow vnmi flexpriority ept vpid fsgsbase smep erms
bogomips	: 5187.92
clflush size	: 64
cache_alignment	: 64
address sizes	: 36 bits physical, 48 bits virtual
power management:

processor	: 2
vendor_id	: GenuineIntel
cpu family	: 6
model		: 58
model name	: Intel(R) Core(TM) i5-3230M CPU @ 2.60GHz
stepping	: 9
microcode	: 0x12
cpu MHz		: 1200.000
cache size	: 3072 KB
physical id	: 0
siblings	: 4
core id		: 0
cpu cores	: 2
apicid		: 1
initial apicid	: 1
fpu		: yes
fpu_exception	: yes
cpuid level	: 13
wp		: yes
flags		: fpu vme de pse tsc msr pae mce cx8 apic sep mtrr pge mca cmov pat pse36 clflush dts acpi mmx fxsr sse sse2 ss ht tm pbe syscall nx rdtscp lm constant_tsc arch_perfmon pebs bts rep_good nopl xtopology nonstop_tsc aperfmperf eagerfpu pni pclmulqdq dtes64 monitor ds_cpl vmx est tm2 ssse3 cx16 xtpr pdcm pcid sse4_1 sse4_2 x2apic popcnt tsc_deadline_timer aes xsave avx f16c rdrand lahf_lm ida arat epb xsaveopt pln pts dtherm tpr_shadow vnmi flexpriority ept vpid fsgsbase smep erms
bogomips	: 5187.92
clflush size	: 64
cache_alignment	: 64
address sizes	: 36 bits physical, 48 bits virtual
power management:

processor	: 3
vendor_id	: GenuineIntel
cpu family	: 6
model		: 58
model name	: Intel(R) Core(TM) i5-3230M CPU @ 2.60GHz
stepping	: 9
microcode	: 0x12
cpu MHz		: 2601.000
cache size	: 3072 KB
physical id	: 0
siblings	: 4
core id		: 1
cpu cores	: 2
apicid		: 3
initial apicid	: 3
fpu		: yes
fpu_exception	: yes
cpuid level	: 13
wp		: yes
flags		: fpu vme de pse tsc msr pae mce cx8 apic sep mtrr pge mca cmov pat pse36 clflush dts acpi mmx fxsr sse sse2 ss ht tm pbe syscall nx rdtscp lm constant_tsc arch_perfmon pebs bts rep_good nopl xtopology nonstop_tsc aperfmperf eagerfpu pni pclmulqdq dtes64 monitor ds_cpl vmx est tm2 ssse3 cx16 xtpr pdcm pcid sse4_1 sse4_2 x2apic popcnt tsc_deadline_timer aes xsave avx f16c rdrand lahf_lm ida arat epb xsaveopt pln pts dtherm tpr_shadow vnmi flexpriority ept vpid fsgsbase smep erms
bogomips	: 5187.92
clflush size	: 64
cache_alignment	: 64
address sizes	: 36 bits physical, 48 bits virtual
power management:



Memory: 4k page, physical 3931356k(1395524k free), swap 4077564k(4077564k free)

vm_info: Java HotSpot(TM) 64-Bit Server VM (24.75-b04) for linux-amd64 JRE (1.7.0_75-b13), built on Dec 18 2014 16:45:18 by "java_re" with gcc 4.3.0 20080428 (Red Hat 4.3.0-8)

time: Fri Mar 13 10:33:19 2015
elapsed time: 0 seconds

