#
# A fatal error has been detected by the Java Runtime Environment:
#
#  SIGSEGV (0xb) at pc=0x00007f6b996a4b80, pid=5984, tid=140100124055296
#
# JRE version: Java(TM) SE Runtime Environment (7.0_75-b13) (build 1.7.0_75-b13)
# Java VM: Java HotSpot(TM) 64-Bit Server VM (24.75-b04 mixed mode linux-amd64 compressed oops)
# Problematic frame:
# C  [libc.so.6+0x98b80]  envz_strip+0x610
#
# Failed to write core dump. Core dumps have been disabled. To enable core dumping, try "ulimit -c unlimited" before starting Java again
#
# If you would like to submit a bug report, please visit:
#   http://bugreport.sun.com/bugreport/crash.jsp
# The crash happened outside the Java Virtual Machine in native code.
# See problematic frame for where to report the bug.
#

---------------  T H R E A D  ---------------

Current thread (0x00007f6b9400a000):  JavaThread "main" [_thread_in_native, id=5988, stack(0x00007f6b9a109000,0x00007f6b9a20a000)]

siginfo:si_signo=SIGSEGV: si_errno=0, si_code=1 (SEGV_MAPERR), si_addr=0x0000000000000000

Registers:
RAX=0xffff80947bf1e35c, RBX=0x00007f6b84076038, RCX=0x0000000000000060, RDX=0x0000000000000030
RSP=0x00007f6b9a2082d8, RBP=0x0000000000000000, RSI=0x0000000000000000, RDI=0x00007f6b840e1c74
R8 =0x0000000000000007, R9 =0x00007f6b94000078, R10=0x0000000000000000, R11=0x0000000000000246
R12=0x0000000000000030, R13=0x0000000000000030, R14=0x0000000000000000, R15=0x00007f6b840e3170
RIP=0x00007f6b996a4b80, EFLAGS=0x0000000000010202, CSGSFS=0x0000000000000033, ERR=0x0000000000000004
  TRAPNO=0x000000000000000e

Top of Stack: (sp=0x00007f6b9a2082d8)
0x00007f6b9a2082d8:   00007f6b7f4f10dd 0000000000000000
0x00007f6b9a2082e8:   0000000000000000 0000000000000000
0x00007f6b9a2082f8:   00007f6b840e3178 0000000000000010
0x00007f6b9a208308:   0000000000000010 00007f6b840e3170
0x00007f6b9a208318:   0000000000000002 0000000000000000
0x00007f6b9a208328:   00007f6b7f5151ee 0000000000000001
0x00007f6b9a208338:   00007f6b84076038 00007f6b94901b70
0x00007f6b9a208348:   00007f6b00000030 000000000000000d
0x00007f6b9a208358:   00007f6b840e3178 00007f6b840e2ff0
0x00007f6b9a208368:   00007f6b84076038 00007f6b9a2083c0
0x00007f6b9a208378:   0000000000000000 0000000000000001
0x00007f6b9a208388:   00007f6b7f515ae4 0000000000800016
0x00007f6b9a208398:   00007f6b00000002 0000000200000000
0x00007f6b9a2083a8:   0000000000000001 00007f6b840e3148
0x00007f6b9a2083b8:   0000000200000001 00007f6b840e2ff0
0x00007f6b9a2083c8:   00007f6b94941148 00007f6b7f9532e8
0x00007f6b9a2083d8:   0000000000000001 00007f6b94926178
0x00007f6b9a2083e8:   00007f6b84076038 00007f6b9476f280
0x00007f6b9a2083f8:   0000000000000000 0000000000000000
0x00007f6b9a208408:   0000000000000001 00000000304c0aff
0x00007f6b9a208418:   00007f6b7f02203d 00007f6b00000000
0x00007f6b9a208428:   00007f6b84076038 00007f6b9431fea0
0x00007f6b9a208438:   00007f6b7f4e14df 00007f6b84076038
0x00007f6b9a208448:   00007f6b9476e870 00007f6b9476efd0
0x00007f6b9a208458:   00007f6b7f5a270c 00007f6b9476eb20
0x00007f6b9a208468:   0000000000000001 00007f6b00000000
0x00007f6b9a208478:   0000000000000000 00007f6b9476e870
0x00007f6b9a208488:   00007f6b84076038 0000000000000001
0x00007f6b9a208498:   00007f6b9476efd0 0000000000000001
0x00007f6b9a2084a8:   00007f6b9476e870 0000000000000000
0x00007f6b9a2084b8:   00007f6b7f556974 0000000000000001
0x00007f6b9a2084c8:   00007f6b00000001 00000000000002bc 

Instructions: (pc=0x00007f6b996a4b80)
0x00007f6b996a4b60:   48 89 f0 48 8d 0c 12 48 29 f8 48 29 d0 48 39 c8
0x00007f6b996a4b70:   0f 82 07 01 00 00 48 83 fa 10 0f 86 8b 01 00 00
0x00007f6b996a4b80:   f3 44 0f 6f 06 48 83 fa 20 f3 44 0f 7f 07 f3 44
0x00007f6b996a4b90:   0f 6f 44 16 f0 f3 44 0f 7f 44 17 f0 77 12 48 89 

Register to memory mapping:

RAX=0xffff80947bf1e35c is an unknown value
RBX=0x00007f6b84076038 is an unknown value
RCX=0x0000000000000060 is an unknown value
RDX=0x0000000000000030 is an unknown value
RSP=0x00007f6b9a2082d8 is pointing into the stack for thread: 0x00007f6b9400a000
RBP=0x0000000000000000 is an unknown value
RSI=0x0000000000000000 is an unknown value
RDI=0x00007f6b840e1c74 is an unknown value
R8 =0x0000000000000007 is an unknown value
R9 =0x00007f6b94000078 is an unknown value
R10=0x0000000000000000 is an unknown value
R11=0x0000000000000246 is an unknown value
R12=0x0000000000000030 is an unknown value
R13=0x0000000000000030 is an unknown value
R14=0x0000000000000000 is an unknown value
R15=0x00007f6b840e3170 is an unknown value


Stack: [0x00007f6b9a109000,0x00007f6b9a20a000],  sp=0x00007f6b9a2082d8,  free space=1020k
Native frames: (J=compiled Java code, j=interpreted, Vv=VM code, C=native code)
C  [libc.so.6+0x98b80]  envz_strip+0x610

[error occurred during error reporting (printing native stack), id 0xb]

Java frames: (J=compiled Java code, j=interpreted, Vv=VM code)
j  org.lwjgl.opengl.GL11.nglDrawArrays(IIIJ)V+0
j  org.lwjgl.opengl.GL11.glDrawArrays(III)V+22
j  simulador.Avion.draw()V+125
j  simulador.Simulador.draw()V+35
j  simulador.Simulador.come_alive()V+51
j  simulador.Simulador.run()V+1
j  simulador.Main.main([Ljava/lang/String;)V+13
v  ~StubRoutines::call_stub

---------------  P R O C E S S  ---------------

Java Threads: ( => current thread )
  0x00007f6b94098800 JavaThread "Service Thread" daemon [_thread_blocked, id=5999, stack(0x00007f6b8c022000,0x00007f6b8c123000)]
  0x00007f6b94096000 JavaThread "C2 CompilerThread1" daemon [_thread_blocked, id=5998, stack(0x00007f6b8c123000,0x00007f6b8c224000)]
  0x00007f6b94093800 JavaThread "C2 CompilerThread0" daemon [_thread_blocked, id=5997, stack(0x00007f6b8c224000,0x00007f6b8c325000)]
  0x00007f6b94091000 JavaThread "Signal Dispatcher" daemon [_thread_blocked, id=5996, stack(0x00007f6b8c325000,0x00007f6b8c426000)]
  0x00007f6b94070000 JavaThread "Finalizer" daemon [_thread_blocked, id=5995, stack(0x00007f6b8c426000,0x00007f6b8c527000)]
  0x00007f6b9406e000 JavaThread "Reference Handler" daemon [_thread_blocked, id=5994, stack(0x00007f6b8c527000,0x00007f6b8c628000)]
=>0x00007f6b9400a000 JavaThread "main" [_thread_in_native, id=5988, stack(0x00007f6b9a109000,0x00007f6b9a20a000)]

Other Threads:
  0x00007f6b94069800 VMThread [stack: 0x00007f6b8c628000,0x00007f6b8c729000] [id=5993]
  0x00007f6b940a3800 WatcherThread [stack: 0x00007f6b8781d000,0x00007f6b8791e000] [id=6000]

VM state:not at safepoint (normal execution)

VM Mutex/Monitor currently owned by a thread: None

Heap
 PSYoungGen      total 17920K, used 8978K [0x00000000ec000000, 0x00000000ed400000, 0x0000000100000000)
  eden space 15360K, 58% used [0x00000000ec000000,0x00000000ec8c4960,0x00000000ecf00000)
  from space 2560K, 0% used [0x00000000ed180000,0x00000000ed180000,0x00000000ed400000)
  to   space 2560K, 0% used [0x00000000ecf00000,0x00000000ecf00000,0x00000000ed180000)
 ParOldGen       total 40960K, used 0K [0x00000000c4000000, 0x00000000c6800000, 0x00000000ec000000)
  object space 40960K, 0% used [0x00000000c4000000,0x00000000c4000000,0x00000000c6800000)
 PSPermGen       total 21504K, used 7098K [0x00000000bee00000, 0x00000000c0300000, 0x00000000c4000000)
  object space 21504K, 33% used [0x00000000bee00000,0x00000000bf4ee808,0x00000000c0300000)

Card table byte_map: [0x00007f6b90174000,0x00007f6b9037e000] byte_map_base: 0x00007f6b8fb7d000

Polling page: 0x00007f6b9a22a000

Code Cache  [0x00007f6b9037e000, 0x00007f6b905ee000, 0x00007f6b9337e000)
 total_blobs=488 nmethods=19 adapters=423 free_code_cache=48595Kb largest_free_block=49750400

Compilation events (10 events):
Event: 0,223 Thread 0x00007f6b94096000 nmethod 14 0x00007f6b903f3f90 code [0x00007f6b903f40c0, 0x00007f6b903f4138]
Event: 0,223 Thread 0x00007f6b94093800 nmethod 12 0x00007f6b903f3d10 code [0x00007f6b903f3e40, 0x00007f6b903f3ed8]
Event: 0,245 Thread 0x00007f6b94096000   15             org.lwjgl.system.MemoryUtil::memEncodeASCII (62 bytes)
Event: 0,249 Thread 0x00007f6b94093800   16             java.lang.Object::<init> (1 bytes)
Event: 0,250 Thread 0x00007f6b94093800 nmethod 16 0x00007f6b904025d0 code [0x00007f6b90402700, 0x00007f6b90402778]
Event: 0,257 Thread 0x00007f6b94096000 nmethod 15 0x00007f6b90404390 code [0x00007f6b90404500, 0x00007f6b90404958]
Event: 0,277 Thread 0x00007f6b94093800   17             java.lang.String::equals (81 bytes)
Event: 0,282 Thread 0x00007f6b94093800 nmethod 17 0x00007f6b90402950 code [0x00007f6b90402aa0, 0x00007f6b90402cf8]
Event: 0,311 Thread 0x00007f6b94096000   18             sun.net.www.ParseUtil::encodePath (336 bytes)
Event: 0,329 Thread 0x00007f6b94096000 nmethod 18 0x00007f6b9040a210 code [0x00007f6b9040a460, 0x00007f6b9040b4b8]

GC Heap History (0 events):
No events

Deoptimization events (0 events):
No events

Internal exceptions (10 events):
Event: 0,335 Thread 0x00007f6b9400a000 Threw 0x00000000ec863658 at /HUDSON/workspace/7u-2-build-linux-amd64/jdk7u75/1940/hotspot/src/share/vm/prims/jvm.cpp:1281
Event: 0,336 Thread 0x00007f6b9400a000 Threw 0x00000000ec866288 at /HUDSON/workspace/7u-2-build-linux-amd64/jdk7u75/1940/hotspot/src/share/vm/prims/jvm.cpp:1281
Event: 0,336 Thread 0x00007f6b9400a000 Threw 0x00000000ec8692a8 at /HUDSON/workspace/7u-2-build-linux-amd64/jdk7u75/1940/hotspot/src/share/vm/prims/jvm.cpp:1281
Event: 0,336 Thread 0x00007f6b9400a000 Threw 0x00000000ec86bda8 at /HUDSON/workspace/7u-2-build-linux-amd64/jdk7u75/1940/hotspot/src/share/vm/prims/jvm.cpp:1281
Event: 0,337 Thread 0x00007f6b9400a000 Threw 0x00000000ec870c00 at /HUDSON/workspace/7u-2-build-linux-amd64/jdk7u75/1940/hotspot/src/share/vm/prims/jvm.cpp:1281
Event: 0,337 Thread 0x00007f6b9400a000 Threw 0x00000000ec875750 at /HUDSON/workspace/7u-2-build-linux-amd64/jdk7u75/1940/hotspot/src/share/vm/prims/jvm.cpp:1281
Event: 0,339 Thread 0x00007f6b9400a000 Threw 0x00000000ec8785f0 at /HUDSON/workspace/7u-2-build-linux-amd64/jdk7u75/1940/hotspot/src/share/vm/prims/jvm.cpp:1281
Event: 0,340 Thread 0x00007f6b9400a000 Threw 0x00000000ec87a900 at /HUDSON/workspace/7u-2-build-linux-amd64/jdk7u75/1940/hotspot/src/share/vm/prims/jvm.cpp:1281
Event: 0,341 Thread 0x00007f6b9400a000 Threw 0x00000000ec87d5b8 at /HUDSON/workspace/7u-2-build-linux-amd64/jdk7u75/1940/hotspot/src/share/vm/prims/jvm.cpp:1281
Event: 0,343 Thread 0x00007f6b9400a000 Threw 0x00000000ec8806b8 at /HUDSON/workspace/7u-2-build-linux-amd64/jdk7u75/1940/hotspot/src/share/vm/prims/jvm.cpp:1281

Events (10 events):
Event: 0,342 loading class 0x00007f6b8d95edf0
Event: 0,342 loading class 0x00007f6b8d95edf0 done
Event: 0,342 loading class 0x00007f6b58063580
Event: 0,342 loading class 0x00007f6b58063580 done
Event: 0,342 loading class 0x00007f6b8d93d760
Event: 0,342 loading class 0x00007f6b8d93d760 done
Event: 0,343 loading class 0x00007f6b8d961000
Event: 0,343 loading class 0x00007f6b8d961000 done
Event: 0,343 loading class 0x00007f6b94374920
Event: 0,343 loading class 0x00007f6b94374920 done


Dynamic libraries:
00400000-00401000 r-xp 00000000 08:09 1838081                            /home/raul/jdk1.7.0_75/bin/java
00600000-00601000 rw-p 00000000 08:09 1838081                            /home/raul/jdk1.7.0_75/bin/java
01b29000-01b4a000 rw-p 00000000 00:00 0                                  [heap]
bee00000-c0300000 rw-p 00000000 00:00 0 
c0300000-c4000000 rw-p 00000000 00:00 0 
c4000000-c6800000 rw-p 00000000 00:00 0 
c6800000-ec000000 rw-p 00000000 00:00 0 
ec000000-ed400000 rw-p 00000000 00:00 0 
ed400000-100000000 rw-p 00000000 00:00 0 
7f6b50000000-7f6b50021000 rw-p 00000000 00:00 0 
7f6b50021000-7f6b54000000 ---p 00000000 00:00 0 
7f6b58000000-7f6b58140000 rw-p 00000000 00:00 0 
7f6b58140000-7f6b5c000000 ---p 00000000 00:00 0 
7f6b5c000000-7f6b5c021000 rw-p 00000000 00:00 0 
7f6b5c021000-7f6b60000000 ---p 00000000 00:00 0 
7f6b60000000-7f6b60021000 rw-p 00000000 00:00 0 
7f6b60021000-7f6b64000000 ---p 00000000 00:00 0 
7f6b64000000-7f6b64085000 rw-p 00000000 00:00 0 
7f6b64085000-7f6b68000000 ---p 00000000 00:00 0 
7f6b68000000-7f6b68021000 rw-p 00000000 00:00 0 
7f6b68021000-7f6b6c000000 ---p 00000000 00:00 0 
7f6b6c000000-7f6b6c021000 rw-p 00000000 00:00 0 
7f6b6c021000-7f6b70000000 ---p 00000000 00:00 0 
7f6b70000000-7f6b70021000 rw-p 00000000 00:00 0 
7f6b70021000-7f6b74000000 ---p 00000000 00:00 0 
7f6b74000000-7f6b74021000 rw-p 00000000 00:00 0 
7f6b74021000-7f6b78000000 ---p 00000000 00:00 0 
7f6b78000000-7f6b78021000 rw-p 00000000 00:00 0 
7f6b78021000-7f6b7c000000 ---p 00000000 00:00 0 
7f6b7cccc000-7f6b7de6a000 rw-p 00000000 00:00 0 
7f6b7de6a000-7f6b7dea1000 r-xp 00000000 08:09 3679606                    /usr/lib/x86_64-linux-gnu/libtxc_dxtn_s2tc.so.0.0.0
7f6b7dea1000-7f6b7e0a0000 ---p 00037000 08:09 3679606                    /usr/lib/x86_64-linux-gnu/libtxc_dxtn_s2tc.so.0.0.0
7f6b7e0a0000-7f6b7e0a1000 r--p 00036000 08:09 3679606                    /usr/lib/x86_64-linux-gnu/libtxc_dxtn_s2tc.so.0.0.0
7f6b7e0a1000-7f6b7e0a2000 rw-p 00037000 08:09 3679606                    /usr/lib/x86_64-linux-gnu/libtxc_dxtn_s2tc.so.0.0.0
7f6b7e0a2000-7f6b7e0ba000 r-xp 00000000 08:09 2625662                    /lib/x86_64-linux-gnu/libz.so.1.2.8
7f6b7e0ba000-7f6b7e2b9000 ---p 00018000 08:09 2625662                    /lib/x86_64-linux-gnu/libz.so.1.2.8
7f6b7e2b9000-7f6b7e2ba000 r--p 00017000 08:09 2625662                    /lib/x86_64-linux-gnu/libz.so.1.2.8
7f6b7e2ba000-7f6b7e2bb000 rw-p 00018000 08:09 2625662                    /lib/x86_64-linux-gnu/libz.so.1.2.8
7f6b7e2bb000-7f6b7e2c3000 r-xp 00000000 08:09 3679409                    /usr/lib/x86_64-linux-gnu/libpciaccess.so.0.11.1
7f6b7e2c3000-7f6b7e4c2000 ---p 00008000 08:09 3679409                    /usr/lib/x86_64-linux-gnu/libpciaccess.so.0.11.1
7f6b7e4c2000-7f6b7e4c3000 r--p 00007000 08:09 3679409                    /usr/lib/x86_64-linux-gnu/libpciaccess.so.0.11.1
7f6b7e4c3000-7f6b7e4c4000 rw-p 00008000 08:09 3679409                    /usr/lib/x86_64-linux-gnu/libpciaccess.so.0.11.1
7f6b7e4c4000-7f6b7e4da000 r-xp 00000000 08:09 2625476                    /lib/x86_64-linux-gnu/libgcc_s.so.1
7f6b7e4da000-7f6b7e6d9000 ---p 00016000 08:09 2625476                    /lib/x86_64-linux-gnu/libgcc_s.so.1
7f6b7e6d9000-7f6b7e6da000 rw-p 00015000 08:09 2625476                    /lib/x86_64-linux-gnu/libgcc_s.so.1
7f6b7e6da000-7f6b7e7c0000 r-xp 00000000 08:09 3679564                    /usr/lib/x86_64-linux-gnu/libstdc++.so.6.0.19
7f6b7e7c0000-7f6b7e9bf000 ---p 000e6000 08:09 3679564                    /usr/lib/x86_64-linux-gnu/libstdc++.so.6.0.19
7f6b7e9bf000-7f6b7e9c7000 r--p 000e5000 08:09 3679564                    /usr/lib/x86_64-linux-gnu/libstdc++.so.6.0.19
7f6b7e9c7000-7f6b7e9c9000 rw-p 000ed000 08:09 3679564                    /usr/lib/x86_64-linux-gnu/libstdc++.so.6.0.19
7f6b7e9c9000-7f6b7e9de000 rw-p 00000000 00:00 0 
7f6b7e9de000-7f6b7ea05000 r-xp 00000000 08:09 2625521                    /lib/x86_64-linux-gnu/libexpat.so.1.6.0
7f6b7ea05000-7f6b7ec05000 ---p 00027000 08:09 2625521                    /lib/x86_64-linux-gnu/libexpat.so.1.6.0
7f6b7ec05000-7f6b7ec07000 r--p 00027000 08:09 2625521                    /lib/x86_64-linux-gnu/libexpat.so.1.6.0
7f6b7ec07000-7f6b7ec08000 rw-p 00029000 08:09 2625521                    /lib/x86_64-linux-gnu/libexpat.so.1.6.0
7f6b7ec08000-7f6b7ec14000 r-xp 00000000 08:09 3673068                    /usr/lib/x86_64-linux-gnu/libdrm_radeon.so.1.0.1
7f6b7ec14000-7f6b7ee13000 ---p 0000c000 08:09 3673068                    /usr/lib/x86_64-linux-gnu/libdrm_radeon.so.1.0.1
7f6b7ee13000-7f6b7ee14000 r--p 0000b000 08:09 3673068                    /usr/lib/x86_64-linux-gnu/libdrm_radeon.so.1.0.1
7f6b7ee14000-7f6b7ee15000 rw-p 0000c000 08:09 3673068                    /usr/lib/x86_64-linux-gnu/libdrm_radeon.so.1.0.1
7f6b7ee15000-7f6b7ee1b000 r-xp 00000000 08:09 3672797                    /usr/lib/x86_64-linux-gnu/libdrm_nouveau.so.2.0.0
7f6b7ee1b000-7f6b7f01a000 ---p 00006000 08:09 3672797                    /usr/lib/x86_64-linux-gnu/libdrm_nouveau.so.2.0.0
7f6b7f01a000-7f6b7f01b000 r--p 00005000 08:09 3672797                    /usr/lib/x86_64-linux-gnu/libdrm_nouveau.so.2.0.0
7f6b7f01b000-7f6b7f01c000 rw-p 00006000 08:09 3672797                    /usr/lib/x86_64-linux-gnu/libdrm_nouveau.so.2.0.0
7f6b7f01c000-7f6b7f03b000 r-xp 00000000 08:09 3672795                    /usr/lib/x86_64-linux-gnu/libdrm_intel.so.1.0.0
7f6b7f03b000-7f6b7f23a000 ---p 0001f000 08:09 3672795                    /usr/lib/x86_64-linux-gnu/libdrm_intel.so.1.0.0
7f6b7f23a000-7f6b7f23b000 r--p 0001e000 08:09 3672795                    /usr/lib/x86_64-linux-gnu/libdrm_intel.so.1.0.0
7f6b7f23b000-7f6b7f23c000 rw-p 0001f000 08:09 3672795                    /usr/lib/x86_64-linux-gnu/libdrm_intel.so.1.0.0
7f6b7f23c000-7f6b7f72b000 r-xp 00000000 08:09 3934416                    /usr/lib/x86_64-linux-gnu/dri/i965_dri.so
7f6b7f72b000-7f6b7f92a000 ---p 004ef000 08:09 3934416                    /usr/lib/x86_64-linux-gnu/dri/i965_dri.so
7f6b7f92a000-7f6b7f941000 r--p 004ee000 08:09 3934416                    /usr/lib/x86_64-linux-gnu/dri/i965_dri.so
7f6b7f941000-7f6b7f94d000 rw-p 00505000 08:09 3934416                    /usr/lib/x86_64-linux-gnu/dri/i965_dri.so
7f6b7f94d000-7f6b7f999000 rw-p 00000000 00:00 0 
7f6b7f999000-7f6b7f9dd000 r-xp 00000000 08:09 2625517                    /lib/x86_64-linux-gnu/libdbus-1.so.3.7.6
7f6b7f9dd000-7f6b7fbdc000 ---p 00044000 08:09 2625517                    /lib/x86_64-linux-gnu/libdbus-1.so.3.7.6
7f6b7fbdc000-7f6b7fbdd000 r--p 00043000 08:09 2625517                    /lib/x86_64-linux-gnu/libdbus-1.so.3.7.6
7f6b7fbdd000-7f6b7fbde000 rw-p 00044000 08:09 2625517                    /lib/x86_64-linux-gnu/libdbus-1.so.3.7.6
7f6b7fbde000-7f6b7fbe6000 r-xp 00000000 08:09 2625561                    /lib/x86_64-linux-gnu/libnih-dbus.so.1.0.0
7f6b7fbe6000-7f6b7fde6000 ---p 00008000 08:09 2625561                    /lib/x86_64-linux-gnu/libnih-dbus.so.1.0.0
7f6b7fde6000-7f6b7fde7000 r--p 00008000 08:09 2625561                    /lib/x86_64-linux-gnu/libnih-dbus.so.1.0.0
7f6b7fde7000-7f6b7fde8000 rw-p 00009000 08:09 2625561                    /lib/x86_64-linux-gnu/libnih-dbus.so.1.0.0
7f6b7fde8000-7f6b7fdff000 r-xp 00000000 08:09 2625563                    /lib/x86_64-linux-gnu/libnih.so.1.0.0
7f6b7fdff000-7f6b7fffe000 ---p 00017000 08:09 2625563                    /lib/x86_64-linux-gnu/libnih.so.1.0.0
7f6b7fffe000-7f6b7ffff000 r--p 00016000 08:09 2625563                    /lib/x86_64-linux-gnu/libnih.so.1.0.0
7f6b7ffff000-7f6b80000000 rw-p 00017000 08:09 2625563                    /lib/x86_64-linux-gnu/libnih.so.1.0.0
7f6b80000000-7f6b80021000 rw-p 00000000 00:00 0 
7f6b80021000-7f6b84000000 ---p 00000000 00:00 0 
7f6b84076000-7f6b840e5000 rw-p 00000000 00:00 0 
7f6b840e5000-7f6b8410b000 r--p 00000000 08:09 4329090                    /usr/share/locale-langpack/es/LC_MESSAGES/libc.mo
7f6b8410b000-7f6b84124000 r-xp 00000000 08:09 2625512                    /lib/x86_64-linux-gnu/libcgmanager.so.0.0.0
7f6b84124000-7f6b84323000 ---p 00019000 08:09 2625512                    /lib/x86_64-linux-gnu/libcgmanager.so.0.0.0
7f6b84323000-7f6b84325000 r--p 00018000 08:09 2625512                    /lib/x86_64-linux-gnu/libcgmanager.so.0.0.0
7f6b84325000-7f6b84326000 rw-p 0001a000 08:09 2625512                    /lib/x86_64-linux-gnu/libcgmanager.so.0.0.0
7f6b84326000-7f6b84336000 r-xp 00000000 08:09 2625436                    /lib/x86_64-linux-gnu/libudev.so.1.3.5
7f6b84336000-7f6b84535000 ---p 00010000 08:09 2625436                    /lib/x86_64-linux-gnu/libudev.so.1.3.5
7f6b84535000-7f6b84536000 r--p 0000f000 08:09 2625436                    /lib/x86_64-linux-gnu/libudev.so.1.3.5
7f6b84536000-7f6b84537000 rw-p 00010000 08:09 2625436                    /lib/x86_64-linux-gnu/libudev.so.1.3.5
7f6b84537000-7f6b8453c000 r-xp 00000000 08:09 3678669                    /usr/lib/x86_64-linux-gnu/libXdmcp.so.6.0.0
7f6b8453c000-7f6b8473b000 ---p 00005000 08:09 3678669                    /usr/lib/x86_64-linux-gnu/libXdmcp.so.6.0.0
7f6b8473b000-7f6b8473c000 r--p 00004000 08:09 3678669                    /usr/lib/x86_64-linux-gnu/libXdmcp.so.6.0.0
7f6b8473c000-7f6b8473d000 rw-p 00005000 08:09 3678669                    /usr/lib/x86_64-linux-gnu/libXdmcp.so.6.0.0
7f6b8473d000-7f6b8473f000 r-xp 00000000 08:09 3678658                    /usr/lib/x86_64-linux-gnu/libXau.so.6.0.0
7f6b8473f000-7f6b8493f000 ---p 00002000 08:09 3678658                    /usr/lib/x86_64-linux-gnu/libXau.so.6.0.0
7f6b8493f000-7f6b84940000 r--p 00002000 08:09 3678658                    /usr/lib/x86_64-linux-gnu/libXau.so.6.0.0
7f6b84940000-7f6b84941000 rw-p 00003000 08:09 3678658                    /usr/lib/x86_64-linux-gnu/libXau.so.6.0.0
7f6b84941000-7f6b8494a000 r-xp 00000000 08:09 3678693                    /usr/lib/x86_64-linux-gnu/libXrender.so.1.3.0
7f6b8494a000-7f6b84b49000 ---p 00009000 08:09 3678693                    /usr/lib/x86_64-linux-gnu/libXrender.so.1.3.0
7f6b84b49000-7f6b84b4a000 r--p 00008000 08:09 3678693                    /usr/lib/x86_64-linux-gnu/libXrender.so.1.3.0
7f6b84b4a000-7f6b84b4b000 rw-p 00009000 08:09 3678693                    /usr/lib/x86_64-linux-gnu/libXrender.so.1.3.0
7f6b84b4b000-7f6b84b56000 r-xp 00000000 08:09 3672667                    /usr/lib/x86_64-linux-gnu/libdrm.so.2.4.0
7f6b84b56000-7f6b84d55000 ---p 0000b000 08:09 3672667                    /usr/lib/x86_64-linux-gnu/libdrm.so.2.4.0
7f6b84d55000-7f6b84d56000 r--p 0000a000 08:09 3672667                    /usr/lib/x86_64-linux-gnu/libdrm.so.2.4.0
7f6b84d56000-7f6b84d57000 rw-p 0000b000 08:09 3672667                    /usr/lib/x86_64-linux-gnu/libdrm.so.2.4.0
7f6b84d57000-7f6b84d58000 r-xp 00000000 08:09 3679738                    /usr/lib/x86_64-linux-gnu/libxshmfence.so.1.0.0
7f6b84d58000-7f6b84f57000 ---p 00001000 08:09 3679738                    /usr/lib/x86_64-linux-gnu/libxshmfence.so.1.0.0
7f6b84f57000-7f6b84f58000 r--p 00000000 08:09 3679738                    /usr/lib/x86_64-linux-gnu/libxshmfence.so.1.0.0
7f6b84f58000-7f6b84f59000 rw-p 00001000 08:09 3679738                    /usr/lib/x86_64-linux-gnu/libxshmfence.so.1.0.0
7f6b84f59000-7f6b84f5e000 r-xp 00000000 08:09 3679720                    /usr/lib/x86_64-linux-gnu/libxcb-sync.so.1.0.0
7f6b84f5e000-7f6b8515d000 ---p 00005000 08:09 3679720                    /usr/lib/x86_64-linux-gnu/libxcb-sync.so.1.0.0
7f6b8515d000-7f6b8515e000 r--p 00004000 08:09 3679720                    /usr/lib/x86_64-linux-gnu/libxcb-sync.so.1.0.0
7f6b8515e000-7f6b8515f000 rw-p 00005000 08:09 3679720                    /usr/lib/x86_64-linux-gnu/libxcb-sync.so.1.0.0
7f6b8515f000-7f6b85161000 r-xp 00000000 08:09 3679708                    /usr/lib/x86_64-linux-gnu/libxcb-present.so.0.0.0
7f6b85161000-7f6b85360000 ---p 00002000 08:09 3679708                    /usr/lib/x86_64-linux-gnu/libxcb-present.so.0.0.0
7f6b85360000-7f6b85361000 r--p 00001000 08:09 3679708                    /usr/lib/x86_64-linux-gnu/libxcb-present.so.0.0.0
7f6b85361000-7f6b85362000 rw-p 00002000 08:09 3679708                    /usr/lib/x86_64-linux-gnu/libxcb-present.so.0.0.0
7f6b85362000-7f6b85364000 r-xp 00000000 08:09 3679698                    /usr/lib/x86_64-linux-gnu/libxcb-dri3.so.0.0.0
7f6b85364000-7f6b85563000 ---p 00002000 08:09 3679698                    /usr/lib/x86_64-linux-gnu/libxcb-dri3.so.0.0.0
7f6b85563000-7f6b85564000 r--p 00001000 08:09 3679698                    /usr/lib/x86_64-linux-gnu/libxcb-dri3.so.0.0.0
7f6b85564000-7f6b85565000 rw-p 00002000 08:09 3679698                    /usr/lib/x86_64-linux-gnu/libxcb-dri3.so.0.0.0
7f6b85565000-7f6b85568000 r-xp 00000000 08:09 3679696                    /usr/lib/x86_64-linux-gnu/libxcb-dri2.so.0.0.0
7f6b85568000-7f6b85768000 ---p 00003000 08:09 3679696                    /usr/lib/x86_64-linux-gnu/libxcb-dri2.so.0.0.0
7f6b85768000-7f6b85769000 r--p 00003000 08:09 3679696                    /usr/lib/x86_64-linux-gnu/libxcb-dri2.so.0.0.0
7f6b85769000-7f6b8576a000 rw-p 00004000 08:09 3679696                    /usr/lib/x86_64-linux-gnu/libxcb-dri2.so.0.0.0
7f6b8576a000-7f6b8577f000 r-xp 00000000 08:09 3679700                    /usr/lib/x86_64-linux-gnu/libxcb-glx.so.0.0.0
7f6b8577f000-7f6b8597e000 ---p 00015000 08:09 3679700                    /usr/lib/x86_64-linux-gnu/libxcb-glx.so.0.0.0
7f6b8597e000-7f6b85980000 r--p 00014000 08:09 3679700                    /usr/lib/x86_64-linux-gnu/libxcb-glx.so.0.0.0
7f6b85980000-7f6b85981000 rw-p 00016000 08:09 3679700                    /usr/lib/x86_64-linux-gnu/libxcb-glx.so.0.0.0
7f6b85981000-7f6b85982000 r-xp 00000000 08:09 3678652                    /usr/lib/x86_64-linux-gnu/libX11-xcb.so.1.0.0
7f6b85982000-7f6b85b81000 ---p 00001000 08:09 3678652                    /usr/lib/x86_64-linux-gnu/libX11-xcb.so.1.0.0
7f6b85b81000-7f6b85b82000 r--p 00000000 08:09 3678652                    /usr/lib/x86_64-linux-gnu/libX11-xcb.so.1.0.0
7f6b85b82000-7f6b85b83000 rw-p 00001000 08:09 3678652                    /usr/lib/x86_64-linux-gnu/libX11-xcb.so.1.0.0
7f6b85b83000-7f6b85b88000 r-xp 00000000 08:09 3678673                    /usr/lib/x86_64-linux-gnu/libXfixes.so.3.1.0
7f6b85b88000-7f6b85d87000 ---p 00005000 08:09 3678673                    /usr/lib/x86_64-linux-gnu/libXfixes.so.3.1.0
7f6b85d87000-7f6b85d88000 r--p 00004000 08:09 3678673                    /usr/lib/x86_64-linux-gnu/libXfixes.so.3.1.0
7f6b85d88000-7f6b85d89000 rw-p 00005000 08:09 3678673                    /usr/lib/x86_64-linux-gnu/libXfixes.so.3.1.0
7f6b85d89000-7f6b85d8b000 r-xp 00000000 08:09 3678667                    /usr/lib/x86_64-linux-gnu/libXdamage.so.1.1.0
7f6b85d8b000-7f6b85f8a000 ---p 00002000 08:09 3678667                    /usr/lib/x86_64-linux-gnu/libXdamage.so.1.1.0
7f6b85f8a000-7f6b85f8b000 r--p 00001000 08:09 3678667                    /usr/lib/x86_64-linux-gnu/libXdamage.so.1.1.0
7f6b85f8b000-7f6b85f8c000 rw-p 00002000 08:09 3678667                    /usr/lib/x86_64-linux-gnu/libXdamage.so.1.1.0
7f6b85f8c000-7f6b85f9d000 r-xp 00000000 08:09 3678671                    /usr/lib/x86_64-linux-gnu/libXext.so.6.4.0
7f6b85f9d000-7f6b8619c000 ---p 00011000 08:09 3678671                    /usr/lib/x86_64-linux-gnu/libXext.so.6.4.0
7f6b8619c000-7f6b8619d000 r--p 00010000 08:09 3678671                    /usr/lib/x86_64-linux-gnu/libXext.so.6.4.0
7f6b8619d000-7f6b8619e000 rw-p 00011000 08:09 3678671                    /usr/lib/x86_64-linux-gnu/libXext.so.6.4.0
7f6b8619e000-7f6b861c0000 r-xp 00000000 08:09 3672157                    /usr/lib/x86_64-linux-gnu/libglapi.so.0.0.0
7f6b861c0000-7f6b863c0000 ---p 00022000 08:09 3672157                    /usr/lib/x86_64-linux-gnu/libglapi.so.0.0.0
7f6b863c0000-7f6b863c3000 r--p 00022000 08:09 3672157                    /usr/lib/x86_64-linux-gnu/libglapi.so.0.0.0
7f6b863c3000-7f6b863c4000 rw-p 00025000 08:09 3672157                    /usr/lib/x86_64-linux-gnu/libglapi.so.0.0.0
7f6b863c4000-7f6b863c5000 rw-p 00000000 00:00 0 
7f6b863c5000-7f6b863e2000 r-xp 00000000 08:09 3679728                    /usr/lib/x86_64-linux-gnu/libxcb.so.1.1.0
7f6b863e2000-7f6b865e2000 ---p 0001d000 08:09 3679728                    /usr/lib/x86_64-linux-gnu/libxcb.so.1.1.0
7f6b865e2000-7f6b865e3000 r--p 0001d000 08:09 3679728                    /usr/lib/x86_64-linux-gnu/libxcb.so.1.1.0
7f6b865e3000-7f6b865e4000 rw-p 0001e000 08:09 3679728                    /usr/lib/x86_64-linux-gnu/libxcb.so.1.1.0
7f6b865e4000-7f6b865ed000 r-xp 00000000 08:09 3678665                    /usr/lib/x86_64-linux-gnu/libXcursor.so.1.0.2
7f6b865ed000-7f6b867ec000 ---p 00009000 08:09 3678665                    /usr/lib/x86_64-linux-gnu/libXcursor.so.1.0.2
7f6b867ec000-7f6b867ed000 r--p 00008000 08:09 3678665                    /usr/lib/x86_64-linux-gnu/libXcursor.so.1.0.2
7f6b867ed000-7f6b867ee000 rw-p 00009000 08:09 3678665                    /usr/lib/x86_64-linux-gnu/libXcursor.so.1.0.2
7f6b867ee000-7f6b867f0000 r-xp 00000000 08:09 3678681                    /usr/lib/x86_64-linux-gnu/libXinerama.so.1.0.0
7f6b867f0000-7f6b869ef000 ---p 00002000 08:09 3678681                    /usr/lib/x86_64-linux-gnu/libXinerama.so.1.0.0
7f6b869ef000-7f6b869f0000 r--p 00001000 08:09 3678681                    /usr/lib/x86_64-linux-gnu/libXinerama.so.1.0.0
7f6b869f0000-7f6b869f1000 rw-p 00002000 08:09 3678681                    /usr/lib/x86_64-linux-gnu/libXinerama.so.1.0.0
7f6b869f1000-7f6b869f5000 r-xp 00000000 08:09 3678709                    /usr/lib/x86_64-linux-gnu/libXxf86vm.so.1.0.0
7f6b869f5000-7f6b86bf5000 ---p 00004000 08:09 3678709                    /usr/lib/x86_64-linux-gnu/libXxf86vm.so.1.0.0
7f6b86bf5000-7f6b86bf6000 r--p 00004000 08:09 3678709                    /usr/lib/x86_64-linux-gnu/libXxf86vm.so.1.0.0
7f6b86bf6000-7f6b86bf7000 rw-p 00005000 08:09 3678709                    /usr/lib/x86_64-linux-gnu/libXxf86vm.so.1.0.0
7f6b86bf7000-7f6b86c00000 r-xp 00000000 08:09 3678691                    /usr/lib/x86_64-linux-gnu/libXrandr.so.2.2.0
7f6b86c00000-7f6b86dff000 ---p 00009000 08:09 3678691                    /usr/lib/x86_64-linux-gnu/libXrandr.so.2.2.0
7f6b86dff000-7f6b86e00000 r--p 00008000 08:09 3678691                    /usr/lib/x86_64-linux-gnu/libXrandr.so.2.2.0
7f6b86e00000-7f6b86e01000 rw-p 00009000 08:09 3678691                    /usr/lib/x86_64-linux-gnu/libXrandr.so.2.2.0
7f6b86e01000-7f6b86e10000 r-xp 00000000 08:09 3678679                    /usr/lib/x86_64-linux-gnu/libXi.so.6.1.0
7f6b86e10000-7f6b8700f000 ---p 0000f000 08:09 3678679                    /usr/lib/x86_64-linux-gnu/libXi.so.6.1.0
7f6b8700f000-7f6b87010000 r--p 0000e000 08:09 3678679                    /usr/lib/x86_64-linux-gnu/libXi.so.6.1.0
7f6b87010000-7f6b87011000 rw-p 0000f000 08:09 3678679                    /usr/lib/x86_64-linux-gnu/libXi.so.6.1.0
7f6b87011000-7f6b87073000 r-xp 00000000 08:09 3934455                    /usr/lib/x86_64-linux-gnu/mesa/libGL.so.1.2.0
7f6b87073000-7f6b87272000 ---p 00062000 08:09 3934455                    /usr/lib/x86_64-linux-gnu/mesa/libGL.so.1.2.0
7f6b87272000-7f6b87275000 r--p 00061000 08:09 3934455                    /usr/lib/x86_64-linux-gnu/mesa/libGL.so.1.2.0
7f6b87275000-7f6b87276000 rw-p 00064000 08:09 3934455                    /usr/lib/x86_64-linux-gnu/mesa/libGL.so.1.2.0
7f6b87276000-7f6b87277000 rw-p 00000000 00:00 0 
7f6b87277000-7f6b873a7000 r-xp 00000000 08:09 3678654                    /usr/lib/x86_64-linux-gnu/libX11.so.6.3.0
7f6b873a7000-7f6b875a7000 ---p 00130000 08:09 3678654                    /usr/lib/x86_64-linux-gnu/libX11.so.6.3.0
7f6b875a7000-7f6b875a8000 r--p 00130000 08:09 3678654                    /usr/lib/x86_64-linux-gnu/libX11.so.6.3.0
7f6b875a8000-7f6b875ac000 rw-p 00131000 08:09 3678654                    /usr/lib/x86_64-linux-gnu/libX11.so.6.3.0
7f6b875ac000-7f6b8761b000 r-xp 00000000 08:09 2102220                    /home/raul/lwjgl/native/linux/x64/liblwjgl.so
7f6b8761b000-7f6b8781a000 ---p 0006f000 08:09 2102220                    /home/raul/lwjgl/native/linux/x64/liblwjgl.so
7f6b8781a000-7f6b8781b000 r--p 0006e000 08:09 2102220                    /home/raul/lwjgl/native/linux/x64/liblwjgl.so
7f6b8781b000-7f6b8781c000 rw-p 0006f000 08:09 2102220                    /home/raul/lwjgl/native/linux/x64/liblwjgl.so
7f6b8781c000-7f6b8781d000 rw-p 00000000 00:00 0 
7f6b8781d000-7f6b8781e000 ---p 00000000 00:00 0 
7f6b8781e000-7f6b8791e000 rw-p 00000000 00:00 0                          [stack:6000]
7f6b8791e000-7f6b88000000 r--p 00000000 08:09 3677561                    /usr/lib/locale/locale-archive
7f6b88000000-7f6b88021000 rw-p 00000000 00:00 0 
7f6b88021000-7f6b8c000000 ---p 00000000 00:00 0 
7f6b8c003000-7f6b8c00b000 rw-s 00000000 00:04 61983                      /drm mm object (deleted)
7f6b8c00b000-7f6b8c013000 rw-s 00000000 00:04 61982                      /drm mm object (deleted)
7f6b8c013000-7f6b8c01b000 rw-s 00000000 00:04 61978                      /drm mm object (deleted)
7f6b8c01b000-7f6b8c022000 r--s 00000000 08:09 3939448                    /usr/lib/x86_64-linux-gnu/gconv/gconv-modules.cache
7f6b8c022000-7f6b8c025000 ---p 00000000 00:00 0 
7f6b8c025000-7f6b8c123000 rw-p 00000000 00:00 0                          [stack:5999]
7f6b8c123000-7f6b8c126000 ---p 00000000 00:00 0 
7f6b8c126000-7f6b8c224000 rw-p 00000000 00:00 0                          [stack:5998]
7f6b8c224000-7f6b8c227000 ---p 00000000 00:00 0 
7f6b8c227000-7f6b8c325000 rw-p 00000000 00:00 0                          [stack:5997]
7f6b8c325000-7f6b8c328000 ---p 00000000 00:00 0 
7f6b8c328000-7f6b8c426000 rw-p 00000000 00:00 0                          [stack:5996]
7f6b8c426000-7f6b8c429000 ---p 00000000 00:00 0 
7f6b8c429000-7f6b8c527000 rw-p 00000000 00:00 0                          [stack:5995]
7f6b8c527000-7f6b8c52a000 ---p 00000000 00:00 0 
7f6b8c52a000-7f6b8c628000 rw-p 00000000 00:00 0                          [stack:5994]
7f6b8c628000-7f6b8c629000 ---p 00000000 00:00 0 
7f6b8c629000-7f6b8d707000 rw-p 00000000 00:00 0                          [stack:5993]
7f6b8d707000-7f6b8d8c6000 r--s 039eb000 08:09 1837861                    /home/raul/jdk1.7.0_75/jre/lib/rt.jar
7f6b8d8c6000-7f6b8fc30000 rw-p 00000000 00:00 0 
7f6b8fc30000-7f6b8fc31000 ---p 00000000 00:00 0 
7f6b8fc31000-7f6b8fd31000 rw-p 00000000 00:00 0                          [stack:5992]
7f6b8fd31000-7f6b8fd32000 ---p 00000000 00:00 0 
7f6b8fd32000-7f6b8fe32000 rw-p 00000000 00:00 0                          [stack:5991]
7f6b8fe32000-7f6b8fe33000 ---p 00000000 00:00 0 
7f6b8fe33000-7f6b8ff33000 rw-p 00000000 00:00 0                          [stack:5990]
7f6b8ff33000-7f6b8ff34000 ---p 00000000 00:00 0 
7f6b8ff34000-7f6b90048000 rw-p 00000000 00:00 0                          [stack:5989]
7f6b90048000-7f6b90174000 rw-p 00000000 00:00 0 
7f6b90174000-7f6b9017f000 rw-p 00000000 00:00 0 
7f6b9017f000-7f6b9019d000 rw-p 00000000 00:00 0 
7f6b9019d000-7f6b901b1000 rw-p 00000000 00:00 0 
7f6b901b1000-7f6b902dd000 rw-p 00000000 00:00 0 
7f6b902dd000-7f6b902e7000 rw-p 00000000 00:00 0 
7f6b902e7000-7f6b9037d000 rw-p 00000000 00:00 0 
7f6b9037d000-7f6b9037e000 rw-p 00000000 00:00 0 
7f6b9037e000-7f6b905ee000 rwxp 00000000 00:00 0 
7f6b905ee000-7f6b9337e000 rw-p 00000000 00:00 0 
7f6b9337e000-7f6b93398000 r-xp 00000000 08:09 1837823                    /home/raul/jdk1.7.0_75/jre/lib/amd64/libzip.so
7f6b93398000-7f6b93598000 ---p 0001a000 08:09 1837823                    /home/raul/jdk1.7.0_75/jre/lib/amd64/libzip.so
7f6b93598000-7f6b93599000 rw-p 0001a000 08:09 1837823                    /home/raul/jdk1.7.0_75/jre/lib/amd64/libzip.so
7f6b93599000-7f6b935a4000 r-xp 00000000 08:09 2625429                    /lib/x86_64-linux-gnu/libnss_files-2.19.so
7f6b935a4000-7f6b937a3000 ---p 0000b000 08:09 2625429                    /lib/x86_64-linux-gnu/libnss_files-2.19.so
7f6b937a3000-7f6b937a4000 r--p 0000a000 08:09 2625429                    /lib/x86_64-linux-gnu/libnss_files-2.19.so
7f6b937a4000-7f6b937a5000 rw-p 0000b000 08:09 2625429                    /lib/x86_64-linux-gnu/libnss_files-2.19.so
7f6b937a5000-7f6b937b0000 r-xp 00000000 08:09 2621542                    /lib/x86_64-linux-gnu/libnss_nis-2.19.so
7f6b937b0000-7f6b939af000 ---p 0000b000 08:09 2621542                    /lib/x86_64-linux-gnu/libnss_nis-2.19.so
7f6b939af000-7f6b939b0000 r--p 0000a000 08:09 2621542                    /lib/x86_64-linux-gnu/libnss_nis-2.19.so
7f6b939b0000-7f6b939b1000 rw-p 0000b000 08:09 2621542                    /lib/x86_64-linux-gnu/libnss_nis-2.19.so
7f6b939b1000-7f6b939c8000 r-xp 00000000 08:09 2621536                    /lib/x86_64-linux-gnu/libnsl-2.19.so
7f6b939c8000-7f6b93bc7000 ---p 00017000 08:09 2621536                    /lib/x86_64-linux-gnu/libnsl-2.19.so
7f6b93bc7000-7f6b93bc8000 r--p 00016000 08:09 2621536                    /lib/x86_64-linux-gnu/libnsl-2.19.so
7f6b93bc8000-7f6b93bc9000 rw-p 00017000 08:09 2621536                    /lib/x86_64-linux-gnu/libnsl-2.19.so
7f6b93bc9000-7f6b93bcb000 rw-p 00000000 00:00 0 
7f6b93bcb000-7f6b93bd4000 r-xp 00000000 08:09 2621533                    /lib/x86_64-linux-gnu/libnss_compat-2.19.so
7f6b93bd4000-7f6b93dd3000 ---p 00009000 08:09 2621533                    /lib/x86_64-linux-gnu/libnss_compat-2.19.so
7f6b93dd3000-7f6b93dd4000 r--p 00008000 08:09 2621533                    /lib/x86_64-linux-gnu/libnss_compat-2.19.so
7f6b93dd4000-7f6b93dd5000 rw-p 00009000 08:09 2621533                    /lib/x86_64-linux-gnu/libnss_compat-2.19.so
7f6b93dd5000-7f6b93dfe000 r-xp 00000000 08:09 1837758                    /home/raul/jdk1.7.0_75/jre/lib/amd64/libjava.so
7f6b93dfe000-7f6b93ffe000 ---p 00029000 08:09 1837758                    /home/raul/jdk1.7.0_75/jre/lib/amd64/libjava.so
7f6b93ffe000-7f6b94000000 rw-p 00029000 08:09 1837758                    /home/raul/jdk1.7.0_75/jre/lib/amd64/libjava.so
7f6b94000000-7f6b94955000 rw-p 00000000 00:00 0 
7f6b94955000-7f6b98000000 ---p 00000000 00:00 0 
7f6b98006000-7f6b9805a000 rw-p 00000000 00:00 0 
7f6b9805a000-7f6b98078000 rw-p 00000000 00:00 0 
7f6b98078000-7f6b98085000 r-xp 00000000 08:09 1837636                    /home/raul/jdk1.7.0_75/jre/lib/amd64/libverify.so
7f6b98085000-7f6b98284000 ---p 0000d000 08:09 1837636                    /home/raul/jdk1.7.0_75/jre/lib/amd64/libverify.so
7f6b98284000-7f6b98286000 rw-p 0000c000 08:09 1837636                    /home/raul/jdk1.7.0_75/jre/lib/amd64/libverify.so
7f6b98286000-7f6b9828d000 r-xp 00000000 08:09 2621470                    /lib/x86_64-linux-gnu/librt-2.19.so
7f6b9828d000-7f6b9848c000 ---p 00007000 08:09 2621470                    /lib/x86_64-linux-gnu/librt-2.19.so
7f6b9848c000-7f6b9848d000 r--p 00006000 08:09 2621470                    /lib/x86_64-linux-gnu/librt-2.19.so
7f6b9848d000-7f6b9848e000 rw-p 00007000 08:09 2621470                    /lib/x86_64-linux-gnu/librt-2.19.so
7f6b9848e000-7f6b98593000 r-xp 00000000 08:09 2621535                    /lib/x86_64-linux-gnu/libm-2.19.so
7f6b98593000-7f6b98792000 ---p 00105000 08:09 2621535                    /lib/x86_64-linux-gnu/libm-2.19.so
7f6b98792000-7f6b98793000 r--p 00104000 08:09 2621535                    /lib/x86_64-linux-gnu/libm-2.19.so
7f6b98793000-7f6b98794000 rw-p 00105000 08:09 2621535                    /lib/x86_64-linux-gnu/libm-2.19.so
7f6b98794000-7f6b99307000 r-xp 00000000 08:09 1837408                    /home/raul/jdk1.7.0_75/jre/lib/amd64/server/libjvm.so
7f6b99307000-7f6b99507000 ---p 00b73000 08:09 1837408                    /home/raul/jdk1.7.0_75/jre/lib/amd64/server/libjvm.so
7f6b99507000-7f6b995cb000 rw-p 00b73000 08:09 1837408                    /home/raul/jdk1.7.0_75/jre/lib/amd64/server/libjvm.so
7f6b995cb000-7f6b9960c000 rw-p 00000000 00:00 0 
7f6b9960c000-7f6b997c7000 r-xp 00000000 08:09 2621469                    /lib/x86_64-linux-gnu/libc-2.19.so
7f6b997c7000-7f6b999c7000 ---p 001bb000 08:09 2621469                    /lib/x86_64-linux-gnu/libc-2.19.so
7f6b999c7000-7f6b999cb000 r--p 001bb000 08:09 2621469                    /lib/x86_64-linux-gnu/libc-2.19.so
7f6b999cb000-7f6b999cd000 rw-p 001bf000 08:09 2621469                    /lib/x86_64-linux-gnu/libc-2.19.so
7f6b999cd000-7f6b999d2000 rw-p 00000000 00:00 0 
7f6b999d2000-7f6b999d5000 r-xp 00000000 08:09 2621531                    /lib/x86_64-linux-gnu/libdl-2.19.so
7f6b999d5000-7f6b99bd4000 ---p 00003000 08:09 2621531                    /lib/x86_64-linux-gnu/libdl-2.19.so
7f6b99bd4000-7f6b99bd5000 r--p 00002000 08:09 2621531                    /lib/x86_64-linux-gnu/libdl-2.19.so
7f6b99bd5000-7f6b99bd6000 rw-p 00003000 08:09 2621531                    /lib/x86_64-linux-gnu/libdl-2.19.so
7f6b99bd6000-7f6b99bec000 r-xp 00000000 08:09 1837831                    /home/raul/jdk1.7.0_75/lib/amd64/jli/libjli.so
7f6b99bec000-7f6b99dec000 ---p 00016000 08:09 1837831                    /home/raul/jdk1.7.0_75/lib/amd64/jli/libjli.so
7f6b99dec000-7f6b99ded000 rw-p 00016000 08:09 1837831                    /home/raul/jdk1.7.0_75/lib/amd64/jli/libjli.so
7f6b99ded000-7f6b99e06000 r-xp 00000000 08:09 2621544                    /lib/x86_64-linux-gnu/libpthread-2.19.so
7f6b99e06000-7f6b9a005000 ---p 00019000 08:09 2621544                    /lib/x86_64-linux-gnu/libpthread-2.19.so
7f6b9a005000-7f6b9a006000 r--p 00018000 08:09 2621544                    /lib/x86_64-linux-gnu/libpthread-2.19.so
7f6b9a006000-7f6b9a007000 rw-p 00019000 08:09 2621544                    /lib/x86_64-linux-gnu/libpthread-2.19.so
7f6b9a007000-7f6b9a00b000 rw-p 00000000 00:00 0 
7f6b9a00b000-7f6b9a02e000 r-xp 00000000 08:09 2621459                    /lib/x86_64-linux-gnu/ld-2.19.so
7f6b9a030000-7f6b9a031000 rw-p 00000000 00:00 0 
7f6b9a031000-7f6b9a032000 rw-s 00000000 00:04 63010                      /drm mm object (deleted)
7f6b9a032000-7f6b9a033000 rw-s 00000000 00:04 64038                      /drm mm object (deleted)
7f6b9a033000-7f6b9a034000 rwxp 00000000 00:00 0 
7f6b9a034000-7f6b9a053000 rw-p 00000000 00:00 0 
7f6b9a053000-7f6b9a109000 rw-p 00000000 00:00 0 
7f6b9a109000-7f6b9a10c000 ---p 00000000 00:00 0 
7f6b9a10c000-7f6b9a20e000 rw-p 00000000 00:00 0                          [stack:5988]
7f6b9a20e000-7f6b9a20f000 rw-s 00000000 00:04 61979                      /drm mm object (deleted)
7f6b9a20f000-7f6b9a210000 rwxp 00000000 00:00 0 
7f6b9a210000-7f6b9a212000 r--s 00004000 08:09 1968631                    /home/raul/.netbeans/8.0.2/gluegen-runtime/gluegen-rt.jar
7f6b9a212000-7f6b9a221000 r--s 0012e000 08:09 2102216                    /home/raul/lwjgl/jar/lwjgl.jar
7f6b9a221000-7f6b9a229000 rw-s 00000000 08:09 4080676                    /tmp/hsperfdata_raul/5984
7f6b9a229000-7f6b9a22a000 rw-p 00000000 00:00 0 
7f6b9a22a000-7f6b9a22b000 r--p 00000000 00:00 0 
7f6b9a22b000-7f6b9a22d000 rw-p 00000000 00:00 0 
7f6b9a22d000-7f6b9a22e000 r--p 00022000 08:09 2621459                    /lib/x86_64-linux-gnu/ld-2.19.so
7f6b9a22e000-7f6b9a22f000 rw-p 00023000 08:09 2621459                    /lib/x86_64-linux-gnu/ld-2.19.so
7f6b9a22f000-7f6b9a230000 rw-p 00000000 00:00 0 
7fff3950a000-7fff3952b000 rw-p 00000000 00:00 0                          [stack]
7fff395df000-7fff395e1000 r-xp 00000000 00:00 0                          [vdso]
ffffffffff600000-ffffffffff601000 r-xp 00000000 00:00 0                  [vsyscall]

VM Arguments:
jvm_args: -Dfile.encoding=UTF-8 -Djava.library.path=/home/raul/lwjgl/native/linux/x64 
java_command: simulador.Main
Launcher Type: SUN_STANDARD

Environment Variables:
PATH=/usr/local/sbin:/usr/local/bin:/usr/sbin:/usr/bin:/sbin:/bin:/usr/games:/usr/local/games
LD_LIBRARY_PATH=/home/raul/jdk1.7.0_75/jre/lib/amd64:/home/raul/jdk1.7.0_75/jre/lib/i386:
SHELL=/bin/bash
DISPLAY=:0

Signal Handlers:
SIGSEGV: [libjvm.so+0x9a21f0], sa_mask[0]=0x7ffbfeff, sa_flags=0x10000004
SIGBUS: [libjvm.so+0x9a21f0], sa_mask[0]=0x7ffbfeff, sa_flags=0x10000004
SIGFPE: [libjvm.so+0x81ba40], sa_mask[0]=0x7ffbfeff, sa_flags=0x10000004
SIGPIPE: [libjvm.so+0x81ba40], sa_mask[0]=0x7ffbfeff, sa_flags=0x10000004
SIGXFSZ: [libjvm.so+0x81ba40], sa_mask[0]=0x7ffbfeff, sa_flags=0x10000004
SIGILL: [libjvm.so+0x81ba40], sa_mask[0]=0x7ffbfeff, sa_flags=0x10000004
SIGUSR1: SIG_DFL, sa_mask[0]=0x00000000, sa_flags=0x00000000
SIGUSR2: [libjvm.so+0x81d240], sa_mask[0]=0x00000004, sa_flags=0x10000004
SIGHUP: [libjvm.so+0x81e360], sa_mask[0]=0x7ffbfeff, sa_flags=0x10000004
SIGINT: SIG_IGN, sa_mask[0]=0x00000000, sa_flags=0x00000000
SIGTERM: [libjvm.so+0x81e360], sa_mask[0]=0x7ffbfeff, sa_flags=0x10000004
SIGQUIT: [libjvm.so+0x81e360], sa_mask[0]=0x7ffbfeff, sa_flags=0x10000004


---------------  S Y S T E M  ---------------

OS:jessie/sid

uname:Linux 3.13.0-45-generic #74-Ubuntu SMP Tue Jan 13 19:36:28 UTC 2015 x86_64
libc:glibc 2.19 NPTL 2.19 
rlimit: STACK 8192k, CORE 0k, NPROC 29139, NOFILE 4096, AS infinity
load average:0,39 0,72 0,76

/proc/meminfo:
MemTotal:        3931356 kB
MemFree:          866440 kB
Buffers:           97352 kB
Cached:          1356344 kB
SwapCached:            0 kB
Active:          1813536 kB
Inactive:        1082432 kB
Active(anon):    1444252 kB
Inactive(anon):   229452 kB
Active(file):     369284 kB
Inactive(file):   852980 kB
Unevictable:          32 kB
Mlocked:              32 kB
SwapTotal:       4077564 kB
SwapFree:        4077564 kB
Dirty:              2248 kB
Writeback:             0 kB
AnonPages:       1442420 kB
Mapped:           199812 kB
Shmem:            231436 kB
Slab:              86108 kB
SReclaimable:      55512 kB
SUnreclaim:        30596 kB
KernelStack:        4176 kB
PageTables:        28284 kB
NFS_Unstable:          0 kB
Bounce:                0 kB
WritebackTmp:          0 kB
CommitLimit:     6043240 kB
Committed_AS:    4490324 kB
VmallocTotal:   34359738367 kB
VmallocUsed:      350792 kB
VmallocChunk:   34359379968 kB
HardwareCorrupted:     0 kB
AnonHugePages:    759808 kB
HugePages_Total:       0
HugePages_Free:        0
HugePages_Rsvd:        0
HugePages_Surp:        0
Hugepagesize:       2048 kB
DirectMap4k:       69696 kB
DirectMap2M:     4007936 kB


CPU:total 4 (2 cores per cpu, 2 threads per core) family 6 model 58 stepping 9, cmov, cx8, fxsr, mmx, sse, sse2, sse3, ssse3, sse4.1, sse4.2, popcnt, avx, aes, erms, ht, tsc, tscinvbit, tscinv

/proc/cpuinfo:
processor	: 0
vendor_id	: GenuineIntel
cpu family	: 6
model		: 58
model name	: Intel(R) Core(TM) i5-3230M CPU @ 2.60GHz
stepping	: 9
microcode	: 0x12
cpu MHz		: 2601.000
cache size	: 3072 KB
physical id	: 0
siblings	: 4
core id		: 0
cpu cores	: 2
apicid		: 0
initial apicid	: 0
fpu		: yes
fpu_exception	: yes
cpuid level	: 13
wp		: yes
flags		: fpu vme de pse tsc msr pae mce cx8 apic sep mtrr pge mca cmov pat pse36 clflush dts acpi mmx fxsr sse sse2 ss ht tm pbe syscall nx rdtscp lm constant_tsc arch_perfmon pebs bts rep_good nopl xtopology nonstop_tsc aperfmperf eagerfpu pni pclmulqdq dtes64 monitor ds_cpl vmx est tm2 ssse3 cx16 xtpr pdcm pcid sse4_1 sse4_2 x2apic popcnt tsc_deadline_timer aes xsave avx f16c rdrand lahf_lm ida arat epb xsaveopt pln pts dtherm tpr_shadow vnmi flexpriority ept vpid fsgsbase smep erms
bogomips	: 5188.23
clflush size	: 64
cache_alignment	: 64
address sizes	: 36 bits physical, 48 bits virtual
power management:

processor	: 1
vendor_id	: GenuineIntel
cpu family	: 6
model		: 58
model name	: Intel(R) Core(TM) i5-3230M CPU @ 2.60GHz
stepping	: 9
microcode	: 0x12
cpu MHz		: 2100.000
cache size	: 3072 KB
physical id	: 0
siblings	: 4
core id		: 1
cpu cores	: 2
apicid		: 2
initial apicid	: 2
fpu		: yes
fpu_exception	: yes
cpuid level	: 13
wp		: yes
flags		: fpu vme de pse tsc msr pae mce cx8 apic sep mtrr pge mca cmov pat pse36 clflush dts acpi mmx fxsr sse sse2 ss ht tm pbe syscall nx rdtscp lm constant_tsc arch_perfmon pebs bts rep_good nopl xtopology nonstop_tsc aperfmperf eagerfpu pni pclmulqdq dtes64 monitor ds_cpl vmx est tm2 ssse3 cx16 xtpr pdcm pcid sse4_1 sse4_2 x2apic popcnt tsc_deadline_timer aes xsave avx f16c rdrand lahf_lm ida arat epb xsaveopt pln pts dtherm tpr_shadow vnmi flexpriority ept vpid fsgsbase smep erms
bogomips	: 5188.23
clflush size	: 64
cache_alignment	: 64
address sizes	: 36 bits physical, 48 bits virtual
power management:

processor	: 2
vendor_id	: GenuineIntel
cpu family	: 6
model		: 58
model name	: Intel(R) Core(TM) i5-3230M CPU @ 2.60GHz
stepping	: 9
microcode	: 0x12
cpu MHz		: 2601.000
cache size	: 3072 KB
physical id	: 0
siblings	: 4
core id		: 0
cpu cores	: 2
apicid		: 1
initial apicid	: 1
fpu		: yes
fpu_exception	: yes
cpuid level	: 13
wp		: yes
flags		: fpu vme de pse tsc msr pae mce cx8 apic sep mtrr pge mca cmov pat pse36 clflush dts acpi mmx fxsr sse sse2 ss ht tm pbe syscall nx rdtscp lm constant_tsc arch_perfmon pebs bts rep_good nopl xtopology nonstop_tsc aperfmperf eagerfpu pni pclmulqdq dtes64 monitor ds_cpl vmx est tm2 ssse3 cx16 xtpr pdcm pcid sse4_1 sse4_2 x2apic popcnt tsc_deadline_timer aes xsave avx f16c rdrand lahf_lm ida arat epb xsaveopt pln pts dtherm tpr_shadow vnmi flexpriority ept vpid fsgsbase smep erms
bogomips	: 5188.23
clflush size	: 64
cache_alignment	: 64
address sizes	: 36 bits physical, 48 bits virtual
power management:

processor	: 3
vendor_id	: GenuineIntel
cpu family	: 6
model		: 58
model name	: Intel(R) Core(TM) i5-3230M CPU @ 2.60GHz
stepping	: 9
microcode	: 0x12
cpu MHz		: 1400.000
cache size	: 3072 KB
physical id	: 0
siblings	: 4
core id		: 1
cpu cores	: 2
apicid		: 3
initial apicid	: 3
fpu		: yes
fpu_exception	: yes
cpuid level	: 13
wp		: yes
flags		: fpu vme de pse tsc msr pae mce cx8 apic sep mtrr pge mca cmov pat pse36 clflush dts acpi mmx fxsr sse sse2 ss ht tm pbe syscall nx rdtscp lm constant_tsc arch_perfmon pebs bts rep_good nopl xtopology nonstop_tsc aperfmperf eagerfpu pni pclmulqdq dtes64 monitor ds_cpl vmx est tm2 ssse3 cx16 xtpr pdcm pcid sse4_1 sse4_2 x2apic popcnt tsc_deadline_timer aes xsave avx f16c rdrand lahf_lm ida arat epb xsaveopt pln pts dtherm tpr_shadow vnmi flexpriority ept vpid fsgsbase smep erms
bogomips	: 5188.23
clflush size	: 64
cache_alignment	: 64
address sizes	: 36 bits physical, 48 bits virtual
power management:



Memory: 4k page, physical 3931356k(866440k free), swap 4077564k(4077564k free)

vm_info: Java HotSpot(TM) 64-Bit Server VM (24.75-b04) for linux-amd64 JRE (1.7.0_75-b13), built on Dec 18 2014 16:45:18 by "java_re" with gcc 4.3.0 20080428 (Red Hat 4.3.0-8)

time: Sat Mar 28 14:43:51 2015
elapsed time: 0 seconds

