#
# A fatal error has been detected by the Java Runtime Environment:
#
#  SIGSEGV (0xb) at pc=0x00007f7befefeb80, pid=4951, tid=140170295129856
#
# JRE version: Java(TM) SE Runtime Environment (7.0_75-b13) (build 1.7.0_75-b13)
# Java VM: Java HotSpot(TM) 64-Bit Server VM (24.75-b04 mixed mode linux-amd64 compressed oops)
# Problematic frame:
# C  [libc.so.6+0x98b80]  envz_strip+0x610
#
# Failed to write core dump. Core dumps have been disabled. To enable core dumping, try "ulimit -c unlimited" before starting Java again
#
# If you would like to submit a bug report, please visit:
#   http://bugreport.sun.com/bugreport/crash.jsp
# The crash happened outside the Java Virtual Machine in native code.
# See problematic frame for where to report the bug.
#

---------------  T H R E A D  ---------------

Current thread (0x00007f7be800a000):  JavaThread "main" [_thread_in_native, id=4955, stack(0x00007f7bf0963000,0x00007f7bf0a64000)]

siginfo:si_signo=SIGSEGV: si_errno=0, si_code=1 (SEGV_MAPERR), si_addr=0x0000000000000000

Registers:
RAX=0xffff80841bf13368, RBX=0x00007f7be4081038, RCX=0x0000000000000048, RDX=0x0000000000000024
RSP=0x00007f7bf0a62368, RBP=0x0000000000000000, RSI=0x0000000000000000, RDI=0x00007f7be40ecc74
R8 =0x0000000000000007, R9 =0x00007f7be8000078, R10=0x0000000000000000, R11=0x0000000000000246
R12=0x0000000000000024, R13=0x0000000000000024, R14=0x0000000000000000, R15=0x00007f7be40ee158
RIP=0x00007f7befefeb80, EFLAGS=0x0000000000010206, CSGSFS=0x0000000000000033, ERR=0x0000000000000004
  TRAPNO=0x000000000000000e

Top of Stack: (sp=0x00007f7bf0a62368)
0x00007f7bf0a62368:   00007f7bd5c7b0dd 0000000000000000
0x00007f7bf0a62378:   0000000000000000 0000000000000000
0x00007f7bf0a62388:   00007f7be40edfd8 000000000000000c
0x00007f7bf0a62398:   000000000000000c 00007f7be40ee158
0x00007f7bf0a623a8:   0000000000000002 0000000000000000
0x00007f7bf0a623b8:   00007f7bd5c9f1ee 0000000000000001
0x00007f7bf0a623c8:   00007f7be4081038 00007f7be894a670
0x00007f7bf0a623d8:   00007f7b00000024 0000000000000013
0x00007f7bf0a623e8:   00007f7be40edfd8 0000000000000001
0x00007f7bf0a623f8:   00007f7be4081038 0000000000000000
0x00007f7bf0a62408:   0000000000000000 00007f7be40ee158
0x00007f7bf0a62418:   00007f7bd5c9fc2a 0000000000800016
0x00007f7bf0a62428:   00007f7b0000000c 0000000200000000
0x00007f7bf0a62438:   0000000000000000 0080001600000078
0x00007f7bf0a62448:   0000000200000000 00007f7be40edfd8
0x00007f7bf0a62458:   00007f7be40edff0 00007f7bd60dd2e8
0x00007f7bf0a62468:   0000000000000001 00007f7be894a148
0x00007f7bf0a62478:   00007f7be4081038 00007f7be8776f00
0x00007f7bf0a62488:   0000000000000000 0000000000000000
0x00007f7bf0a62498:   0000000000000001 00000000304c0aff
0x00007f7bf0a624a8:   00007f7bd57ac03d 00007f7b00000000
0x00007f7bf0a624b8:   00007f7be4081038 00007f7be8327aa0
0x00007f7bf0a624c8:   00007f7bd5c6b4df 00007f7be4081038
0x00007f7bf0a624d8:   00007f7be87764f0 00007f7be8776c50
0x00007f7bf0a624e8:   00007f7bd5d2c70c 00007f7be87767a0
0x00007f7bf0a624f8:   0000000000000001 00007f7b00000000
0x00007f7bf0a62508:   0000000000000000 00007f7be87764f0
0x00007f7bf0a62518:   00007f7be4081038 0000000000000001
0x00007f7bf0a62528:   00007f7be8776c50 0000000000000001
0x00007f7bf0a62538:   00007f7be87764f0 0000000000000000
0x00007f7bf0a62548:   00007f7bd5ce0974 0000000000000001
0x00007f7bf0a62558:   00007f7b00000001 00000000000002bc 

Instructions: (pc=0x00007f7befefeb80)
0x00007f7befefeb60:   48 89 f0 48 8d 0c 12 48 29 f8 48 29 d0 48 39 c8
0x00007f7befefeb70:   0f 82 07 01 00 00 48 83 fa 10 0f 86 8b 01 00 00
0x00007f7befefeb80:   f3 44 0f 6f 06 48 83 fa 20 f3 44 0f 7f 07 f3 44
0x00007f7befefeb90:   0f 6f 44 16 f0 f3 44 0f 7f 44 17 f0 77 12 48 89 

Register to memory mapping:

RAX=0xffff80841bf13368 is an unknown value
RBX=0x00007f7be4081038 is an unknown value
RCX=0x0000000000000048 is an unknown value
RDX=0x0000000000000024 is an unknown value
RSP=0x00007f7bf0a62368 is pointing into the stack for thread: 0x00007f7be800a000
RBP=0x0000000000000000 is an unknown value
RSI=0x0000000000000000 is an unknown value
RDI=0x00007f7be40ecc74 is an unknown value
R8 =0x0000000000000007 is an unknown value
R9 =0x00007f7be8000078 is an unknown value
R10=0x0000000000000000 is an unknown value
R11=0x0000000000000246 is an unknown value
R12=0x0000000000000024 is an unknown value
R13=0x0000000000000024 is an unknown value
R14=0x0000000000000000 is an unknown value
R15=0x00007f7be40ee158 is an unknown value


Stack: [0x00007f7bf0963000,0x00007f7bf0a64000],  sp=0x00007f7bf0a62368,  free space=1020k
Native frames: (J=compiled Java code, j=interpreted, Vv=VM code, C=native code)
C  [libc.so.6+0x98b80]  envz_strip+0x610

[error occurred during error reporting (printing native stack), id 0xb]

Java frames: (J=compiled Java code, j=interpreted, Vv=VM code)
j  org.lwjgl.opengl.GL11.nglDrawArrays(IIIJ)V+0
j  org.lwjgl.opengl.GL11.glDrawArrays(III)V+22
j  simulador.Simulador.come_alive()V+244
j  simulador.Simulador.run()V+1
j  simulador.Main.main([Ljava/lang/String;)V+13
v  ~StubRoutines::call_stub

---------------  P R O C E S S  ---------------

Java Threads: ( => current thread )
  0x00007f7be80a0800 JavaThread "Service Thread" daemon [_thread_blocked, id=4966, stack(0x00007f7be4217000,0x00007f7be4318000)]
  0x00007f7be809e000 JavaThread "C2 CompilerThread1" daemon [_thread_blocked, id=4965, stack(0x00007f7be4318000,0x00007f7be4419000)]
  0x00007f7be809b800 JavaThread "C2 CompilerThread0" daemon [_thread_blocked, id=4964, stack(0x00007f7be4419000,0x00007f7be451a000)]
  0x00007f7be8099000 JavaThread "Signal Dispatcher" daemon [_thread_blocked, id=4963, stack(0x00007f7be451a000,0x00007f7be461b000)]
  0x00007f7be8070000 JavaThread "Finalizer" daemon [_thread_blocked, id=4962, stack(0x00007f7be4cfd000,0x00007f7be4dfe000)]
  0x00007f7be806e000 JavaThread "Reference Handler" daemon [_thread_blocked, id=4961, stack(0x00007f7be4dfe000,0x00007f7be4eff000)]
=>0x00007f7be800a000 JavaThread "main" [_thread_in_native, id=4955, stack(0x00007f7bf0963000,0x00007f7bf0a64000)]

Other Threads:
  0x00007f7be8069800 VMThread [stack: 0x00007f7be4eff000,0x00007f7be5000000] [id=4960]
  0x00007f7be80ab800 WatcherThread [stack: 0x00007f7be4116000,0x00007f7be4217000] [id=4967]

VM state:not at safepoint (normal execution)

VM Mutex/Monitor currently owned by a thread: None

Heap
 PSYoungGen      total 17920K, used 8984K [0x00000000ec000000, 0x00000000ed400000, 0x0000000100000000)
  eden space 15360K, 58% used [0x00000000ec000000,0x00000000ec8c63d0,0x00000000ecf00000)
  from space 2560K, 0% used [0x00000000ed180000,0x00000000ed180000,0x00000000ed400000)
  to   space 2560K, 0% used [0x00000000ecf00000,0x00000000ecf00000,0x00000000ed180000)
 ParOldGen       total 40960K, used 0K [0x00000000c4000000, 0x00000000c6800000, 0x00000000ec000000)
  object space 40960K, 0% used [0x00000000c4000000,0x00000000c4000000,0x00000000c6800000)
 PSPermGen       total 21504K, used 7043K [0x00000000bee00000, 0x00000000c0300000, 0x00000000c4000000)
  object space 21504K, 32% used [0x00000000bee00000,0x00000000bf4e0cd0,0x00000000c0300000)

Card table byte_map: [0x00007f7beda46000,0x00007f7bedc50000] byte_map_base: 0x00007f7bed44f000

Polling page: 0x00007f7bf0a84000

Code Cache  [0x00007f7be5000000, 0x00007f7be5270000, 0x00007f7be8000000)
 total_blobs=487 nmethods=19 adapters=422 free_code_cache=48595Kb largest_free_block=49750720

Compilation events (10 events):
Event: 0,187 Thread 0x00007f7be809e000 nmethod 14 0x00007f7be5075e50 code [0x00007f7be5075f80, 0x00007f7be5075ff8]
Event: 0,187 Thread 0x00007f7be809b800 nmethod 12 0x00007f7be5075bd0 code [0x00007f7be5075d00, 0x00007f7be5075d98]
Event: 0,210 Thread 0x00007f7be809e000   15             org.lwjgl.system.MemoryUtil::memEncodeASCII (62 bytes)
Event: 0,212 Thread 0x00007f7be809b800   16             java.lang.Object::<init> (1 bytes)
Event: 0,213 Thread 0x00007f7be809b800 nmethod 16 0x00007f7be5084490 code [0x00007f7be50845c0, 0x00007f7be5084638]
Event: 0,219 Thread 0x00007f7be809e000 nmethod 15 0x00007f7be5086250 code [0x00007f7be50863c0, 0x00007f7be5086818]
Event: 0,238 Thread 0x00007f7be809b800   17             java.lang.String::equals (81 bytes)
Event: 0,242 Thread 0x00007f7be809b800 nmethod 17 0x00007f7be5084810 code [0x00007f7be5084960, 0x00007f7be5084bb8]
Event: 0,271 Thread 0x00007f7be809e000   18             sun.net.www.ParseUtil::encodePath (336 bytes)
Event: 0,288 Thread 0x00007f7be809e000 nmethod 18 0x00007f7be508c0d0 code [0x00007f7be508c320, 0x00007f7be508d378]

GC Heap History (0 events):
No events

Deoptimization events (0 events):
No events

Internal exceptions (10 events):
Event: 0,292 Thread 0x00007f7be800a000 Threw 0x00000000ec8650d0 at /HUDSON/workspace/7u-2-build-linux-amd64/jdk7u75/1940/hotspot/src/share/vm/prims/jvm.cpp:1281
Event: 0,292 Thread 0x00007f7be800a000 Threw 0x00000000ec867d00 at /HUDSON/workspace/7u-2-build-linux-amd64/jdk7u75/1940/hotspot/src/share/vm/prims/jvm.cpp:1281
Event: 0,292 Thread 0x00007f7be800a000 Threw 0x00000000ec86ad20 at /HUDSON/workspace/7u-2-build-linux-amd64/jdk7u75/1940/hotspot/src/share/vm/prims/jvm.cpp:1281
Event: 0,293 Thread 0x00007f7be800a000 Threw 0x00000000ec86d820 at /HUDSON/workspace/7u-2-build-linux-amd64/jdk7u75/1940/hotspot/src/share/vm/prims/jvm.cpp:1281
Event: 0,293 Thread 0x00007f7be800a000 Threw 0x00000000ec872678 at /HUDSON/workspace/7u-2-build-linux-amd64/jdk7u75/1940/hotspot/src/share/vm/prims/jvm.cpp:1281
Event: 0,293 Thread 0x00007f7be800a000 Threw 0x00000000ec8771c8 at /HUDSON/workspace/7u-2-build-linux-amd64/jdk7u75/1940/hotspot/src/share/vm/prims/jvm.cpp:1281
Event: 0,294 Thread 0x00007f7be800a000 Threw 0x00000000ec879c18 at /HUDSON/workspace/7u-2-build-linux-amd64/jdk7u75/1940/hotspot/src/share/vm/prims/jvm.cpp:1281
Event: 0,295 Thread 0x00007f7be800a000 Threw 0x00000000ec87c008 at /HUDSON/workspace/7u-2-build-linux-amd64/jdk7u75/1940/hotspot/src/share/vm/prims/jvm.cpp:1281
Event: 0,295 Thread 0x00007f7be800a000 Threw 0x00000000ec87e9c0 at /HUDSON/workspace/7u-2-build-linux-amd64/jdk7u75/1940/hotspot/src/share/vm/prims/jvm.cpp:1281
Event: 0,297 Thread 0x00007f7be800a000 Threw 0x00000000ec881280 at /HUDSON/workspace/7u-2-build-linux-amd64/jdk7u75/1940/hotspot/src/share/vm/prims/jvm.cpp:1281

Events (10 events):
Event: 0,294 loading class 0x00007f7be8043870
Event: 0,294 loading class 0x00007f7be8043870 done
Event: 0,294 loading class 0x00007f7be80cffa0
Event: 0,294 loading class 0x00007f7be80cffa0 done
Event: 0,294 loading class 0x00007f7be80d0000
Event: 0,294 loading class 0x00007f7be80d0000 done
Event: 0,295 loading class 0x00007f7be80d0060
Event: 0,295 loading class 0x00007f7be80d0060 done
Event: 0,297 loading class 0x00007f7be837bde0
Event: 0,297 loading class 0x00007f7be837bde0 done


Dynamic libraries:
00400000-00401000 r-xp 00000000 08:09 1838081                            /home/raul/jdk1.7.0_75/bin/java
00600000-00601000 rw-p 00000000 08:09 1838081                            /home/raul/jdk1.7.0_75/bin/java
018cb000-018ec000 rw-p 00000000 00:00 0                                  [heap]
bee00000-c0300000 rw-p 00000000 00:00 0 
c0300000-c4000000 rw-p 00000000 00:00 0 
c4000000-c6800000 rw-p 00000000 00:00 0 
c6800000-ec000000 rw-p 00000000 00:00 0 
ec000000-ed400000 rw-p 00000000 00:00 0 
ed400000-100000000 rw-p 00000000 00:00 0 
7f7ba8000000-7f7ba8021000 rw-p 00000000 00:00 0 
7f7ba8021000-7f7bac000000 ---p 00000000 00:00 0 
7f7baf0fb000-7f7bb0000000 rw-p 00000000 00:00 0 
7f7bb0000000-7f7bb016e000 rw-p 00000000 00:00 0 
7f7bb016e000-7f7bb4000000 ---p 00000000 00:00 0 
7f7bb4000000-7f7bb4021000 rw-p 00000000 00:00 0 
7f7bb4021000-7f7bb8000000 ---p 00000000 00:00 0 
7f7bb8000000-7f7bb8021000 rw-p 00000000 00:00 0 
7f7bb8021000-7f7bbc000000 ---p 00000000 00:00 0 
7f7bbc000000-7f7bbc08d000 rw-p 00000000 00:00 0 
7f7bbc08d000-7f7bc0000000 ---p 00000000 00:00 0 
7f7bc0000000-7f7bc0021000 rw-p 00000000 00:00 0 
7f7bc0021000-7f7bc4000000 ---p 00000000 00:00 0 
7f7bc4000000-7f7bc4021000 rw-p 00000000 00:00 0 
7f7bc4021000-7f7bc8000000 ---p 00000000 00:00 0 
7f7bc8000000-7f7bc8021000 rw-p 00000000 00:00 0 
7f7bc8021000-7f7bcc000000 ---p 00000000 00:00 0 
7f7bcc000000-7f7bcc021000 rw-p 00000000 00:00 0 
7f7bcc021000-7f7bd0000000 ---p 00000000 00:00 0 
7f7bd0000000-7f7bd0021000 rw-p 00000000 00:00 0 
7f7bd0021000-7f7bd4000000 ---p 00000000 00:00 0 
7f7bd435b000-7f7bd45f4000 rw-p 00000000 00:00 0 
7f7bd45f4000-7f7bd462b000 r-xp 00000000 08:09 3679606                    /usr/lib/x86_64-linux-gnu/libtxc_dxtn_s2tc.so.0.0.0
7f7bd462b000-7f7bd482a000 ---p 00037000 08:09 3679606                    /usr/lib/x86_64-linux-gnu/libtxc_dxtn_s2tc.so.0.0.0
7f7bd482a000-7f7bd482b000 r--p 00036000 08:09 3679606                    /usr/lib/x86_64-linux-gnu/libtxc_dxtn_s2tc.so.0.0.0
7f7bd482b000-7f7bd482c000 rw-p 00037000 08:09 3679606                    /usr/lib/x86_64-linux-gnu/libtxc_dxtn_s2tc.so.0.0.0
7f7bd482c000-7f7bd4844000 r-xp 00000000 08:09 2625662                    /lib/x86_64-linux-gnu/libz.so.1.2.8
7f7bd4844000-7f7bd4a43000 ---p 00018000 08:09 2625662                    /lib/x86_64-linux-gnu/libz.so.1.2.8
7f7bd4a43000-7f7bd4a44000 r--p 00017000 08:09 2625662                    /lib/x86_64-linux-gnu/libz.so.1.2.8
7f7bd4a44000-7f7bd4a45000 rw-p 00018000 08:09 2625662                    /lib/x86_64-linux-gnu/libz.so.1.2.8
7f7bd4a45000-7f7bd4a4d000 r-xp 00000000 08:09 3679409                    /usr/lib/x86_64-linux-gnu/libpciaccess.so.0.11.1
7f7bd4a4d000-7f7bd4c4c000 ---p 00008000 08:09 3679409                    /usr/lib/x86_64-linux-gnu/libpciaccess.so.0.11.1
7f7bd4c4c000-7f7bd4c4d000 r--p 00007000 08:09 3679409                    /usr/lib/x86_64-linux-gnu/libpciaccess.so.0.11.1
7f7bd4c4d000-7f7bd4c4e000 rw-p 00008000 08:09 3679409                    /usr/lib/x86_64-linux-gnu/libpciaccess.so.0.11.1
7f7bd4c4e000-7f7bd4c64000 r-xp 00000000 08:09 2625476                    /lib/x86_64-linux-gnu/libgcc_s.so.1
7f7bd4c64000-7f7bd4e63000 ---p 00016000 08:09 2625476                    /lib/x86_64-linux-gnu/libgcc_s.so.1
7f7bd4e63000-7f7bd4e64000 rw-p 00015000 08:09 2625476                    /lib/x86_64-linux-gnu/libgcc_s.so.1
7f7bd4e64000-7f7bd4f4a000 r-xp 00000000 08:09 3679564                    /usr/lib/x86_64-linux-gnu/libstdc++.so.6.0.19
7f7bd4f4a000-7f7bd5149000 ---p 000e6000 08:09 3679564                    /usr/lib/x86_64-linux-gnu/libstdc++.so.6.0.19
7f7bd5149000-7f7bd5151000 r--p 000e5000 08:09 3679564                    /usr/lib/x86_64-linux-gnu/libstdc++.so.6.0.19
7f7bd5151000-7f7bd5153000 rw-p 000ed000 08:09 3679564                    /usr/lib/x86_64-linux-gnu/libstdc++.so.6.0.19
7f7bd5153000-7f7bd5168000 rw-p 00000000 00:00 0 
7f7bd5168000-7f7bd518f000 r-xp 00000000 08:09 2625521                    /lib/x86_64-linux-gnu/libexpat.so.1.6.0
7f7bd518f000-7f7bd538f000 ---p 00027000 08:09 2625521                    /lib/x86_64-linux-gnu/libexpat.so.1.6.0
7f7bd538f000-7f7bd5391000 r--p 00027000 08:09 2625521                    /lib/x86_64-linux-gnu/libexpat.so.1.6.0
7f7bd5391000-7f7bd5392000 rw-p 00029000 08:09 2625521                    /lib/x86_64-linux-gnu/libexpat.so.1.6.0
7f7bd5392000-7f7bd539e000 r-xp 00000000 08:09 3673068                    /usr/lib/x86_64-linux-gnu/libdrm_radeon.so.1.0.1
7f7bd539e000-7f7bd559d000 ---p 0000c000 08:09 3673068                    /usr/lib/x86_64-linux-gnu/libdrm_radeon.so.1.0.1
7f7bd559d000-7f7bd559e000 r--p 0000b000 08:09 3673068                    /usr/lib/x86_64-linux-gnu/libdrm_radeon.so.1.0.1
7f7bd559e000-7f7bd559f000 rw-p 0000c000 08:09 3673068                    /usr/lib/x86_64-linux-gnu/libdrm_radeon.so.1.0.1
7f7bd559f000-7f7bd55a5000 r-xp 00000000 08:09 3672797                    /usr/lib/x86_64-linux-gnu/libdrm_nouveau.so.2.0.0
7f7bd55a5000-7f7bd57a4000 ---p 00006000 08:09 3672797                    /usr/lib/x86_64-linux-gnu/libdrm_nouveau.so.2.0.0
7f7bd57a4000-7f7bd57a5000 r--p 00005000 08:09 3672797                    /usr/lib/x86_64-linux-gnu/libdrm_nouveau.so.2.0.0
7f7bd57a5000-7f7bd57a6000 rw-p 00006000 08:09 3672797                    /usr/lib/x86_64-linux-gnu/libdrm_nouveau.so.2.0.0
7f7bd57a6000-7f7bd57c5000 r-xp 00000000 08:09 3672795                    /usr/lib/x86_64-linux-gnu/libdrm_intel.so.1.0.0
7f7bd57c5000-7f7bd59c4000 ---p 0001f000 08:09 3672795                    /usr/lib/x86_64-linux-gnu/libdrm_intel.so.1.0.0
7f7bd59c4000-7f7bd59c5000 r--p 0001e000 08:09 3672795                    /usr/lib/x86_64-linux-gnu/libdrm_intel.so.1.0.0
7f7bd59c5000-7f7bd59c6000 rw-p 0001f000 08:09 3672795                    /usr/lib/x86_64-linux-gnu/libdrm_intel.so.1.0.0
7f7bd59c6000-7f7bd5eb5000 r-xp 00000000 08:09 3934416                    /usr/lib/x86_64-linux-gnu/dri/i965_dri.so
7f7bd5eb5000-7f7bd60b4000 ---p 004ef000 08:09 3934416                    /usr/lib/x86_64-linux-gnu/dri/i965_dri.so
7f7bd60b4000-7f7bd60cb000 r--p 004ee000 08:09 3934416                    /usr/lib/x86_64-linux-gnu/dri/i965_dri.so
7f7bd60cb000-7f7bd60d7000 rw-p 00505000 08:09 3934416                    /usr/lib/x86_64-linux-gnu/dri/i965_dri.so
7f7bd60d7000-7f7bd6123000 rw-p 00000000 00:00 0 
7f7bd6123000-7f7bd6167000 r-xp 00000000 08:09 2625517                    /lib/x86_64-linux-gnu/libdbus-1.so.3.7.6
7f7bd6167000-7f7bd6366000 ---p 00044000 08:09 2625517                    /lib/x86_64-linux-gnu/libdbus-1.so.3.7.6
7f7bd6366000-7f7bd6367000 r--p 00043000 08:09 2625517                    /lib/x86_64-linux-gnu/libdbus-1.so.3.7.6
7f7bd6367000-7f7bd6368000 rw-p 00044000 08:09 2625517                    /lib/x86_64-linux-gnu/libdbus-1.so.3.7.6
7f7bd6368000-7f7bd6370000 r-xp 00000000 08:09 2625561                    /lib/x86_64-linux-gnu/libnih-dbus.so.1.0.0
7f7bd6370000-7f7bd6570000 ---p 00008000 08:09 2625561                    /lib/x86_64-linux-gnu/libnih-dbus.so.1.0.0
7f7bd6570000-7f7bd6571000 r--p 00008000 08:09 2625561                    /lib/x86_64-linux-gnu/libnih-dbus.so.1.0.0
7f7bd6571000-7f7bd6572000 rw-p 00009000 08:09 2625561                    /lib/x86_64-linux-gnu/libnih-dbus.so.1.0.0
7f7bd6572000-7f7bd6589000 r-xp 00000000 08:09 2625563                    /lib/x86_64-linux-gnu/libnih.so.1.0.0
7f7bd6589000-7f7bd6788000 ---p 00017000 08:09 2625563                    /lib/x86_64-linux-gnu/libnih.so.1.0.0
7f7bd6788000-7f7bd6789000 r--p 00016000 08:09 2625563                    /lib/x86_64-linux-gnu/libnih.so.1.0.0
7f7bd6789000-7f7bd678a000 rw-p 00017000 08:09 2625563                    /lib/x86_64-linux-gnu/libnih.so.1.0.0
7f7bd678a000-7f7bd67a3000 r-xp 00000000 08:09 2625512                    /lib/x86_64-linux-gnu/libcgmanager.so.0.0.0
7f7bd67a3000-7f7bd69a2000 ---p 00019000 08:09 2625512                    /lib/x86_64-linux-gnu/libcgmanager.so.0.0.0
7f7bd69a2000-7f7bd69a4000 r--p 00018000 08:09 2625512                    /lib/x86_64-linux-gnu/libcgmanager.so.0.0.0
7f7bd69a4000-7f7bd69a5000 rw-p 0001a000 08:09 2625512                    /lib/x86_64-linux-gnu/libcgmanager.so.0.0.0
7f7bd69a5000-7f7bd69b5000 r-xp 00000000 08:09 2625436                    /lib/x86_64-linux-gnu/libudev.so.1.3.5
7f7bd69b5000-7f7bd6bb4000 ---p 00010000 08:09 2625436                    /lib/x86_64-linux-gnu/libudev.so.1.3.5
7f7bd6bb4000-7f7bd6bb5000 r--p 0000f000 08:09 2625436                    /lib/x86_64-linux-gnu/libudev.so.1.3.5
7f7bd6bb5000-7f7bd6bb6000 rw-p 00010000 08:09 2625436                    /lib/x86_64-linux-gnu/libudev.so.1.3.5
7f7bd6bb6000-7f7bd6bbb000 r-xp 00000000 08:09 3678669                    /usr/lib/x86_64-linux-gnu/libXdmcp.so.6.0.0
7f7bd6bbb000-7f7bd6dba000 ---p 00005000 08:09 3678669                    /usr/lib/x86_64-linux-gnu/libXdmcp.so.6.0.0
7f7bd6dba000-7f7bd6dbb000 r--p 00004000 08:09 3678669                    /usr/lib/x86_64-linux-gnu/libXdmcp.so.6.0.0
7f7bd6dbb000-7f7bd6dbc000 rw-p 00005000 08:09 3678669                    /usr/lib/x86_64-linux-gnu/libXdmcp.so.6.0.0
7f7bd6dbc000-7f7bd6dbe000 r-xp 00000000 08:09 3678658                    /usr/lib/x86_64-linux-gnu/libXau.so.6.0.0
7f7bd6dbe000-7f7bd6fbe000 ---p 00002000 08:09 3678658                    /usr/lib/x86_64-linux-gnu/libXau.so.6.0.0
7f7bd6fbe000-7f7bd6fbf000 r--p 00002000 08:09 3678658                    /usr/lib/x86_64-linux-gnu/libXau.so.6.0.0
7f7bd6fbf000-7f7bd6fc0000 rw-p 00003000 08:09 3678658                    /usr/lib/x86_64-linux-gnu/libXau.so.6.0.0
7f7bd6fc0000-7f7bd6fc9000 r-xp 00000000 08:09 3678693                    /usr/lib/x86_64-linux-gnu/libXrender.so.1.3.0
7f7bd6fc9000-7f7bd71c8000 ---p 00009000 08:09 3678693                    /usr/lib/x86_64-linux-gnu/libXrender.so.1.3.0
7f7bd71c8000-7f7bd71c9000 r--p 00008000 08:09 3678693                    /usr/lib/x86_64-linux-gnu/libXrender.so.1.3.0
7f7bd71c9000-7f7bd71ca000 rw-p 00009000 08:09 3678693                    /usr/lib/x86_64-linux-gnu/libXrender.so.1.3.0
7f7bd71ca000-7f7bd71d5000 r-xp 00000000 08:09 3672667                    /usr/lib/x86_64-linux-gnu/libdrm.so.2.4.0
7f7bd71d5000-7f7bd73d4000 ---p 0000b000 08:09 3672667                    /usr/lib/x86_64-linux-gnu/libdrm.so.2.4.0
7f7bd73d4000-7f7bd73d5000 r--p 0000a000 08:09 3672667                    /usr/lib/x86_64-linux-gnu/libdrm.so.2.4.0
7f7bd73d5000-7f7bd73d6000 rw-p 0000b000 08:09 3672667                    /usr/lib/x86_64-linux-gnu/libdrm.so.2.4.0
7f7bd73d6000-7f7bd73d7000 r-xp 00000000 08:09 3679738                    /usr/lib/x86_64-linux-gnu/libxshmfence.so.1.0.0
7f7bd73d7000-7f7bd75d6000 ---p 00001000 08:09 3679738                    /usr/lib/x86_64-linux-gnu/libxshmfence.so.1.0.0
7f7bd75d6000-7f7bd75d7000 r--p 00000000 08:09 3679738                    /usr/lib/x86_64-linux-gnu/libxshmfence.so.1.0.0
7f7bd75d7000-7f7bd75d8000 rw-p 00001000 08:09 3679738                    /usr/lib/x86_64-linux-gnu/libxshmfence.so.1.0.0
7f7bd75d8000-7f7bd75dd000 r-xp 00000000 08:09 3679720                    /usr/lib/x86_64-linux-gnu/libxcb-sync.so.1.0.0
7f7bd75dd000-7f7bd77dc000 ---p 00005000 08:09 3679720                    /usr/lib/x86_64-linux-gnu/libxcb-sync.so.1.0.0
7f7bd77dc000-7f7bd77dd000 r--p 00004000 08:09 3679720                    /usr/lib/x86_64-linux-gnu/libxcb-sync.so.1.0.0
7f7bd77dd000-7f7bd77de000 rw-p 00005000 08:09 3679720                    /usr/lib/x86_64-linux-gnu/libxcb-sync.so.1.0.0
7f7bd77de000-7f7bd77e0000 r-xp 00000000 08:09 3679708                    /usr/lib/x86_64-linux-gnu/libxcb-present.so.0.0.0
7f7bd77e0000-7f7bd79df000 ---p 00002000 08:09 3679708                    /usr/lib/x86_64-linux-gnu/libxcb-present.so.0.0.0
7f7bd79df000-7f7bd79e0000 r--p 00001000 08:09 3679708                    /usr/lib/x86_64-linux-gnu/libxcb-present.so.0.0.0
7f7bd79e0000-7f7bd79e1000 rw-p 00002000 08:09 3679708                    /usr/lib/x86_64-linux-gnu/libxcb-present.so.0.0.0
7f7bd79e1000-7f7bd79e3000 r-xp 00000000 08:09 3679698                    /usr/lib/x86_64-linux-gnu/libxcb-dri3.so.0.0.0
7f7bd79e3000-7f7bd7be2000 ---p 00002000 08:09 3679698                    /usr/lib/x86_64-linux-gnu/libxcb-dri3.so.0.0.0
7f7bd7be2000-7f7bd7be3000 r--p 00001000 08:09 3679698                    /usr/lib/x86_64-linux-gnu/libxcb-dri3.so.0.0.0
7f7bd7be3000-7f7bd7be4000 rw-p 00002000 08:09 3679698                    /usr/lib/x86_64-linux-gnu/libxcb-dri3.so.0.0.0
7f7bd7be4000-7f7bd7be7000 r-xp 00000000 08:09 3679696                    /usr/lib/x86_64-linux-gnu/libxcb-dri2.so.0.0.0
7f7bd7be7000-7f7bd7de7000 ---p 00003000 08:09 3679696                    /usr/lib/x86_64-linux-gnu/libxcb-dri2.so.0.0.0
7f7bd7de7000-7f7bd7de8000 r--p 00003000 08:09 3679696                    /usr/lib/x86_64-linux-gnu/libxcb-dri2.so.0.0.0
7f7bd7de8000-7f7bd7de9000 rw-p 00004000 08:09 3679696                    /usr/lib/x86_64-linux-gnu/libxcb-dri2.so.0.0.0
7f7bd7de9000-7f7bd7dfe000 r-xp 00000000 08:09 3679700                    /usr/lib/x86_64-linux-gnu/libxcb-glx.so.0.0.0
7f7bd7dfe000-7f7bd7ffd000 ---p 00015000 08:09 3679700                    /usr/lib/x86_64-linux-gnu/libxcb-glx.so.0.0.0
7f7bd7ffd000-7f7bd7fff000 r--p 00014000 08:09 3679700                    /usr/lib/x86_64-linux-gnu/libxcb-glx.so.0.0.0
7f7bd7fff000-7f7bd8000000 rw-p 00016000 08:09 3679700                    /usr/lib/x86_64-linux-gnu/libxcb-glx.so.0.0.0
7f7bd8000000-7f7bd8021000 rw-p 00000000 00:00 0 
7f7bd8021000-7f7bdc000000 ---p 00000000 00:00 0 
7f7bdc0d4000-7f7bdc0d5000 r-xp 00000000 08:09 3678652                    /usr/lib/x86_64-linux-gnu/libX11-xcb.so.1.0.0
7f7bdc0d5000-7f7bdc2d4000 ---p 00001000 08:09 3678652                    /usr/lib/x86_64-linux-gnu/libX11-xcb.so.1.0.0
7f7bdc2d4000-7f7bdc2d5000 r--p 00000000 08:09 3678652                    /usr/lib/x86_64-linux-gnu/libX11-xcb.so.1.0.0
7f7bdc2d5000-7f7bdc2d6000 rw-p 00001000 08:09 3678652                    /usr/lib/x86_64-linux-gnu/libX11-xcb.so.1.0.0
7f7bdc2d6000-7f7bdc2db000 r-xp 00000000 08:09 3678673                    /usr/lib/x86_64-linux-gnu/libXfixes.so.3.1.0
7f7bdc2db000-7f7bdc4da000 ---p 00005000 08:09 3678673                    /usr/lib/x86_64-linux-gnu/libXfixes.so.3.1.0
7f7bdc4da000-7f7bdc4db000 r--p 00004000 08:09 3678673                    /usr/lib/x86_64-linux-gnu/libXfixes.so.3.1.0
7f7bdc4db000-7f7bdc4dc000 rw-p 00005000 08:09 3678673                    /usr/lib/x86_64-linux-gnu/libXfixes.so.3.1.0
7f7bdc4dc000-7f7bdc4de000 r-xp 00000000 08:09 3678667                    /usr/lib/x86_64-linux-gnu/libXdamage.so.1.1.0
7f7bdc4de000-7f7bdc6dd000 ---p 00002000 08:09 3678667                    /usr/lib/x86_64-linux-gnu/libXdamage.so.1.1.0
7f7bdc6dd000-7f7bdc6de000 r--p 00001000 08:09 3678667                    /usr/lib/x86_64-linux-gnu/libXdamage.so.1.1.0
7f7bdc6de000-7f7bdc6df000 rw-p 00002000 08:09 3678667                    /usr/lib/x86_64-linux-gnu/libXdamage.so.1.1.0
7f7bdc6df000-7f7bdc6f0000 r-xp 00000000 08:09 3678671                    /usr/lib/x86_64-linux-gnu/libXext.so.6.4.0
7f7bdc6f0000-7f7bdc8ef000 ---p 00011000 08:09 3678671                    /usr/lib/x86_64-linux-gnu/libXext.so.6.4.0
7f7bdc8ef000-7f7bdc8f0000 r--p 00010000 08:09 3678671                    /usr/lib/x86_64-linux-gnu/libXext.so.6.4.0
7f7bdc8f0000-7f7bdc8f1000 rw-p 00011000 08:09 3678671                    /usr/lib/x86_64-linux-gnu/libXext.so.6.4.0
7f7bdc8f1000-7f7bdc913000 r-xp 00000000 08:09 3672157                    /usr/lib/x86_64-linux-gnu/libglapi.so.0.0.0
7f7bdc913000-7f7bdcb13000 ---p 00022000 08:09 3672157                    /usr/lib/x86_64-linux-gnu/libglapi.so.0.0.0
7f7bdcb13000-7f7bdcb16000 r--p 00022000 08:09 3672157                    /usr/lib/x86_64-linux-gnu/libglapi.so.0.0.0
7f7bdcb16000-7f7bdcb17000 rw-p 00025000 08:09 3672157                    /usr/lib/x86_64-linux-gnu/libglapi.so.0.0.0
7f7bdcb17000-7f7bdcb18000 rw-p 00000000 00:00 0 
7f7bdcb18000-7f7bdcb35000 r-xp 00000000 08:09 3679728                    /usr/lib/x86_64-linux-gnu/libxcb.so.1.1.0
7f7bdcb35000-7f7bdcd35000 ---p 0001d000 08:09 3679728                    /usr/lib/x86_64-linux-gnu/libxcb.so.1.1.0
7f7bdcd35000-7f7bdcd36000 r--p 0001d000 08:09 3679728                    /usr/lib/x86_64-linux-gnu/libxcb.so.1.1.0
7f7bdcd36000-7f7bdcd37000 rw-p 0001e000 08:09 3679728                    /usr/lib/x86_64-linux-gnu/libxcb.so.1.1.0
7f7bdcd37000-7f7bdcd40000 r-xp 00000000 08:09 3678665                    /usr/lib/x86_64-linux-gnu/libXcursor.so.1.0.2
7f7bdcd40000-7f7bdcf3f000 ---p 00009000 08:09 3678665                    /usr/lib/x86_64-linux-gnu/libXcursor.so.1.0.2
7f7bdcf3f000-7f7bdcf40000 r--p 00008000 08:09 3678665                    /usr/lib/x86_64-linux-gnu/libXcursor.so.1.0.2
7f7bdcf40000-7f7bdcf41000 rw-p 00009000 08:09 3678665                    /usr/lib/x86_64-linux-gnu/libXcursor.so.1.0.2
7f7bdcf41000-7f7bdcf43000 r-xp 00000000 08:09 3678681                    /usr/lib/x86_64-linux-gnu/libXinerama.so.1.0.0
7f7bdcf43000-7f7bdd142000 ---p 00002000 08:09 3678681                    /usr/lib/x86_64-linux-gnu/libXinerama.so.1.0.0
7f7bdd142000-7f7bdd143000 r--p 00001000 08:09 3678681                    /usr/lib/x86_64-linux-gnu/libXinerama.so.1.0.0
7f7bdd143000-7f7bdd144000 rw-p 00002000 08:09 3678681                    /usr/lib/x86_64-linux-gnu/libXinerama.so.1.0.0
7f7bdd144000-7f7bdd148000 r-xp 00000000 08:09 3678709                    /usr/lib/x86_64-linux-gnu/libXxf86vm.so.1.0.0
7f7bdd148000-7f7bdd348000 ---p 00004000 08:09 3678709                    /usr/lib/x86_64-linux-gnu/libXxf86vm.so.1.0.0
7f7bdd348000-7f7bdd349000 r--p 00004000 08:09 3678709                    /usr/lib/x86_64-linux-gnu/libXxf86vm.so.1.0.0
7f7bdd349000-7f7bdd34a000 rw-p 00005000 08:09 3678709                    /usr/lib/x86_64-linux-gnu/libXxf86vm.so.1.0.0
7f7bdd34a000-7f7bdd353000 r-xp 00000000 08:09 3678691                    /usr/lib/x86_64-linux-gnu/libXrandr.so.2.2.0
7f7bdd353000-7f7bdd552000 ---p 00009000 08:09 3678691                    /usr/lib/x86_64-linux-gnu/libXrandr.so.2.2.0
7f7bdd552000-7f7bdd553000 r--p 00008000 08:09 3678691                    /usr/lib/x86_64-linux-gnu/libXrandr.so.2.2.0
7f7bdd553000-7f7bdd554000 rw-p 00009000 08:09 3678691                    /usr/lib/x86_64-linux-gnu/libXrandr.so.2.2.0
7f7bdd554000-7f7bdd563000 r-xp 00000000 08:09 3678679                    /usr/lib/x86_64-linux-gnu/libXi.so.6.1.0
7f7bdd563000-7f7bdd762000 ---p 0000f000 08:09 3678679                    /usr/lib/x86_64-linux-gnu/libXi.so.6.1.0
7f7bdd762000-7f7bdd763000 r--p 0000e000 08:09 3678679                    /usr/lib/x86_64-linux-gnu/libXi.so.6.1.0
7f7bdd763000-7f7bdd764000 rw-p 0000f000 08:09 3678679                    /usr/lib/x86_64-linux-gnu/libXi.so.6.1.0
7f7bdd764000-7f7bdd7c6000 r-xp 00000000 08:09 3934455                    /usr/lib/x86_64-linux-gnu/mesa/libGL.so.1.2.0
7f7bdd7c6000-7f7bdd9c5000 ---p 00062000 08:09 3934455                    /usr/lib/x86_64-linux-gnu/mesa/libGL.so.1.2.0
7f7bdd9c5000-7f7bdd9c8000 r--p 00061000 08:09 3934455                    /usr/lib/x86_64-linux-gnu/mesa/libGL.so.1.2.0
7f7bdd9c8000-7f7bdd9c9000 rw-p 00064000 08:09 3934455                    /usr/lib/x86_64-linux-gnu/mesa/libGL.so.1.2.0
7f7bdd9c9000-7f7bdd9ca000 rw-p 00000000 00:00 0 
7f7bdd9ca000-7f7bddafa000 r-xp 00000000 08:09 3678654                    /usr/lib/x86_64-linux-gnu/libX11.so.6.3.0
7f7bddafa000-7f7bddcfa000 ---p 00130000 08:09 3678654                    /usr/lib/x86_64-linux-gnu/libX11.so.6.3.0
7f7bddcfa000-7f7bddcfb000 r--p 00130000 08:09 3678654                    /usr/lib/x86_64-linux-gnu/libX11.so.6.3.0
7f7bddcfb000-7f7bddcff000 rw-p 00131000 08:09 3678654                    /usr/lib/x86_64-linux-gnu/libX11.so.6.3.0
7f7bddcff000-7f7bddd6e000 r-xp 00000000 08:09 2102220                    /home/raul/lwjgl/native/linux/x64/liblwjgl.so
7f7bddd6e000-7f7bddf6d000 ---p 0006f000 08:09 2102220                    /home/raul/lwjgl/native/linux/x64/liblwjgl.so
7f7bddf6d000-7f7bddf6e000 r--p 0006e000 08:09 2102220                    /home/raul/lwjgl/native/linux/x64/liblwjgl.so
7f7bddf6e000-7f7bddf6f000 rw-p 0006f000 08:09 2102220                    /home/raul/lwjgl/native/linux/x64/liblwjgl.so
7f7bddf6f000-7f7be0000000 rw-p 00000000 00:00 0 
7f7be0000000-7f7be0021000 rw-p 00000000 00:00 0 
7f7be0021000-7f7be4000000 ---p 00000000 00:00 0 
7f7be4079000-7f7be4081000 rw-s 00000000 00:04 32888                      /drm mm object (deleted)
7f7be4081000-7f7be40f0000 rw-p 00000000 00:00 0 
7f7be40f0000-7f7be4116000 r--p 00000000 08:09 4329090                    /usr/share/locale-langpack/es/LC_MESSAGES/libc.mo
7f7be4116000-7f7be4117000 ---p 00000000 00:00 0 
7f7be4117000-7f7be4217000 rw-p 00000000 00:00 0                          [stack:4967]
7f7be4217000-7f7be421a000 ---p 00000000 00:00 0 
7f7be421a000-7f7be4318000 rw-p 00000000 00:00 0                          [stack:4966]
7f7be4318000-7f7be431b000 ---p 00000000 00:00 0 
7f7be431b000-7f7be4419000 rw-p 00000000 00:00 0                          [stack:4965]
7f7be4419000-7f7be441c000 ---p 00000000 00:00 0 
7f7be441c000-7f7be451a000 rw-p 00000000 00:00 0                          [stack:4964]
7f7be451a000-7f7be451d000 ---p 00000000 00:00 0 
7f7be451d000-7f7be461b000 rw-p 00000000 00:00 0                          [stack:4963]
7f7be461b000-7f7be4cfd000 r--p 00000000 08:09 3677561                    /usr/lib/locale/locale-archive
7f7be4cfd000-7f7be4d00000 ---p 00000000 00:00 0 
7f7be4d00000-7f7be4dfe000 rw-p 00000000 00:00 0                          [stack:4962]
7f7be4dfe000-7f7be4e01000 ---p 00000000 00:00 0 
7f7be4e01000-7f7be4eff000 rw-p 00000000 00:00 0                          [stack:4961]
7f7be4eff000-7f7be4f00000 ---p 00000000 00:00 0 
7f7be4f00000-7f7be5000000 rw-p 00000000 00:00 0                          [stack:4960]
7f7be5000000-7f7be5270000 rwxp 00000000 00:00 0 
7f7be5270000-7f7be895c000 rw-p 00000000 00:00 0 
7f7be895c000-7f7bec000000 ---p 00000000 00:00 0 
7f7bec002000-7f7bec00a000 rw-s 00000000 00:04 32887                      /drm mm object (deleted)
7f7bec00a000-7f7bec012000 rw-s 00000000 00:04 32883                      /drm mm object (deleted)
7f7bec012000-7f7bec019000 r--s 00000000 08:09 3939448                    /usr/lib/x86_64-linux-gnu/gconv/gconv-modules.cache
7f7bec019000-7f7bed018000 rw-p 00000000 00:00 0 
7f7bed018000-7f7bed1d7000 r--s 039eb000 08:09 1837861                    /home/raul/jdk1.7.0_75/jre/lib/rt.jar
7f7bed1d7000-7f7bed4d9000 rw-p 00000000 00:00 0 
7f7bed4d9000-7f7bed4da000 ---p 00000000 00:00 0 
7f7bed4da000-7f7bed5da000 rw-p 00000000 00:00 0                          [stack:4959]
7f7bed5da000-7f7bed5db000 ---p 00000000 00:00 0 
7f7bed5db000-7f7bed6db000 rw-p 00000000 00:00 0                          [stack:4958]
7f7bed6db000-7f7bed6dc000 ---p 00000000 00:00 0 
7f7bed6dc000-7f7bed7dc000 rw-p 00000000 00:00 0                          [stack:4957]
7f7bed7dc000-7f7bed7dd000 ---p 00000000 00:00 0 
7f7bed7dd000-7f7bed8e8000 rw-p 00000000 00:00 0                          [stack:4956]
7f7bed8e8000-7f7bed906000 rw-p 00000000 00:00 0 
7f7bed906000-7f7bed91a000 rw-p 00000000 00:00 0 
7f7bed91a000-7f7beda46000 rw-p 00000000 00:00 0 
7f7beda46000-7f7beda51000 rw-p 00000000 00:00 0 
7f7beda51000-7f7beda6f000 rw-p 00000000 00:00 0 
7f7beda6f000-7f7beda83000 rw-p 00000000 00:00 0 
7f7beda83000-7f7bedbaf000 rw-p 00000000 00:00 0 
7f7bedbaf000-7f7bedbb9000 rw-p 00000000 00:00 0 
7f7bedbb9000-7f7bedc4f000 rw-p 00000000 00:00 0 
7f7bedc4f000-7f7bedc50000 rw-p 00000000 00:00 0 
7f7bedc50000-7f7bedc6a000 r-xp 00000000 08:09 1837823                    /home/raul/jdk1.7.0_75/jre/lib/amd64/libzip.so
7f7bedc6a000-7f7bede6a000 ---p 0001a000 08:09 1837823                    /home/raul/jdk1.7.0_75/jre/lib/amd64/libzip.so
7f7bede6a000-7f7bede6b000 rw-p 0001a000 08:09 1837823                    /home/raul/jdk1.7.0_75/jre/lib/amd64/libzip.so
7f7bede6b000-7f7bede76000 r-xp 00000000 08:09 2625429                    /lib/x86_64-linux-gnu/libnss_files-2.19.so
7f7bede76000-7f7bee075000 ---p 0000b000 08:09 2625429                    /lib/x86_64-linux-gnu/libnss_files-2.19.so
7f7bee075000-7f7bee076000 r--p 0000a000 08:09 2625429                    /lib/x86_64-linux-gnu/libnss_files-2.19.so
7f7bee076000-7f7bee077000 rw-p 0000b000 08:09 2625429                    /lib/x86_64-linux-gnu/libnss_files-2.19.so
7f7bee077000-7f7bee082000 r-xp 00000000 08:09 2621542                    /lib/x86_64-linux-gnu/libnss_nis-2.19.so
7f7bee082000-7f7bee281000 ---p 0000b000 08:09 2621542                    /lib/x86_64-linux-gnu/libnss_nis-2.19.so
7f7bee281000-7f7bee282000 r--p 0000a000 08:09 2621542                    /lib/x86_64-linux-gnu/libnss_nis-2.19.so
7f7bee282000-7f7bee283000 rw-p 0000b000 08:09 2621542                    /lib/x86_64-linux-gnu/libnss_nis-2.19.so
7f7bee283000-7f7bee29a000 r-xp 00000000 08:09 2621536                    /lib/x86_64-linux-gnu/libnsl-2.19.so
7f7bee29a000-7f7bee499000 ---p 00017000 08:09 2621536                    /lib/x86_64-linux-gnu/libnsl-2.19.so
7f7bee499000-7f7bee49a000 r--p 00016000 08:09 2621536                    /lib/x86_64-linux-gnu/libnsl-2.19.so
7f7bee49a000-7f7bee49b000 rw-p 00017000 08:09 2621536                    /lib/x86_64-linux-gnu/libnsl-2.19.so
7f7bee49b000-7f7bee49d000 rw-p 00000000 00:00 0 
7f7bee49d000-7f7bee4a6000 r-xp 00000000 08:09 2621533                    /lib/x86_64-linux-gnu/libnss_compat-2.19.so
7f7bee4a6000-7f7bee6a5000 ---p 00009000 08:09 2621533                    /lib/x86_64-linux-gnu/libnss_compat-2.19.so
7f7bee6a5000-7f7bee6a6000 r--p 00008000 08:09 2621533                    /lib/x86_64-linux-gnu/libnss_compat-2.19.so
7f7bee6a6000-7f7bee6a7000 rw-p 00009000 08:09 2621533                    /lib/x86_64-linux-gnu/libnss_compat-2.19.so
7f7bee6a7000-7f7bee6d0000 r-xp 00000000 08:09 1837758                    /home/raul/jdk1.7.0_75/jre/lib/amd64/libjava.so
7f7bee6d0000-7f7bee8d0000 ---p 00029000 08:09 1837758                    /home/raul/jdk1.7.0_75/jre/lib/amd64/libjava.so
7f7bee8d0000-7f7bee8d2000 rw-p 00029000 08:09 1837758                    /home/raul/jdk1.7.0_75/jre/lib/amd64/libjava.so
7f7bee8d2000-7f7bee8df000 r-xp 00000000 08:09 1837636                    /home/raul/jdk1.7.0_75/jre/lib/amd64/libverify.so
7f7bee8df000-7f7beeade000 ---p 0000d000 08:09 1837636                    /home/raul/jdk1.7.0_75/jre/lib/amd64/libverify.so
7f7beeade000-7f7beeae0000 rw-p 0000c000 08:09 1837636                    /home/raul/jdk1.7.0_75/jre/lib/amd64/libverify.so
7f7beeae0000-7f7beeae7000 r-xp 00000000 08:09 2621470                    /lib/x86_64-linux-gnu/librt-2.19.so
7f7beeae7000-7f7beece6000 ---p 00007000 08:09 2621470                    /lib/x86_64-linux-gnu/librt-2.19.so
7f7beece6000-7f7beece7000 r--p 00006000 08:09 2621470                    /lib/x86_64-linux-gnu/librt-2.19.so
7f7beece7000-7f7beece8000 rw-p 00007000 08:09 2621470                    /lib/x86_64-linux-gnu/librt-2.19.so
7f7beece8000-7f7beeded000 r-xp 00000000 08:09 2621535                    /lib/x86_64-linux-gnu/libm-2.19.so
7f7beeded000-7f7beefec000 ---p 00105000 08:09 2621535                    /lib/x86_64-linux-gnu/libm-2.19.so
7f7beefec000-7f7beefed000 r--p 00104000 08:09 2621535                    /lib/x86_64-linux-gnu/libm-2.19.so
7f7beefed000-7f7beefee000 rw-p 00105000 08:09 2621535                    /lib/x86_64-linux-gnu/libm-2.19.so
7f7beefee000-7f7befb61000 r-xp 00000000 08:09 1837408                    /home/raul/jdk1.7.0_75/jre/lib/amd64/server/libjvm.so
7f7befb61000-7f7befd61000 ---p 00b73000 08:09 1837408                    /home/raul/jdk1.7.0_75/jre/lib/amd64/server/libjvm.so
7f7befd61000-7f7befe25000 rw-p 00b73000 08:09 1837408                    /home/raul/jdk1.7.0_75/jre/lib/amd64/server/libjvm.so
7f7befe25000-7f7befe66000 rw-p 00000000 00:00 0 
7f7befe66000-7f7bf0021000 r-xp 00000000 08:09 2621469                    /lib/x86_64-linux-gnu/libc-2.19.so
7f7bf0021000-7f7bf0221000 ---p 001bb000 08:09 2621469                    /lib/x86_64-linux-gnu/libc-2.19.so
7f7bf0221000-7f7bf0225000 r--p 001bb000 08:09 2621469                    /lib/x86_64-linux-gnu/libc-2.19.so
7f7bf0225000-7f7bf0227000 rw-p 001bf000 08:09 2621469                    /lib/x86_64-linux-gnu/libc-2.19.so
7f7bf0227000-7f7bf022c000 rw-p 00000000 00:00 0 
7f7bf022c000-7f7bf022f000 r-xp 00000000 08:09 2621531                    /lib/x86_64-linux-gnu/libdl-2.19.so
7f7bf022f000-7f7bf042e000 ---p 00003000 08:09 2621531                    /lib/x86_64-linux-gnu/libdl-2.19.so
7f7bf042e000-7f7bf042f000 r--p 00002000 08:09 2621531                    /lib/x86_64-linux-gnu/libdl-2.19.so
7f7bf042f000-7f7bf0430000 rw-p 00003000 08:09 2621531                    /lib/x86_64-linux-gnu/libdl-2.19.so
7f7bf0430000-7f7bf0446000 r-xp 00000000 08:09 1837831                    /home/raul/jdk1.7.0_75/lib/amd64/jli/libjli.so
7f7bf0446000-7f7bf0646000 ---p 00016000 08:09 1837831                    /home/raul/jdk1.7.0_75/lib/amd64/jli/libjli.so
7f7bf0646000-7f7bf0647000 rw-p 00016000 08:09 1837831                    /home/raul/jdk1.7.0_75/lib/amd64/jli/libjli.so
7f7bf0647000-7f7bf0660000 r-xp 00000000 08:09 2621544                    /lib/x86_64-linux-gnu/libpthread-2.19.so
7f7bf0660000-7f7bf085f000 ---p 00019000 08:09 2621544                    /lib/x86_64-linux-gnu/libpthread-2.19.so
7f7bf085f000-7f7bf0860000 r--p 00018000 08:09 2621544                    /lib/x86_64-linux-gnu/libpthread-2.19.so
7f7bf0860000-7f7bf0861000 rw-p 00019000 08:09 2621544                    /lib/x86_64-linux-gnu/libpthread-2.19.so
7f7bf0861000-7f7bf0865000 rw-p 00000000 00:00 0 
7f7bf0865000-7f7bf0888000 r-xp 00000000 08:09 2621459                    /lib/x86_64-linux-gnu/ld-2.19.so
7f7bf088a000-7f7bf088b000 rw-p 00000000 00:00 0 
7f7bf088b000-7f7bf088c000 rw-s 00000000 00:04 32900                      /drm mm object (deleted)
7f7bf088c000-7f7bf088d000 rw-s 00000000 00:04 32892                      /drm mm object (deleted)
7f7bf088d000-7f7bf088e000 rwxp 00000000 00:00 0 
7f7bf088e000-7f7bf08ad000 rw-p 00000000 00:00 0 
7f7bf08ad000-7f7bf0963000 rw-p 00000000 00:00 0 
7f7bf0963000-7f7bf0966000 ---p 00000000 00:00 0 
7f7bf0966000-7f7bf0a68000 rw-p 00000000 00:00 0                          [stack:4955]
7f7bf0a68000-7f7bf0a69000 rw-s 00000000 00:04 32884                      /drm mm object (deleted)
7f7bf0a69000-7f7bf0a6a000 rwxp 00000000 00:00 0 
7f7bf0a6a000-7f7bf0a6c000 r--s 00004000 08:09 1968631                    /home/raul/.netbeans/8.0.2/gluegen-runtime/gluegen-rt.jar
7f7bf0a6c000-7f7bf0a7b000 r--s 0012e000 08:09 2102216                    /home/raul/lwjgl/jar/lwjgl.jar
7f7bf0a7b000-7f7bf0a83000 rw-s 00000000 08:09 4080580                    /tmp/hsperfdata_raul/4951
7f7bf0a83000-7f7bf0a84000 rw-p 00000000 00:00 0 
7f7bf0a84000-7f7bf0a85000 r--p 00000000 00:00 0 
7f7bf0a85000-7f7bf0a87000 rw-p 00000000 00:00 0 
7f7bf0a87000-7f7bf0a88000 r--p 00022000 08:09 2621459                    /lib/x86_64-linux-gnu/ld-2.19.so
7f7bf0a88000-7f7bf0a89000 rw-p 00023000 08:09 2621459                    /lib/x86_64-linux-gnu/ld-2.19.so
7f7bf0a89000-7f7bf0a8a000 rw-p 00000000 00:00 0 
7fffe8091000-7fffe80b2000 rw-p 00000000 00:00 0                          [stack]
7fffe80fc000-7fffe80fe000 r-xp 00000000 00:00 0                          [vdso]
ffffffffff600000-ffffffffff601000 r-xp 00000000 00:00 0                  [vsyscall]

VM Arguments:
jvm_args: -Dfile.encoding=UTF-8 -Djava.library.path=/home/raul/lwjgl/native/linux/x64 
java_command: simulador.Main
Launcher Type: SUN_STANDARD

Environment Variables:
PATH=/usr/local/sbin:/usr/local/bin:/usr/sbin:/usr/bin:/sbin:/bin:/usr/games:/usr/local/games
LD_LIBRARY_PATH=/home/raul/jdk1.7.0_75/jre/lib/amd64:/home/raul/jdk1.7.0_75/jre/lib/i386:
SHELL=/bin/bash
DISPLAY=:0.0

Signal Handlers:
SIGSEGV: [libjvm.so+0x9a21f0], sa_mask[0]=0x7ffbfeff, sa_flags=0x10000004
SIGBUS: [libjvm.so+0x9a21f0], sa_mask[0]=0x7ffbfeff, sa_flags=0x10000004
SIGFPE: [libjvm.so+0x81ba40], sa_mask[0]=0x7ffbfeff, sa_flags=0x10000004
SIGPIPE: [libjvm.so+0x81ba40], sa_mask[0]=0x7ffbfeff, sa_flags=0x10000004
SIGXFSZ: [libjvm.so+0x81ba40], sa_mask[0]=0x7ffbfeff, sa_flags=0x10000004
SIGILL: [libjvm.so+0x81ba40], sa_mask[0]=0x7ffbfeff, sa_flags=0x10000004
SIGUSR1: SIG_DFL, sa_mask[0]=0x00000000, sa_flags=0x00000000
SIGUSR2: [libjvm.so+0x81d240], sa_mask[0]=0x00000004, sa_flags=0x10000004
SIGHUP: [libjvm.so+0x81e360], sa_mask[0]=0x7ffbfeff, sa_flags=0x10000004
SIGINT: SIG_IGN, sa_mask[0]=0x00000000, sa_flags=0x00000000
SIGTERM: [libjvm.so+0x81e360], sa_mask[0]=0x7ffbfeff, sa_flags=0x10000004
SIGQUIT: [libjvm.so+0x81e360], sa_mask[0]=0x7ffbfeff, sa_flags=0x10000004


---------------  S Y S T E M  ---------------

OS:jessie/sid

uname:Linux 3.13.0-45-generic #74-Ubuntu SMP Tue Jan 13 19:36:28 UTC 2015 x86_64
libc:glibc 2.19 NPTL 2.19 
rlimit: STACK 8192k, CORE 0k, NPROC 29139, NOFILE 4096, AS infinity
load average:0,11 0,12 0,17

/proc/meminfo:
MemTotal:        3931356 kB
MemFree:         1749268 kB
Buffers:           77796 kB
Cached:          1004060 kB
SwapCached:            0 kB
Active:          1123172 kB
Inactive:         913908 kB
Active(anon):     956884 kB
Inactive(anon):   172836 kB
Active(file):     166288 kB
Inactive(file):   741072 kB
Unevictable:          48 kB
Mlocked:              48 kB
SwapTotal:       4077564 kB
SwapFree:        4077564 kB
Dirty:               288 kB
Writeback:             4 kB
AnonPages:        955628 kB
Mapped:           138692 kB
Shmem:            174500 kB
Slab:              66816 kB
SReclaimable:      40020 kB
SUnreclaim:        26796 kB
KernelStack:        3032 kB
PageTables:        23660 kB
NFS_Unstable:          0 kB
Bounce:                0 kB
WritebackTmp:          0 kB
CommitLimit:     6043240 kB
Committed_AS:    3251120 kB
VmallocTotal:   34359738367 kB
VmallocUsed:      350760 kB
VmallocChunk:   34359379288 kB
HardwareCorrupted:     0 kB
AnonHugePages:    722944 kB
HugePages_Total:       0
HugePages_Free:        0
HugePages_Rsvd:        0
HugePages_Surp:        0
Hugepagesize:       2048 kB
DirectMap4k:       79936 kB
DirectMap2M:     3997696 kB


CPU:total 4 (2 cores per cpu, 2 threads per core) family 6 model 58 stepping 9, cmov, cx8, fxsr, mmx, sse, sse2, sse3, ssse3, sse4.1, sse4.2, popcnt, avx, aes, erms, ht, tsc, tscinvbit, tscinv

/proc/cpuinfo:
processor	: 0
vendor_id	: GenuineIntel
cpu family	: 6
model		: 58
model name	: Intel(R) Core(TM) i5-3230M CPU @ 2.60GHz
stepping	: 9
microcode	: 0x12
cpu MHz		: 2601.000
cache size	: 3072 KB
physical id	: 0
siblings	: 4
core id		: 0
cpu cores	: 2
apicid		: 0
initial apicid	: 0
fpu		: yes
fpu_exception	: yes
cpuid level	: 13
wp		: yes
flags		: fpu vme de pse tsc msr pae mce cx8 apic sep mtrr pge mca cmov pat pse36 clflush dts acpi mmx fxsr sse sse2 ss ht tm pbe syscall nx rdtscp lm constant_tsc arch_perfmon pebs bts rep_good nopl xtopology nonstop_tsc aperfmperf eagerfpu pni pclmulqdq dtes64 monitor ds_cpl vmx est tm2 ssse3 cx16 xtpr pdcm pcid sse4_1 sse4_2 x2apic popcnt tsc_deadline_timer aes xsave avx f16c rdrand lahf_lm ida arat epb xsaveopt pln pts dtherm tpr_shadow vnmi flexpriority ept vpid fsgsbase smep erms
bogomips	: 5187.96
clflush size	: 64
cache_alignment	: 64
address sizes	: 36 bits physical, 48 bits virtual
power management:

processor	: 1
vendor_id	: GenuineIntel
cpu family	: 6
model		: 58
model name	: Intel(R) Core(TM) i5-3230M CPU @ 2.60GHz
stepping	: 9
microcode	: 0x12
cpu MHz		: 1200.000
cache size	: 3072 KB
physical id	: 0
siblings	: 4
core id		: 1
cpu cores	: 2
apicid		: 2
initial apicid	: 2
fpu		: yes
fpu_exception	: yes
cpuid level	: 13
wp		: yes
flags		: fpu vme de pse tsc msr pae mce cx8 apic sep mtrr pge mca cmov pat pse36 clflush dts acpi mmx fxsr sse sse2 ss ht tm pbe syscall nx rdtscp lm constant_tsc arch_perfmon pebs bts rep_good nopl xtopology nonstop_tsc aperfmperf eagerfpu pni pclmulqdq dtes64 monitor ds_cpl vmx est tm2 ssse3 cx16 xtpr pdcm pcid sse4_1 sse4_2 x2apic popcnt tsc_deadline_timer aes xsave avx f16c rdrand lahf_lm ida arat epb xsaveopt pln pts dtherm tpr_shadow vnmi flexpriority ept vpid fsgsbase smep erms
bogomips	: 5187.96
clflush size	: 64
cache_alignment	: 64
address sizes	: 36 bits physical, 48 bits virtual
power management:

processor	: 2
vendor_id	: GenuineIntel
cpu family	: 6
model		: 58
model name	: Intel(R) Core(TM) i5-3230M CPU @ 2.60GHz
stepping	: 9
microcode	: 0x12
cpu MHz		: 2601.000
cache size	: 3072 KB
physical id	: 0
siblings	: 4
core id		: 0
cpu cores	: 2
apicid		: 1
initial apicid	: 1
fpu		: yes
fpu_exception	: yes
cpuid level	: 13
wp		: yes
flags		: fpu vme de pse tsc msr pae mce cx8 apic sep mtrr pge mca cmov pat pse36 clflush dts acpi mmx fxsr sse sse2 ss ht tm pbe syscall nx rdtscp lm constant_tsc arch_perfmon pebs bts rep_good nopl xtopology nonstop_tsc aperfmperf eagerfpu pni pclmulqdq dtes64 monitor ds_cpl vmx est tm2 ssse3 cx16 xtpr pdcm pcid sse4_1 sse4_2 x2apic popcnt tsc_deadline_timer aes xsave avx f16c rdrand lahf_lm ida arat epb xsaveopt pln pts dtherm tpr_shadow vnmi flexpriority ept vpid fsgsbase smep erms
bogomips	: 5187.96
clflush size	: 64
cache_alignment	: 64
address sizes	: 36 bits physical, 48 bits virtual
power management:

processor	: 3
vendor_id	: GenuineIntel
cpu family	: 6
model		: 58
model name	: Intel(R) Core(TM) i5-3230M CPU @ 2.60GHz
stepping	: 9
microcode	: 0x12
cpu MHz		: 2601.000
cache size	: 3072 KB
physical id	: 0
siblings	: 4
core id		: 1
cpu cores	: 2
apicid		: 3
initial apicid	: 3
fpu		: yes
fpu_exception	: yes
cpuid level	: 13
wp		: yes
flags		: fpu vme de pse tsc msr pae mce cx8 apic sep mtrr pge mca cmov pat pse36 clflush dts acpi mmx fxsr sse sse2 ss ht tm pbe syscall nx rdtscp lm constant_tsc arch_perfmon pebs bts rep_good nopl xtopology nonstop_tsc aperfmperf eagerfpu pni pclmulqdq dtes64 monitor ds_cpl vmx est tm2 ssse3 cx16 xtpr pdcm pcid sse4_1 sse4_2 x2apic popcnt tsc_deadline_timer aes xsave avx f16c rdrand lahf_lm ida arat epb xsaveopt pln pts dtherm tpr_shadow vnmi flexpriority ept vpid fsgsbase smep erms
bogomips	: 5187.96
clflush size	: 64
cache_alignment	: 64
address sizes	: 36 bits physical, 48 bits virtual
power management:



Memory: 4k page, physical 3931356k(1749268k free), swap 4077564k(4077564k free)

vm_info: Java HotSpot(TM) 64-Bit Server VM (24.75-b04) for linux-amd64 JRE (1.7.0_75-b13), built on Dec 18 2014 16:45:18 by "java_re" with gcc 4.3.0 20080428 (Red Hat 4.3.0-8)

time: Wed Mar 25 13:57:54 2015
elapsed time: 0 seconds

