#
# A fatal error has been detected by the Java Runtime Environment:
#
#  SIGSEGV (0xb) at pc=0x00007f87ca968b80, pid=4526, tid=140221208123136
#
# JRE version: Java(TM) SE Runtime Environment (7.0_75-b13) (build 1.7.0_75-b13)
# Java VM: Java HotSpot(TM) 64-Bit Server VM (24.75-b04 mixed mode linux-amd64 compressed oops)
# Problematic frame:
# C  [libc.so.6+0x98b80]  envz_strip+0x610
#
# Failed to write core dump. Core dumps have been disabled. To enable core dumping, try "ulimit -c unlimited" before starting Java again
#
# If you would like to submit a bug report, please visit:
#   http://bugreport.sun.com/bugreport/crash.jsp
# The crash happened outside the Java Virtual Machine in native code.
# See problematic frame for where to report the bug.
#

---------------  T H R E A D  ---------------

Current thread (0x00007f87c400a000):  JavaThread "main" [_thread_in_native, id=4530, stack(0x00007f87cb3cd000,0x00007f87cb4ce000)]

siginfo:si_signo=SIGSEGV: si_errno=0, si_code=1 (SEGV_MAPERR), si_addr=0x0000000000000000

Registers:
RAX=0xffff807878c5735c, RBX=0x00007f878733d038, RCX=0x0000000000000060, RDX=0x0000000000000030
RSP=0x00007f87cb4cc368, RBP=0x0000000000000000, RSI=0x0000000000000000, RDI=0x00007f87873a8c74
R8 =0x0000000000000007, R9 =0x0000000000000010, R10=0x0000000000000000, R11=0x0000000000000246
R12=0x0000000000000030, R13=0x0000000000000030, R14=0x0000000000000000, R15=0x00007f87873aa158
RIP=0x00007f87ca968b80, EFLAGS=0x0000000000010202, CSGSFS=0x0000000000000033, ERR=0x0000000000000004
  TRAPNO=0x000000000000000e

Top of Stack: (sp=0x00007f87cb4cc368)
0x00007f87cb4cc368:   00007f87887fb0dd 0000000000000000
0x00007f87cb4cc378:   0000000000000000 0000000000000000
0x00007f87cb4cc388:   00007f87873aa160 0000000000000010
0x00007f87cb4cc398:   0000000000000010 00007f87873aa158
0x00007f87cb4cc3a8:   0000000000000002 0000000000000000
0x00007f87cb4cc3b8:   00007f878881f1ee 0000000000000001
0x00007f87cb4cc3c8:   00007f878733d038 00007f87c48fa500
0x00007f87cb4cc3d8:   00007f8700000030 0000000000000011
0x00007f87cb4cc3e8:   00007f87873aa160 00007f87873a9fd8
0x00007f87cb4cc3f8:   00007f878733d038 00007f87cb4cc450
0x00007f87cb4cc408:   0000000000000000 0000000000000000
0x00007f87cb4cc418:   00007f878881fae4 0000000000800016
0x00007f87cb4cc428:   00007f8700000002 0000000200000000
0x00007f87cb4cc438:   0000000000000002 0080001600000078
0x00007f87cb4cc448:   0000000200000000 00007f87873a9fd8
0x00007f87cb4cc458:   00007f87873a9ff0 00007f8788c5d2e8
0x00007f87cb4cc468:   0000000000000001 00007f87c493e658
0x00007f87cb4cc478:   00007f878733d038 00007f87c476f120
0x00007f87cb4cc488:   0000000000000000 0000000000000000
0x00007f87cb4cc498:   0000000000000001 00000000304c0aff
0x00007f87cb4cc4a8:   00007f878832c03d 00007f8700000000
0x00007f87cb4cc4b8:   00007f878733d038 00007f87c431fb20
0x00007f87cb4cc4c8:   00007f87887eb4df 00007f878733d038
0x00007f87cb4cc4d8:   00007f87c476e710 00007f87c476ee70
0x00007f87cb4cc4e8:   00007f87888ac70c 00007f87c476e9c0
0x00007f87cb4cc4f8:   0000000000000001 00007f8700000000
0x00007f87cb4cc508:   0000000000000000 00007f87c476e710
0x00007f87cb4cc518:   00007f878733d038 0000000000000001
0x00007f87cb4cc528:   00007f87c476ee70 0000000000000001
0x00007f87cb4cc538:   00007f87c476e710 0000000000000000
0x00007f87cb4cc548:   00007f8788860974 0000000000000001
0x00007f87cb4cc558:   00007f8700000001 00000000000002bc 

Instructions: (pc=0x00007f87ca968b80)
0x00007f87ca968b60:   48 89 f0 48 8d 0c 12 48 29 f8 48 29 d0 48 39 c8
0x00007f87ca968b70:   0f 82 07 01 00 00 48 83 fa 10 0f 86 8b 01 00 00
0x00007f87ca968b80:   f3 44 0f 6f 06 48 83 fa 20 f3 44 0f 7f 07 f3 44
0x00007f87ca968b90:   0f 6f 44 16 f0 f3 44 0f 7f 44 17 f0 77 12 48 89 

Register to memory mapping:

RAX=0xffff807878c5735c is an unknown value
RBX=0x00007f878733d038 is an unknown value
RCX=0x0000000000000060 is an unknown value
RDX=0x0000000000000030 is an unknown value
RSP=0x00007f87cb4cc368 is pointing into the stack for thread: 0x00007f87c400a000
RBP=0x0000000000000000 is an unknown value
RSI=0x0000000000000000 is an unknown value
RDI=0x00007f87873a8c74 is an unknown value
R8 =0x0000000000000007 is an unknown value
R9 =0x0000000000000010 is an unknown value
R10=0x0000000000000000 is an unknown value
R11=0x0000000000000246 is an unknown value
R12=0x0000000000000030 is an unknown value
R13=0x0000000000000030 is an unknown value
R14=0x0000000000000000 is an unknown value
R15=0x00007f87873aa158 is an unknown value


Stack: [0x00007f87cb3cd000,0x00007f87cb4ce000],  sp=0x00007f87cb4cc368,  free space=1020k
Native frames: (J=compiled Java code, j=interpreted, Vv=VM code, C=native code)
C  [libc.so.6+0x98b80]  envz_strip+0x610

[error occurred during error reporting (printing native stack), id 0xb]

Java frames: (J=compiled Java code, j=interpreted, Vv=VM code)
j  org.lwjgl.opengl.GL11.nglDrawArrays(IIIJ)V+0
j  org.lwjgl.opengl.GL11.glDrawArrays(III)V+22
j  simulador.Simulador.come_alive()V+188
j  simulador.Simulador.run()V+1
j  simulador.Main.main([Ljava/lang/String;)V+13
v  ~StubRoutines::call_stub

---------------  P R O C E S S  ---------------

Java Threads: ( => current thread )
  0x00007f87c40a0800 JavaThread "Service Thread" daemon [_thread_blocked, id=4542, stack(0x00007f87b8b81000,0x00007f87b8c82000)]
  0x00007f87c409e000 JavaThread "C2 CompilerThread1" daemon [_thread_blocked, id=4541, stack(0x00007f87b8c82000,0x00007f87b8d83000)]
  0x00007f87c409b800 JavaThread "C2 CompilerThread0" daemon [_thread_blocked, id=4540, stack(0x00007f87b8d83000,0x00007f87b8e84000)]
  0x00007f87c4099000 JavaThread "Signal Dispatcher" daemon [_thread_blocked, id=4539, stack(0x00007f87b8e84000,0x00007f87b8f85000)]
  0x00007f87c4070000 JavaThread "Finalizer" daemon [_thread_blocked, id=4538, stack(0x00007f87b9667000,0x00007f87b9768000)]
  0x00007f87c406e000 JavaThread "Reference Handler" daemon [_thread_blocked, id=4537, stack(0x00007f87b9768000,0x00007f87b9869000)]
=>0x00007f87c400a000 JavaThread "main" [_thread_in_native, id=4530, stack(0x00007f87cb3cd000,0x00007f87cb4ce000)]

Other Threads:
  0x00007f87c4069800 VMThread [stack: 0x00007f87b9869000,0x00007f87b996a000] [id=4536]
  0x00007f87c40ab800 WatcherThread [stack: 0x00007f87b8a80000,0x00007f87b8b81000] [id=4543]

VM state:not at safepoint (normal execution)

VM Mutex/Monitor currently owned by a thread: None

Heap
 PSYoungGen      total 17920K, used 8984K [0x00000000ec000000, 0x00000000ed400000, 0x0000000100000000)
  eden space 15360K, 58% used [0x00000000ec000000,0x00000000ec8c6378,0x00000000ecf00000)
  from space 2560K, 0% used [0x00000000ed180000,0x00000000ed180000,0x00000000ed400000)
  to   space 2560K, 0% used [0x00000000ecf00000,0x00000000ecf00000,0x00000000ed180000)
 ParOldGen       total 40960K, used 0K [0x00000000c4000000, 0x00000000c6800000, 0x00000000ec000000)
  object space 40960K, 0% used [0x00000000c4000000,0x00000000c4000000,0x00000000c6800000)
 PSPermGen       total 21504K, used 7039K [0x00000000bee00000, 0x00000000c0300000, 0x00000000c4000000)
  object space 21504K, 32% used [0x00000000bee00000,0x00000000bf4dffc0,0x00000000c0300000)

Card table byte_map: [0x00007f87c84b0000,0x00007f87c86ba000] byte_map_base: 0x00007f87c7eb9000

Polling page: 0x00007f87cb4ee000

Code Cache  [0x00007f87c1000000, 0x00007f87c1270000, 0x00007f87c4000000)
 total_blobs=487 nmethods=19 adapters=422 free_code_cache=48595Kb largest_free_block=49750464

Compilation events (10 events):
Event: 0,226 Thread 0x00007f87c409b800 nmethod 14 0x00007f87c1075f50 code [0x00007f87c1076080, 0x00007f87c10760f8]
Event: 0,226 Thread 0x00007f87c409e000 nmethod 12 0x00007f87c1075cd0 code [0x00007f87c1075e00, 0x00007f87c1075e98]
Event: 0,248 Thread 0x00007f87c409b800   15             org.lwjgl.system.MemoryUtil::memEncodeASCII (62 bytes)
Event: 0,250 Thread 0x00007f87c409e000   16             java.lang.Object::<init> (1 bytes)
Event: 0,251 Thread 0x00007f87c409e000 nmethod 16 0x00007f87c1084590 code [0x00007f87c10846c0, 0x00007f87c1084738]
Event: 0,257 Thread 0x00007f87c409b800 nmethod 15 0x00007f87c1086350 code [0x00007f87c10864c0, 0x00007f87c1086918]
Event: 0,275 Thread 0x00007f87c409e000   17             java.lang.String::equals (81 bytes)
Event: 0,279 Thread 0x00007f87c409e000 nmethod 17 0x00007f87c1081b10 code [0x00007f87c1081c60, 0x00007f87c1081eb8]
Event: 0,310 Thread 0x00007f87c409b800   18             sun.net.www.ParseUtil::encodePath (336 bytes)
Event: 0,328 Thread 0x00007f87c409b800 nmethod 18 0x00007f87c108c1d0 code [0x00007f87c108c420, 0x00007f87c108d478]

GC Heap History (0 events):
No events

Deoptimization events (0 events):
No events

Internal exceptions (10 events):
Event: 0,334 Thread 0x00007f87c400a000 Threw 0x00000000ec862348 at /HUDSON/workspace/7u-2-build-linux-amd64/jdk7u75/1940/hotspot/src/share/vm/prims/jvm.cpp:1281
Event: 0,336 Thread 0x00007f87c400a000 Threw 0x00000000ec8650a8 at /HUDSON/workspace/7u-2-build-linux-amd64/jdk7u75/1940/hotspot/src/share/vm/prims/jvm.cpp:1281
Event: 0,337 Thread 0x00007f87c400a000 Threw 0x00000000ec867cd8 at /HUDSON/workspace/7u-2-build-linux-amd64/jdk7u75/1940/hotspot/src/share/vm/prims/jvm.cpp:1281
Event: 0,339 Thread 0x00007f87c400a000 Threw 0x00000000ec86acf8 at /HUDSON/workspace/7u-2-build-linux-amd64/jdk7u75/1940/hotspot/src/share/vm/prims/jvm.cpp:1281
Event: 0,340 Thread 0x00007f87c400a000 Threw 0x00000000ec86d7f8 at /HUDSON/workspace/7u-2-build-linux-amd64/jdk7u75/1940/hotspot/src/share/vm/prims/jvm.cpp:1281
Event: 0,341 Thread 0x00007f87c400a000 Threw 0x00000000ec872650 at /HUDSON/workspace/7u-2-build-linux-amd64/jdk7u75/1940/hotspot/src/share/vm/prims/jvm.cpp:1281
Event: 0,342 Thread 0x00007f87c400a000 Threw 0x00000000ec8771a0 at /HUDSON/workspace/7u-2-build-linux-amd64/jdk7u75/1940/hotspot/src/share/vm/prims/jvm.cpp:1281
Event: 0,343 Thread 0x00007f87c400a000 Threw 0x00000000ec879890 at /HUDSON/workspace/7u-2-build-linux-amd64/jdk7u75/1940/hotspot/src/share/vm/prims/jvm.cpp:1281
Event: 0,344 Thread 0x00007f87c400a000 Threw 0x00000000ec87bb98 at /HUDSON/workspace/7u-2-build-linux-amd64/jdk7u75/1940/hotspot/src/share/vm/prims/jvm.cpp:1281
Event: 0,346 Thread 0x00007f87c400a000 Threw 0x00000000ec87e6d8 at /HUDSON/workspace/7u-2-build-linux-amd64/jdk7u75/1940/hotspot/src/share/vm/prims/jvm.cpp:1281

Events (10 events):
Event: 0,342 loading class 0x00007f87c4789720
Event: 0,342 loading class 0x00007f87c4789720 done
Event: 0,343 loading class 0x00007f87c40cfca0
Event: 0,343 loading class 0x00007f87c40cfca0 done
Event: 0,344 loading class 0x00007f87c40cfd00
Event: 0,344 loading class 0x00007f87c40cfd00 done
Event: 0,345 loading class 0x00007f87c40a3dd0
Event: 0,345 loading class 0x00007f87c40a3dd0 done
Event: 0,346 loading class 0x00007f87c40cfd60
Event: 0,346 loading class 0x00007f87c40cfd60 done


Dynamic libraries:
00400000-00401000 r-xp 00000000 08:09 1838081                            /home/raul/jdk1.7.0_75/bin/java
00600000-00601000 rw-p 00000000 08:09 1838081                            /home/raul/jdk1.7.0_75/bin/java
01c47000-01c68000 rw-p 00000000 00:00 0                                  [heap]
bee00000-c0300000 rw-p 00000000 00:00 0 
c0300000-c4000000 rw-p 00000000 00:00 0 
c4000000-c6800000 rw-p 00000000 00:00 0 
c6800000-ec000000 rw-p 00000000 00:00 0 
ec000000-ed400000 rw-p 00000000 00:00 0 
ed400000-100000000 rw-p 00000000 00:00 0 
7f8785f67000-7f8787105000 rw-p 00000000 00:00 0 
7f8787105000-7f878713c000 r-xp 00000000 08:09 3679606                    /usr/lib/x86_64-linux-gnu/libtxc_dxtn_s2tc.so.0.0.0
7f878713c000-7f878733b000 ---p 00037000 08:09 3679606                    /usr/lib/x86_64-linux-gnu/libtxc_dxtn_s2tc.so.0.0.0
7f878733b000-7f878733c000 r--p 00036000 08:09 3679606                    /usr/lib/x86_64-linux-gnu/libtxc_dxtn_s2tc.so.0.0.0
7f878733c000-7f878733d000 rw-p 00037000 08:09 3679606                    /usr/lib/x86_64-linux-gnu/libtxc_dxtn_s2tc.so.0.0.0
7f878733d000-7f87873ac000 rw-p 00000000 00:00 0 
7f87873ac000-7f87873c4000 r-xp 00000000 08:09 2625662                    /lib/x86_64-linux-gnu/libz.so.1.2.8
7f87873c4000-7f87875c3000 ---p 00018000 08:09 2625662                    /lib/x86_64-linux-gnu/libz.so.1.2.8
7f87875c3000-7f87875c4000 r--p 00017000 08:09 2625662                    /lib/x86_64-linux-gnu/libz.so.1.2.8
7f87875c4000-7f87875c5000 rw-p 00018000 08:09 2625662                    /lib/x86_64-linux-gnu/libz.so.1.2.8
7f87875c5000-7f87875cd000 r-xp 00000000 08:09 3679409                    /usr/lib/x86_64-linux-gnu/libpciaccess.so.0.11.1
7f87875cd000-7f87877cc000 ---p 00008000 08:09 3679409                    /usr/lib/x86_64-linux-gnu/libpciaccess.so.0.11.1
7f87877cc000-7f87877cd000 r--p 00007000 08:09 3679409                    /usr/lib/x86_64-linux-gnu/libpciaccess.so.0.11.1
7f87877cd000-7f87877ce000 rw-p 00008000 08:09 3679409                    /usr/lib/x86_64-linux-gnu/libpciaccess.so.0.11.1
7f87877ce000-7f87877e4000 r-xp 00000000 08:09 2625476                    /lib/x86_64-linux-gnu/libgcc_s.so.1
7f87877e4000-7f87879e3000 ---p 00016000 08:09 2625476                    /lib/x86_64-linux-gnu/libgcc_s.so.1
7f87879e3000-7f87879e4000 rw-p 00015000 08:09 2625476                    /lib/x86_64-linux-gnu/libgcc_s.so.1
7f87879e4000-7f8787aca000 r-xp 00000000 08:09 3679564                    /usr/lib/x86_64-linux-gnu/libstdc++.so.6.0.19
7f8787aca000-7f8787cc9000 ---p 000e6000 08:09 3679564                    /usr/lib/x86_64-linux-gnu/libstdc++.so.6.0.19
7f8787cc9000-7f8787cd1000 r--p 000e5000 08:09 3679564                    /usr/lib/x86_64-linux-gnu/libstdc++.so.6.0.19
7f8787cd1000-7f8787cd3000 rw-p 000ed000 08:09 3679564                    /usr/lib/x86_64-linux-gnu/libstdc++.so.6.0.19
7f8787cd3000-7f8787ce8000 rw-p 00000000 00:00 0 
7f8787ce8000-7f8787d0f000 r-xp 00000000 08:09 2625521                    /lib/x86_64-linux-gnu/libexpat.so.1.6.0
7f8787d0f000-7f8787f0f000 ---p 00027000 08:09 2625521                    /lib/x86_64-linux-gnu/libexpat.so.1.6.0
7f8787f0f000-7f8787f11000 r--p 00027000 08:09 2625521                    /lib/x86_64-linux-gnu/libexpat.so.1.6.0
7f8787f11000-7f8787f12000 rw-p 00029000 08:09 2625521                    /lib/x86_64-linux-gnu/libexpat.so.1.6.0
7f8787f12000-7f8787f1e000 r-xp 00000000 08:09 3673068                    /usr/lib/x86_64-linux-gnu/libdrm_radeon.so.1.0.1
7f8787f1e000-7f878811d000 ---p 0000c000 08:09 3673068                    /usr/lib/x86_64-linux-gnu/libdrm_radeon.so.1.0.1
7f878811d000-7f878811e000 r--p 0000b000 08:09 3673068                    /usr/lib/x86_64-linux-gnu/libdrm_radeon.so.1.0.1
7f878811e000-7f878811f000 rw-p 0000c000 08:09 3673068                    /usr/lib/x86_64-linux-gnu/libdrm_radeon.so.1.0.1
7f878811f000-7f8788125000 r-xp 00000000 08:09 3672797                    /usr/lib/x86_64-linux-gnu/libdrm_nouveau.so.2.0.0
7f8788125000-7f8788324000 ---p 00006000 08:09 3672797                    /usr/lib/x86_64-linux-gnu/libdrm_nouveau.so.2.0.0
7f8788324000-7f8788325000 r--p 00005000 08:09 3672797                    /usr/lib/x86_64-linux-gnu/libdrm_nouveau.so.2.0.0
7f8788325000-7f8788326000 rw-p 00006000 08:09 3672797                    /usr/lib/x86_64-linux-gnu/libdrm_nouveau.so.2.0.0
7f8788326000-7f8788345000 r-xp 00000000 08:09 3672795                    /usr/lib/x86_64-linux-gnu/libdrm_intel.so.1.0.0
7f8788345000-7f8788544000 ---p 0001f000 08:09 3672795                    /usr/lib/x86_64-linux-gnu/libdrm_intel.so.1.0.0
7f8788544000-7f8788545000 r--p 0001e000 08:09 3672795                    /usr/lib/x86_64-linux-gnu/libdrm_intel.so.1.0.0
7f8788545000-7f8788546000 rw-p 0001f000 08:09 3672795                    /usr/lib/x86_64-linux-gnu/libdrm_intel.so.1.0.0
7f8788546000-7f8788a35000 r-xp 00000000 08:09 3934416                    /usr/lib/x86_64-linux-gnu/dri/i965_dri.so
7f8788a35000-7f8788c34000 ---p 004ef000 08:09 3934416                    /usr/lib/x86_64-linux-gnu/dri/i965_dri.so
7f8788c34000-7f8788c4b000 r--p 004ee000 08:09 3934416                    /usr/lib/x86_64-linux-gnu/dri/i965_dri.so
7f8788c4b000-7f8788c57000 rw-p 00505000 08:09 3934416                    /usr/lib/x86_64-linux-gnu/dri/i965_dri.so
7f8788c57000-7f8788ca3000 rw-p 00000000 00:00 0 
7f8788ca3000-7f8788ce7000 r-xp 00000000 08:09 2625517                    /lib/x86_64-linux-gnu/libdbus-1.so.3.7.6
7f8788ce7000-7f8788ee6000 ---p 00044000 08:09 2625517                    /lib/x86_64-linux-gnu/libdbus-1.so.3.7.6
7f8788ee6000-7f8788ee7000 r--p 00043000 08:09 2625517                    /lib/x86_64-linux-gnu/libdbus-1.so.3.7.6
7f8788ee7000-7f8788ee8000 rw-p 00044000 08:09 2625517                    /lib/x86_64-linux-gnu/libdbus-1.so.3.7.6
7f8788ee8000-7f8788ef0000 r-xp 00000000 08:09 2625561                    /lib/x86_64-linux-gnu/libnih-dbus.so.1.0.0
7f8788ef0000-7f87890f0000 ---p 00008000 08:09 2625561                    /lib/x86_64-linux-gnu/libnih-dbus.so.1.0.0
7f87890f0000-7f87890f1000 r--p 00008000 08:09 2625561                    /lib/x86_64-linux-gnu/libnih-dbus.so.1.0.0
7f87890f1000-7f87890f2000 rw-p 00009000 08:09 2625561                    /lib/x86_64-linux-gnu/libnih-dbus.so.1.0.0
7f87890f2000-7f8789109000 r-xp 00000000 08:09 2625563                    /lib/x86_64-linux-gnu/libnih.so.1.0.0
7f8789109000-7f8789308000 ---p 00017000 08:09 2625563                    /lib/x86_64-linux-gnu/libnih.so.1.0.0
7f8789308000-7f8789309000 r--p 00016000 08:09 2625563                    /lib/x86_64-linux-gnu/libnih.so.1.0.0
7f8789309000-7f878930a000 rw-p 00017000 08:09 2625563                    /lib/x86_64-linux-gnu/libnih.so.1.0.0
7f878930a000-7f8789323000 r-xp 00000000 08:09 2625512                    /lib/x86_64-linux-gnu/libcgmanager.so.0.0.0
7f8789323000-7f8789522000 ---p 00019000 08:09 2625512                    /lib/x86_64-linux-gnu/libcgmanager.so.0.0.0
7f8789522000-7f8789524000 r--p 00018000 08:09 2625512                    /lib/x86_64-linux-gnu/libcgmanager.so.0.0.0
7f8789524000-7f8789525000 rw-p 0001a000 08:09 2625512                    /lib/x86_64-linux-gnu/libcgmanager.so.0.0.0
7f8789525000-7f8789535000 r-xp 00000000 08:09 2625436                    /lib/x86_64-linux-gnu/libudev.so.1.3.5
7f8789535000-7f8789734000 ---p 00010000 08:09 2625436                    /lib/x86_64-linux-gnu/libudev.so.1.3.5
7f8789734000-7f8789735000 r--p 0000f000 08:09 2625436                    /lib/x86_64-linux-gnu/libudev.so.1.3.5
7f8789735000-7f8789736000 rw-p 00010000 08:09 2625436                    /lib/x86_64-linux-gnu/libudev.so.1.3.5
7f8789736000-7f878973b000 r-xp 00000000 08:09 3678669                    /usr/lib/x86_64-linux-gnu/libXdmcp.so.6.0.0
7f878973b000-7f878993a000 ---p 00005000 08:09 3678669                    /usr/lib/x86_64-linux-gnu/libXdmcp.so.6.0.0
7f878993a000-7f878993b000 r--p 00004000 08:09 3678669                    /usr/lib/x86_64-linux-gnu/libXdmcp.so.6.0.0
7f878993b000-7f878993c000 rw-p 00005000 08:09 3678669                    /usr/lib/x86_64-linux-gnu/libXdmcp.so.6.0.0
7f878993c000-7f878993e000 r-xp 00000000 08:09 3678658                    /usr/lib/x86_64-linux-gnu/libXau.so.6.0.0
7f878993e000-7f8789b3e000 ---p 00002000 08:09 3678658                    /usr/lib/x86_64-linux-gnu/libXau.so.6.0.0
7f8789b3e000-7f8789b3f000 r--p 00002000 08:09 3678658                    /usr/lib/x86_64-linux-gnu/libXau.so.6.0.0
7f8789b3f000-7f8789b40000 rw-p 00003000 08:09 3678658                    /usr/lib/x86_64-linux-gnu/libXau.so.6.0.0
7f8789b40000-7f8789b49000 r-xp 00000000 08:09 3678693                    /usr/lib/x86_64-linux-gnu/libXrender.so.1.3.0
7f8789b49000-7f8789d48000 ---p 00009000 08:09 3678693                    /usr/lib/x86_64-linux-gnu/libXrender.so.1.3.0
7f8789d48000-7f8789d49000 r--p 00008000 08:09 3678693                    /usr/lib/x86_64-linux-gnu/libXrender.so.1.3.0
7f8789d49000-7f8789d4a000 rw-p 00009000 08:09 3678693                    /usr/lib/x86_64-linux-gnu/libXrender.so.1.3.0
7f8789d4a000-7f8789d55000 r-xp 00000000 08:09 3672667                    /usr/lib/x86_64-linux-gnu/libdrm.so.2.4.0
7f8789d55000-7f8789f54000 ---p 0000b000 08:09 3672667                    /usr/lib/x86_64-linux-gnu/libdrm.so.2.4.0
7f8789f54000-7f8789f55000 r--p 0000a000 08:09 3672667                    /usr/lib/x86_64-linux-gnu/libdrm.so.2.4.0
7f8789f55000-7f8789f56000 rw-p 0000b000 08:09 3672667                    /usr/lib/x86_64-linux-gnu/libdrm.so.2.4.0
7f8789f56000-7f8789f57000 r-xp 00000000 08:09 3679738                    /usr/lib/x86_64-linux-gnu/libxshmfence.so.1.0.0
7f8789f57000-7f878a156000 ---p 00001000 08:09 3679738                    /usr/lib/x86_64-linux-gnu/libxshmfence.so.1.0.0
7f878a156000-7f878a157000 r--p 00000000 08:09 3679738                    /usr/lib/x86_64-linux-gnu/libxshmfence.so.1.0.0
7f878a157000-7f878a158000 rw-p 00001000 08:09 3679738                    /usr/lib/x86_64-linux-gnu/libxshmfence.so.1.0.0
7f878a158000-7f878a15d000 r-xp 00000000 08:09 3679720                    /usr/lib/x86_64-linux-gnu/libxcb-sync.so.1.0.0
7f878a15d000-7f878a35c000 ---p 00005000 08:09 3679720                    /usr/lib/x86_64-linux-gnu/libxcb-sync.so.1.0.0
7f878a35c000-7f878a35d000 r--p 00004000 08:09 3679720                    /usr/lib/x86_64-linux-gnu/libxcb-sync.so.1.0.0
7f878a35d000-7f878a35e000 rw-p 00005000 08:09 3679720                    /usr/lib/x86_64-linux-gnu/libxcb-sync.so.1.0.0
7f878a35e000-7f878a360000 r-xp 00000000 08:09 3679708                    /usr/lib/x86_64-linux-gnu/libxcb-present.so.0.0.0
7f878a360000-7f878a55f000 ---p 00002000 08:09 3679708                    /usr/lib/x86_64-linux-gnu/libxcb-present.so.0.0.0
7f878a55f000-7f878a560000 r--p 00001000 08:09 3679708                    /usr/lib/x86_64-linux-gnu/libxcb-present.so.0.0.0
7f878a560000-7f878a561000 rw-p 00002000 08:09 3679708                    /usr/lib/x86_64-linux-gnu/libxcb-present.so.0.0.0
7f878a561000-7f878a563000 r-xp 00000000 08:09 3679698                    /usr/lib/x86_64-linux-gnu/libxcb-dri3.so.0.0.0
7f878a563000-7f878a762000 ---p 00002000 08:09 3679698                    /usr/lib/x86_64-linux-gnu/libxcb-dri3.so.0.0.0
7f878a762000-7f878a763000 r--p 00001000 08:09 3679698                    /usr/lib/x86_64-linux-gnu/libxcb-dri3.so.0.0.0
7f878a763000-7f878a764000 rw-p 00002000 08:09 3679698                    /usr/lib/x86_64-linux-gnu/libxcb-dri3.so.0.0.0
7f878a764000-7f878a767000 r-xp 00000000 08:09 3679696                    /usr/lib/x86_64-linux-gnu/libxcb-dri2.so.0.0.0
7f878a767000-7f878a967000 ---p 00003000 08:09 3679696                    /usr/lib/x86_64-linux-gnu/libxcb-dri2.so.0.0.0
7f878a967000-7f878a968000 r--p 00003000 08:09 3679696                    /usr/lib/x86_64-linux-gnu/libxcb-dri2.so.0.0.0
7f878a968000-7f878a969000 rw-p 00004000 08:09 3679696                    /usr/lib/x86_64-linux-gnu/libxcb-dri2.so.0.0.0
7f878a969000-7f878a97e000 r-xp 00000000 08:09 3679700                    /usr/lib/x86_64-linux-gnu/libxcb-glx.so.0.0.0
7f878a97e000-7f878ab7d000 ---p 00015000 08:09 3679700                    /usr/lib/x86_64-linux-gnu/libxcb-glx.so.0.0.0
7f878ab7d000-7f878ab7f000 r--p 00014000 08:09 3679700                    /usr/lib/x86_64-linux-gnu/libxcb-glx.so.0.0.0
7f878ab7f000-7f878ab80000 rw-p 00016000 08:09 3679700                    /usr/lib/x86_64-linux-gnu/libxcb-glx.so.0.0.0
7f878ab80000-7f878ab81000 r-xp 00000000 08:09 3678652                    /usr/lib/x86_64-linux-gnu/libX11-xcb.so.1.0.0
7f878ab81000-7f878ad80000 ---p 00001000 08:09 3678652                    /usr/lib/x86_64-linux-gnu/libX11-xcb.so.1.0.0
7f878ad80000-7f878ad81000 r--p 00000000 08:09 3678652                    /usr/lib/x86_64-linux-gnu/libX11-xcb.so.1.0.0
7f878ad81000-7f878ad82000 rw-p 00001000 08:09 3678652                    /usr/lib/x86_64-linux-gnu/libX11-xcb.so.1.0.0
7f878ad82000-7f878ad87000 r-xp 00000000 08:09 3678673                    /usr/lib/x86_64-linux-gnu/libXfixes.so.3.1.0
7f878ad87000-7f878af86000 ---p 00005000 08:09 3678673                    /usr/lib/x86_64-linux-gnu/libXfixes.so.3.1.0
7f878af86000-7f878af87000 r--p 00004000 08:09 3678673                    /usr/lib/x86_64-linux-gnu/libXfixes.so.3.1.0
7f878af87000-7f878af88000 rw-p 00005000 08:09 3678673                    /usr/lib/x86_64-linux-gnu/libXfixes.so.3.1.0
7f878af88000-7f878af8a000 r-xp 00000000 08:09 3678667                    /usr/lib/x86_64-linux-gnu/libXdamage.so.1.1.0
7f878af8a000-7f878b189000 ---p 00002000 08:09 3678667                    /usr/lib/x86_64-linux-gnu/libXdamage.so.1.1.0
7f878b189000-7f878b18a000 r--p 00001000 08:09 3678667                    /usr/lib/x86_64-linux-gnu/libXdamage.so.1.1.0
7f878b18a000-7f878b18b000 rw-p 00002000 08:09 3678667                    /usr/lib/x86_64-linux-gnu/libXdamage.so.1.1.0
7f878b18b000-7f878b19c000 r-xp 00000000 08:09 3678671                    /usr/lib/x86_64-linux-gnu/libXext.so.6.4.0
7f878b19c000-7f878b39b000 ---p 00011000 08:09 3678671                    /usr/lib/x86_64-linux-gnu/libXext.so.6.4.0
7f878b39b000-7f878b39c000 r--p 00010000 08:09 3678671                    /usr/lib/x86_64-linux-gnu/libXext.so.6.4.0
7f878b39c000-7f878b39d000 rw-p 00011000 08:09 3678671                    /usr/lib/x86_64-linux-gnu/libXext.so.6.4.0
7f878b39d000-7f878b3bf000 r-xp 00000000 08:09 3672157                    /usr/lib/x86_64-linux-gnu/libglapi.so.0.0.0
7f878b3bf000-7f878b5bf000 ---p 00022000 08:09 3672157                    /usr/lib/x86_64-linux-gnu/libglapi.so.0.0.0
7f878b5bf000-7f878b5c2000 r--p 00022000 08:09 3672157                    /usr/lib/x86_64-linux-gnu/libglapi.so.0.0.0
7f878b5c2000-7f878b5c3000 rw-p 00025000 08:09 3672157                    /usr/lib/x86_64-linux-gnu/libglapi.so.0.0.0
7f878b5c3000-7f878b5c4000 rw-p 00000000 00:00 0 
7f878b5c4000-7f878b5e1000 r-xp 00000000 08:09 3679728                    /usr/lib/x86_64-linux-gnu/libxcb.so.1.1.0
7f878b5e1000-7f878b7e1000 ---p 0001d000 08:09 3679728                    /usr/lib/x86_64-linux-gnu/libxcb.so.1.1.0
7f878b7e1000-7f878b7e2000 r--p 0001d000 08:09 3679728                    /usr/lib/x86_64-linux-gnu/libxcb.so.1.1.0
7f878b7e2000-7f878b7e3000 rw-p 0001e000 08:09 3679728                    /usr/lib/x86_64-linux-gnu/libxcb.so.1.1.0
7f878b7e3000-7f878b7ec000 r-xp 00000000 08:09 3678665                    /usr/lib/x86_64-linux-gnu/libXcursor.so.1.0.2
7f878b7ec000-7f878b9eb000 ---p 00009000 08:09 3678665                    /usr/lib/x86_64-linux-gnu/libXcursor.so.1.0.2
7f878b9eb000-7f878b9ec000 r--p 00008000 08:09 3678665                    /usr/lib/x86_64-linux-gnu/libXcursor.so.1.0.2
7f878b9ec000-7f878b9ed000 rw-p 00009000 08:09 3678665                    /usr/lib/x86_64-linux-gnu/libXcursor.so.1.0.2
7f878b9ed000-7f878b9ef000 r-xp 00000000 08:09 3678681                    /usr/lib/x86_64-linux-gnu/libXinerama.so.1.0.0
7f878b9ef000-7f878bbee000 ---p 00002000 08:09 3678681                    /usr/lib/x86_64-linux-gnu/libXinerama.so.1.0.0
7f878bbee000-7f878bbef000 r--p 00001000 08:09 3678681                    /usr/lib/x86_64-linux-gnu/libXinerama.so.1.0.0
7f878bbef000-7f878bbf0000 rw-p 00002000 08:09 3678681                    /usr/lib/x86_64-linux-gnu/libXinerama.so.1.0.0
7f878bbf0000-7f878bbf4000 r-xp 00000000 08:09 3678709                    /usr/lib/x86_64-linux-gnu/libXxf86vm.so.1.0.0
7f878bbf4000-7f878bdf4000 ---p 00004000 08:09 3678709                    /usr/lib/x86_64-linux-gnu/libXxf86vm.so.1.0.0
7f878bdf4000-7f878bdf5000 r--p 00004000 08:09 3678709                    /usr/lib/x86_64-linux-gnu/libXxf86vm.so.1.0.0
7f878bdf5000-7f878bdf6000 rw-p 00005000 08:09 3678709                    /usr/lib/x86_64-linux-gnu/libXxf86vm.so.1.0.0
7f878bdf6000-7f878bdff000 r-xp 00000000 08:09 3678691                    /usr/lib/x86_64-linux-gnu/libXrandr.so.2.2.0
7f878bdff000-7f878bffe000 ---p 00009000 08:09 3678691                    /usr/lib/x86_64-linux-gnu/libXrandr.so.2.2.0
7f878bffe000-7f878bfff000 r--p 00008000 08:09 3678691                    /usr/lib/x86_64-linux-gnu/libXrandr.so.2.2.0
7f878bfff000-7f878c000000 rw-p 00009000 08:09 3678691                    /usr/lib/x86_64-linux-gnu/libXrandr.so.2.2.0
7f878c000000-7f878c021000 rw-p 00000000 00:00 0 
7f878c021000-7f8790000000 ---p 00000000 00:00 0 
7f8790000000-7f8790021000 rw-p 00000000 00:00 0 
7f8790021000-7f8794000000 ---p 00000000 00:00 0 
7f8794000000-7f8794182000 rw-p 00000000 00:00 0 
7f8794182000-7f8798000000 ---p 00000000 00:00 0 
7f8798000000-7f8798064000 rw-p 00000000 00:00 0 
7f8798064000-7f879c000000 ---p 00000000 00:00 0 
7f879c000000-7f879c021000 rw-p 00000000 00:00 0 
7f879c021000-7f87a0000000 ---p 00000000 00:00 0 
7f87a0000000-7f87a0021000 rw-p 00000000 00:00 0 
7f87a0021000-7f87a4000000 ---p 00000000 00:00 0 
7f87a4000000-7f87a4021000 rw-p 00000000 00:00 0 
7f87a4021000-7f87a8000000 ---p 00000000 00:00 0 
7f87a8000000-7f87a8021000 rw-p 00000000 00:00 0 
7f87a8021000-7f87ac000000 ---p 00000000 00:00 0 
7f87ac000000-7f87ac021000 rw-p 00000000 00:00 0 
7f87ac021000-7f87b0000000 ---p 00000000 00:00 0 
7f87b0000000-7f87b0021000 rw-p 00000000 00:00 0 
7f87b0021000-7f87b4000000 ---p 00000000 00:00 0 
7f87b4000000-7f87b4021000 rw-p 00000000 00:00 0 
7f87b4021000-7f87b8000000 ---p 00000000 00:00 0 
7f87b8064000-7f87b8073000 r-xp 00000000 08:09 3678679                    /usr/lib/x86_64-linux-gnu/libXi.so.6.1.0
7f87b8073000-7f87b8272000 ---p 0000f000 08:09 3678679                    /usr/lib/x86_64-linux-gnu/libXi.so.6.1.0
7f87b8272000-7f87b8273000 r--p 0000e000 08:09 3678679                    /usr/lib/x86_64-linux-gnu/libXi.so.6.1.0
7f87b8273000-7f87b8274000 rw-p 0000f000 08:09 3678679                    /usr/lib/x86_64-linux-gnu/libXi.so.6.1.0
7f87b8274000-7f87b82d6000 r-xp 00000000 08:09 3934455                    /usr/lib/x86_64-linux-gnu/mesa/libGL.so.1.2.0
7f87b82d6000-7f87b84d5000 ---p 00062000 08:09 3934455                    /usr/lib/x86_64-linux-gnu/mesa/libGL.so.1.2.0
7f87b84d5000-7f87b84d8000 r--p 00061000 08:09 3934455                    /usr/lib/x86_64-linux-gnu/mesa/libGL.so.1.2.0
7f87b84d8000-7f87b84d9000 rw-p 00064000 08:09 3934455                    /usr/lib/x86_64-linux-gnu/mesa/libGL.so.1.2.0
7f87b84d9000-7f87b84da000 rw-p 00000000 00:00 0 
7f87b84da000-7f87b860a000 r-xp 00000000 08:09 3678654                    /usr/lib/x86_64-linux-gnu/libX11.so.6.3.0
7f87b860a000-7f87b880a000 ---p 00130000 08:09 3678654                    /usr/lib/x86_64-linux-gnu/libX11.so.6.3.0
7f87b880a000-7f87b880b000 r--p 00130000 08:09 3678654                    /usr/lib/x86_64-linux-gnu/libX11.so.6.3.0
7f87b880b000-7f87b880f000 rw-p 00131000 08:09 3678654                    /usr/lib/x86_64-linux-gnu/libX11.so.6.3.0
7f87b880f000-7f87b887e000 r-xp 00000000 08:09 2102220                    /home/raul/lwjgl/native/linux/x64/liblwjgl.so
7f87b887e000-7f87b8a7d000 ---p 0006f000 08:09 2102220                    /home/raul/lwjgl/native/linux/x64/liblwjgl.so
7f87b8a7d000-7f87b8a7e000 r--p 0006e000 08:09 2102220                    /home/raul/lwjgl/native/linux/x64/liblwjgl.so
7f87b8a7e000-7f87b8a7f000 rw-p 0006f000 08:09 2102220                    /home/raul/lwjgl/native/linux/x64/liblwjgl.so
7f87b8a7f000-7f87b8a80000 rw-p 00000000 00:00 0 
7f87b8a80000-7f87b8a81000 ---p 00000000 00:00 0 
7f87b8a81000-7f87b8b81000 rw-p 00000000 00:00 0                          [stack:4543]
7f87b8b81000-7f87b8b84000 ---p 00000000 00:00 0 
7f87b8b84000-7f87b8c82000 rw-p 00000000 00:00 0                          [stack:4542]
7f87b8c82000-7f87b8c85000 ---p 00000000 00:00 0 
7f87b8c85000-7f87b8d83000 rw-p 00000000 00:00 0                          [stack:4541]
7f87b8d83000-7f87b8d86000 ---p 00000000 00:00 0 
7f87b8d86000-7f87b8e84000 rw-p 00000000 00:00 0                          [stack:4540]
7f87b8e84000-7f87b8e87000 ---p 00000000 00:00 0 
7f87b8e87000-7f87b8f85000 rw-p 00000000 00:00 0                          [stack:4539]
7f87b8f85000-7f87b9667000 r--p 00000000 08:09 3677561                    /usr/lib/locale/locale-archive
7f87b9667000-7f87b966a000 ---p 00000000 00:00 0 
7f87b966a000-7f87b9768000 rw-p 00000000 00:00 0                          [stack:4538]
7f87b9768000-7f87b976b000 ---p 00000000 00:00 0 
7f87b976b000-7f87b9869000 rw-p 00000000 00:00 0                          [stack:4537]
7f87b9869000-7f87b986a000 ---p 00000000 00:00 0 
7f87b986a000-7f87bc000000 rw-p 00000000 00:00 0                          [stack:4536]
7f87bc000000-7f87bc021000 rw-p 00000000 00:00 0 
7f87bc021000-7f87c0000000 ---p 00000000 00:00 0 
7f87c003f000-7f87c0047000 rw-s 00000000 00:04 31142                      /drm mm object (deleted)
7f87c0047000-7f87c006d000 r--p 00000000 08:09 4329090                    /usr/share/locale-langpack/es/LC_MESSAGES/libc.mo
7f87c006d000-7f87c0a66000 rw-p 00000000 00:00 0 
7f87c0a66000-7f87c0c25000 r--s 039eb000 08:09 1837861                    /home/raul/jdk1.7.0_75/jre/lib/rt.jar
7f87c0c25000-7f87c0eff000 rw-p 00000000 00:00 0 
7f87c0eff000-7f87c0f00000 ---p 00000000 00:00 0 
7f87c0f00000-7f87c1000000 rw-p 00000000 00:00 0                          [stack:4535]
7f87c1000000-7f87c1270000 rwxp 00000000 00:00 0 
7f87c1270000-7f87c494d000 rw-p 00000000 00:00 0 
7f87c494d000-7f87c8000000 ---p 00000000 00:00 0 
7f87c8005000-7f87c800d000 rw-s 00000000 00:04 31141                      /drm mm object (deleted)
7f87c800d000-7f87c8015000 rw-s 00000000 00:04 31137                      /drm mm object (deleted)
7f87c8015000-7f87c801c000 r--s 00000000 08:09 3939448                    /usr/lib/x86_64-linux-gnu/gconv/gconv-modules.cache
7f87c801c000-7f87c8044000 rw-p 00000000 00:00 0 
7f87c8044000-7f87c8045000 ---p 00000000 00:00 0 
7f87c8045000-7f87c8145000 rw-p 00000000 00:00 0                          [stack:4534]
7f87c8145000-7f87c8146000 ---p 00000000 00:00 0 
7f87c8146000-7f87c8246000 rw-p 00000000 00:00 0                          [stack:4533]
7f87c8246000-7f87c8247000 ---p 00000000 00:00 0 
7f87c8247000-7f87c8352000 rw-p 00000000 00:00 0                          [stack:4532]
7f87c8352000-7f87c8370000 rw-p 00000000 00:00 0 
7f87c8370000-7f87c8384000 rw-p 00000000 00:00 0 
7f87c8384000-7f87c84b0000 rw-p 00000000 00:00 0 
7f87c84b0000-7f87c84bb000 rw-p 00000000 00:00 0 
7f87c84bb000-7f87c84d9000 rw-p 00000000 00:00 0 
7f87c84d9000-7f87c84ed000 rw-p 00000000 00:00 0 
7f87c84ed000-7f87c8619000 rw-p 00000000 00:00 0 
7f87c8619000-7f87c8623000 rw-p 00000000 00:00 0 
7f87c8623000-7f87c86b9000 rw-p 00000000 00:00 0 
7f87c86b9000-7f87c86ba000 rw-p 00000000 00:00 0 
7f87c86ba000-7f87c86d4000 r-xp 00000000 08:09 1837823                    /home/raul/jdk1.7.0_75/jre/lib/amd64/libzip.so
7f87c86d4000-7f87c88d4000 ---p 0001a000 08:09 1837823                    /home/raul/jdk1.7.0_75/jre/lib/amd64/libzip.so
7f87c88d4000-7f87c88d5000 rw-p 0001a000 08:09 1837823                    /home/raul/jdk1.7.0_75/jre/lib/amd64/libzip.so
7f87c88d5000-7f87c88e0000 r-xp 00000000 08:09 2625429                    /lib/x86_64-linux-gnu/libnss_files-2.19.so
7f87c88e0000-7f87c8adf000 ---p 0000b000 08:09 2625429                    /lib/x86_64-linux-gnu/libnss_files-2.19.so
7f87c8adf000-7f87c8ae0000 r--p 0000a000 08:09 2625429                    /lib/x86_64-linux-gnu/libnss_files-2.19.so
7f87c8ae0000-7f87c8ae1000 rw-p 0000b000 08:09 2625429                    /lib/x86_64-linux-gnu/libnss_files-2.19.so
7f87c8ae1000-7f87c8aec000 r-xp 00000000 08:09 2621542                    /lib/x86_64-linux-gnu/libnss_nis-2.19.so
7f87c8aec000-7f87c8ceb000 ---p 0000b000 08:09 2621542                    /lib/x86_64-linux-gnu/libnss_nis-2.19.so
7f87c8ceb000-7f87c8cec000 r--p 0000a000 08:09 2621542                    /lib/x86_64-linux-gnu/libnss_nis-2.19.so
7f87c8cec000-7f87c8ced000 rw-p 0000b000 08:09 2621542                    /lib/x86_64-linux-gnu/libnss_nis-2.19.so
7f87c8ced000-7f87c8d04000 r-xp 00000000 08:09 2621536                    /lib/x86_64-linux-gnu/libnsl-2.19.so
7f87c8d04000-7f87c8f03000 ---p 00017000 08:09 2621536                    /lib/x86_64-linux-gnu/libnsl-2.19.so
7f87c8f03000-7f87c8f04000 r--p 00016000 08:09 2621536                    /lib/x86_64-linux-gnu/libnsl-2.19.so
7f87c8f04000-7f87c8f05000 rw-p 00017000 08:09 2621536                    /lib/x86_64-linux-gnu/libnsl-2.19.so
7f87c8f05000-7f87c8f07000 rw-p 00000000 00:00 0 
7f87c8f07000-7f87c8f10000 r-xp 00000000 08:09 2621533                    /lib/x86_64-linux-gnu/libnss_compat-2.19.so
7f87c8f10000-7f87c910f000 ---p 00009000 08:09 2621533                    /lib/x86_64-linux-gnu/libnss_compat-2.19.so
7f87c910f000-7f87c9110000 r--p 00008000 08:09 2621533                    /lib/x86_64-linux-gnu/libnss_compat-2.19.so
7f87c9110000-7f87c9111000 rw-p 00009000 08:09 2621533                    /lib/x86_64-linux-gnu/libnss_compat-2.19.so
7f87c9111000-7f87c913a000 r-xp 00000000 08:09 1837758                    /home/raul/jdk1.7.0_75/jre/lib/amd64/libjava.so
7f87c913a000-7f87c933a000 ---p 00029000 08:09 1837758                    /home/raul/jdk1.7.0_75/jre/lib/amd64/libjava.so
7f87c933a000-7f87c933c000 rw-p 00029000 08:09 1837758                    /home/raul/jdk1.7.0_75/jre/lib/amd64/libjava.so
7f87c933c000-7f87c9349000 r-xp 00000000 08:09 1837636                    /home/raul/jdk1.7.0_75/jre/lib/amd64/libverify.so
7f87c9349000-7f87c9548000 ---p 0000d000 08:09 1837636                    /home/raul/jdk1.7.0_75/jre/lib/amd64/libverify.so
7f87c9548000-7f87c954a000 rw-p 0000c000 08:09 1837636                    /home/raul/jdk1.7.0_75/jre/lib/amd64/libverify.so
7f87c954a000-7f87c9551000 r-xp 00000000 08:09 2621470                    /lib/x86_64-linux-gnu/librt-2.19.so
7f87c9551000-7f87c9750000 ---p 00007000 08:09 2621470                    /lib/x86_64-linux-gnu/librt-2.19.so
7f87c9750000-7f87c9751000 r--p 00006000 08:09 2621470                    /lib/x86_64-linux-gnu/librt-2.19.so
7f87c9751000-7f87c9752000 rw-p 00007000 08:09 2621470                    /lib/x86_64-linux-gnu/librt-2.19.so
7f87c9752000-7f87c9857000 r-xp 00000000 08:09 2621535                    /lib/x86_64-linux-gnu/libm-2.19.so
7f87c9857000-7f87c9a56000 ---p 00105000 08:09 2621535                    /lib/x86_64-linux-gnu/libm-2.19.so
7f87c9a56000-7f87c9a57000 r--p 00104000 08:09 2621535                    /lib/x86_64-linux-gnu/libm-2.19.so
7f87c9a57000-7f87c9a58000 rw-p 00105000 08:09 2621535                    /lib/x86_64-linux-gnu/libm-2.19.so
7f87c9a58000-7f87ca5cb000 r-xp 00000000 08:09 1837408                    /home/raul/jdk1.7.0_75/jre/lib/amd64/server/libjvm.so
7f87ca5cb000-7f87ca7cb000 ---p 00b73000 08:09 1837408                    /home/raul/jdk1.7.0_75/jre/lib/amd64/server/libjvm.so
7f87ca7cb000-7f87ca88f000 rw-p 00b73000 08:09 1837408                    /home/raul/jdk1.7.0_75/jre/lib/amd64/server/libjvm.so
7f87ca88f000-7f87ca8d0000 rw-p 00000000 00:00 0 
7f87ca8d0000-7f87caa8b000 r-xp 00000000 08:09 2621469                    /lib/x86_64-linux-gnu/libc-2.19.so
7f87caa8b000-7f87cac8b000 ---p 001bb000 08:09 2621469                    /lib/x86_64-linux-gnu/libc-2.19.so
7f87cac8b000-7f87cac8f000 r--p 001bb000 08:09 2621469                    /lib/x86_64-linux-gnu/libc-2.19.so
7f87cac8f000-7f87cac91000 rw-p 001bf000 08:09 2621469                    /lib/x86_64-linux-gnu/libc-2.19.so
7f87cac91000-7f87cac96000 rw-p 00000000 00:00 0 
7f87cac96000-7f87cac99000 r-xp 00000000 08:09 2621531                    /lib/x86_64-linux-gnu/libdl-2.19.so
7f87cac99000-7f87cae98000 ---p 00003000 08:09 2621531                    /lib/x86_64-linux-gnu/libdl-2.19.so
7f87cae98000-7f87cae99000 r--p 00002000 08:09 2621531                    /lib/x86_64-linux-gnu/libdl-2.19.so
7f87cae99000-7f87cae9a000 rw-p 00003000 08:09 2621531                    /lib/x86_64-linux-gnu/libdl-2.19.so
7f87cae9a000-7f87caeb0000 r-xp 00000000 08:09 1837831                    /home/raul/jdk1.7.0_75/lib/amd64/jli/libjli.so
7f87caeb0000-7f87cb0b0000 ---p 00016000 08:09 1837831                    /home/raul/jdk1.7.0_75/lib/amd64/jli/libjli.so
7f87cb0b0000-7f87cb0b1000 rw-p 00016000 08:09 1837831                    /home/raul/jdk1.7.0_75/lib/amd64/jli/libjli.so
7f87cb0b1000-7f87cb0ca000 r-xp 00000000 08:09 2621544                    /lib/x86_64-linux-gnu/libpthread-2.19.so
7f87cb0ca000-7f87cb2c9000 ---p 00019000 08:09 2621544                    /lib/x86_64-linux-gnu/libpthread-2.19.so
7f87cb2c9000-7f87cb2ca000 r--p 00018000 08:09 2621544                    /lib/x86_64-linux-gnu/libpthread-2.19.so
7f87cb2ca000-7f87cb2cb000 rw-p 00019000 08:09 2621544                    /lib/x86_64-linux-gnu/libpthread-2.19.so
7f87cb2cb000-7f87cb2cf000 rw-p 00000000 00:00 0 
7f87cb2cf000-7f87cb2f2000 r-xp 00000000 08:09 2621459                    /lib/x86_64-linux-gnu/ld-2.19.so
7f87cb2f4000-7f87cb2f5000 rw-p 00000000 00:00 0 
7f87cb2f5000-7f87cb2f6000 rw-s 00000000 00:04 33928                      /drm mm object (deleted)
7f87cb2f6000-7f87cb2f7000 rw-s 00000000 00:04 32788                      /drm mm object (deleted)
7f87cb2f7000-7f87cb2f8000 rwxp 00000000 00:00 0 
7f87cb2f8000-7f87cb317000 rw-p 00000000 00:00 0 
7f87cb317000-7f87cb3cd000 rw-p 00000000 00:00 0 
7f87cb3cd000-7f87cb3d0000 ---p 00000000 00:00 0 
7f87cb3d0000-7f87cb4d2000 rw-p 00000000 00:00 0                          [stack:4530]
7f87cb4d2000-7f87cb4d3000 rw-s 00000000 00:04 31138                      /drm mm object (deleted)
7f87cb4d3000-7f87cb4d4000 rwxp 00000000 00:00 0 
7f87cb4d4000-7f87cb4d6000 r--s 00004000 08:09 1968631                    /home/raul/.netbeans/8.0.2/gluegen-runtime/gluegen-rt.jar
7f87cb4d6000-7f87cb4e5000 r--s 0012e000 08:09 2102216                    /home/raul/lwjgl/jar/lwjgl.jar
7f87cb4e5000-7f87cb4ed000 rw-s 00000000 08:09 4080679                    /tmp/hsperfdata_raul/4526
7f87cb4ed000-7f87cb4ee000 rw-p 00000000 00:00 0 
7f87cb4ee000-7f87cb4ef000 r--p 00000000 00:00 0 
7f87cb4ef000-7f87cb4f1000 rw-p 00000000 00:00 0 
7f87cb4f1000-7f87cb4f2000 r--p 00022000 08:09 2621459                    /lib/x86_64-linux-gnu/ld-2.19.so
7f87cb4f2000-7f87cb4f3000 rw-p 00023000 08:09 2621459                    /lib/x86_64-linux-gnu/ld-2.19.so
7f87cb4f3000-7f87cb4f4000 rw-p 00000000 00:00 0 
7fffc5c29000-7fffc5c4a000 rw-p 00000000 00:00 0                          [stack]
7fffc5c57000-7fffc5c59000 r-xp 00000000 00:00 0                          [vdso]
ffffffffff600000-ffffffffff601000 r-xp 00000000 00:00 0                  [vsyscall]

VM Arguments:
jvm_args: -Dfile.encoding=UTF-8 -Djava.library.path=/home/raul/lwjgl/native/linux/x64 
java_command: simulador.Main
Launcher Type: SUN_STANDARD

Environment Variables:
PATH=/usr/local/sbin:/usr/local/bin:/usr/sbin:/usr/bin:/sbin:/bin:/usr/games:/usr/local/games
LD_LIBRARY_PATH=/home/raul/jdk1.7.0_75/jre/lib/amd64:/home/raul/jdk1.7.0_75/jre/lib/i386:
SHELL=/bin/bash
DISPLAY=:0.0

Signal Handlers:
SIGSEGV: [libjvm.so+0x9a21f0], sa_mask[0]=0x7ffbfeff, sa_flags=0x10000004
SIGBUS: [libjvm.so+0x9a21f0], sa_mask[0]=0x7ffbfeff, sa_flags=0x10000004
SIGFPE: [libjvm.so+0x81ba40], sa_mask[0]=0x7ffbfeff, sa_flags=0x10000004
SIGPIPE: [libjvm.so+0x81ba40], sa_mask[0]=0x7ffbfeff, sa_flags=0x10000004
SIGXFSZ: [libjvm.so+0x81ba40], sa_mask[0]=0x7ffbfeff, sa_flags=0x10000004
SIGILL: [libjvm.so+0x81ba40], sa_mask[0]=0x7ffbfeff, sa_flags=0x10000004
SIGUSR1: SIG_DFL, sa_mask[0]=0x00000000, sa_flags=0x00000000
SIGUSR2: [libjvm.so+0x81d240], sa_mask[0]=0x00000004, sa_flags=0x10000004
SIGHUP: [libjvm.so+0x81e360], sa_mask[0]=0x7ffbfeff, sa_flags=0x10000004
SIGINT: SIG_IGN, sa_mask[0]=0x00000000, sa_flags=0x00000000
SIGTERM: [libjvm.so+0x81e360], sa_mask[0]=0x7ffbfeff, sa_flags=0x10000004
SIGQUIT: [libjvm.so+0x81e360], sa_mask[0]=0x7ffbfeff, sa_flags=0x10000004


---------------  S Y S T E M  ---------------

OS:jessie/sid

uname:Linux 3.13.0-45-generic #74-Ubuntu SMP Tue Jan 13 19:36:28 UTC 2015 x86_64
libc:glibc 2.19 NPTL 2.19 
rlimit: STACK 8192k, CORE 0k, NPROC 29139, NOFILE 4096, AS infinity
load average:0,16 0,15 0,20

/proc/meminfo:
MemTotal:        3931356 kB
MemFree:         1179556 kB
Buffers:          140488 kB
Cached:          1219980 kB
SwapCached:            0 kB
Active:          1671436 kB
Inactive:         878388 kB
Active(anon):    1191340 kB
Inactive(anon):   279952 kB
Active(file):     480096 kB
Inactive(file):   598436 kB
Unevictable:          48 kB
Mlocked:              48 kB
SwapTotal:       4077564 kB
SwapFree:        4077564 kB
Dirty:               188 kB
Writeback:             4 kB
AnonPages:       1189780 kB
Mapped:           234836 kB
Shmem:            281788 kB
Slab:             119064 kB
SReclaimable:      90372 kB
SUnreclaim:        28692 kB
KernelStack:        3392 kB
PageTables:        26868 kB
NFS_Unstable:          0 kB
Bounce:                0 kB
WritebackTmp:          0 kB
CommitLimit:     6043240 kB
Committed_AS:    4191296 kB
VmallocTotal:   34359738367 kB
VmallocUsed:      350760 kB
VmallocChunk:   34359378648 kB
HardwareCorrupted:     0 kB
AnonHugePages:    722944 kB
HugePages_Total:       0
HugePages_Free:        0
HugePages_Rsvd:        0
HugePages_Surp:        0
Hugepagesize:       2048 kB
DirectMap4k:       77888 kB
DirectMap2M:     3999744 kB


CPU:total 4 (2 cores per cpu, 2 threads per core) family 6 model 58 stepping 9, cmov, cx8, fxsr, mmx, sse, sse2, sse3, ssse3, sse4.1, sse4.2, popcnt, avx, aes, erms, ht, tsc, tscinvbit, tscinv

/proc/cpuinfo:
processor	: 0
vendor_id	: GenuineIntel
cpu family	: 6
model		: 58
model name	: Intel(R) Core(TM) i5-3230M CPU @ 2.60GHz
stepping	: 9
microcode	: 0x12
cpu MHz		: 2500.000
cache size	: 3072 KB
physical id	: 0
siblings	: 4
core id		: 0
cpu cores	: 2
apicid		: 0
initial apicid	: 0
fpu		: yes
fpu_exception	: yes
cpuid level	: 13
wp		: yes
flags		: fpu vme de pse tsc msr pae mce cx8 apic sep mtrr pge mca cmov pat pse36 clflush dts acpi mmx fxsr sse sse2 ss ht tm pbe syscall nx rdtscp lm constant_tsc arch_perfmon pebs bts rep_good nopl xtopology nonstop_tsc aperfmperf eagerfpu pni pclmulqdq dtes64 monitor ds_cpl vmx est tm2 ssse3 cx16 xtpr pdcm pcid sse4_1 sse4_2 x2apic popcnt tsc_deadline_timer aes xsave avx f16c rdrand lahf_lm ida arat epb xsaveopt pln pts dtherm tpr_shadow vnmi flexpriority ept vpid fsgsbase smep erms
bogomips	: 5188.30
clflush size	: 64
cache_alignment	: 64
address sizes	: 36 bits physical, 48 bits virtual
power management:

processor	: 1
vendor_id	: GenuineIntel
cpu family	: 6
model		: 58
model name	: Intel(R) Core(TM) i5-3230M CPU @ 2.60GHz
stepping	: 9
microcode	: 0x12
cpu MHz		: 2601.000
cache size	: 3072 KB
physical id	: 0
siblings	: 4
core id		: 1
cpu cores	: 2
apicid		: 2
initial apicid	: 2
fpu		: yes
fpu_exception	: yes
cpuid level	: 13
wp		: yes
flags		: fpu vme de pse tsc msr pae mce cx8 apic sep mtrr pge mca cmov pat pse36 clflush dts acpi mmx fxsr sse sse2 ss ht tm pbe syscall nx rdtscp lm constant_tsc arch_perfmon pebs bts rep_good nopl xtopology nonstop_tsc aperfmperf eagerfpu pni pclmulqdq dtes64 monitor ds_cpl vmx est tm2 ssse3 cx16 xtpr pdcm pcid sse4_1 sse4_2 x2apic popcnt tsc_deadline_timer aes xsave avx f16c rdrand lahf_lm ida arat epb xsaveopt pln pts dtherm tpr_shadow vnmi flexpriority ept vpid fsgsbase smep erms
bogomips	: 5188.30
clflush size	: 64
cache_alignment	: 64
address sizes	: 36 bits physical, 48 bits virtual
power management:

processor	: 2
vendor_id	: GenuineIntel
cpu family	: 6
model		: 58
model name	: Intel(R) Core(TM) i5-3230M CPU @ 2.60GHz
stepping	: 9
microcode	: 0x12
cpu MHz		: 2601.000
cache size	: 3072 KB
physical id	: 0
siblings	: 4
core id		: 0
cpu cores	: 2
apicid		: 1
initial apicid	: 1
fpu		: yes
fpu_exception	: yes
cpuid level	: 13
wp		: yes
flags		: fpu vme de pse tsc msr pae mce cx8 apic sep mtrr pge mca cmov pat pse36 clflush dts acpi mmx fxsr sse sse2 ss ht tm pbe syscall nx rdtscp lm constant_tsc arch_perfmon pebs bts rep_good nopl xtopology nonstop_tsc aperfmperf eagerfpu pni pclmulqdq dtes64 monitor ds_cpl vmx est tm2 ssse3 cx16 xtpr pdcm pcid sse4_1 sse4_2 x2apic popcnt tsc_deadline_timer aes xsave avx f16c rdrand lahf_lm ida arat epb xsaveopt pln pts dtherm tpr_shadow vnmi flexpriority ept vpid fsgsbase smep erms
bogomips	: 5188.30
clflush size	: 64
cache_alignment	: 64
address sizes	: 36 bits physical, 48 bits virtual
power management:

processor	: 3
vendor_id	: GenuineIntel
cpu family	: 6
model		: 58
model name	: Intel(R) Core(TM) i5-3230M CPU @ 2.60GHz
stepping	: 9
microcode	: 0x12
cpu MHz		: 2601.000
cache size	: 3072 KB
physical id	: 0
siblings	: 4
core id		: 1
cpu cores	: 2
apicid		: 3
initial apicid	: 3
fpu		: yes
fpu_exception	: yes
cpuid level	: 13
wp		: yes
flags		: fpu vme de pse tsc msr pae mce cx8 apic sep mtrr pge mca cmov pat pse36 clflush dts acpi mmx fxsr sse sse2 ss ht tm pbe syscall nx rdtscp lm constant_tsc arch_perfmon pebs bts rep_good nopl xtopology nonstop_tsc aperfmperf eagerfpu pni pclmulqdq dtes64 monitor ds_cpl vmx est tm2 ssse3 cx16 xtpr pdcm pcid sse4_1 sse4_2 x2apic popcnt tsc_deadline_timer aes xsave avx f16c rdrand lahf_lm ida arat epb xsaveopt pln pts dtherm tpr_shadow vnmi flexpriority ept vpid fsgsbase smep erms
bogomips	: 5188.30
clflush size	: 64
cache_alignment	: 64
address sizes	: 36 bits physical, 48 bits virtual
power management:



Memory: 4k page, physical 3931356k(1179556k free), swap 4077564k(4077564k free)

vm_info: Java HotSpot(TM) 64-Bit Server VM (24.75-b04) for linux-amd64 JRE (1.7.0_75-b13), built on Dec 18 2014 16:45:18 by "java_re" with gcc 4.3.0 20080428 (Red Hat 4.3.0-8)

time: Fri Mar 27 10:23:51 2015
elapsed time: 0 seconds

