#
# A fatal error has been detected by the Java Runtime Environment:
#
#  SIGSEGV (0xb) at pc=0x00007f5140a1eb80, pid=6033, tid=139986965378816
#
# JRE version: Java(TM) SE Runtime Environment (7.0_75-b13) (build 1.7.0_75-b13)
# Java VM: Java HotSpot(TM) 64-Bit Server VM (24.75-b04 mixed mode linux-amd64 compressed oops)
# Problematic frame:
# C  [libc.so.6+0x98b80]  envz_strip+0x610
#
# Failed to write core dump. Core dumps have been disabled. To enable core dumping, try "ulimit -c unlimited" before starting Java again
#
# If you would like to submit a bug report, please visit:
#   http://bugreport.sun.com/bugreport/crash.jsp
# The crash happened outside the Java Virtual Machine in native code.
# See problematic frame for where to report the bug.
#

---------------  T H R E A D  ---------------

Current thread (0x00007f513800a000):  JavaThread "main" [_thread_in_native, id=6035, stack(0x00007f5141483000,0x00007f5141584000)]

siginfo:si_signo=SIGSEGV: si_errno=0, si_code=1 (SEGV_MAPERR), si_addr=0x0000000000000000

Registers:
RAX=0xffff80aecbe2335c, RBX=0x00007f5134171038, RCX=0x0000000000000060, RDX=0x0000000000000030
RSP=0x00007f51415822d8, RBP=0x0000000000000000, RSI=0x0000000000000000, RDI=0x00007f51341dcc74
R8 =0x0000000000000007, R9 =0x00007f5138000078, R10=0x0000000000000000, R11=0x0000000000000246
R12=0x0000000000000030, R13=0x0000000000000030, R14=0x0000000000000000, R15=0x00007f51341de170
RIP=0x00007f5140a1eb80, EFLAGS=0x0000000000010202, CSGSFS=0x0000000000000033, ERR=0x0000000000000004
  TRAPNO=0x000000000000000e

Top of Stack: (sp=0x00007f51415822d8)
0x00007f51415822d8:   00007f51266a30dd 0000000000000000
0x00007f51415822e8:   0000000000000000 0000000000000000
0x00007f51415822f8:   00007f51341de178 0000000000000010
0x00007f5141582308:   0000000000000010 00007f51341de170
0x00007f5141582318:   0000000000000002 0000000000000000
0x00007f5141582328:   00007f51266c71ee 0000000000000001
0x00007f5141582338:   00007f5134171038 00007f51388cee30
0x00007f5141582348:   00007f5100000030 000000000000000d
0x00007f5141582358:   00007f51341de178 00007f51341ddff0
0x00007f5141582368:   00007f5134171038 00007f51415823c0
0x00007f5141582378:   0000000000000000 0000000000000001
0x00007f5141582388:   00007f51266c7ae4 0000000000800016
0x00007f5141582398:   00007f5100000002 0000000200000000
0x00007f51415823a8:   0000000000000001 00007f51341de148
0x00007f51415823b8:   0000000200000001 00007f51341ddff0
0x00007f51415823c8:   00007f51389017b8 00007f5126b052e8
0x00007f51415823d8:   0000000000000001 00007f51388f5c08
0x00007f51415823e8:   00007f5134171038 00007f513875f4b0
0x00007f51415823f8:   0000000000000000 0000000000000000
0x00007f5141582408:   0000000000000001 00000000304c0aff
0x00007f5141582418:   00007f51261d403d 00007f5100000000
0x00007f5141582428:   00007f5134171038 00007f513830ff20
0x00007f5141582438:   00007f51266934df 00007f5134171038
0x00007f5141582448:   00007f513875eaa0 00007f513875f200
0x00007f5141582458:   00007f512675470c 00007f513875ed50
0x00007f5141582468:   0000000000000001 00007f5100000000
0x00007f5141582478:   0000000000000000 00007f513875eaa0
0x00007f5141582488:   00007f5134171038 0000000000000001
0x00007f5141582498:   00007f513875f200 0000000000000001
0x00007f51415824a8:   00007f513875eaa0 0000000000000000
0x00007f51415824b8:   00007f5126708974 0000000000000001
0x00007f51415824c8:   00007f5100000001 00000000000002bc 

Instructions: (pc=0x00007f5140a1eb80)
0x00007f5140a1eb60:   48 89 f0 48 8d 0c 12 48 29 f8 48 29 d0 48 39 c8
0x00007f5140a1eb70:   0f 82 07 01 00 00 48 83 fa 10 0f 86 8b 01 00 00
0x00007f5140a1eb80:   f3 44 0f 6f 06 48 83 fa 20 f3 44 0f 7f 07 f3 44
0x00007f5140a1eb90:   0f 6f 44 16 f0 f3 44 0f 7f 44 17 f0 77 12 48 89 

Register to memory mapping:

RAX=0xffff80aecbe2335c is an unknown value
RBX=0x00007f5134171038 is an unknown value
RCX=0x0000000000000060 is an unknown value
RDX=0x0000000000000030 is an unknown value
RSP=0x00007f51415822d8 is pointing into the stack for thread: 0x00007f513800a000
RBP=0x0000000000000000 is an unknown value
RSI=0x0000000000000000 is an unknown value
RDI=0x00007f51341dcc74 is an unknown value
R8 =0x0000000000000007 is an unknown value
R9 =0x00007f5138000078 is an unknown value
R10=0x0000000000000000 is an unknown value
R11=0x0000000000000246 is an unknown value
R12=0x0000000000000030 is an unknown value
R13=0x0000000000000030 is an unknown value
R14=0x0000000000000000 is an unknown value
R15=0x00007f51341de170 is an unknown value


Stack: [0x00007f5141483000,0x00007f5141584000],  sp=0x00007f51415822d8,  free space=1020k
Native frames: (J=compiled Java code, j=interpreted, Vv=VM code, C=native code)
C  [libc.so.6+0x98b80]  envz_strip+0x610

[error occurred during error reporting (printing native stack), id 0xb]

Java frames: (J=compiled Java code, j=interpreted, Vv=VM code)
j  org.lwjgl.opengl.GL11.nglDrawArrays(IIIJ)V+0
j  org.lwjgl.opengl.GL11.glDrawArrays(III)V+22
j  simulador.Avion.draw()V+111
j  simulador.Simulador.draw()V+47
j  simulador.Simulador.come_alive()V+51
j  simulador.Simulador.run()V+1
j  simulador.Main.main([Ljava/lang/String;)V+13
v  ~StubRoutines::call_stub

---------------  P R O C E S S  ---------------

Java Threads: ( => current thread )
  0x00007f5138098800 JavaThread "Service Thread" daemon [_thread_blocked, id=6049, stack(0x00007f5134cfd000,0x00007f5134dfe000)]
  0x00007f5138096000 JavaThread "C2 CompilerThread1" daemon [_thread_blocked, id=6048, stack(0x00007f5134dfe000,0x00007f5134eff000)]
  0x00007f5138093800 JavaThread "C2 CompilerThread0" daemon [_thread_blocked, id=6047, stack(0x00007f5134eff000,0x00007f5135000000)]
  0x00007f5138091000 JavaThread "Signal Dispatcher" daemon [_thread_blocked, id=6046, stack(0x00007f513c053000,0x00007f513c154000)]
  0x00007f5138070000 JavaThread "Finalizer" daemon [_thread_blocked, id=6045, stack(0x00007f513c836000,0x00007f513c937000)]
  0x00007f513806e000 JavaThread "Reference Handler" daemon [_thread_blocked, id=6044, stack(0x00007f513c937000,0x00007f513ca38000)]
=>0x00007f513800a000 JavaThread "main" [_thread_in_native, id=6035, stack(0x00007f5141483000,0x00007f5141584000)]

Other Threads:
  0x00007f5138069800 VMThread [stack: 0x00007f513ca38000,0x00007f513cb39000] [id=6043]
  0x00007f51380a3800 WatcherThread [stack: 0x00007f5134bfc000,0x00007f5134cfd000] [id=6050]

VM state:not at safepoint (normal execution)

VM Mutex/Monitor currently owned by a thread: None

Heap
 PSYoungGen      total 17920K, used 8978K [0x00000000ec000000, 0x00000000ed400000, 0x0000000100000000)
  eden space 15360K, 58% used [0x00000000ec000000,0x00000000ec8c4960,0x00000000ecf00000)
  from space 2560K, 0% used [0x00000000ed180000,0x00000000ed180000,0x00000000ed400000)
  to   space 2560K, 0% used [0x00000000ecf00000,0x00000000ecf00000,0x00000000ed180000)
 ParOldGen       total 40960K, used 0K [0x00000000c4000000, 0x00000000c6800000, 0x00000000ec000000)
  object space 40960K, 0% used [0x00000000c4000000,0x00000000c4000000,0x00000000c6800000)
 PSPermGen       total 21504K, used 7097K [0x00000000bee00000, 0x00000000c0300000, 0x00000000c4000000)
  object space 21504K, 33% used [0x00000000bee00000,0x00000000bf4ee7f8,0x00000000c0300000)

Card table byte_map: [0x00007f513e566000,0x00007f513e770000] byte_map_base: 0x00007f513df6f000

Polling page: 0x00007f51415a4000

Code Cache  [0x00007f5135000000, 0x00007f5135270000, 0x00007f5138000000)
 total_blobs=488 nmethods=19 adapters=423 free_code_cache=48595Kb largest_free_block=49750016

Compilation events (10 events):
Event: 0,262 Thread 0x00007f5138096000 nmethod 14 0x00007f5135074e50 code [0x00007f5135074f80, 0x00007f5135074ff8]
Event: 0,262 Thread 0x00007f5138093800 nmethod 12 0x00007f5135074bd0 code [0x00007f5135074d00, 0x00007f5135074d98]
Event: 0,300 Thread 0x00007f5138096000   15             org.lwjgl.system.MemoryUtil::memEncodeASCII (62 bytes)
Event: 0,305 Thread 0x00007f5138093800   16             java.lang.Object::<init> (1 bytes)
Event: 0,307 Thread 0x00007f5138093800 nmethod 16 0x00007f5135084850 code [0x00007f5135084980, 0x00007f51350849f8]
Event: 0,312 Thread 0x00007f5138096000 nmethod 15 0x00007f51350820d0 code [0x00007f5135082240, 0x00007f5135082698]
Event: 0,346 Thread 0x00007f5138093800   17             java.lang.String::equals (81 bytes)
Event: 0,350 Thread 0x00007f5138093800 nmethod 17 0x00007f5135087f90 code [0x00007f51350880e0, 0x00007f5135088338]
Event: 0,401 Thread 0x00007f5138096000   18             sun.net.www.ParseUtil::encodePath (336 bytes)
Event: 0,429 Thread 0x00007f5138096000 nmethod 18 0x00007f513508c390 code [0x00007f513508c5e0, 0x00007f513508d638]

GC Heap History (0 events):
No events

Deoptimization events (0 events):
No events

Internal exceptions (10 events):
Event: 0,435 Thread 0x00007f513800a000 Threw 0x00000000ec863658 at /HUDSON/workspace/7u-2-build-linux-amd64/jdk7u75/1940/hotspot/src/share/vm/prims/jvm.cpp:1281
Event: 0,435 Thread 0x00007f513800a000 Threw 0x00000000ec866288 at /HUDSON/workspace/7u-2-build-linux-amd64/jdk7u75/1940/hotspot/src/share/vm/prims/jvm.cpp:1281
Event: 0,436 Thread 0x00007f513800a000 Threw 0x00000000ec8692a8 at /HUDSON/workspace/7u-2-build-linux-amd64/jdk7u75/1940/hotspot/src/share/vm/prims/jvm.cpp:1281
Event: 0,436 Thread 0x00007f513800a000 Threw 0x00000000ec86bda8 at /HUDSON/workspace/7u-2-build-linux-amd64/jdk7u75/1940/hotspot/src/share/vm/prims/jvm.cpp:1281
Event: 0,436 Thread 0x00007f513800a000 Threw 0x00000000ec870c00 at /HUDSON/workspace/7u-2-build-linux-amd64/jdk7u75/1940/hotspot/src/share/vm/prims/jvm.cpp:1281
Event: 0,437 Thread 0x00007f513800a000 Threw 0x00000000ec875750 at /HUDSON/workspace/7u-2-build-linux-amd64/jdk7u75/1940/hotspot/src/share/vm/prims/jvm.cpp:1281
Event: 0,439 Thread 0x00007f513800a000 Threw 0x00000000ec8785f0 at /HUDSON/workspace/7u-2-build-linux-amd64/jdk7u75/1940/hotspot/src/share/vm/prims/jvm.cpp:1281
Event: 0,440 Thread 0x00007f513800a000 Threw 0x00000000ec87a900 at /HUDSON/workspace/7u-2-build-linux-amd64/jdk7u75/1940/hotspot/src/share/vm/prims/jvm.cpp:1281
Event: 0,442 Thread 0x00007f513800a000 Threw 0x00000000ec87d578 at /HUDSON/workspace/7u-2-build-linux-amd64/jdk7u75/1940/hotspot/src/share/vm/prims/jvm.cpp:1281
Event: 0,445 Thread 0x00007f513800a000 Threw 0x00000000ec8806e8 at /HUDSON/workspace/7u-2-build-linux-amd64/jdk7u75/1940/hotspot/src/share/vm/prims/jvm.cpp:1281

Events (10 events):
Event: 0,443 loading class 0x00007f513dd8fdf0
Event: 0,443 loading class 0x00007f513dd8fdf0 done
Event: 0,444 loading class 0x00007f510c096f10
Event: 0,444 loading class 0x00007f510c096f10 done
Event: 0,444 loading class 0x00007f513dd6e760
Event: 0,444 loading class 0x00007f513dd6e760 done
Event: 0,444 loading class 0x00007f513dd92000
Event: 0,444 loading class 0x00007f513dd92000 done
Event: 0,445 loading class 0x00007f51387b5250
Event: 0,445 loading class 0x00007f51387b5250 done


Dynamic libraries:
00400000-00401000 r-xp 00000000 08:09 1838081                            /home/raul/jdk1.7.0_75/bin/java
00600000-00601000 rw-p 00000000 08:09 1838081                            /home/raul/jdk1.7.0_75/bin/java
00b29000-00b4a000 rw-p 00000000 00:00 0                                  [heap]
bee00000-c0300000 rw-p 00000000 00:00 0 
c0300000-c4000000 rw-p 00000000 00:00 0 
c4000000-c6800000 rw-p 00000000 00:00 0 
c6800000-ec000000 rw-p 00000000 00:00 0 
ec000000-ed400000 rw-p 00000000 00:00 0 
ed400000-100000000 rw-p 00000000 00:00 0 
7f50f8000000-7f50f8021000 rw-p 00000000 00:00 0 
7f50f8021000-7f50fc000000 ---p 00000000 00:00 0 
7f50ffd67000-7f5100000000 rw-p 00000000 00:00 0 
7f5100000000-7f5100137000 rw-p 00000000 00:00 0 
7f5100137000-7f5104000000 ---p 00000000 00:00 0 
7f5104000000-7f5104021000 rw-p 00000000 00:00 0 
7f5104021000-7f5108000000 ---p 00000000 00:00 0 
7f5108000000-7f5108021000 rw-p 00000000 00:00 0 
7f5108021000-7f510c000000 ---p 00000000 00:00 0 
7f510c000000-7f510c0e9000 rw-p 00000000 00:00 0 
7f510c0e9000-7f5110000000 ---p 00000000 00:00 0 
7f5110000000-7f5110021000 rw-p 00000000 00:00 0 
7f5110021000-7f5114000000 ---p 00000000 00:00 0 
7f5114000000-7f5114021000 rw-p 00000000 00:00 0 
7f5114021000-7f5118000000 ---p 00000000 00:00 0 
7f5118000000-7f5118021000 rw-p 00000000 00:00 0 
7f5118021000-7f511c000000 ---p 00000000 00:00 0 
7f511c000000-7f511c021000 rw-p 00000000 00:00 0 
7f511c021000-7f5120000000 ---p 00000000 00:00 0 
7f5120000000-7f5120021000 rw-p 00000000 00:00 0 
7f5120021000-7f5124000000 ---p 00000000 00:00 0 
7f5124117000-7f512501c000 rw-p 00000000 00:00 0 
7f512501c000-7f5125053000 r-xp 00000000 08:09 3679606                    /usr/lib/x86_64-linux-gnu/libtxc_dxtn_s2tc.so.0.0.0
7f5125053000-7f5125252000 ---p 00037000 08:09 3679606                    /usr/lib/x86_64-linux-gnu/libtxc_dxtn_s2tc.so.0.0.0
7f5125252000-7f5125253000 r--p 00036000 08:09 3679606                    /usr/lib/x86_64-linux-gnu/libtxc_dxtn_s2tc.so.0.0.0
7f5125253000-7f5125254000 rw-p 00037000 08:09 3679606                    /usr/lib/x86_64-linux-gnu/libtxc_dxtn_s2tc.so.0.0.0
7f5125254000-7f512526c000 r-xp 00000000 08:09 2625662                    /lib/x86_64-linux-gnu/libz.so.1.2.8
7f512526c000-7f512546b000 ---p 00018000 08:09 2625662                    /lib/x86_64-linux-gnu/libz.so.1.2.8
7f512546b000-7f512546c000 r--p 00017000 08:09 2625662                    /lib/x86_64-linux-gnu/libz.so.1.2.8
7f512546c000-7f512546d000 rw-p 00018000 08:09 2625662                    /lib/x86_64-linux-gnu/libz.so.1.2.8
7f512546d000-7f5125475000 r-xp 00000000 08:09 3679409                    /usr/lib/x86_64-linux-gnu/libpciaccess.so.0.11.1
7f5125475000-7f5125674000 ---p 00008000 08:09 3679409                    /usr/lib/x86_64-linux-gnu/libpciaccess.so.0.11.1
7f5125674000-7f5125675000 r--p 00007000 08:09 3679409                    /usr/lib/x86_64-linux-gnu/libpciaccess.so.0.11.1
7f5125675000-7f5125676000 rw-p 00008000 08:09 3679409                    /usr/lib/x86_64-linux-gnu/libpciaccess.so.0.11.1
7f5125676000-7f512568c000 r-xp 00000000 08:09 2625476                    /lib/x86_64-linux-gnu/libgcc_s.so.1
7f512568c000-7f512588b000 ---p 00016000 08:09 2625476                    /lib/x86_64-linux-gnu/libgcc_s.so.1
7f512588b000-7f512588c000 rw-p 00015000 08:09 2625476                    /lib/x86_64-linux-gnu/libgcc_s.so.1
7f512588c000-7f5125972000 r-xp 00000000 08:09 3679564                    /usr/lib/x86_64-linux-gnu/libstdc++.so.6.0.19
7f5125972000-7f5125b71000 ---p 000e6000 08:09 3679564                    /usr/lib/x86_64-linux-gnu/libstdc++.so.6.0.19
7f5125b71000-7f5125b79000 r--p 000e5000 08:09 3679564                    /usr/lib/x86_64-linux-gnu/libstdc++.so.6.0.19
7f5125b79000-7f5125b7b000 rw-p 000ed000 08:09 3679564                    /usr/lib/x86_64-linux-gnu/libstdc++.so.6.0.19
7f5125b7b000-7f5125b90000 rw-p 00000000 00:00 0 
7f5125b90000-7f5125bb7000 r-xp 00000000 08:09 2625521                    /lib/x86_64-linux-gnu/libexpat.so.1.6.0
7f5125bb7000-7f5125db7000 ---p 00027000 08:09 2625521                    /lib/x86_64-linux-gnu/libexpat.so.1.6.0
7f5125db7000-7f5125db9000 r--p 00027000 08:09 2625521                    /lib/x86_64-linux-gnu/libexpat.so.1.6.0
7f5125db9000-7f5125dba000 rw-p 00029000 08:09 2625521                    /lib/x86_64-linux-gnu/libexpat.so.1.6.0
7f5125dba000-7f5125dc6000 r-xp 00000000 08:09 3673068                    /usr/lib/x86_64-linux-gnu/libdrm_radeon.so.1.0.1
7f5125dc6000-7f5125fc5000 ---p 0000c000 08:09 3673068                    /usr/lib/x86_64-linux-gnu/libdrm_radeon.so.1.0.1
7f5125fc5000-7f5125fc6000 r--p 0000b000 08:09 3673068                    /usr/lib/x86_64-linux-gnu/libdrm_radeon.so.1.0.1
7f5125fc6000-7f5125fc7000 rw-p 0000c000 08:09 3673068                    /usr/lib/x86_64-linux-gnu/libdrm_radeon.so.1.0.1
7f5125fc7000-7f5125fcd000 r-xp 00000000 08:09 3672797                    /usr/lib/x86_64-linux-gnu/libdrm_nouveau.so.2.0.0
7f5125fcd000-7f51261cc000 ---p 00006000 08:09 3672797                    /usr/lib/x86_64-linux-gnu/libdrm_nouveau.so.2.0.0
7f51261cc000-7f51261cd000 r--p 00005000 08:09 3672797                    /usr/lib/x86_64-linux-gnu/libdrm_nouveau.so.2.0.0
7f51261cd000-7f51261ce000 rw-p 00006000 08:09 3672797                    /usr/lib/x86_64-linux-gnu/libdrm_nouveau.so.2.0.0
7f51261ce000-7f51261ed000 r-xp 00000000 08:09 3672795                    /usr/lib/x86_64-linux-gnu/libdrm_intel.so.1.0.0
7f51261ed000-7f51263ec000 ---p 0001f000 08:09 3672795                    /usr/lib/x86_64-linux-gnu/libdrm_intel.so.1.0.0
7f51263ec000-7f51263ed000 r--p 0001e000 08:09 3672795                    /usr/lib/x86_64-linux-gnu/libdrm_intel.so.1.0.0
7f51263ed000-7f51263ee000 rw-p 0001f000 08:09 3672795                    /usr/lib/x86_64-linux-gnu/libdrm_intel.so.1.0.0
7f51263ee000-7f51268dd000 r-xp 00000000 08:09 3934416                    /usr/lib/x86_64-linux-gnu/dri/i965_dri.so
7f51268dd000-7f5126adc000 ---p 004ef000 08:09 3934416                    /usr/lib/x86_64-linux-gnu/dri/i965_dri.so
7f5126adc000-7f5126af3000 r--p 004ee000 08:09 3934416                    /usr/lib/x86_64-linux-gnu/dri/i965_dri.so
7f5126af3000-7f5126aff000 rw-p 00505000 08:09 3934416                    /usr/lib/x86_64-linux-gnu/dri/i965_dri.so
7f5126aff000-7f5126b4b000 rw-p 00000000 00:00 0 
7f5126b4b000-7f5126b8f000 r-xp 00000000 08:09 2625517                    /lib/x86_64-linux-gnu/libdbus-1.so.3.7.6
7f5126b8f000-7f5126d8e000 ---p 00044000 08:09 2625517                    /lib/x86_64-linux-gnu/libdbus-1.so.3.7.6
7f5126d8e000-7f5126d8f000 r--p 00043000 08:09 2625517                    /lib/x86_64-linux-gnu/libdbus-1.so.3.7.6
7f5126d8f000-7f5126d90000 rw-p 00044000 08:09 2625517                    /lib/x86_64-linux-gnu/libdbus-1.so.3.7.6
7f5126d90000-7f5126d98000 r-xp 00000000 08:09 2625561                    /lib/x86_64-linux-gnu/libnih-dbus.so.1.0.0
7f5126d98000-7f5126f98000 ---p 00008000 08:09 2625561                    /lib/x86_64-linux-gnu/libnih-dbus.so.1.0.0
7f5126f98000-7f5126f99000 r--p 00008000 08:09 2625561                    /lib/x86_64-linux-gnu/libnih-dbus.so.1.0.0
7f5126f99000-7f5126f9a000 rw-p 00009000 08:09 2625561                    /lib/x86_64-linux-gnu/libnih-dbus.so.1.0.0
7f5126f9a000-7f5126fb1000 r-xp 00000000 08:09 2625563                    /lib/x86_64-linux-gnu/libnih.so.1.0.0
7f5126fb1000-7f51271b0000 ---p 00017000 08:09 2625563                    /lib/x86_64-linux-gnu/libnih.so.1.0.0
7f51271b0000-7f51271b1000 r--p 00016000 08:09 2625563                    /lib/x86_64-linux-gnu/libnih.so.1.0.0
7f51271b1000-7f51271b2000 rw-p 00017000 08:09 2625563                    /lib/x86_64-linux-gnu/libnih.so.1.0.0
7f51271b2000-7f51271cb000 r-xp 00000000 08:09 2625512                    /lib/x86_64-linux-gnu/libcgmanager.so.0.0.0
7f51271cb000-7f51273ca000 ---p 00019000 08:09 2625512                    /lib/x86_64-linux-gnu/libcgmanager.so.0.0.0
7f51273ca000-7f51273cc000 r--p 00018000 08:09 2625512                    /lib/x86_64-linux-gnu/libcgmanager.so.0.0.0
7f51273cc000-7f51273cd000 rw-p 0001a000 08:09 2625512                    /lib/x86_64-linux-gnu/libcgmanager.so.0.0.0
7f51273cd000-7f51273dd000 r-xp 00000000 08:09 2625436                    /lib/x86_64-linux-gnu/libudev.so.1.3.5
7f51273dd000-7f51275dc000 ---p 00010000 08:09 2625436                    /lib/x86_64-linux-gnu/libudev.so.1.3.5
7f51275dc000-7f51275dd000 r--p 0000f000 08:09 2625436                    /lib/x86_64-linux-gnu/libudev.so.1.3.5
7f51275dd000-7f51275de000 rw-p 00010000 08:09 2625436                    /lib/x86_64-linux-gnu/libudev.so.1.3.5
7f51275de000-7f51275e3000 r-xp 00000000 08:09 3678669                    /usr/lib/x86_64-linux-gnu/libXdmcp.so.6.0.0
7f51275e3000-7f51277e2000 ---p 00005000 08:09 3678669                    /usr/lib/x86_64-linux-gnu/libXdmcp.so.6.0.0
7f51277e2000-7f51277e3000 r--p 00004000 08:09 3678669                    /usr/lib/x86_64-linux-gnu/libXdmcp.so.6.0.0
7f51277e3000-7f51277e4000 rw-p 00005000 08:09 3678669                    /usr/lib/x86_64-linux-gnu/libXdmcp.so.6.0.0
7f51277e4000-7f51277e6000 r-xp 00000000 08:09 3678658                    /usr/lib/x86_64-linux-gnu/libXau.so.6.0.0
7f51277e6000-7f51279e6000 ---p 00002000 08:09 3678658                    /usr/lib/x86_64-linux-gnu/libXau.so.6.0.0
7f51279e6000-7f51279e7000 r--p 00002000 08:09 3678658                    /usr/lib/x86_64-linux-gnu/libXau.so.6.0.0
7f51279e7000-7f51279e8000 rw-p 00003000 08:09 3678658                    /usr/lib/x86_64-linux-gnu/libXau.so.6.0.0
7f51279e8000-7f51279f1000 r-xp 00000000 08:09 3678693                    /usr/lib/x86_64-linux-gnu/libXrender.so.1.3.0
7f51279f1000-7f5127bf0000 ---p 00009000 08:09 3678693                    /usr/lib/x86_64-linux-gnu/libXrender.so.1.3.0
7f5127bf0000-7f5127bf1000 r--p 00008000 08:09 3678693                    /usr/lib/x86_64-linux-gnu/libXrender.so.1.3.0
7f5127bf1000-7f5127bf2000 rw-p 00009000 08:09 3678693                    /usr/lib/x86_64-linux-gnu/libXrender.so.1.3.0
7f5127bf2000-7f5127bfd000 r-xp 00000000 08:09 3672667                    /usr/lib/x86_64-linux-gnu/libdrm.so.2.4.0
7f5127bfd000-7f5127dfc000 ---p 0000b000 08:09 3672667                    /usr/lib/x86_64-linux-gnu/libdrm.so.2.4.0
7f5127dfc000-7f5127dfd000 r--p 0000a000 08:09 3672667                    /usr/lib/x86_64-linux-gnu/libdrm.so.2.4.0
7f5127dfd000-7f5127dfe000 rw-p 0000b000 08:09 3672667                    /usr/lib/x86_64-linux-gnu/libdrm.so.2.4.0
7f5127dfe000-7f5127dff000 r-xp 00000000 08:09 3679738                    /usr/lib/x86_64-linux-gnu/libxshmfence.so.1.0.0
7f5127dff000-7f5127ffe000 ---p 00001000 08:09 3679738                    /usr/lib/x86_64-linux-gnu/libxshmfence.so.1.0.0
7f5127ffe000-7f5127fff000 r--p 00000000 08:09 3679738                    /usr/lib/x86_64-linux-gnu/libxshmfence.so.1.0.0
7f5127fff000-7f5128000000 rw-p 00001000 08:09 3679738                    /usr/lib/x86_64-linux-gnu/libxshmfence.so.1.0.0
7f5128000000-7f5128021000 rw-p 00000000 00:00 0 
7f5128021000-7f512c000000 ---p 00000000 00:00 0 
7f512c0c8000-7f512c0cd000 r-xp 00000000 08:09 3679720                    /usr/lib/x86_64-linux-gnu/libxcb-sync.so.1.0.0
7f512c0cd000-7f512c2cc000 ---p 00005000 08:09 3679720                    /usr/lib/x86_64-linux-gnu/libxcb-sync.so.1.0.0
7f512c2cc000-7f512c2cd000 r--p 00004000 08:09 3679720                    /usr/lib/x86_64-linux-gnu/libxcb-sync.so.1.0.0
7f512c2cd000-7f512c2ce000 rw-p 00005000 08:09 3679720                    /usr/lib/x86_64-linux-gnu/libxcb-sync.so.1.0.0
7f512c2ce000-7f512c2d0000 r-xp 00000000 08:09 3679708                    /usr/lib/x86_64-linux-gnu/libxcb-present.so.0.0.0
7f512c2d0000-7f512c4cf000 ---p 00002000 08:09 3679708                    /usr/lib/x86_64-linux-gnu/libxcb-present.so.0.0.0
7f512c4cf000-7f512c4d0000 r--p 00001000 08:09 3679708                    /usr/lib/x86_64-linux-gnu/libxcb-present.so.0.0.0
7f512c4d0000-7f512c4d1000 rw-p 00002000 08:09 3679708                    /usr/lib/x86_64-linux-gnu/libxcb-present.so.0.0.0
7f512c4d1000-7f512c4d3000 r-xp 00000000 08:09 3679698                    /usr/lib/x86_64-linux-gnu/libxcb-dri3.so.0.0.0
7f512c4d3000-7f512c6d2000 ---p 00002000 08:09 3679698                    /usr/lib/x86_64-linux-gnu/libxcb-dri3.so.0.0.0
7f512c6d2000-7f512c6d3000 r--p 00001000 08:09 3679698                    /usr/lib/x86_64-linux-gnu/libxcb-dri3.so.0.0.0
7f512c6d3000-7f512c6d4000 rw-p 00002000 08:09 3679698                    /usr/lib/x86_64-linux-gnu/libxcb-dri3.so.0.0.0
7f512c6d4000-7f512c6d7000 r-xp 00000000 08:09 3679696                    /usr/lib/x86_64-linux-gnu/libxcb-dri2.so.0.0.0
7f512c6d7000-7f512c8d7000 ---p 00003000 08:09 3679696                    /usr/lib/x86_64-linux-gnu/libxcb-dri2.so.0.0.0
7f512c8d7000-7f512c8d8000 r--p 00003000 08:09 3679696                    /usr/lib/x86_64-linux-gnu/libxcb-dri2.so.0.0.0
7f512c8d8000-7f512c8d9000 rw-p 00004000 08:09 3679696                    /usr/lib/x86_64-linux-gnu/libxcb-dri2.so.0.0.0
7f512c8d9000-7f512c8ee000 r-xp 00000000 08:09 3679700                    /usr/lib/x86_64-linux-gnu/libxcb-glx.so.0.0.0
7f512c8ee000-7f512caed000 ---p 00015000 08:09 3679700                    /usr/lib/x86_64-linux-gnu/libxcb-glx.so.0.0.0
7f512caed000-7f512caef000 r--p 00014000 08:09 3679700                    /usr/lib/x86_64-linux-gnu/libxcb-glx.so.0.0.0
7f512caef000-7f512caf0000 rw-p 00016000 08:09 3679700                    /usr/lib/x86_64-linux-gnu/libxcb-glx.so.0.0.0
7f512caf0000-7f512caf1000 r-xp 00000000 08:09 3678652                    /usr/lib/x86_64-linux-gnu/libX11-xcb.so.1.0.0
7f512caf1000-7f512ccf0000 ---p 00001000 08:09 3678652                    /usr/lib/x86_64-linux-gnu/libX11-xcb.so.1.0.0
7f512ccf0000-7f512ccf1000 r--p 00000000 08:09 3678652                    /usr/lib/x86_64-linux-gnu/libX11-xcb.so.1.0.0
7f512ccf1000-7f512ccf2000 rw-p 00001000 08:09 3678652                    /usr/lib/x86_64-linux-gnu/libX11-xcb.so.1.0.0
7f512ccf2000-7f512ccf7000 r-xp 00000000 08:09 3678673                    /usr/lib/x86_64-linux-gnu/libXfixes.so.3.1.0
7f512ccf7000-7f512cef6000 ---p 00005000 08:09 3678673                    /usr/lib/x86_64-linux-gnu/libXfixes.so.3.1.0
7f512cef6000-7f512cef7000 r--p 00004000 08:09 3678673                    /usr/lib/x86_64-linux-gnu/libXfixes.so.3.1.0
7f512cef7000-7f512cef8000 rw-p 00005000 08:09 3678673                    /usr/lib/x86_64-linux-gnu/libXfixes.so.3.1.0
7f512cef8000-7f512cefa000 r-xp 00000000 08:09 3678667                    /usr/lib/x86_64-linux-gnu/libXdamage.so.1.1.0
7f512cefa000-7f512d0f9000 ---p 00002000 08:09 3678667                    /usr/lib/x86_64-linux-gnu/libXdamage.so.1.1.0
7f512d0f9000-7f512d0fa000 r--p 00001000 08:09 3678667                    /usr/lib/x86_64-linux-gnu/libXdamage.so.1.1.0
7f512d0fa000-7f512d0fb000 rw-p 00002000 08:09 3678667                    /usr/lib/x86_64-linux-gnu/libXdamage.so.1.1.0
7f512d0fb000-7f512d10c000 r-xp 00000000 08:09 3678671                    /usr/lib/x86_64-linux-gnu/libXext.so.6.4.0
7f512d10c000-7f512d30b000 ---p 00011000 08:09 3678671                    /usr/lib/x86_64-linux-gnu/libXext.so.6.4.0
7f512d30b000-7f512d30c000 r--p 00010000 08:09 3678671                    /usr/lib/x86_64-linux-gnu/libXext.so.6.4.0
7f512d30c000-7f512d30d000 rw-p 00011000 08:09 3678671                    /usr/lib/x86_64-linux-gnu/libXext.so.6.4.0
7f512d30d000-7f512d32f000 r-xp 00000000 08:09 3672157                    /usr/lib/x86_64-linux-gnu/libglapi.so.0.0.0
7f512d32f000-7f512d52f000 ---p 00022000 08:09 3672157                    /usr/lib/x86_64-linux-gnu/libglapi.so.0.0.0
7f512d52f000-7f512d532000 r--p 00022000 08:09 3672157                    /usr/lib/x86_64-linux-gnu/libglapi.so.0.0.0
7f512d532000-7f512d533000 rw-p 00025000 08:09 3672157                    /usr/lib/x86_64-linux-gnu/libglapi.so.0.0.0
7f512d533000-7f512d534000 rw-p 00000000 00:00 0 
7f512d534000-7f512d551000 r-xp 00000000 08:09 3679728                    /usr/lib/x86_64-linux-gnu/libxcb.so.1.1.0
7f512d551000-7f512d751000 ---p 0001d000 08:09 3679728                    /usr/lib/x86_64-linux-gnu/libxcb.so.1.1.0
7f512d751000-7f512d752000 r--p 0001d000 08:09 3679728                    /usr/lib/x86_64-linux-gnu/libxcb.so.1.1.0
7f512d752000-7f512d753000 rw-p 0001e000 08:09 3679728                    /usr/lib/x86_64-linux-gnu/libxcb.so.1.1.0
7f512d753000-7f512d75c000 r-xp 00000000 08:09 3678665                    /usr/lib/x86_64-linux-gnu/libXcursor.so.1.0.2
7f512d75c000-7f512d95b000 ---p 00009000 08:09 3678665                    /usr/lib/x86_64-linux-gnu/libXcursor.so.1.0.2
7f512d95b000-7f512d95c000 r--p 00008000 08:09 3678665                    /usr/lib/x86_64-linux-gnu/libXcursor.so.1.0.2
7f512d95c000-7f512d95d000 rw-p 00009000 08:09 3678665                    /usr/lib/x86_64-linux-gnu/libXcursor.so.1.0.2
7f512d95d000-7f512d95f000 r-xp 00000000 08:09 3678681                    /usr/lib/x86_64-linux-gnu/libXinerama.so.1.0.0
7f512d95f000-7f512db5e000 ---p 00002000 08:09 3678681                    /usr/lib/x86_64-linux-gnu/libXinerama.so.1.0.0
7f512db5e000-7f512db5f000 r--p 00001000 08:09 3678681                    /usr/lib/x86_64-linux-gnu/libXinerama.so.1.0.0
7f512db5f000-7f512db60000 rw-p 00002000 08:09 3678681                    /usr/lib/x86_64-linux-gnu/libXinerama.so.1.0.0
7f512db60000-7f512db64000 r-xp 00000000 08:09 3678709                    /usr/lib/x86_64-linux-gnu/libXxf86vm.so.1.0.0
7f512db64000-7f512dd64000 ---p 00004000 08:09 3678709                    /usr/lib/x86_64-linux-gnu/libXxf86vm.so.1.0.0
7f512dd64000-7f512dd65000 r--p 00004000 08:09 3678709                    /usr/lib/x86_64-linux-gnu/libXxf86vm.so.1.0.0
7f512dd65000-7f512dd66000 rw-p 00005000 08:09 3678709                    /usr/lib/x86_64-linux-gnu/libXxf86vm.so.1.0.0
7f512dd66000-7f512dd6f000 r-xp 00000000 08:09 3678691                    /usr/lib/x86_64-linux-gnu/libXrandr.so.2.2.0
7f512dd6f000-7f512df6e000 ---p 00009000 08:09 3678691                    /usr/lib/x86_64-linux-gnu/libXrandr.so.2.2.0
7f512df6e000-7f512df6f000 r--p 00008000 08:09 3678691                    /usr/lib/x86_64-linux-gnu/libXrandr.so.2.2.0
7f512df6f000-7f512df70000 rw-p 00009000 08:09 3678691                    /usr/lib/x86_64-linux-gnu/libXrandr.so.2.2.0
7f512df70000-7f5130000000 rw-p 00000000 00:00 0 
7f5130000000-7f5130021000 rw-p 00000000 00:00 0 
7f5130021000-7f5134000000 ---p 00000000 00:00 0 
7f5134171000-7f51341e0000 rw-p 00000000 00:00 0 
7f51341e0000-7f51341ef000 r-xp 00000000 08:09 3678679                    /usr/lib/x86_64-linux-gnu/libXi.so.6.1.0
7f51341ef000-7f51343ee000 ---p 0000f000 08:09 3678679                    /usr/lib/x86_64-linux-gnu/libXi.so.6.1.0
7f51343ee000-7f51343ef000 r--p 0000e000 08:09 3678679                    /usr/lib/x86_64-linux-gnu/libXi.so.6.1.0
7f51343ef000-7f51343f0000 rw-p 0000f000 08:09 3678679                    /usr/lib/x86_64-linux-gnu/libXi.so.6.1.0
7f51343f0000-7f5134452000 r-xp 00000000 08:09 3934455                    /usr/lib/x86_64-linux-gnu/mesa/libGL.so.1.2.0
7f5134452000-7f5134651000 ---p 00062000 08:09 3934455                    /usr/lib/x86_64-linux-gnu/mesa/libGL.so.1.2.0
7f5134651000-7f5134654000 r--p 00061000 08:09 3934455                    /usr/lib/x86_64-linux-gnu/mesa/libGL.so.1.2.0
7f5134654000-7f5134655000 rw-p 00064000 08:09 3934455                    /usr/lib/x86_64-linux-gnu/mesa/libGL.so.1.2.0
7f5134655000-7f5134656000 rw-p 00000000 00:00 0 
7f5134656000-7f5134786000 r-xp 00000000 08:09 3678654                    /usr/lib/x86_64-linux-gnu/libX11.so.6.3.0
7f5134786000-7f5134986000 ---p 00130000 08:09 3678654                    /usr/lib/x86_64-linux-gnu/libX11.so.6.3.0
7f5134986000-7f5134987000 r--p 00130000 08:09 3678654                    /usr/lib/x86_64-linux-gnu/libX11.so.6.3.0
7f5134987000-7f513498b000 rw-p 00131000 08:09 3678654                    /usr/lib/x86_64-linux-gnu/libX11.so.6.3.0
7f513498b000-7f51349fa000 r-xp 00000000 08:09 2102220                    /home/raul/lwjgl/native/linux/x64/liblwjgl.so
7f51349fa000-7f5134bf9000 ---p 0006f000 08:09 2102220                    /home/raul/lwjgl/native/linux/x64/liblwjgl.so
7f5134bf9000-7f5134bfa000 r--p 0006e000 08:09 2102220                    /home/raul/lwjgl/native/linux/x64/liblwjgl.so
7f5134bfa000-7f5134bfb000 rw-p 0006f000 08:09 2102220                    /home/raul/lwjgl/native/linux/x64/liblwjgl.so
7f5134bfb000-7f5134bfc000 rw-p 00000000 00:00 0 
7f5134bfc000-7f5134bfd000 ---p 00000000 00:00 0 
7f5134bfd000-7f5134cfd000 rw-p 00000000 00:00 0                          [stack:6050]
7f5134cfd000-7f5134d00000 ---p 00000000 00:00 0 
7f5134d00000-7f5134dfe000 rw-p 00000000 00:00 0                          [stack:6049]
7f5134dfe000-7f5134e01000 ---p 00000000 00:00 0 
7f5134e01000-7f5134eff000 rw-p 00000000 00:00 0                          [stack:6048]
7f5134eff000-7f5134f02000 ---p 00000000 00:00 0 
7f5134f02000-7f5135000000 rw-p 00000000 00:00 0                          [stack:6047]
7f5135000000-7f5135270000 rwxp 00000000 00:00 0 
7f5135270000-7f513892b000 rw-p 00000000 00:00 0 
7f513892b000-7f513c000000 ---p 00000000 00:00 0 
7f513c00e000-7f513c016000 rw-s 00000000 00:04 64437                      /drm mm object (deleted)
7f513c016000-7f513c01e000 rw-s 00000000 00:04 64436                      /drm mm object (deleted)
7f513c01e000-7f513c026000 rw-s 00000000 00:04 64432                      /drm mm object (deleted)
7f513c026000-7f513c02d000 r--s 00000000 08:09 3939448                    /usr/lib/x86_64-linux-gnu/gconv/gconv-modules.cache
7f513c02d000-7f513c053000 r--p 00000000 08:09 4329090                    /usr/share/locale-langpack/es/LC_MESSAGES/libc.mo
7f513c053000-7f513c056000 ---p 00000000 00:00 0 
7f513c056000-7f513c154000 rw-p 00000000 00:00 0                          [stack:6046]
7f513c154000-7f513c836000 r--p 00000000 08:09 3677561                    /usr/lib/locale/locale-archive
7f513c836000-7f513c839000 ---p 00000000 00:00 0 
7f513c839000-7f513c937000 rw-p 00000000 00:00 0                          [stack:6045]
7f513c937000-7f513c93a000 ---p 00000000 00:00 0 
7f513c93a000-7f513ca38000 rw-p 00000000 00:00 0                          [stack:6044]
7f513ca38000-7f513ca39000 ---p 00000000 00:00 0 
7f513ca39000-7f513db38000 rw-p 00000000 00:00 0                          [stack:6043]
7f513db38000-7f513dcf7000 r--s 039eb000 08:09 1837861                    /home/raul/jdk1.7.0_75/jre/lib/rt.jar
7f513dcf7000-7f513dff9000 rw-p 00000000 00:00 0 
7f513dff9000-7f513dffa000 ---p 00000000 00:00 0 
7f513dffa000-7f513e0fa000 rw-p 00000000 00:00 0                          [stack:6042]
7f513e0fa000-7f513e0fb000 ---p 00000000 00:00 0 
7f513e0fb000-7f513e1fb000 rw-p 00000000 00:00 0                          [stack:6041]
7f513e1fb000-7f513e1fc000 ---p 00000000 00:00 0 
7f513e1fc000-7f513e2fc000 rw-p 00000000 00:00 0                          [stack:6040]
7f513e2fc000-7f513e2fd000 ---p 00000000 00:00 0 
7f513e2fd000-7f513e408000 rw-p 00000000 00:00 0                          [stack:6039]
7f513e408000-7f513e426000 rw-p 00000000 00:00 0 
7f513e426000-7f513e43a000 rw-p 00000000 00:00 0 
7f513e43a000-7f513e566000 rw-p 00000000 00:00 0 
7f513e566000-7f513e571000 rw-p 00000000 00:00 0 
7f513e571000-7f513e58f000 rw-p 00000000 00:00 0 
7f513e58f000-7f513e5a3000 rw-p 00000000 00:00 0 
7f513e5a3000-7f513e6cf000 rw-p 00000000 00:00 0 
7f513e6cf000-7f513e6d9000 rw-p 00000000 00:00 0 
7f513e6d9000-7f513e76f000 rw-p 00000000 00:00 0 
7f513e76f000-7f513e770000 rw-p 00000000 00:00 0 
7f513e770000-7f513e78a000 r-xp 00000000 08:09 1837823                    /home/raul/jdk1.7.0_75/jre/lib/amd64/libzip.so
7f513e78a000-7f513e98a000 ---p 0001a000 08:09 1837823                    /home/raul/jdk1.7.0_75/jre/lib/amd64/libzip.so
7f513e98a000-7f513e98b000 rw-p 0001a000 08:09 1837823                    /home/raul/jdk1.7.0_75/jre/lib/amd64/libzip.so
7f513e98b000-7f513e996000 r-xp 00000000 08:09 2625429                    /lib/x86_64-linux-gnu/libnss_files-2.19.so
7f513e996000-7f513eb95000 ---p 0000b000 08:09 2625429                    /lib/x86_64-linux-gnu/libnss_files-2.19.so
7f513eb95000-7f513eb96000 r--p 0000a000 08:09 2625429                    /lib/x86_64-linux-gnu/libnss_files-2.19.so
7f513eb96000-7f513eb97000 rw-p 0000b000 08:09 2625429                    /lib/x86_64-linux-gnu/libnss_files-2.19.so
7f513eb97000-7f513eba2000 r-xp 00000000 08:09 2621542                    /lib/x86_64-linux-gnu/libnss_nis-2.19.so
7f513eba2000-7f513eda1000 ---p 0000b000 08:09 2621542                    /lib/x86_64-linux-gnu/libnss_nis-2.19.so
7f513eda1000-7f513eda2000 r--p 0000a000 08:09 2621542                    /lib/x86_64-linux-gnu/libnss_nis-2.19.so
7f513eda2000-7f513eda3000 rw-p 0000b000 08:09 2621542                    /lib/x86_64-linux-gnu/libnss_nis-2.19.so
7f513eda3000-7f513edba000 r-xp 00000000 08:09 2621536                    /lib/x86_64-linux-gnu/libnsl-2.19.so
7f513edba000-7f513efb9000 ---p 00017000 08:09 2621536                    /lib/x86_64-linux-gnu/libnsl-2.19.so
7f513efb9000-7f513efba000 r--p 00016000 08:09 2621536                    /lib/x86_64-linux-gnu/libnsl-2.19.so
7f513efba000-7f513efbb000 rw-p 00017000 08:09 2621536                    /lib/x86_64-linux-gnu/libnsl-2.19.so
7f513efbb000-7f513efbd000 rw-p 00000000 00:00 0 
7f513efbd000-7f513efc6000 r-xp 00000000 08:09 2621533                    /lib/x86_64-linux-gnu/libnss_compat-2.19.so
7f513efc6000-7f513f1c5000 ---p 00009000 08:09 2621533                    /lib/x86_64-linux-gnu/libnss_compat-2.19.so
7f513f1c5000-7f513f1c6000 r--p 00008000 08:09 2621533                    /lib/x86_64-linux-gnu/libnss_compat-2.19.so
7f513f1c6000-7f513f1c7000 rw-p 00009000 08:09 2621533                    /lib/x86_64-linux-gnu/libnss_compat-2.19.so
7f513f1c7000-7f513f1f0000 r-xp 00000000 08:09 1837758                    /home/raul/jdk1.7.0_75/jre/lib/amd64/libjava.so
7f513f1f0000-7f513f3f0000 ---p 00029000 08:09 1837758                    /home/raul/jdk1.7.0_75/jre/lib/amd64/libjava.so
7f513f3f0000-7f513f3f2000 rw-p 00029000 08:09 1837758                    /home/raul/jdk1.7.0_75/jre/lib/amd64/libjava.so
7f513f3f2000-7f513f3ff000 r-xp 00000000 08:09 1837636                    /home/raul/jdk1.7.0_75/jre/lib/amd64/libverify.so
7f513f3ff000-7f513f5fe000 ---p 0000d000 08:09 1837636                    /home/raul/jdk1.7.0_75/jre/lib/amd64/libverify.so
7f513f5fe000-7f513f600000 rw-p 0000c000 08:09 1837636                    /home/raul/jdk1.7.0_75/jre/lib/amd64/libverify.so
7f513f600000-7f513f607000 r-xp 00000000 08:09 2621470                    /lib/x86_64-linux-gnu/librt-2.19.so
7f513f607000-7f513f806000 ---p 00007000 08:09 2621470                    /lib/x86_64-linux-gnu/librt-2.19.so
7f513f806000-7f513f807000 r--p 00006000 08:09 2621470                    /lib/x86_64-linux-gnu/librt-2.19.so
7f513f807000-7f513f808000 rw-p 00007000 08:09 2621470                    /lib/x86_64-linux-gnu/librt-2.19.so
7f513f808000-7f513f90d000 r-xp 00000000 08:09 2621535                    /lib/x86_64-linux-gnu/libm-2.19.so
7f513f90d000-7f513fb0c000 ---p 00105000 08:09 2621535                    /lib/x86_64-linux-gnu/libm-2.19.so
7f513fb0c000-7f513fb0d000 r--p 00104000 08:09 2621535                    /lib/x86_64-linux-gnu/libm-2.19.so
7f513fb0d000-7f513fb0e000 rw-p 00105000 08:09 2621535                    /lib/x86_64-linux-gnu/libm-2.19.so
7f513fb0e000-7f5140681000 r-xp 00000000 08:09 1837408                    /home/raul/jdk1.7.0_75/jre/lib/amd64/server/libjvm.so
7f5140681000-7f5140881000 ---p 00b73000 08:09 1837408                    /home/raul/jdk1.7.0_75/jre/lib/amd64/server/libjvm.so
7f5140881000-7f5140945000 rw-p 00b73000 08:09 1837408                    /home/raul/jdk1.7.0_75/jre/lib/amd64/server/libjvm.so
7f5140945000-7f5140986000 rw-p 00000000 00:00 0 
7f5140986000-7f5140b41000 r-xp 00000000 08:09 2621469                    /lib/x86_64-linux-gnu/libc-2.19.so
7f5140b41000-7f5140d41000 ---p 001bb000 08:09 2621469                    /lib/x86_64-linux-gnu/libc-2.19.so
7f5140d41000-7f5140d45000 r--p 001bb000 08:09 2621469                    /lib/x86_64-linux-gnu/libc-2.19.so
7f5140d45000-7f5140d47000 rw-p 001bf000 08:09 2621469                    /lib/x86_64-linux-gnu/libc-2.19.so
7f5140d47000-7f5140d4c000 rw-p 00000000 00:00 0 
7f5140d4c000-7f5140d4f000 r-xp 00000000 08:09 2621531                    /lib/x86_64-linux-gnu/libdl-2.19.so
7f5140d4f000-7f5140f4e000 ---p 00003000 08:09 2621531                    /lib/x86_64-linux-gnu/libdl-2.19.so
7f5140f4e000-7f5140f4f000 r--p 00002000 08:09 2621531                    /lib/x86_64-linux-gnu/libdl-2.19.so
7f5140f4f000-7f5140f50000 rw-p 00003000 08:09 2621531                    /lib/x86_64-linux-gnu/libdl-2.19.so
7f5140f50000-7f5140f66000 r-xp 00000000 08:09 1837831                    /home/raul/jdk1.7.0_75/lib/amd64/jli/libjli.so
7f5140f66000-7f5141166000 ---p 00016000 08:09 1837831                    /home/raul/jdk1.7.0_75/lib/amd64/jli/libjli.so
7f5141166000-7f5141167000 rw-p 00016000 08:09 1837831                    /home/raul/jdk1.7.0_75/lib/amd64/jli/libjli.so
7f5141167000-7f5141180000 r-xp 00000000 08:09 2621544                    /lib/x86_64-linux-gnu/libpthread-2.19.so
7f5141180000-7f514137f000 ---p 00019000 08:09 2621544                    /lib/x86_64-linux-gnu/libpthread-2.19.so
7f514137f000-7f5141380000 r--p 00018000 08:09 2621544                    /lib/x86_64-linux-gnu/libpthread-2.19.so
7f5141380000-7f5141381000 rw-p 00019000 08:09 2621544                    /lib/x86_64-linux-gnu/libpthread-2.19.so
7f5141381000-7f5141385000 rw-p 00000000 00:00 0 
7f5141385000-7f51413a8000 r-xp 00000000 08:09 2621459                    /lib/x86_64-linux-gnu/ld-2.19.so
7f51413aa000-7f51413ab000 rw-p 00000000 00:00 0 
7f51413ab000-7f51413ac000 rw-s 00000000 00:04 62410                      /drm mm object (deleted)
7f51413ac000-7f51413ad000 rw-s 00000000 00:04 65356                      /drm mm object (deleted)
7f51413ad000-7f51413ae000 rwxp 00000000 00:00 0 
7f51413ae000-7f51413cd000 rw-p 00000000 00:00 0 
7f51413cd000-7f5141483000 rw-p 00000000 00:00 0 
7f5141483000-7f5141486000 ---p 00000000 00:00 0 
7f5141486000-7f5141588000 rw-p 00000000 00:00 0                          [stack:6035]
7f5141588000-7f5141589000 rw-s 00000000 00:04 64433                      /drm mm object (deleted)
7f5141589000-7f514158a000 rwxp 00000000 00:00 0 
7f514158a000-7f514158c000 r--s 00004000 08:09 1968631                    /home/raul/.netbeans/8.0.2/gluegen-runtime/gluegen-rt.jar
7f514158c000-7f514159b000 r--s 0012e000 08:09 2102216                    /home/raul/lwjgl/jar/lwjgl.jar
7f514159b000-7f51415a3000 rw-s 00000000 08:09 4080679                    /tmp/hsperfdata_raul/6033
7f51415a3000-7f51415a4000 rw-p 00000000 00:00 0 
7f51415a4000-7f51415a5000 r--p 00000000 00:00 0 
7f51415a5000-7f51415a7000 rw-p 00000000 00:00 0 
7f51415a7000-7f51415a8000 r--p 00022000 08:09 2621459                    /lib/x86_64-linux-gnu/ld-2.19.so
7f51415a8000-7f51415a9000 rw-p 00023000 08:09 2621459                    /lib/x86_64-linux-gnu/ld-2.19.so
7f51415a9000-7f51415aa000 rw-p 00000000 00:00 0 
7fff68325000-7fff68346000 rw-p 00000000 00:00 0                          [stack]
7fff683fe000-7fff68400000 r-xp 00000000 00:00 0                          [vdso]
ffffffffff600000-ffffffffff601000 r-xp 00000000 00:00 0                  [vsyscall]

VM Arguments:
jvm_args: -Dfile.encoding=UTF-8 -Djava.library.path=/home/raul/lwjgl/native/linux/x64 
java_command: simulador.Main
Launcher Type: SUN_STANDARD

Environment Variables:
PATH=/usr/local/sbin:/usr/local/bin:/usr/sbin:/usr/bin:/sbin:/bin:/usr/games:/usr/local/games
LD_LIBRARY_PATH=/home/raul/jdk1.7.0_75/jre/lib/amd64:/home/raul/jdk1.7.0_75/jre/lib/i386:
SHELL=/bin/bash
DISPLAY=:0

Signal Handlers:
SIGSEGV: [libjvm.so+0x9a21f0], sa_mask[0]=0x7ffbfeff, sa_flags=0x10000004
SIGBUS: [libjvm.so+0x9a21f0], sa_mask[0]=0x7ffbfeff, sa_flags=0x10000004
SIGFPE: [libjvm.so+0x81ba40], sa_mask[0]=0x7ffbfeff, sa_flags=0x10000004
SIGPIPE: [libjvm.so+0x81ba40], sa_mask[0]=0x7ffbfeff, sa_flags=0x10000004
SIGXFSZ: [libjvm.so+0x81ba40], sa_mask[0]=0x7ffbfeff, sa_flags=0x10000004
SIGILL: [libjvm.so+0x81ba40], sa_mask[0]=0x7ffbfeff, sa_flags=0x10000004
SIGUSR1: SIG_DFL, sa_mask[0]=0x00000000, sa_flags=0x00000000
SIGUSR2: [libjvm.so+0x81d240], sa_mask[0]=0x00000004, sa_flags=0x10000004
SIGHUP: [libjvm.so+0x81e360], sa_mask[0]=0x7ffbfeff, sa_flags=0x10000004
SIGINT: SIG_IGN, sa_mask[0]=0x00000000, sa_flags=0x00000000
SIGTERM: [libjvm.so+0x81e360], sa_mask[0]=0x7ffbfeff, sa_flags=0x10000004
SIGQUIT: [libjvm.so+0x81e360], sa_mask[0]=0x7ffbfeff, sa_flags=0x10000004


---------------  S Y S T E M  ---------------

OS:jessie/sid

uname:Linux 3.13.0-45-generic #74-Ubuntu SMP Tue Jan 13 19:36:28 UTC 2015 x86_64
libc:glibc 2.19 NPTL 2.19 
rlimit: STACK 8192k, CORE 0k, NPROC 29139, NOFILE 4096, AS infinity
load average:0,45 0,63 0,72

/proc/meminfo:
MemTotal:        3931356 kB
MemFree:          859232 kB
Buffers:           97900 kB
Cached:          1359120 kB
SwapCached:            0 kB
Active:          1818400 kB
Inactive:        1085000 kB
Active(anon):    1448136 kB
Inactive(anon):   228884 kB
Active(file):     370264 kB
Inactive(file):   856116 kB
Unevictable:          32 kB
Mlocked:              32 kB
SwapTotal:       4077564 kB
SwapFree:        4077564 kB
Dirty:              1888 kB
Writeback:             0 kB
AnonPages:       1446292 kB
Mapped:           200540 kB
Shmem:            230636 kB
Slab:              86300 kB
SReclaimable:      55740 kB
SUnreclaim:        30560 kB
KernelStack:        4304 kB
PageTables:        28396 kB
NFS_Unstable:          0 kB
Bounce:                0 kB
WritebackTmp:          0 kB
CommitLimit:     6043240 kB
Committed_AS:    4488792 kB
VmallocTotal:   34359738367 kB
VmallocUsed:      350792 kB
VmallocChunk:   34359379968 kB
HardwareCorrupted:     0 kB
AnonHugePages:    770048 kB
HugePages_Total:       0
HugePages_Free:        0
HugePages_Rsvd:        0
HugePages_Surp:        0
Hugepagesize:       2048 kB
DirectMap4k:       69696 kB
DirectMap2M:     4007936 kB


CPU:total 4 (2 cores per cpu, 2 threads per core) family 6 model 58 stepping 9, cmov, cx8, fxsr, mmx, sse, sse2, sse3, ssse3, sse4.1, sse4.2, popcnt, avx, aes, erms, ht, tsc, tscinvbit, tscinv

/proc/cpuinfo:
processor	: 0
vendor_id	: GenuineIntel
cpu family	: 6
model		: 58
model name	: Intel(R) Core(TM) i5-3230M CPU @ 2.60GHz
stepping	: 9
microcode	: 0x12
cpu MHz		: 2601.000
cache size	: 3072 KB
physical id	: 0
siblings	: 4
core id		: 0
cpu cores	: 2
apicid		: 0
initial apicid	: 0
fpu		: yes
fpu_exception	: yes
cpuid level	: 13
wp		: yes
flags		: fpu vme de pse tsc msr pae mce cx8 apic sep mtrr pge mca cmov pat pse36 clflush dts acpi mmx fxsr sse sse2 ss ht tm pbe syscall nx rdtscp lm constant_tsc arch_perfmon pebs bts rep_good nopl xtopology nonstop_tsc aperfmperf eagerfpu pni pclmulqdq dtes64 monitor ds_cpl vmx est tm2 ssse3 cx16 xtpr pdcm pcid sse4_1 sse4_2 x2apic popcnt tsc_deadline_timer aes xsave avx f16c rdrand lahf_lm ida arat epb xsaveopt pln pts dtherm tpr_shadow vnmi flexpriority ept vpid fsgsbase smep erms
bogomips	: 5188.23
clflush size	: 64
cache_alignment	: 64
address sizes	: 36 bits physical, 48 bits virtual
power management:

processor	: 1
vendor_id	: GenuineIntel
cpu family	: 6
model		: 58
model name	: Intel(R) Core(TM) i5-3230M CPU @ 2.60GHz
stepping	: 9
microcode	: 0x12
cpu MHz		: 2601.000
cache size	: 3072 KB
physical id	: 0
siblings	: 4
core id		: 1
cpu cores	: 2
apicid		: 2
initial apicid	: 2
fpu		: yes
fpu_exception	: yes
cpuid level	: 13
wp		: yes
flags		: fpu vme de pse tsc msr pae mce cx8 apic sep mtrr pge mca cmov pat pse36 clflush dts acpi mmx fxsr sse sse2 ss ht tm pbe syscall nx rdtscp lm constant_tsc arch_perfmon pebs bts rep_good nopl xtopology nonstop_tsc aperfmperf eagerfpu pni pclmulqdq dtes64 monitor ds_cpl vmx est tm2 ssse3 cx16 xtpr pdcm pcid sse4_1 sse4_2 x2apic popcnt tsc_deadline_timer aes xsave avx f16c rdrand lahf_lm ida arat epb xsaveopt pln pts dtherm tpr_shadow vnmi flexpriority ept vpid fsgsbase smep erms
bogomips	: 5188.23
clflush size	: 64
cache_alignment	: 64
address sizes	: 36 bits physical, 48 bits virtual
power management:

processor	: 2
vendor_id	: GenuineIntel
cpu family	: 6
model		: 58
model name	: Intel(R) Core(TM) i5-3230M CPU @ 2.60GHz
stepping	: 9
microcode	: 0x12
cpu MHz		: 2200.000
cache size	: 3072 KB
physical id	: 0
siblings	: 4
core id		: 0
cpu cores	: 2
apicid		: 1
initial apicid	: 1
fpu		: yes
fpu_exception	: yes
cpuid level	: 13
wp		: yes
flags		: fpu vme de pse tsc msr pae mce cx8 apic sep mtrr pge mca cmov pat pse36 clflush dts acpi mmx fxsr sse sse2 ss ht tm pbe syscall nx rdtscp lm constant_tsc arch_perfmon pebs bts rep_good nopl xtopology nonstop_tsc aperfmperf eagerfpu pni pclmulqdq dtes64 monitor ds_cpl vmx est tm2 ssse3 cx16 xtpr pdcm pcid sse4_1 sse4_2 x2apic popcnt tsc_deadline_timer aes xsave avx f16c rdrand lahf_lm ida arat epb xsaveopt pln pts dtherm tpr_shadow vnmi flexpriority ept vpid fsgsbase smep erms
bogomips	: 5188.23
clflush size	: 64
cache_alignment	: 64
address sizes	: 36 bits physical, 48 bits virtual
power management:

processor	: 3
vendor_id	: GenuineIntel
cpu family	: 6
model		: 58
model name	: Intel(R) Core(TM) i5-3230M CPU @ 2.60GHz
stepping	: 9
microcode	: 0x12
cpu MHz		: 2601.000
cache size	: 3072 KB
physical id	: 0
siblings	: 4
core id		: 1
cpu cores	: 2
apicid		: 3
initial apicid	: 3
fpu		: yes
fpu_exception	: yes
cpuid level	: 13
wp		: yes
flags		: fpu vme de pse tsc msr pae mce cx8 apic sep mtrr pge mca cmov pat pse36 clflush dts acpi mmx fxsr sse sse2 ss ht tm pbe syscall nx rdtscp lm constant_tsc arch_perfmon pebs bts rep_good nopl xtopology nonstop_tsc aperfmperf eagerfpu pni pclmulqdq dtes64 monitor ds_cpl vmx est tm2 ssse3 cx16 xtpr pdcm pcid sse4_1 sse4_2 x2apic popcnt tsc_deadline_timer aes xsave avx f16c rdrand lahf_lm ida arat epb xsaveopt pln pts dtherm tpr_shadow vnmi flexpriority ept vpid fsgsbase smep erms
bogomips	: 5188.23
clflush size	: 64
cache_alignment	: 64
address sizes	: 36 bits physical, 48 bits virtual
power management:



Memory: 4k page, physical 3931356k(859232k free), swap 4077564k(4077564k free)

vm_info: Java HotSpot(TM) 64-Bit Server VM (24.75-b04) for linux-amd64 JRE (1.7.0_75-b13), built on Dec 18 2014 16:45:18 by "java_re" with gcc 4.3.0 20080428 (Red Hat 4.3.0-8)

time: Sat Mar 28 14:45:27 2015
elapsed time: 0 seconds

