#
# A fatal error has been detected by the Java Runtime Environment:
#
#  SIGSEGV (0xb) at pc=0x00007fc594080b80, pid=5962, tid=140486580786944
#
# JRE version: Java(TM) SE Runtime Environment (7.0_75-b13) (build 1.7.0_75-b13)
# Java VM: Java HotSpot(TM) 64-Bit Server VM (24.75-b04 mixed mode linux-amd64 compressed oops)
# Problematic frame:
# C  [libc.so.6+0x98b80]  envz_strip+0x610
#
# Failed to write core dump. Core dumps have been disabled. To enable core dumping, try "ulimit -c unlimited" before starting Java again
#
# If you would like to submit a bug report, please visit:
#   http://bugreport.sun.com/bugreport/crash.jsp
# The crash happened outside the Java Virtual Machine in native code.
# See problematic frame for where to report the bug.
#

---------------  T H R E A D  ---------------

Current thread (0x00007fc58c00a000):  JavaThread "main" [_thread_in_native, id=5967, stack(0x00007fc594ae5000,0x00007fc594be6000)]

siginfo:si_signo=SIGSEGV: si_errno=0, si_code=1 (SEGV_MAPERR), si_addr=0x0000000000000000

Registers:
RAX=0xffff803a7ff3635c, RBX=0x00007fc58005e038, RCX=0x0000000000000060, RDX=0x0000000000000030
RSP=0x00007fc594be42d8, RBP=0x0000000000000000, RSI=0x0000000000000000, RDI=0x00007fc5800c9c74
R8 =0x0000000000000007, R9 =0x00007fc58c000078, R10=0x0000000000000000, R11=0x0000000000000246
R12=0x0000000000000030, R13=0x0000000000000030, R14=0x0000000000000000, R15=0x00007fc5800cb170
RIP=0x00007fc594080b80, EFLAGS=0x0000000000010202, CSGSFS=0x0000000000000033, ERR=0x0000000000000004
  TRAPNO=0x000000000000000e

Top of Stack: (sp=0x00007fc594be42d8)
0x00007fc594be42d8:   00007fc579e920dd 0000000000000000
0x00007fc594be42e8:   0000000000000000 0000000000000000
0x00007fc594be42f8:   00007fc5800cb178 0000000000000010
0x00007fc594be4308:   0000000000000010 00007fc5800cb170
0x00007fc594be4318:   0000000000000002 0000000000000000
0x00007fc594be4328:   00007fc579eb61ee 0000000000000001
0x00007fc594be4338:   00007fc58005e038 00007fc58c8eed60
0x00007fc594be4348:   00007fc500000030 000000000000000d
0x00007fc594be4358:   00007fc5800cb178 00007fc5800caff0
0x00007fc594be4368:   00007fc58005e038 00007fc594be43c0
0x00007fc594be4378:   0000000000000000 0000000000000001
0x00007fc594be4388:   00007fc579eb6ae4 0000000000800016
0x00007fc594be4398:   00007fc500000002 0000000200000000
0x00007fc594be43a8:   0000000000000001 00007fc5800cb148
0x00007fc594be43b8:   0000000200000001 00007fc5800caff0
0x00007fc594be43c8:   00007fc58c92ba58 00007fc57a2f42e8
0x00007fc594be43d8:   0000000000000001 00007fc58c9169a8
0x00007fc594be43e8:   00007fc58005e038 00007fc58c7672e0
0x00007fc594be43f8:   0000000000000000 0000000000000000
0x00007fc594be4408:   0000000000000001 00000000304c0aff
0x00007fc594be4418:   00007fc5799c303d 00007fc500000000
0x00007fc594be4428:   00007fc58005e038 00007fc58c317e60
0x00007fc594be4438:   00007fc579e824df 00007fc58005e038
0x00007fc594be4448:   00007fc58c7668d0 00007fc58c767030
0x00007fc594be4458:   00007fc579f4370c 00007fc58c766b80
0x00007fc594be4468:   0000000000000001 00007fc500000000
0x00007fc594be4478:   0000000000000000 00007fc58c7668d0
0x00007fc594be4488:   00007fc58005e038 0000000000000001
0x00007fc594be4498:   00007fc58c767030 0000000000000001
0x00007fc594be44a8:   00007fc58c7668d0 0000000000000000
0x00007fc594be44b8:   00007fc579ef7974 0000000000000001
0x00007fc594be44c8:   00007fc500000001 00000000000002bc 

Instructions: (pc=0x00007fc594080b80)
0x00007fc594080b60:   48 89 f0 48 8d 0c 12 48 29 f8 48 29 d0 48 39 c8
0x00007fc594080b70:   0f 82 07 01 00 00 48 83 fa 10 0f 86 8b 01 00 00
0x00007fc594080b80:   f3 44 0f 6f 06 48 83 fa 20 f3 44 0f 7f 07 f3 44
0x00007fc594080b90:   0f 6f 44 16 f0 f3 44 0f 7f 44 17 f0 77 12 48 89 

Register to memory mapping:

RAX=0xffff803a7ff3635c is an unknown value
RBX=0x00007fc58005e038 is an unknown value
RCX=0x0000000000000060 is an unknown value
RDX=0x0000000000000030 is an unknown value
RSP=0x00007fc594be42d8 is pointing into the stack for thread: 0x00007fc58c00a000
RBP=0x0000000000000000 is an unknown value
RSI=0x0000000000000000 is an unknown value
RDI=0x00007fc5800c9c74 is an unknown value
R8 =0x0000000000000007 is an unknown value
R9 =0x00007fc58c000078 is an unknown value
R10=0x0000000000000000 is an unknown value
R11=0x0000000000000246 is an unknown value
R12=0x0000000000000030 is an unknown value
R13=0x0000000000000030 is an unknown value
R14=0x0000000000000000 is an unknown value
R15=0x00007fc5800cb170 is an unknown value


Stack: [0x00007fc594ae5000,0x00007fc594be6000],  sp=0x00007fc594be42d8,  free space=1020k
Native frames: (J=compiled Java code, j=interpreted, Vv=VM code, C=native code)
C  [libc.so.6+0x98b80]  envz_strip+0x610

[error occurred during error reporting (printing native stack), id 0xb]

Java frames: (J=compiled Java code, j=interpreted, Vv=VM code)
j  org.lwjgl.opengl.GL11.nglDrawArrays(IIIJ)V+0
j  org.lwjgl.opengl.GL11.glDrawArrays(III)V+22
j  simulador.Avion.draw()V+117
j  simulador.Simulador.draw()V+35
j  simulador.Simulador.come_alive()V+51
j  simulador.Simulador.run()V+1
j  simulador.Main.main([Ljava/lang/String;)V+13
v  ~StubRoutines::call_stub

---------------  P R O C E S S  ---------------

Java Threads: ( => current thread )
  0x00007fc58c0a0800 JavaThread "Service Thread" daemon [_thread_blocked, id=5978, stack(0x00007fc588318000,0x00007fc588419000)]
  0x00007fc58c09e000 JavaThread "C2 CompilerThread1" daemon [_thread_blocked, id=5977, stack(0x00007fc588419000,0x00007fc58851a000)]
  0x00007fc58c09b800 JavaThread "C2 CompilerThread0" daemon [_thread_blocked, id=5976, stack(0x00007fc58851a000,0x00007fc58861b000)]
  0x00007fc58c099000 JavaThread "Signal Dispatcher" daemon [_thread_blocked, id=5975, stack(0x00007fc58861b000,0x00007fc58871c000)]
  0x00007fc58c070000 JavaThread "Finalizer" daemon [_thread_blocked, id=5974, stack(0x00007fc588dfe000,0x00007fc588eff000)]
  0x00007fc58c06e000 JavaThread "Reference Handler" daemon [_thread_blocked, id=5973, stack(0x00007fc588eff000,0x00007fc589000000)]
=>0x00007fc58c00a000 JavaThread "main" [_thread_in_native, id=5967, stack(0x00007fc594ae5000,0x00007fc594be6000)]

Other Threads:
  0x00007fc58c069800 VMThread [stack: 0x00007fc59009a000,0x00007fc59019b000] [id=5972]
  0x00007fc58c0ab800 WatcherThread [stack: 0x00007fc588217000,0x00007fc588318000] [id=5979]

VM state:not at safepoint (normal execution)

VM Mutex/Monitor currently owned by a thread: None

Heap
 PSYoungGen      total 17920K, used 8978K [0x00000000ec000000, 0x00000000ed400000, 0x0000000100000000)
  eden space 15360K, 58% used [0x00000000ec000000,0x00000000ec8c4960,0x00000000ecf00000)
  from space 2560K, 0% used [0x00000000ed180000,0x00000000ed180000,0x00000000ed400000)
  to   space 2560K, 0% used [0x00000000ecf00000,0x00000000ecf00000,0x00000000ed180000)
 ParOldGen       total 40960K, used 0K [0x00000000c4000000, 0x00000000c6800000, 0x00000000ec000000)
  object space 40960K, 0% used [0x00000000c4000000,0x00000000c4000000,0x00000000c6800000)
 PSPermGen       total 21504K, used 7097K [0x00000000bee00000, 0x00000000c0300000, 0x00000000c4000000)
  object space 21504K, 33% used [0x00000000bee00000,0x00000000bf4ee7f0,0x00000000c0300000)

Card table byte_map: [0x00007fc591bc8000,0x00007fc591dd2000] byte_map_base: 0x00007fc5915d1000

Polling page: 0x00007fc594c06000

Code Cache  [0x00007fc589000000, 0x00007fc589270000, 0x00007fc58c000000)
 total_blobs=488 nmethods=19 adapters=423 free_code_cache=48595Kb largest_free_block=49750400

Compilation events (10 events):
Event: 0,199 Thread 0x00007fc58c09e000 nmethod 14 0x00007fc589075f90 code [0x00007fc5890760c0, 0x00007fc589076138]
Event: 0,200 Thread 0x00007fc58c09b800 nmethod 12 0x00007fc589075d10 code [0x00007fc589075e40, 0x00007fc589075ed8]
Event: 0,221 Thread 0x00007fc58c09e000   15             org.lwjgl.system.MemoryUtil::memEncodeASCII (62 bytes)
Event: 0,223 Thread 0x00007fc58c09b800   16             java.lang.Object::<init> (1 bytes)
Event: 0,223 Thread 0x00007fc58c09b800 nmethod 16 0x00007fc5890845d0 code [0x00007fc589084700, 0x00007fc589084778]
Event: 0,229 Thread 0x00007fc58c09e000 nmethod 15 0x00007fc589086390 code [0x00007fc589086500, 0x00007fc589086958]
Event: 0,251 Thread 0x00007fc58c09b800   17             java.lang.String::equals (81 bytes)
Event: 0,255 Thread 0x00007fc58c09b800 nmethod 17 0x00007fc589084950 code [0x00007fc589084aa0, 0x00007fc589084cf8]
Event: 0,287 Thread 0x00007fc58c09e000   18             sun.net.www.ParseUtil::encodePath (336 bytes)
Event: 0,306 Thread 0x00007fc58c09e000 nmethod 18 0x00007fc58908c210 code [0x00007fc58908c460, 0x00007fc58908d4b8]

GC Heap History (0 events):
No events

Deoptimization events (0 events):
No events

Internal exceptions (10 events):
Event: 0,310 Thread 0x00007fc58c00a000 Threw 0x00000000ec863658 at /HUDSON/workspace/7u-2-build-linux-amd64/jdk7u75/1940/hotspot/src/share/vm/prims/jvm.cpp:1281
Event: 0,311 Thread 0x00007fc58c00a000 Threw 0x00000000ec866288 at /HUDSON/workspace/7u-2-build-linux-amd64/jdk7u75/1940/hotspot/src/share/vm/prims/jvm.cpp:1281
Event: 0,311 Thread 0x00007fc58c00a000 Threw 0x00000000ec8692a8 at /HUDSON/workspace/7u-2-build-linux-amd64/jdk7u75/1940/hotspot/src/share/vm/prims/jvm.cpp:1281
Event: 0,312 Thread 0x00007fc58c00a000 Threw 0x00000000ec86bda8 at /HUDSON/workspace/7u-2-build-linux-amd64/jdk7u75/1940/hotspot/src/share/vm/prims/jvm.cpp:1281
Event: 0,312 Thread 0x00007fc58c00a000 Threw 0x00000000ec870c00 at /HUDSON/workspace/7u-2-build-linux-amd64/jdk7u75/1940/hotspot/src/share/vm/prims/jvm.cpp:1281
Event: 0,313 Thread 0x00007fc58c00a000 Threw 0x00000000ec875750 at /HUDSON/workspace/7u-2-build-linux-amd64/jdk7u75/1940/hotspot/src/share/vm/prims/jvm.cpp:1281
Event: 0,316 Thread 0x00007fc58c00a000 Threw 0x00000000ec8785f0 at /HUDSON/workspace/7u-2-build-linux-amd64/jdk7u75/1940/hotspot/src/share/vm/prims/jvm.cpp:1281
Event: 0,317 Thread 0x00007fc58c00a000 Threw 0x00000000ec87a900 at /HUDSON/workspace/7u-2-build-linux-amd64/jdk7u75/1940/hotspot/src/share/vm/prims/jvm.cpp:1281
Event: 0,318 Thread 0x00007fc58c00a000 Threw 0x00000000ec87d598 at /HUDSON/workspace/7u-2-build-linux-amd64/jdk7u75/1940/hotspot/src/share/vm/prims/jvm.cpp:1281
Event: 0,319 Thread 0x00007fc58c00a000 Threw 0x00000000ec880698 at /HUDSON/workspace/7u-2-build-linux-amd64/jdk7u75/1940/hotspot/src/share/vm/prims/jvm.cpp:1281

Events (10 events):
Event: 0,318 loading class 0x00007fc5913f1df0
Event: 0,318 loading class 0x00007fc5913f1df0 done
Event: 0,319 loading class 0x00007fc560008e00
Event: 0,319 loading class 0x00007fc560008e00 done
Event: 0,319 loading class 0x00007fc5913d0760
Event: 0,319 loading class 0x00007fc5913d0760 done
Event: 0,319 loading class 0x00007fc5913f4000
Event: 0,319 loading class 0x00007fc5913f4000 done
Event: 0,319 loading class 0x00007fc58c3648b0
Event: 0,319 loading class 0x00007fc58c3648b0 done


Dynamic libraries:
00400000-00401000 r-xp 00000000 08:09 1838081                            /home/raul/jdk1.7.0_75/bin/java
00600000-00601000 rw-p 00000000 08:09 1838081                            /home/raul/jdk1.7.0_75/bin/java
022b7000-022d8000 rw-p 00000000 00:00 0                                  [heap]
bee00000-c0300000 rw-p 00000000 00:00 0 
c0300000-c4000000 rw-p 00000000 00:00 0 
c4000000-c6800000 rw-p 00000000 00:00 0 
c6800000-ec000000 rw-p 00000000 00:00 0 
ec000000-ed400000 rw-p 00000000 00:00 0 
ed400000-100000000 rw-p 00000000 00:00 0 
7fc54c000000-7fc54c021000 rw-p 00000000 00:00 0 
7fc54c021000-7fc550000000 ---p 00000000 00:00 0 
7fc5530fb000-7fc554000000 rw-p 00000000 00:00 0 
7fc554000000-7fc554120000 rw-p 00000000 00:00 0 
7fc554120000-7fc558000000 ---p 00000000 00:00 0 
7fc558000000-7fc558021000 rw-p 00000000 00:00 0 
7fc558021000-7fc55c000000 ---p 00000000 00:00 0 
7fc55c000000-7fc55c021000 rw-p 00000000 00:00 0 
7fc55c021000-7fc560000000 ---p 00000000 00:00 0 
7fc560000000-7fc5600c0000 rw-p 00000000 00:00 0 
7fc5600c0000-7fc564000000 ---p 00000000 00:00 0 
7fc564000000-7fc564021000 rw-p 00000000 00:00 0 
7fc564021000-7fc568000000 ---p 00000000 00:00 0 
7fc568000000-7fc568021000 rw-p 00000000 00:00 0 
7fc568021000-7fc56c000000 ---p 00000000 00:00 0 
7fc56c000000-7fc56c021000 rw-p 00000000 00:00 0 
7fc56c021000-7fc570000000 ---p 00000000 00:00 0 
7fc570000000-7fc570021000 rw-p 00000000 00:00 0 
7fc570021000-7fc574000000 ---p 00000000 00:00 0 
7fc574000000-7fc574021000 rw-p 00000000 00:00 0 
7fc574021000-7fc578000000 ---p 00000000 00:00 0 
7fc578572000-7fc57880b000 rw-p 00000000 00:00 0 
7fc57880b000-7fc578842000 r-xp 00000000 08:09 3679606                    /usr/lib/x86_64-linux-gnu/libtxc_dxtn_s2tc.so.0.0.0
7fc578842000-7fc578a41000 ---p 00037000 08:09 3679606                    /usr/lib/x86_64-linux-gnu/libtxc_dxtn_s2tc.so.0.0.0
7fc578a41000-7fc578a42000 r--p 00036000 08:09 3679606                    /usr/lib/x86_64-linux-gnu/libtxc_dxtn_s2tc.so.0.0.0
7fc578a42000-7fc578a43000 rw-p 00037000 08:09 3679606                    /usr/lib/x86_64-linux-gnu/libtxc_dxtn_s2tc.so.0.0.0
7fc578a43000-7fc578a5b000 r-xp 00000000 08:09 2625662                    /lib/x86_64-linux-gnu/libz.so.1.2.8
7fc578a5b000-7fc578c5a000 ---p 00018000 08:09 2625662                    /lib/x86_64-linux-gnu/libz.so.1.2.8
7fc578c5a000-7fc578c5b000 r--p 00017000 08:09 2625662                    /lib/x86_64-linux-gnu/libz.so.1.2.8
7fc578c5b000-7fc578c5c000 rw-p 00018000 08:09 2625662                    /lib/x86_64-linux-gnu/libz.so.1.2.8
7fc578c5c000-7fc578c64000 r-xp 00000000 08:09 3679409                    /usr/lib/x86_64-linux-gnu/libpciaccess.so.0.11.1
7fc578c64000-7fc578e63000 ---p 00008000 08:09 3679409                    /usr/lib/x86_64-linux-gnu/libpciaccess.so.0.11.1
7fc578e63000-7fc578e64000 r--p 00007000 08:09 3679409                    /usr/lib/x86_64-linux-gnu/libpciaccess.so.0.11.1
7fc578e64000-7fc578e65000 rw-p 00008000 08:09 3679409                    /usr/lib/x86_64-linux-gnu/libpciaccess.so.0.11.1
7fc578e65000-7fc578e7b000 r-xp 00000000 08:09 2625476                    /lib/x86_64-linux-gnu/libgcc_s.so.1
7fc578e7b000-7fc57907a000 ---p 00016000 08:09 2625476                    /lib/x86_64-linux-gnu/libgcc_s.so.1
7fc57907a000-7fc57907b000 rw-p 00015000 08:09 2625476                    /lib/x86_64-linux-gnu/libgcc_s.so.1
7fc57907b000-7fc579161000 r-xp 00000000 08:09 3679564                    /usr/lib/x86_64-linux-gnu/libstdc++.so.6.0.19
7fc579161000-7fc579360000 ---p 000e6000 08:09 3679564                    /usr/lib/x86_64-linux-gnu/libstdc++.so.6.0.19
7fc579360000-7fc579368000 r--p 000e5000 08:09 3679564                    /usr/lib/x86_64-linux-gnu/libstdc++.so.6.0.19
7fc579368000-7fc57936a000 rw-p 000ed000 08:09 3679564                    /usr/lib/x86_64-linux-gnu/libstdc++.so.6.0.19
7fc57936a000-7fc57937f000 rw-p 00000000 00:00 0 
7fc57937f000-7fc5793a6000 r-xp 00000000 08:09 2625521                    /lib/x86_64-linux-gnu/libexpat.so.1.6.0
7fc5793a6000-7fc5795a6000 ---p 00027000 08:09 2625521                    /lib/x86_64-linux-gnu/libexpat.so.1.6.0
7fc5795a6000-7fc5795a8000 r--p 00027000 08:09 2625521                    /lib/x86_64-linux-gnu/libexpat.so.1.6.0
7fc5795a8000-7fc5795a9000 rw-p 00029000 08:09 2625521                    /lib/x86_64-linux-gnu/libexpat.so.1.6.0
7fc5795a9000-7fc5795b5000 r-xp 00000000 08:09 3673068                    /usr/lib/x86_64-linux-gnu/libdrm_radeon.so.1.0.1
7fc5795b5000-7fc5797b4000 ---p 0000c000 08:09 3673068                    /usr/lib/x86_64-linux-gnu/libdrm_radeon.so.1.0.1
7fc5797b4000-7fc5797b5000 r--p 0000b000 08:09 3673068                    /usr/lib/x86_64-linux-gnu/libdrm_radeon.so.1.0.1
7fc5797b5000-7fc5797b6000 rw-p 0000c000 08:09 3673068                    /usr/lib/x86_64-linux-gnu/libdrm_radeon.so.1.0.1
7fc5797b6000-7fc5797bc000 r-xp 00000000 08:09 3672797                    /usr/lib/x86_64-linux-gnu/libdrm_nouveau.so.2.0.0
7fc5797bc000-7fc5799bb000 ---p 00006000 08:09 3672797                    /usr/lib/x86_64-linux-gnu/libdrm_nouveau.so.2.0.0
7fc5799bb000-7fc5799bc000 r--p 00005000 08:09 3672797                    /usr/lib/x86_64-linux-gnu/libdrm_nouveau.so.2.0.0
7fc5799bc000-7fc5799bd000 rw-p 00006000 08:09 3672797                    /usr/lib/x86_64-linux-gnu/libdrm_nouveau.so.2.0.0
7fc5799bd000-7fc5799dc000 r-xp 00000000 08:09 3672795                    /usr/lib/x86_64-linux-gnu/libdrm_intel.so.1.0.0
7fc5799dc000-7fc579bdb000 ---p 0001f000 08:09 3672795                    /usr/lib/x86_64-linux-gnu/libdrm_intel.so.1.0.0
7fc579bdb000-7fc579bdc000 r--p 0001e000 08:09 3672795                    /usr/lib/x86_64-linux-gnu/libdrm_intel.so.1.0.0
7fc579bdc000-7fc579bdd000 rw-p 0001f000 08:09 3672795                    /usr/lib/x86_64-linux-gnu/libdrm_intel.so.1.0.0
7fc579bdd000-7fc57a0cc000 r-xp 00000000 08:09 3934416                    /usr/lib/x86_64-linux-gnu/dri/i965_dri.so
7fc57a0cc000-7fc57a2cb000 ---p 004ef000 08:09 3934416                    /usr/lib/x86_64-linux-gnu/dri/i965_dri.so
7fc57a2cb000-7fc57a2e2000 r--p 004ee000 08:09 3934416                    /usr/lib/x86_64-linux-gnu/dri/i965_dri.so
7fc57a2e2000-7fc57a2ee000 rw-p 00505000 08:09 3934416                    /usr/lib/x86_64-linux-gnu/dri/i965_dri.so
7fc57a2ee000-7fc57a33a000 rw-p 00000000 00:00 0 
7fc57a33a000-7fc57a37e000 r-xp 00000000 08:09 2625517                    /lib/x86_64-linux-gnu/libdbus-1.so.3.7.6
7fc57a37e000-7fc57a57d000 ---p 00044000 08:09 2625517                    /lib/x86_64-linux-gnu/libdbus-1.so.3.7.6
7fc57a57d000-7fc57a57e000 r--p 00043000 08:09 2625517                    /lib/x86_64-linux-gnu/libdbus-1.so.3.7.6
7fc57a57e000-7fc57a57f000 rw-p 00044000 08:09 2625517                    /lib/x86_64-linux-gnu/libdbus-1.so.3.7.6
7fc57a57f000-7fc57a587000 r-xp 00000000 08:09 2625561                    /lib/x86_64-linux-gnu/libnih-dbus.so.1.0.0
7fc57a587000-7fc57a787000 ---p 00008000 08:09 2625561                    /lib/x86_64-linux-gnu/libnih-dbus.so.1.0.0
7fc57a787000-7fc57a788000 r--p 00008000 08:09 2625561                    /lib/x86_64-linux-gnu/libnih-dbus.so.1.0.0
7fc57a788000-7fc57a789000 rw-p 00009000 08:09 2625561                    /lib/x86_64-linux-gnu/libnih-dbus.so.1.0.0
7fc57a789000-7fc57a7a0000 r-xp 00000000 08:09 2625563                    /lib/x86_64-linux-gnu/libnih.so.1.0.0
7fc57a7a0000-7fc57a99f000 ---p 00017000 08:09 2625563                    /lib/x86_64-linux-gnu/libnih.so.1.0.0
7fc57a99f000-7fc57a9a0000 r--p 00016000 08:09 2625563                    /lib/x86_64-linux-gnu/libnih.so.1.0.0
7fc57a9a0000-7fc57a9a1000 rw-p 00017000 08:09 2625563                    /lib/x86_64-linux-gnu/libnih.so.1.0.0
7fc57a9a1000-7fc57a9ba000 r-xp 00000000 08:09 2625512                    /lib/x86_64-linux-gnu/libcgmanager.so.0.0.0
7fc57a9ba000-7fc57abb9000 ---p 00019000 08:09 2625512                    /lib/x86_64-linux-gnu/libcgmanager.so.0.0.0
7fc57abb9000-7fc57abbb000 r--p 00018000 08:09 2625512                    /lib/x86_64-linux-gnu/libcgmanager.so.0.0.0
7fc57abbb000-7fc57abbc000 rw-p 0001a000 08:09 2625512                    /lib/x86_64-linux-gnu/libcgmanager.so.0.0.0
7fc57abbc000-7fc57abcc000 r-xp 00000000 08:09 2625436                    /lib/x86_64-linux-gnu/libudev.so.1.3.5
7fc57abcc000-7fc57adcb000 ---p 00010000 08:09 2625436                    /lib/x86_64-linux-gnu/libudev.so.1.3.5
7fc57adcb000-7fc57adcc000 r--p 0000f000 08:09 2625436                    /lib/x86_64-linux-gnu/libudev.so.1.3.5
7fc57adcc000-7fc57adcd000 rw-p 00010000 08:09 2625436                    /lib/x86_64-linux-gnu/libudev.so.1.3.5
7fc57adcd000-7fc57add2000 r-xp 00000000 08:09 3678669                    /usr/lib/x86_64-linux-gnu/libXdmcp.so.6.0.0
7fc57add2000-7fc57afd1000 ---p 00005000 08:09 3678669                    /usr/lib/x86_64-linux-gnu/libXdmcp.so.6.0.0
7fc57afd1000-7fc57afd2000 r--p 00004000 08:09 3678669                    /usr/lib/x86_64-linux-gnu/libXdmcp.so.6.0.0
7fc57afd2000-7fc57afd3000 rw-p 00005000 08:09 3678669                    /usr/lib/x86_64-linux-gnu/libXdmcp.so.6.0.0
7fc57afd3000-7fc57afd5000 r-xp 00000000 08:09 3678658                    /usr/lib/x86_64-linux-gnu/libXau.so.6.0.0
7fc57afd5000-7fc57b1d5000 ---p 00002000 08:09 3678658                    /usr/lib/x86_64-linux-gnu/libXau.so.6.0.0
7fc57b1d5000-7fc57b1d6000 r--p 00002000 08:09 3678658                    /usr/lib/x86_64-linux-gnu/libXau.so.6.0.0
7fc57b1d6000-7fc57b1d7000 rw-p 00003000 08:09 3678658                    /usr/lib/x86_64-linux-gnu/libXau.so.6.0.0
7fc57b1d7000-7fc57b1e0000 r-xp 00000000 08:09 3678693                    /usr/lib/x86_64-linux-gnu/libXrender.so.1.3.0
7fc57b1e0000-7fc57b3df000 ---p 00009000 08:09 3678693                    /usr/lib/x86_64-linux-gnu/libXrender.so.1.3.0
7fc57b3df000-7fc57b3e0000 r--p 00008000 08:09 3678693                    /usr/lib/x86_64-linux-gnu/libXrender.so.1.3.0
7fc57b3e0000-7fc57b3e1000 rw-p 00009000 08:09 3678693                    /usr/lib/x86_64-linux-gnu/libXrender.so.1.3.0
7fc57b3e1000-7fc57b3ec000 r-xp 00000000 08:09 3672667                    /usr/lib/x86_64-linux-gnu/libdrm.so.2.4.0
7fc57b3ec000-7fc57b5eb000 ---p 0000b000 08:09 3672667                    /usr/lib/x86_64-linux-gnu/libdrm.so.2.4.0
7fc57b5eb000-7fc57b5ec000 r--p 0000a000 08:09 3672667                    /usr/lib/x86_64-linux-gnu/libdrm.so.2.4.0
7fc57b5ec000-7fc57b5ed000 rw-p 0000b000 08:09 3672667                    /usr/lib/x86_64-linux-gnu/libdrm.so.2.4.0
7fc57b5ed000-7fc57b5ee000 r-xp 00000000 08:09 3679738                    /usr/lib/x86_64-linux-gnu/libxshmfence.so.1.0.0
7fc57b5ee000-7fc57b7ed000 ---p 00001000 08:09 3679738                    /usr/lib/x86_64-linux-gnu/libxshmfence.so.1.0.0
7fc57b7ed000-7fc57b7ee000 r--p 00000000 08:09 3679738                    /usr/lib/x86_64-linux-gnu/libxshmfence.so.1.0.0
7fc57b7ee000-7fc57b7ef000 rw-p 00001000 08:09 3679738                    /usr/lib/x86_64-linux-gnu/libxshmfence.so.1.0.0
7fc57b7ef000-7fc57b7f4000 r-xp 00000000 08:09 3679720                    /usr/lib/x86_64-linux-gnu/libxcb-sync.so.1.0.0
7fc57b7f4000-7fc57b9f3000 ---p 00005000 08:09 3679720                    /usr/lib/x86_64-linux-gnu/libxcb-sync.so.1.0.0
7fc57b9f3000-7fc57b9f4000 r--p 00004000 08:09 3679720                    /usr/lib/x86_64-linux-gnu/libxcb-sync.so.1.0.0
7fc57b9f4000-7fc57b9f5000 rw-p 00005000 08:09 3679720                    /usr/lib/x86_64-linux-gnu/libxcb-sync.so.1.0.0
7fc57b9f5000-7fc57b9f7000 r-xp 00000000 08:09 3679708                    /usr/lib/x86_64-linux-gnu/libxcb-present.so.0.0.0
7fc57b9f7000-7fc57bbf6000 ---p 00002000 08:09 3679708                    /usr/lib/x86_64-linux-gnu/libxcb-present.so.0.0.0
7fc57bbf6000-7fc57bbf7000 r--p 00001000 08:09 3679708                    /usr/lib/x86_64-linux-gnu/libxcb-present.so.0.0.0
7fc57bbf7000-7fc57bbf8000 rw-p 00002000 08:09 3679708                    /usr/lib/x86_64-linux-gnu/libxcb-present.so.0.0.0
7fc57bbf8000-7fc57bbfa000 r-xp 00000000 08:09 3679698                    /usr/lib/x86_64-linux-gnu/libxcb-dri3.so.0.0.0
7fc57bbfa000-7fc57bdf9000 ---p 00002000 08:09 3679698                    /usr/lib/x86_64-linux-gnu/libxcb-dri3.so.0.0.0
7fc57bdf9000-7fc57bdfa000 r--p 00001000 08:09 3679698                    /usr/lib/x86_64-linux-gnu/libxcb-dri3.so.0.0.0
7fc57bdfa000-7fc57bdfb000 rw-p 00002000 08:09 3679698                    /usr/lib/x86_64-linux-gnu/libxcb-dri3.so.0.0.0
7fc57bdfb000-7fc57bdfe000 r-xp 00000000 08:09 3679696                    /usr/lib/x86_64-linux-gnu/libxcb-dri2.so.0.0.0
7fc57bdfe000-7fc57bffe000 ---p 00003000 08:09 3679696                    /usr/lib/x86_64-linux-gnu/libxcb-dri2.so.0.0.0
7fc57bffe000-7fc57bfff000 r--p 00003000 08:09 3679696                    /usr/lib/x86_64-linux-gnu/libxcb-dri2.so.0.0.0
7fc57bfff000-7fc57c000000 rw-p 00004000 08:09 3679696                    /usr/lib/x86_64-linux-gnu/libxcb-dri2.so.0.0.0
7fc57c000000-7fc57c021000 rw-p 00000000 00:00 0 
7fc57c021000-7fc580000000 ---p 00000000 00:00 0 
7fc58005e000-7fc5800cd000 rw-p 00000000 00:00 0 
7fc5800cd000-7fc5800e2000 r-xp 00000000 08:09 3679700                    /usr/lib/x86_64-linux-gnu/libxcb-glx.so.0.0.0
7fc5800e2000-7fc5802e1000 ---p 00015000 08:09 3679700                    /usr/lib/x86_64-linux-gnu/libxcb-glx.so.0.0.0
7fc5802e1000-7fc5802e3000 r--p 00014000 08:09 3679700                    /usr/lib/x86_64-linux-gnu/libxcb-glx.so.0.0.0
7fc5802e3000-7fc5802e4000 rw-p 00016000 08:09 3679700                    /usr/lib/x86_64-linux-gnu/libxcb-glx.so.0.0.0
7fc5802e4000-7fc5802e5000 r-xp 00000000 08:09 3678652                    /usr/lib/x86_64-linux-gnu/libX11-xcb.so.1.0.0
7fc5802e5000-7fc5804e4000 ---p 00001000 08:09 3678652                    /usr/lib/x86_64-linux-gnu/libX11-xcb.so.1.0.0
7fc5804e4000-7fc5804e5000 r--p 00000000 08:09 3678652                    /usr/lib/x86_64-linux-gnu/libX11-xcb.so.1.0.0
7fc5804e5000-7fc5804e6000 rw-p 00001000 08:09 3678652                    /usr/lib/x86_64-linux-gnu/libX11-xcb.so.1.0.0
7fc5804e6000-7fc5804eb000 r-xp 00000000 08:09 3678673                    /usr/lib/x86_64-linux-gnu/libXfixes.so.3.1.0
7fc5804eb000-7fc5806ea000 ---p 00005000 08:09 3678673                    /usr/lib/x86_64-linux-gnu/libXfixes.so.3.1.0
7fc5806ea000-7fc5806eb000 r--p 00004000 08:09 3678673                    /usr/lib/x86_64-linux-gnu/libXfixes.so.3.1.0
7fc5806eb000-7fc5806ec000 rw-p 00005000 08:09 3678673                    /usr/lib/x86_64-linux-gnu/libXfixes.so.3.1.0
7fc5806ec000-7fc5806ee000 r-xp 00000000 08:09 3678667                    /usr/lib/x86_64-linux-gnu/libXdamage.so.1.1.0
7fc5806ee000-7fc5808ed000 ---p 00002000 08:09 3678667                    /usr/lib/x86_64-linux-gnu/libXdamage.so.1.1.0
7fc5808ed000-7fc5808ee000 r--p 00001000 08:09 3678667                    /usr/lib/x86_64-linux-gnu/libXdamage.so.1.1.0
7fc5808ee000-7fc5808ef000 rw-p 00002000 08:09 3678667                    /usr/lib/x86_64-linux-gnu/libXdamage.so.1.1.0
7fc5808ef000-7fc580900000 r-xp 00000000 08:09 3678671                    /usr/lib/x86_64-linux-gnu/libXext.so.6.4.0
7fc580900000-7fc580aff000 ---p 00011000 08:09 3678671                    /usr/lib/x86_64-linux-gnu/libXext.so.6.4.0
7fc580aff000-7fc580b00000 r--p 00010000 08:09 3678671                    /usr/lib/x86_64-linux-gnu/libXext.so.6.4.0
7fc580b00000-7fc580b01000 rw-p 00011000 08:09 3678671                    /usr/lib/x86_64-linux-gnu/libXext.so.6.4.0
7fc580b01000-7fc580b23000 r-xp 00000000 08:09 3672157                    /usr/lib/x86_64-linux-gnu/libglapi.so.0.0.0
7fc580b23000-7fc580d23000 ---p 00022000 08:09 3672157                    /usr/lib/x86_64-linux-gnu/libglapi.so.0.0.0
7fc580d23000-7fc580d26000 r--p 00022000 08:09 3672157                    /usr/lib/x86_64-linux-gnu/libglapi.so.0.0.0
7fc580d26000-7fc580d27000 rw-p 00025000 08:09 3672157                    /usr/lib/x86_64-linux-gnu/libglapi.so.0.0.0
7fc580d27000-7fc580d28000 rw-p 00000000 00:00 0 
7fc580d28000-7fc580d45000 r-xp 00000000 08:09 3679728                    /usr/lib/x86_64-linux-gnu/libxcb.so.1.1.0
7fc580d45000-7fc580f45000 ---p 0001d000 08:09 3679728                    /usr/lib/x86_64-linux-gnu/libxcb.so.1.1.0
7fc580f45000-7fc580f46000 r--p 0001d000 08:09 3679728                    /usr/lib/x86_64-linux-gnu/libxcb.so.1.1.0
7fc580f46000-7fc580f47000 rw-p 0001e000 08:09 3679728                    /usr/lib/x86_64-linux-gnu/libxcb.so.1.1.0
7fc580f47000-7fc580f50000 r-xp 00000000 08:09 3678665                    /usr/lib/x86_64-linux-gnu/libXcursor.so.1.0.2
7fc580f50000-7fc58114f000 ---p 00009000 08:09 3678665                    /usr/lib/x86_64-linux-gnu/libXcursor.so.1.0.2
7fc58114f000-7fc581150000 r--p 00008000 08:09 3678665                    /usr/lib/x86_64-linux-gnu/libXcursor.so.1.0.2
7fc581150000-7fc581151000 rw-p 00009000 08:09 3678665                    /usr/lib/x86_64-linux-gnu/libXcursor.so.1.0.2
7fc581151000-7fc581153000 r-xp 00000000 08:09 3678681                    /usr/lib/x86_64-linux-gnu/libXinerama.so.1.0.0
7fc581153000-7fc581352000 ---p 00002000 08:09 3678681                    /usr/lib/x86_64-linux-gnu/libXinerama.so.1.0.0
7fc581352000-7fc581353000 r--p 00001000 08:09 3678681                    /usr/lib/x86_64-linux-gnu/libXinerama.so.1.0.0
7fc581353000-7fc581354000 rw-p 00002000 08:09 3678681                    /usr/lib/x86_64-linux-gnu/libXinerama.so.1.0.0
7fc581354000-7fc581358000 r-xp 00000000 08:09 3678709                    /usr/lib/x86_64-linux-gnu/libXxf86vm.so.1.0.0
7fc581358000-7fc581558000 ---p 00004000 08:09 3678709                    /usr/lib/x86_64-linux-gnu/libXxf86vm.so.1.0.0
7fc581558000-7fc581559000 r--p 00004000 08:09 3678709                    /usr/lib/x86_64-linux-gnu/libXxf86vm.so.1.0.0
7fc581559000-7fc58155a000 rw-p 00005000 08:09 3678709                    /usr/lib/x86_64-linux-gnu/libXxf86vm.so.1.0.0
7fc58155a000-7fc581563000 r-xp 00000000 08:09 3678691                    /usr/lib/x86_64-linux-gnu/libXrandr.so.2.2.0
7fc581563000-7fc581762000 ---p 00009000 08:09 3678691                    /usr/lib/x86_64-linux-gnu/libXrandr.so.2.2.0
7fc581762000-7fc581763000 r--p 00008000 08:09 3678691                    /usr/lib/x86_64-linux-gnu/libXrandr.so.2.2.0
7fc581763000-7fc581764000 rw-p 00009000 08:09 3678691                    /usr/lib/x86_64-linux-gnu/libXrandr.so.2.2.0
7fc581764000-7fc5817c6000 r-xp 00000000 08:09 3934455                    /usr/lib/x86_64-linux-gnu/mesa/libGL.so.1.2.0
7fc5817c6000-7fc5819c5000 ---p 00062000 08:09 3934455                    /usr/lib/x86_64-linux-gnu/mesa/libGL.so.1.2.0
7fc5819c5000-7fc5819c8000 r--p 00061000 08:09 3934455                    /usr/lib/x86_64-linux-gnu/mesa/libGL.so.1.2.0
7fc5819c8000-7fc5819c9000 rw-p 00064000 08:09 3934455                    /usr/lib/x86_64-linux-gnu/mesa/libGL.so.1.2.0
7fc5819c9000-7fc5819ca000 rw-p 00000000 00:00 0 
7fc5819ca000-7fc581afa000 r-xp 00000000 08:09 3678654                    /usr/lib/x86_64-linux-gnu/libX11.so.6.3.0
7fc581afa000-7fc581cfa000 ---p 00130000 08:09 3678654                    /usr/lib/x86_64-linux-gnu/libX11.so.6.3.0
7fc581cfa000-7fc581cfb000 r--p 00130000 08:09 3678654                    /usr/lib/x86_64-linux-gnu/libX11.so.6.3.0
7fc581cfb000-7fc581cff000 rw-p 00131000 08:09 3678654                    /usr/lib/x86_64-linux-gnu/libX11.so.6.3.0
7fc581cff000-7fc581d6e000 r-xp 00000000 08:09 2102220                    /home/raul/lwjgl/native/linux/x64/liblwjgl.so
7fc581d6e000-7fc581f6d000 ---p 0006f000 08:09 2102220                    /home/raul/lwjgl/native/linux/x64/liblwjgl.so
7fc581f6d000-7fc581f6e000 r--p 0006e000 08:09 2102220                    /home/raul/lwjgl/native/linux/x64/liblwjgl.so
7fc581f6e000-7fc581f6f000 rw-p 0006f000 08:09 2102220                    /home/raul/lwjgl/native/linux/x64/liblwjgl.so
7fc581f6f000-7fc584000000 rw-p 00000000 00:00 0 
7fc584000000-7fc584021000 rw-p 00000000 00:00 0 
7fc584021000-7fc588000000 ---p 00000000 00:00 0 
7fc588007000-7fc588016000 r-xp 00000000 08:09 3678679                    /usr/lib/x86_64-linux-gnu/libXi.so.6.1.0
7fc588016000-7fc588215000 ---p 0000f000 08:09 3678679                    /usr/lib/x86_64-linux-gnu/libXi.so.6.1.0
7fc588215000-7fc588216000 r--p 0000e000 08:09 3678679                    /usr/lib/x86_64-linux-gnu/libXi.so.6.1.0
7fc588216000-7fc588217000 rw-p 0000f000 08:09 3678679                    /usr/lib/x86_64-linux-gnu/libXi.so.6.1.0
7fc588217000-7fc588218000 ---p 00000000 00:00 0 
7fc588218000-7fc588318000 rw-p 00000000 00:00 0                          [stack:5979]
7fc588318000-7fc58831b000 ---p 00000000 00:00 0 
7fc58831b000-7fc588419000 rw-p 00000000 00:00 0                          [stack:5978]
7fc588419000-7fc58841c000 ---p 00000000 00:00 0 
7fc58841c000-7fc58851a000 rw-p 00000000 00:00 0                          [stack:5977]
7fc58851a000-7fc58851d000 ---p 00000000 00:00 0 
7fc58851d000-7fc58861b000 rw-p 00000000 00:00 0                          [stack:5976]
7fc58861b000-7fc58861e000 ---p 00000000 00:00 0 
7fc58861e000-7fc58871c000 rw-p 00000000 00:00 0                          [stack:5975]
7fc58871c000-7fc588dfe000 r--p 00000000 08:09 3677561                    /usr/lib/locale/locale-archive
7fc588dfe000-7fc588e01000 ---p 00000000 00:00 0 
7fc588e01000-7fc588eff000 rw-p 00000000 00:00 0                          [stack:5974]
7fc588eff000-7fc588f02000 ---p 00000000 00:00 0 
7fc588f02000-7fc589000000 rw-p 00000000 00:00 0                          [stack:5973]
7fc589000000-7fc589270000 rwxp 00000000 00:00 0 
7fc589270000-7fc58c944000 rw-p 00000000 00:00 0 
7fc58c944000-7fc590000000 ---p 00000000 00:00 0 
7fc590055000-7fc59005d000 rw-s 00000000 00:04 65243                      /drm mm object (deleted)
7fc59005d000-7fc590065000 rw-s 00000000 00:04 65242                      /drm mm object (deleted)
7fc590065000-7fc59006d000 rw-s 00000000 00:04 65238                      /drm mm object (deleted)
7fc59006d000-7fc590074000 r--s 00000000 08:09 3939448                    /usr/lib/x86_64-linux-gnu/gconv/gconv-modules.cache
7fc590074000-7fc59009a000 r--p 00000000 08:09 4329090                    /usr/share/locale-langpack/es/LC_MESSAGES/libc.mo
7fc59009a000-7fc59009b000 ---p 00000000 00:00 0 
7fc59009b000-7fc59119a000 rw-p 00000000 00:00 0                          [stack:5972]
7fc59119a000-7fc591359000 r--s 039eb000 08:09 1837861                    /home/raul/jdk1.7.0_75/jre/lib/rt.jar
7fc591359000-7fc59165b000 rw-p 00000000 00:00 0 
7fc59165b000-7fc59165c000 ---p 00000000 00:00 0 
7fc59165c000-7fc59175c000 rw-p 00000000 00:00 0                          [stack:5971]
7fc59175c000-7fc59175d000 ---p 00000000 00:00 0 
7fc59175d000-7fc59185d000 rw-p 00000000 00:00 0                          [stack:5970]
7fc59185d000-7fc59185e000 ---p 00000000 00:00 0 
7fc59185e000-7fc59195e000 rw-p 00000000 00:00 0                          [stack:5969]
7fc59195e000-7fc59195f000 ---p 00000000 00:00 0 
7fc59195f000-7fc591a6a000 rw-p 00000000 00:00 0                          [stack:5968]
7fc591a6a000-7fc591a88000 rw-p 00000000 00:00 0 
7fc591a88000-7fc591a9c000 rw-p 00000000 00:00 0 
7fc591a9c000-7fc591bc8000 rw-p 00000000 00:00 0 
7fc591bc8000-7fc591bd3000 rw-p 00000000 00:00 0 
7fc591bd3000-7fc591bf1000 rw-p 00000000 00:00 0 
7fc591bf1000-7fc591c05000 rw-p 00000000 00:00 0 
7fc591c05000-7fc591d31000 rw-p 00000000 00:00 0 
7fc591d31000-7fc591d3b000 rw-p 00000000 00:00 0 
7fc591d3b000-7fc591dd1000 rw-p 00000000 00:00 0 
7fc591dd1000-7fc591dd2000 rw-p 00000000 00:00 0 
7fc591dd2000-7fc591dec000 r-xp 00000000 08:09 1837823                    /home/raul/jdk1.7.0_75/jre/lib/amd64/libzip.so
7fc591dec000-7fc591fec000 ---p 0001a000 08:09 1837823                    /home/raul/jdk1.7.0_75/jre/lib/amd64/libzip.so
7fc591fec000-7fc591fed000 rw-p 0001a000 08:09 1837823                    /home/raul/jdk1.7.0_75/jre/lib/amd64/libzip.so
7fc591fed000-7fc591ff8000 r-xp 00000000 08:09 2625429                    /lib/x86_64-linux-gnu/libnss_files-2.19.so
7fc591ff8000-7fc5921f7000 ---p 0000b000 08:09 2625429                    /lib/x86_64-linux-gnu/libnss_files-2.19.so
7fc5921f7000-7fc5921f8000 r--p 0000a000 08:09 2625429                    /lib/x86_64-linux-gnu/libnss_files-2.19.so
7fc5921f8000-7fc5921f9000 rw-p 0000b000 08:09 2625429                    /lib/x86_64-linux-gnu/libnss_files-2.19.so
7fc5921f9000-7fc592204000 r-xp 00000000 08:09 2621542                    /lib/x86_64-linux-gnu/libnss_nis-2.19.so
7fc592204000-7fc592403000 ---p 0000b000 08:09 2621542                    /lib/x86_64-linux-gnu/libnss_nis-2.19.so
7fc592403000-7fc592404000 r--p 0000a000 08:09 2621542                    /lib/x86_64-linux-gnu/libnss_nis-2.19.so
7fc592404000-7fc592405000 rw-p 0000b000 08:09 2621542                    /lib/x86_64-linux-gnu/libnss_nis-2.19.so
7fc592405000-7fc59241c000 r-xp 00000000 08:09 2621536                    /lib/x86_64-linux-gnu/libnsl-2.19.so
7fc59241c000-7fc59261b000 ---p 00017000 08:09 2621536                    /lib/x86_64-linux-gnu/libnsl-2.19.so
7fc59261b000-7fc59261c000 r--p 00016000 08:09 2621536                    /lib/x86_64-linux-gnu/libnsl-2.19.so
7fc59261c000-7fc59261d000 rw-p 00017000 08:09 2621536                    /lib/x86_64-linux-gnu/libnsl-2.19.so
7fc59261d000-7fc59261f000 rw-p 00000000 00:00 0 
7fc59261f000-7fc592628000 r-xp 00000000 08:09 2621533                    /lib/x86_64-linux-gnu/libnss_compat-2.19.so
7fc592628000-7fc592827000 ---p 00009000 08:09 2621533                    /lib/x86_64-linux-gnu/libnss_compat-2.19.so
7fc592827000-7fc592828000 r--p 00008000 08:09 2621533                    /lib/x86_64-linux-gnu/libnss_compat-2.19.so
7fc592828000-7fc592829000 rw-p 00009000 08:09 2621533                    /lib/x86_64-linux-gnu/libnss_compat-2.19.so
7fc592829000-7fc592852000 r-xp 00000000 08:09 1837758                    /home/raul/jdk1.7.0_75/jre/lib/amd64/libjava.so
7fc592852000-7fc592a52000 ---p 00029000 08:09 1837758                    /home/raul/jdk1.7.0_75/jre/lib/amd64/libjava.so
7fc592a52000-7fc592a54000 rw-p 00029000 08:09 1837758                    /home/raul/jdk1.7.0_75/jre/lib/amd64/libjava.so
7fc592a54000-7fc592a61000 r-xp 00000000 08:09 1837636                    /home/raul/jdk1.7.0_75/jre/lib/amd64/libverify.so
7fc592a61000-7fc592c60000 ---p 0000d000 08:09 1837636                    /home/raul/jdk1.7.0_75/jre/lib/amd64/libverify.so
7fc592c60000-7fc592c62000 rw-p 0000c000 08:09 1837636                    /home/raul/jdk1.7.0_75/jre/lib/amd64/libverify.so
7fc592c62000-7fc592c69000 r-xp 00000000 08:09 2621470                    /lib/x86_64-linux-gnu/librt-2.19.so
7fc592c69000-7fc592e68000 ---p 00007000 08:09 2621470                    /lib/x86_64-linux-gnu/librt-2.19.so
7fc592e68000-7fc592e69000 r--p 00006000 08:09 2621470                    /lib/x86_64-linux-gnu/librt-2.19.so
7fc592e69000-7fc592e6a000 rw-p 00007000 08:09 2621470                    /lib/x86_64-linux-gnu/librt-2.19.so
7fc592e6a000-7fc592f6f000 r-xp 00000000 08:09 2621535                    /lib/x86_64-linux-gnu/libm-2.19.so
7fc592f6f000-7fc59316e000 ---p 00105000 08:09 2621535                    /lib/x86_64-linux-gnu/libm-2.19.so
7fc59316e000-7fc59316f000 r--p 00104000 08:09 2621535                    /lib/x86_64-linux-gnu/libm-2.19.so
7fc59316f000-7fc593170000 rw-p 00105000 08:09 2621535                    /lib/x86_64-linux-gnu/libm-2.19.so
7fc593170000-7fc593ce3000 r-xp 00000000 08:09 1837408                    /home/raul/jdk1.7.0_75/jre/lib/amd64/server/libjvm.so
7fc593ce3000-7fc593ee3000 ---p 00b73000 08:09 1837408                    /home/raul/jdk1.7.0_75/jre/lib/amd64/server/libjvm.so
7fc593ee3000-7fc593fa7000 rw-p 00b73000 08:09 1837408                    /home/raul/jdk1.7.0_75/jre/lib/amd64/server/libjvm.so
7fc593fa7000-7fc593fe8000 rw-p 00000000 00:00 0 
7fc593fe8000-7fc5941a3000 r-xp 00000000 08:09 2621469                    /lib/x86_64-linux-gnu/libc-2.19.so
7fc5941a3000-7fc5943a3000 ---p 001bb000 08:09 2621469                    /lib/x86_64-linux-gnu/libc-2.19.so
7fc5943a3000-7fc5943a7000 r--p 001bb000 08:09 2621469                    /lib/x86_64-linux-gnu/libc-2.19.so
7fc5943a7000-7fc5943a9000 rw-p 001bf000 08:09 2621469                    /lib/x86_64-linux-gnu/libc-2.19.so
7fc5943a9000-7fc5943ae000 rw-p 00000000 00:00 0 
7fc5943ae000-7fc5943b1000 r-xp 00000000 08:09 2621531                    /lib/x86_64-linux-gnu/libdl-2.19.so
7fc5943b1000-7fc5945b0000 ---p 00003000 08:09 2621531                    /lib/x86_64-linux-gnu/libdl-2.19.so
7fc5945b0000-7fc5945b1000 r--p 00002000 08:09 2621531                    /lib/x86_64-linux-gnu/libdl-2.19.so
7fc5945b1000-7fc5945b2000 rw-p 00003000 08:09 2621531                    /lib/x86_64-linux-gnu/libdl-2.19.so
7fc5945b2000-7fc5945c8000 r-xp 00000000 08:09 1837831                    /home/raul/jdk1.7.0_75/lib/amd64/jli/libjli.so
7fc5945c8000-7fc5947c8000 ---p 00016000 08:09 1837831                    /home/raul/jdk1.7.0_75/lib/amd64/jli/libjli.so
7fc5947c8000-7fc5947c9000 rw-p 00016000 08:09 1837831                    /home/raul/jdk1.7.0_75/lib/amd64/jli/libjli.so
7fc5947c9000-7fc5947e2000 r-xp 00000000 08:09 2621544                    /lib/x86_64-linux-gnu/libpthread-2.19.so
7fc5947e2000-7fc5949e1000 ---p 00019000 08:09 2621544                    /lib/x86_64-linux-gnu/libpthread-2.19.so
7fc5949e1000-7fc5949e2000 r--p 00018000 08:09 2621544                    /lib/x86_64-linux-gnu/libpthread-2.19.so
7fc5949e2000-7fc5949e3000 rw-p 00019000 08:09 2621544                    /lib/x86_64-linux-gnu/libpthread-2.19.so
7fc5949e3000-7fc5949e7000 rw-p 00000000 00:00 0 
7fc5949e7000-7fc594a0a000 r-xp 00000000 08:09 2621459                    /lib/x86_64-linux-gnu/ld-2.19.so
7fc594a0c000-7fc594a0d000 rw-p 00000000 00:00 0 
7fc594a0d000-7fc594a0e000 rw-s 00000000 00:04 63663                      /drm mm object (deleted)
7fc594a0e000-7fc594a0f000 rw-s 00000000 00:04 65247                      /drm mm object (deleted)
7fc594a0f000-7fc594a10000 rwxp 00000000 00:00 0 
7fc594a10000-7fc594a2f000 rw-p 00000000 00:00 0 
7fc594a2f000-7fc594ae5000 rw-p 00000000 00:00 0 
7fc594ae5000-7fc594ae8000 ---p 00000000 00:00 0 
7fc594ae8000-7fc594bea000 rw-p 00000000 00:00 0                          [stack:5967]
7fc594bea000-7fc594beb000 rw-s 00000000 00:04 65239                      /drm mm object (deleted)
7fc594beb000-7fc594bec000 rwxp 00000000 00:00 0 
7fc594bec000-7fc594bee000 r--s 00004000 08:09 1968631                    /home/raul/.netbeans/8.0.2/gluegen-runtime/gluegen-rt.jar
7fc594bee000-7fc594bfd000 r--s 0012e000 08:09 2102216                    /home/raul/lwjgl/jar/lwjgl.jar
7fc594bfd000-7fc594c05000 rw-s 00000000 08:09 4080676                    /tmp/hsperfdata_raul/5962
7fc594c05000-7fc594c06000 rw-p 00000000 00:00 0 
7fc594c06000-7fc594c07000 r--p 00000000 00:00 0 
7fc594c07000-7fc594c09000 rw-p 00000000 00:00 0 
7fc594c09000-7fc594c0a000 r--p 00022000 08:09 2621459                    /lib/x86_64-linux-gnu/ld-2.19.so
7fc594c0a000-7fc594c0b000 rw-p 00023000 08:09 2621459                    /lib/x86_64-linux-gnu/ld-2.19.so
7fc594c0b000-7fc594c0c000 rw-p 00000000 00:00 0 
7fffce13f000-7fffce160000 rw-p 00000000 00:00 0                          [stack]
7fffce1aa000-7fffce1ac000 r-xp 00000000 00:00 0                          [vdso]
ffffffffff600000-ffffffffff601000 r-xp 00000000 00:00 0                  [vsyscall]

VM Arguments:
jvm_args: -Dfile.encoding=UTF-8 -Djava.library.path=/home/raul/lwjgl/native/linux/x64 
java_command: simulador.Main
Launcher Type: SUN_STANDARD

Environment Variables:
PATH=/usr/local/sbin:/usr/local/bin:/usr/sbin:/usr/bin:/sbin:/bin:/usr/games:/usr/local/games
LD_LIBRARY_PATH=/home/raul/jdk1.7.0_75/jre/lib/amd64:/home/raul/jdk1.7.0_75/jre/lib/i386:
SHELL=/bin/bash
DISPLAY=:0

Signal Handlers:
SIGSEGV: [libjvm.so+0x9a21f0], sa_mask[0]=0x7ffbfeff, sa_flags=0x10000004
SIGBUS: [libjvm.so+0x9a21f0], sa_mask[0]=0x7ffbfeff, sa_flags=0x10000004
SIGFPE: [libjvm.so+0x81ba40], sa_mask[0]=0x7ffbfeff, sa_flags=0x10000004
SIGPIPE: [libjvm.so+0x81ba40], sa_mask[0]=0x7ffbfeff, sa_flags=0x10000004
SIGXFSZ: [libjvm.so+0x81ba40], sa_mask[0]=0x7ffbfeff, sa_flags=0x10000004
SIGILL: [libjvm.so+0x81ba40], sa_mask[0]=0x7ffbfeff, sa_flags=0x10000004
SIGUSR1: SIG_DFL, sa_mask[0]=0x00000000, sa_flags=0x00000000
SIGUSR2: [libjvm.so+0x81d240], sa_mask[0]=0x00000004, sa_flags=0x10000004
SIGHUP: [libjvm.so+0x81e360], sa_mask[0]=0x7ffbfeff, sa_flags=0x10000004
SIGINT: SIG_IGN, sa_mask[0]=0x00000000, sa_flags=0x00000000
SIGTERM: [libjvm.so+0x81e360], sa_mask[0]=0x7ffbfeff, sa_flags=0x10000004
SIGQUIT: [libjvm.so+0x81e360], sa_mask[0]=0x7ffbfeff, sa_flags=0x10000004


---------------  S Y S T E M  ---------------

OS:jessie/sid

uname:Linux 3.13.0-45-generic #74-Ubuntu SMP Tue Jan 13 19:36:28 UTC 2015 x86_64
libc:glibc 2.19 NPTL 2.19 
rlimit: STACK 8192k, CORE 0k, NPROC 29139, NOFILE 4096, AS infinity
load average:0,44 0,76 0,77

/proc/meminfo:
MemTotal:        3931356 kB
MemFree:          867348 kB
Buffers:           97216 kB
Cached:          1359140 kB
SwapCached:            0 kB
Active:          1810144 kB
Inactive:        1084944 kB
Active(anon):    1440916 kB
Inactive(anon):   231288 kB
Active(file):     369228 kB
Inactive(file):   853656 kB
Unevictable:          32 kB
Mlocked:              32 kB
SwapTotal:       4077564 kB
SwapFree:        4077564 kB
Dirty:              1868 kB
Writeback:             0 kB
AnonPages:       1439016 kB
Mapped:           203328 kB
Shmem:            233476 kB
Slab:              86324 kB
SReclaimable:      55708 kB
SUnreclaim:        30616 kB
KernelStack:        4168 kB
PageTables:        28280 kB
NFS_Unstable:          0 kB
Bounce:                0 kB
WritebackTmp:          0 kB
CommitLimit:     6043240 kB
Committed_AS:    4494516 kB
VmallocTotal:   34359738367 kB
VmallocUsed:      350792 kB
VmallocChunk:   34359379968 kB
HardwareCorrupted:     0 kB
AnonHugePages:    749568 kB
HugePages_Total:       0
HugePages_Free:        0
HugePages_Rsvd:        0
HugePages_Surp:        0
Hugepagesize:       2048 kB
DirectMap4k:       69696 kB
DirectMap2M:     4007936 kB


CPU:total 4 (2 cores per cpu, 2 threads per core) family 6 model 58 stepping 9, cmov, cx8, fxsr, mmx, sse, sse2, sse3, ssse3, sse4.1, sse4.2, popcnt, avx, aes, erms, ht, tsc, tscinvbit, tscinv

/proc/cpuinfo:
processor	: 0
vendor_id	: GenuineIntel
cpu family	: 6
model		: 58
model name	: Intel(R) Core(TM) i5-3230M CPU @ 2.60GHz
stepping	: 9
microcode	: 0x12
cpu MHz		: 1200.000
cache size	: 3072 KB
physical id	: 0
siblings	: 4
core id		: 0
cpu cores	: 2
apicid		: 0
initial apicid	: 0
fpu		: yes
fpu_exception	: yes
cpuid level	: 13
wp		: yes
flags		: fpu vme de pse tsc msr pae mce cx8 apic sep mtrr pge mca cmov pat pse36 clflush dts acpi mmx fxsr sse sse2 ss ht tm pbe syscall nx rdtscp lm constant_tsc arch_perfmon pebs bts rep_good nopl xtopology nonstop_tsc aperfmperf eagerfpu pni pclmulqdq dtes64 monitor ds_cpl vmx est tm2 ssse3 cx16 xtpr pdcm pcid sse4_1 sse4_2 x2apic popcnt tsc_deadline_timer aes xsave avx f16c rdrand lahf_lm ida arat epb xsaveopt pln pts dtherm tpr_shadow vnmi flexpriority ept vpid fsgsbase smep erms
bogomips	: 5188.23
clflush size	: 64
cache_alignment	: 64
address sizes	: 36 bits physical, 48 bits virtual
power management:

processor	: 1
vendor_id	: GenuineIntel
cpu family	: 6
model		: 58
model name	: Intel(R) Core(TM) i5-3230M CPU @ 2.60GHz
stepping	: 9
microcode	: 0x12
cpu MHz		: 1200.000
cache size	: 3072 KB
physical id	: 0
siblings	: 4
core id		: 1
cpu cores	: 2
apicid		: 2
initial apicid	: 2
fpu		: yes
fpu_exception	: yes
cpuid level	: 13
wp		: yes
flags		: fpu vme de pse tsc msr pae mce cx8 apic sep mtrr pge mca cmov pat pse36 clflush dts acpi mmx fxsr sse sse2 ss ht tm pbe syscall nx rdtscp lm constant_tsc arch_perfmon pebs bts rep_good nopl xtopology nonstop_tsc aperfmperf eagerfpu pni pclmulqdq dtes64 monitor ds_cpl vmx est tm2 ssse3 cx16 xtpr pdcm pcid sse4_1 sse4_2 x2apic popcnt tsc_deadline_timer aes xsave avx f16c rdrand lahf_lm ida arat epb xsaveopt pln pts dtherm tpr_shadow vnmi flexpriority ept vpid fsgsbase smep erms
bogomips	: 5188.23
clflush size	: 64
cache_alignment	: 64
address sizes	: 36 bits physical, 48 bits virtual
power management:

processor	: 2
vendor_id	: GenuineIntel
cpu family	: 6
model		: 58
model name	: Intel(R) Core(TM) i5-3230M CPU @ 2.60GHz
stepping	: 9
microcode	: 0x12
cpu MHz		: 1200.000
cache size	: 3072 KB
physical id	: 0
siblings	: 4
core id		: 0
cpu cores	: 2
apicid		: 1
initial apicid	: 1
fpu		: yes
fpu_exception	: yes
cpuid level	: 13
wp		: yes
flags		: fpu vme de pse tsc msr pae mce cx8 apic sep mtrr pge mca cmov pat pse36 clflush dts acpi mmx fxsr sse sse2 ss ht tm pbe syscall nx rdtscp lm constant_tsc arch_perfmon pebs bts rep_good nopl xtopology nonstop_tsc aperfmperf eagerfpu pni pclmulqdq dtes64 monitor ds_cpl vmx est tm2 ssse3 cx16 xtpr pdcm pcid sse4_1 sse4_2 x2apic popcnt tsc_deadline_timer aes xsave avx f16c rdrand lahf_lm ida arat epb xsaveopt pln pts dtherm tpr_shadow vnmi flexpriority ept vpid fsgsbase smep erms
bogomips	: 5188.23
clflush size	: 64
cache_alignment	: 64
address sizes	: 36 bits physical, 48 bits virtual
power management:

processor	: 3
vendor_id	: GenuineIntel
cpu family	: 6
model		: 58
model name	: Intel(R) Core(TM) i5-3230M CPU @ 2.60GHz
stepping	: 9
microcode	: 0x12
cpu MHz		: 2601.000
cache size	: 3072 KB
physical id	: 0
siblings	: 4
core id		: 1
cpu cores	: 2
apicid		: 3
initial apicid	: 3
fpu		: yes
fpu_exception	: yes
cpuid level	: 13
wp		: yes
flags		: fpu vme de pse tsc msr pae mce cx8 apic sep mtrr pge mca cmov pat pse36 clflush dts acpi mmx fxsr sse sse2 ss ht tm pbe syscall nx rdtscp lm constant_tsc arch_perfmon pebs bts rep_good nopl xtopology nonstop_tsc aperfmperf eagerfpu pni pclmulqdq dtes64 monitor ds_cpl vmx est tm2 ssse3 cx16 xtpr pdcm pcid sse4_1 sse4_2 x2apic popcnt tsc_deadline_timer aes xsave avx f16c rdrand lahf_lm ida arat epb xsaveopt pln pts dtherm tpr_shadow vnmi flexpriority ept vpid fsgsbase smep erms
bogomips	: 5188.23
clflush size	: 64
cache_alignment	: 64
address sizes	: 36 bits physical, 48 bits virtual
power management:



Memory: 4k page, physical 3931356k(867348k free), swap 4077564k(4077564k free)

vm_info: Java HotSpot(TM) 64-Bit Server VM (24.75-b04) for linux-amd64 JRE (1.7.0_75-b13), built on Dec 18 2014 16:45:18 by "java_re" with gcc 4.3.0 20080428 (Red Hat 4.3.0-8)

time: Sat Mar 28 14:43:22 2015
elapsed time: 0 seconds

