#
# A fatal error has been detected by the Java Runtime Environment:
#
#  SIGSEGV (0xb) at pc=0x00007f5f3d1d1b80, pid=17516, tid=140047035885312
#
# JRE version: Java(TM) SE Runtime Environment (7.0_75-b13) (build 1.7.0_75-b13)
# Java VM: Java HotSpot(TM) 64-Bit Server VM (24.75-b04 mixed mode linux-amd64 compressed oops)
# Problematic frame:
# C  [libc.so.6+0x98b80]  envz_strip+0x610
#
# Failed to write core dump. Core dumps have been disabled. To enable core dumping, try "ulimit -c unlimited" before starting Java again
#
# If you would like to submit a bug report, please visit:
#   http://bugreport.sun.com/bugreport/crash.jsp
# The crash happened outside the Java Virtual Machine in native code.
# See problematic frame for where to report the bug.
#

---------------  T H R E A D  ---------------

Current thread (0x00007f5f3400a000):  JavaThread "main" [_thread_in_native, id=17521, stack(0x00007f5f3dc36000,0x00007f5f3dd37000)]

siginfo:si_signo=SIGSEGV: si_errno=0, si_code=1 (SEGV_MAPERR), si_addr=0x0000000000000000

Registers:
RAX=0xffff80a10638d20c, RBX=0x00007f5ef9c07038, RCX=0x0000000000000300, RDX=0x0000000000000180
RSP=0x00007f5f3dd352b8, RBP=0x0000000000000000, RSI=0x0000000000000000, RDI=0x00007f5ef9c72c74
R8 =0x0000000000000007, R9 =0x00007f5f34000078, R10=0x0000000000000000, R11=0x0000000000000246
R12=0x0000000000000180, R13=0x0000000000000180, R14=0x0000000000000000, R15=0x00007f5ef9c74158
RIP=0x00007f5f3d1d1b80, EFLAGS=0x0000000000010202, CSGSFS=0x0000000000000033, ERR=0x0000000000000004
  TRAPNO=0x000000000000000e

Top of Stack: (sp=0x00007f5f3dd352b8)
0x00007f5f3dd352b8:   00007f5efb0c50dd 0000000000000000
0x00007f5f3dd352c8:   0000000000000000 0000000000000000
0x00007f5f3dd352d8:   00007f5ef9c74160 0000000000000010
0x00007f5f3dd352e8:   0000000000000010 00007f5ef9c74158
0x00007f5f3dd352f8:   0000000000000017 0000000000000000
0x00007f5f3dd35308:   00007f5efb0e91ee 0000000000000001
0x00007f5f3dd35318:   00007f5ef9c07038 00007f5f34b605d0
0x00007f5f3dd35328:   00007f5f00000180 000000000000000d
0x00007f5f3dd35338:   00007f5ef9c74160 00007f5ef9c73fd8
0x00007f5f3dd35348:   00007f5ef9c07038 00007f5f3dd353a0
0x00007f5f3dd35358:   0000000000000000 0000000000000000
0x00007f5f3dd35368:   00007f5efb0e9ae4 0000000034c00016
0x00007f5f3dd35378:   00007f5e00000003 0000001700000000
0x00007f5f3dd35388:   0000000000000003 34c0001600000078
0x00007f5f3dd35398:   0000001700000000 00007f5ef9c73fd8
0x00007f5f3dd353a8:   00007f5ef9c73ff0 00007f5ef9c74008
0x00007f5f3dd353b8:   0000000000000001 00007f5f34b641d8
0x00007f5f3dd353c8:   00007f5ef9c07038 00007f5f34767a10
0x00007f5f3dd353d8:   0000000000000000 0000000000000000
0x00007f5f3dd353e8:   0000000000000001 00000000304c0aff
0x00007f5f3dd353f8:   00007f5efabf603d 00007f5e00000000
0x00007f5f3dd35408:   00007f5f34b63960 00007f5f3001db40
0x00007f5f3dd35418:   00007f5efb0b54df 00007f5ef9c07038
0x00007f5f3dd35428:   00007f5f34767000 00007f5f34767760
0x00007f5f3dd35438:   00007f5efb17670c 00007f5f347672b0
0x00007f5f3dd35448:   0000000000000001 00007f5f00000000
0x00007f5f3dd35458:   0000000000000000 00007f5f34767000
0x00007f5f3dd35468:   00007f5ef9c07038 0000000000000001
0x00007f5f3dd35478:   00007f5f34767760 0000000000000001
0x00007f5f3dd35488:   00007f5f34767000 0000000000000000
0x00007f5f3dd35498:   00007f5efb12a974 0000000000000001
0x00007f5f3dd354a8:   00007f5e00000001 00000000000002bc 

Instructions: (pc=0x00007f5f3d1d1b80)
0x00007f5f3d1d1b60:   48 89 f0 48 8d 0c 12 48 29 f8 48 29 d0 48 39 c8
0x00007f5f3d1d1b70:   0f 82 07 01 00 00 48 83 fa 10 0f 86 8b 01 00 00
0x00007f5f3d1d1b80:   f3 44 0f 6f 06 48 83 fa 20 f3 44 0f 7f 07 f3 44
0x00007f5f3d1d1b90:   0f 6f 44 16 f0 f3 44 0f 7f 44 17 f0 77 12 48 89 

Register to memory mapping:

RAX=0xffff80a10638d20c is an unknown value
RBX=0x00007f5ef9c07038 is an unknown value
RCX=0x0000000000000300 is an unknown value
RDX=0x0000000000000180 is an unknown value
RSP=0x00007f5f3dd352b8 is pointing into the stack for thread: 0x00007f5f3400a000
RBP=0x0000000000000000 is an unknown value
RSI=0x0000000000000000 is an unknown value
RDI=0x00007f5ef9c72c74 is an unknown value
R8 =0x0000000000000007 is an unknown value
R9 =0x00007f5f34000078 is an unknown value
R10=0x0000000000000000 is an unknown value
R11=0x0000000000000246 is an unknown value
R12=0x0000000000000180 is an unknown value
R13=0x0000000000000180 is an unknown value
R14=0x0000000000000000 is an unknown value
R15=0x00007f5ef9c74158 is an unknown value


Stack: [0x00007f5f3dc36000,0x00007f5f3dd37000],  sp=0x00007f5f3dd352b8,  free space=1020k
Native frames: (J=compiled Java code, j=interpreted, Vv=VM code, C=native code)
C  [libc.so.6+0x98b80]  envz_strip+0x610

[error occurred during error reporting (printing native stack), id 0xb]

Java frames: (J=compiled Java code, j=interpreted, Vv=VM code)
j  org.lwjgl.opengl.GL11.nglDrawArrays(IIIJ)V+0
j  org.lwjgl.opengl.GL11.glDrawArrays(III)V+22
j  simulador.Avion.draw()V+144
j  simulador.Simulador.draw()V+35
j  simulador.Simulador.come_alive()V+100
j  simulador.Simulador.run()V+1
j  simulador.Main.main([Ljava/lang/String;)V+19
v  ~StubRoutines::call_stub

---------------  P R O C E S S  ---------------

Java Threads: ( => current thread )
  0x00007f5f340a0800 JavaThread "Service Thread" daemon [_thread_blocked, id=17532, stack(0x00007f5f2b419000,0x00007f5f2b51a000)]
  0x00007f5f3409e000 JavaThread "C2 CompilerThread1" daemon [_thread_blocked, id=17531, stack(0x00007f5f2b51a000,0x00007f5f2b61b000)]
  0x00007f5f3409b800 JavaThread "C2 CompilerThread0" daemon [_thread_blocked, id=17530, stack(0x00007f5f2b61b000,0x00007f5f2b71c000)]
  0x00007f5f34099000 JavaThread "Signal Dispatcher" daemon [_thread_blocked, id=17529, stack(0x00007f5f2b71c000,0x00007f5f2b81d000)]
  0x00007f5f34070000 JavaThread "Finalizer" daemon [_thread_blocked, id=17528, stack(0x00007f5f2beff000,0x00007f5f2c000000)]
  0x00007f5f3406e000 JavaThread "Reference Handler" daemon [_thread_blocked, id=17527, stack(0x00007f5f3004c000,0x00007f5f3014d000)]
=>0x00007f5f3400a000 JavaThread "main" [_thread_in_native, id=17521, stack(0x00007f5f3dc36000,0x00007f5f3dd37000)]

Other Threads:
  0x00007f5f34069800 VMThread [stack: 0x00007f5f3014d000,0x00007f5f3024e000] [id=17526]
  0x00007f5f340ab800 WatcherThread [stack: 0x00007f5f2b318000,0x00007f5f2b419000] [id=17533]

VM state:not at safepoint (normal execution)

VM Mutex/Monitor currently owned by a thread: None

Heap
 PSYoungGen      total 17920K, used 9042K [0x00000000ec000000, 0x00000000ed400000, 0x0000000100000000)
  eden space 15360K, 58% used [0x00000000ec000000,0x00000000ec8d4858,0x00000000ecf00000)
  from space 2560K, 0% used [0x00000000ed180000,0x00000000ed180000,0x00000000ed400000)
  to   space 2560K, 0% used [0x00000000ecf00000,0x00000000ecf00000,0x00000000ed180000)
 ParOldGen       total 40960K, used 0K [0x00000000c4000000, 0x00000000c6800000, 0x00000000ec000000)
  object space 40960K, 0% used [0x00000000c4000000,0x00000000c4000000,0x00000000c6800000)
 PSPermGen       total 21504K, used 7165K [0x00000000bee00000, 0x00000000c0300000, 0x00000000c4000000)
  object space 21504K, 33% used [0x00000000bee00000,0x00000000bf4ff638,0x00000000c0300000)

Card table byte_map: [0x00007f5f3ad19000,0x00007f5f3af23000] byte_map_base: 0x00007f5f3a722000

Polling page: 0x00007f5f3dd57000

Code Cache  [0x00007f5f31000000, 0x00007f5f31270000, 0x00007f5f34000000)
 total_blobs=493 nmethods=19 adapters=428 free_code_cache=48592Kb largest_free_block=49749120

Compilation events (10 events):
Event: 0,207 Thread 0x00007f5f3409b800 nmethod 12 0x00007f5f31075ed0 code [0x00007f5f31076000, 0x00007f5f31076078]
Event: 0,207 Thread 0x00007f5f3409e000 nmethod 13 0x00007f5f31075c50 code [0x00007f5f31075d80, 0x00007f5f31075e18]
Event: 0,232 Thread 0x00007f5f3409b800   15             org.lwjgl.system.MemoryUtil::memEncodeASCII (62 bytes)
Event: 0,232 Thread 0x00007f5f3409e000   16             java.lang.Object::<init> (1 bytes)
Event: 0,233 Thread 0x00007f5f3409e000 nmethod 16 0x00007f5f31083e10 code [0x00007f5f31083f40, 0x00007f5f31083fb8]
Event: 0,242 Thread 0x00007f5f3409b800 nmethod 15 0x00007f5f31081a90 code [0x00007f5f31081c00, 0x00007f5f31082058]
Event: 0,262 Thread 0x00007f5f3409e000   17             java.lang.String::equals (81 bytes)
Event: 0,265 Thread 0x00007f5f3409e000 nmethod 17 0x00007f5f31084590 code [0x00007f5f310846e0, 0x00007f5f31084938]
Event: 0,296 Thread 0x00007f5f3409b800   18             sun.net.www.ParseUtil::encodePath (336 bytes)
Event: 0,319 Thread 0x00007f5f3409b800 nmethod 18 0x00007f5f3108c710 code [0x00007f5f3108c960, 0x00007f5f3108d9b8]

GC Heap History (0 events):
No events

Deoptimization events (0 events):
No events

Internal exceptions (10 events):
Event: 0,326 Thread 0x00007f5f3400a000 Threw 0x00000000ec875560 at /HUDSON/workspace/7u-2-build-linux-amd64/jdk7u75/1940/hotspot/src/share/vm/prims/jvm.cpp:1281
Event: 0,326 Thread 0x00007f5f3400a000 Threw 0x00000000ec878060 at /HUDSON/workspace/7u-2-build-linux-amd64/jdk7u75/1940/hotspot/src/share/vm/prims/jvm.cpp:1281
Event: 0,327 Thread 0x00007f5f3400a000 Threw 0x00000000ec87ceb8 at /HUDSON/workspace/7u-2-build-linux-amd64/jdk7u75/1940/hotspot/src/share/vm/prims/jvm.cpp:1281
Event: 0,327 Thread 0x00007f5f3400a000 Threw 0x00000000ec881a08 at /HUDSON/workspace/7u-2-build-linux-amd64/jdk7u75/1940/hotspot/src/share/vm/prims/jvm.cpp:1281
Event: 0,327 Thread 0x00007f5f3400a000 Threw 0x00000000ec8840b0 at /HUDSON/workspace/7u-2-build-linux-amd64/jdk7u75/1940/hotspot/src/share/vm/prims/jvm.cpp:1281
Event: 0,332 Thread 0x00007f5f3400a000 Threw 0x00000000ec89cb70 at /HUDSON/workspace/7u-2-build-linux-amd64/jdk7u75/1940/hotspot/src/share/vm/prims/jvm.cpp:1281
Event: 0,335 Thread 0x00007f5f3400a000 Threw 0x00000000ec8a06f0 at /HUDSON/workspace/7u-2-build-linux-amd64/jdk7u75/1940/hotspot/src/share/vm/prims/jvm.cpp:1281
Event: 0,336 Thread 0x00007f5f3400a000 Threw 0x00000000ec8a70b8 at /HUDSON/workspace/7u-2-build-linux-amd64/jdk7u75/1940/hotspot/src/share/vm/prims/jvm.cpp:1281
Event: 0,337 Thread 0x00007f5f3400a000 Threw 0x00000000ec8a9e80 at /HUDSON/workspace/7u-2-build-linux-amd64/jdk7u75/1940/hotspot/src/share/vm/prims/jvm.cpp:1281
Event: 0,337 Thread 0x00007f5f3400a000 Threw 0x00000000ec8ae690 at /HUDSON/workspace/7u-2-build-linux-amd64/jdk7u75/1940/hotspot/src/share/vm/prims/jvm.cpp:1281

Events (10 events):
Event: 0,337 loading class 0x00007f5f340d2b10
Event: 0,337 loading class 0x00007f5f340d2b10 done
Event: 0,338 loading class 0x00007f5f384b2df0
Event: 0,338 loading class 0x00007f5f384b2df0 done
Event: 0,338 loading class 0x00007f5f04011530
Event: 0,338 loading class 0x00007f5f04011530 done
Event: 0,339 loading class 0x00007f5f38491760
Event: 0,339 loading class 0x00007f5f38491760 done
Event: 0,339 loading class 0x00007f5f384b5000
Event: 0,339 loading class 0x00007f5f384b5000 done


Dynamic libraries:
00400000-00401000 r-xp 00000000 08:09 1838081                            /home/raul/jdk1.7.0_75/bin/java
00600000-00601000 rw-p 00000000 08:09 1838081                            /home/raul/jdk1.7.0_75/bin/java
02575000-02596000 rw-p 00000000 00:00 0                                  [heap]
bee00000-c0300000 rw-p 00000000 00:00 0 
c0300000-c4000000 rw-p 00000000 00:00 0 
c4000000-c6800000 rw-p 00000000 00:00 0 
c6800000-ec000000 rw-p 00000000 00:00 0 
ec000000-ed400000 rw-p 00000000 00:00 0 
ed400000-100000000 rw-p 00000000 00:00 0 
7f5ef8831000-7f5ef99cf000 rw-p 00000000 00:00 0 
7f5ef99cf000-7f5ef9a06000 r-xp 00000000 08:09 3679606                    /usr/lib/x86_64-linux-gnu/libtxc_dxtn_s2tc.so.0.0.0
7f5ef9a06000-7f5ef9c05000 ---p 00037000 08:09 3679606                    /usr/lib/x86_64-linux-gnu/libtxc_dxtn_s2tc.so.0.0.0
7f5ef9c05000-7f5ef9c06000 r--p 00036000 08:09 3679606                    /usr/lib/x86_64-linux-gnu/libtxc_dxtn_s2tc.so.0.0.0
7f5ef9c06000-7f5ef9c07000 rw-p 00037000 08:09 3679606                    /usr/lib/x86_64-linux-gnu/libtxc_dxtn_s2tc.so.0.0.0
7f5ef9c07000-7f5ef9c76000 rw-p 00000000 00:00 0 
7f5ef9c76000-7f5ef9c8e000 r-xp 00000000 08:09 2625662                    /lib/x86_64-linux-gnu/libz.so.1.2.8
7f5ef9c8e000-7f5ef9e8d000 ---p 00018000 08:09 2625662                    /lib/x86_64-linux-gnu/libz.so.1.2.8
7f5ef9e8d000-7f5ef9e8e000 r--p 00017000 08:09 2625662                    /lib/x86_64-linux-gnu/libz.so.1.2.8
7f5ef9e8e000-7f5ef9e8f000 rw-p 00018000 08:09 2625662                    /lib/x86_64-linux-gnu/libz.so.1.2.8
7f5ef9e8f000-7f5ef9e97000 r-xp 00000000 08:09 3679409                    /usr/lib/x86_64-linux-gnu/libpciaccess.so.0.11.1
7f5ef9e97000-7f5efa096000 ---p 00008000 08:09 3679409                    /usr/lib/x86_64-linux-gnu/libpciaccess.so.0.11.1
7f5efa096000-7f5efa097000 r--p 00007000 08:09 3679409                    /usr/lib/x86_64-linux-gnu/libpciaccess.so.0.11.1
7f5efa097000-7f5efa098000 rw-p 00008000 08:09 3679409                    /usr/lib/x86_64-linux-gnu/libpciaccess.so.0.11.1
7f5efa098000-7f5efa0ae000 r-xp 00000000 08:09 2625476                    /lib/x86_64-linux-gnu/libgcc_s.so.1
7f5efa0ae000-7f5efa2ad000 ---p 00016000 08:09 2625476                    /lib/x86_64-linux-gnu/libgcc_s.so.1
7f5efa2ad000-7f5efa2ae000 rw-p 00015000 08:09 2625476                    /lib/x86_64-linux-gnu/libgcc_s.so.1
7f5efa2ae000-7f5efa394000 r-xp 00000000 08:09 3679564                    /usr/lib/x86_64-linux-gnu/libstdc++.so.6.0.19
7f5efa394000-7f5efa593000 ---p 000e6000 08:09 3679564                    /usr/lib/x86_64-linux-gnu/libstdc++.so.6.0.19
7f5efa593000-7f5efa59b000 r--p 000e5000 08:09 3679564                    /usr/lib/x86_64-linux-gnu/libstdc++.so.6.0.19
7f5efa59b000-7f5efa59d000 rw-p 000ed000 08:09 3679564                    /usr/lib/x86_64-linux-gnu/libstdc++.so.6.0.19
7f5efa59d000-7f5efa5b2000 rw-p 00000000 00:00 0 
7f5efa5b2000-7f5efa5d9000 r-xp 00000000 08:09 2625521                    /lib/x86_64-linux-gnu/libexpat.so.1.6.0
7f5efa5d9000-7f5efa7d9000 ---p 00027000 08:09 2625521                    /lib/x86_64-linux-gnu/libexpat.so.1.6.0
7f5efa7d9000-7f5efa7db000 r--p 00027000 08:09 2625521                    /lib/x86_64-linux-gnu/libexpat.so.1.6.0
7f5efa7db000-7f5efa7dc000 rw-p 00029000 08:09 2625521                    /lib/x86_64-linux-gnu/libexpat.so.1.6.0
7f5efa7dc000-7f5efa7e8000 r-xp 00000000 08:09 3673068                    /usr/lib/x86_64-linux-gnu/libdrm_radeon.so.1.0.1
7f5efa7e8000-7f5efa9e7000 ---p 0000c000 08:09 3673068                    /usr/lib/x86_64-linux-gnu/libdrm_radeon.so.1.0.1
7f5efa9e7000-7f5efa9e8000 r--p 0000b000 08:09 3673068                    /usr/lib/x86_64-linux-gnu/libdrm_radeon.so.1.0.1
7f5efa9e8000-7f5efa9e9000 rw-p 0000c000 08:09 3673068                    /usr/lib/x86_64-linux-gnu/libdrm_radeon.so.1.0.1
7f5efa9e9000-7f5efa9ef000 r-xp 00000000 08:09 3672797                    /usr/lib/x86_64-linux-gnu/libdrm_nouveau.so.2.0.0
7f5efa9ef000-7f5efabee000 ---p 00006000 08:09 3672797                    /usr/lib/x86_64-linux-gnu/libdrm_nouveau.so.2.0.0
7f5efabee000-7f5efabef000 r--p 00005000 08:09 3672797                    /usr/lib/x86_64-linux-gnu/libdrm_nouveau.so.2.0.0
7f5efabef000-7f5efabf0000 rw-p 00006000 08:09 3672797                    /usr/lib/x86_64-linux-gnu/libdrm_nouveau.so.2.0.0
7f5efabf0000-7f5efac0f000 r-xp 00000000 08:09 3672795                    /usr/lib/x86_64-linux-gnu/libdrm_intel.so.1.0.0
7f5efac0f000-7f5efae0e000 ---p 0001f000 08:09 3672795                    /usr/lib/x86_64-linux-gnu/libdrm_intel.so.1.0.0
7f5efae0e000-7f5efae0f000 r--p 0001e000 08:09 3672795                    /usr/lib/x86_64-linux-gnu/libdrm_intel.so.1.0.0
7f5efae0f000-7f5efae10000 rw-p 0001f000 08:09 3672795                    /usr/lib/x86_64-linux-gnu/libdrm_intel.so.1.0.0
7f5efae10000-7f5efb2ff000 r-xp 00000000 08:09 3934416                    /usr/lib/x86_64-linux-gnu/dri/i965_dri.so
7f5efb2ff000-7f5efb4fe000 ---p 004ef000 08:09 3934416                    /usr/lib/x86_64-linux-gnu/dri/i965_dri.so
7f5efb4fe000-7f5efb515000 r--p 004ee000 08:09 3934416                    /usr/lib/x86_64-linux-gnu/dri/i965_dri.so
7f5efb515000-7f5efb521000 rw-p 00505000 08:09 3934416                    /usr/lib/x86_64-linux-gnu/dri/i965_dri.so
7f5efb521000-7f5efb56d000 rw-p 00000000 00:00 0 
7f5efb56d000-7f5efb5b1000 r-xp 00000000 08:09 2625517                    /lib/x86_64-linux-gnu/libdbus-1.so.3.7.6
7f5efb5b1000-7f5efb7b0000 ---p 00044000 08:09 2625517                    /lib/x86_64-linux-gnu/libdbus-1.so.3.7.6
7f5efb7b0000-7f5efb7b1000 r--p 00043000 08:09 2625517                    /lib/x86_64-linux-gnu/libdbus-1.so.3.7.6
7f5efb7b1000-7f5efb7b2000 rw-p 00044000 08:09 2625517                    /lib/x86_64-linux-gnu/libdbus-1.so.3.7.6
7f5efb7b2000-7f5efb7ba000 r-xp 00000000 08:09 2625561                    /lib/x86_64-linux-gnu/libnih-dbus.so.1.0.0
7f5efb7ba000-7f5efb9ba000 ---p 00008000 08:09 2625561                    /lib/x86_64-linux-gnu/libnih-dbus.so.1.0.0
7f5efb9ba000-7f5efb9bb000 r--p 00008000 08:09 2625561                    /lib/x86_64-linux-gnu/libnih-dbus.so.1.0.0
7f5efb9bb000-7f5efb9bc000 rw-p 00009000 08:09 2625561                    /lib/x86_64-linux-gnu/libnih-dbus.so.1.0.0
7f5efb9bc000-7f5efb9d3000 r-xp 00000000 08:09 2625563                    /lib/x86_64-linux-gnu/libnih.so.1.0.0
7f5efb9d3000-7f5efbbd2000 ---p 00017000 08:09 2625563                    /lib/x86_64-linux-gnu/libnih.so.1.0.0
7f5efbbd2000-7f5efbbd3000 r--p 00016000 08:09 2625563                    /lib/x86_64-linux-gnu/libnih.so.1.0.0
7f5efbbd3000-7f5efbbd4000 rw-p 00017000 08:09 2625563                    /lib/x86_64-linux-gnu/libnih.so.1.0.0
7f5efbbd4000-7f5efbbed000 r-xp 00000000 08:09 2625512                    /lib/x86_64-linux-gnu/libcgmanager.so.0.0.0
7f5efbbed000-7f5efbdec000 ---p 00019000 08:09 2625512                    /lib/x86_64-linux-gnu/libcgmanager.so.0.0.0
7f5efbdec000-7f5efbdee000 r--p 00018000 08:09 2625512                    /lib/x86_64-linux-gnu/libcgmanager.so.0.0.0
7f5efbdee000-7f5efbdef000 rw-p 0001a000 08:09 2625512                    /lib/x86_64-linux-gnu/libcgmanager.so.0.0.0
7f5efbdef000-7f5efbdff000 r-xp 00000000 08:09 2625436                    /lib/x86_64-linux-gnu/libudev.so.1.3.5
7f5efbdff000-7f5efbffe000 ---p 00010000 08:09 2625436                    /lib/x86_64-linux-gnu/libudev.so.1.3.5
7f5efbffe000-7f5efbfff000 r--p 0000f000 08:09 2625436                    /lib/x86_64-linux-gnu/libudev.so.1.3.5
7f5efbfff000-7f5efc000000 rw-p 00010000 08:09 2625436                    /lib/x86_64-linux-gnu/libudev.so.1.3.5
7f5efc000000-7f5efc021000 rw-p 00000000 00:00 0 
7f5efc021000-7f5f00000000 ---p 00000000 00:00 0 
7f5f00000000-7f5f00021000 rw-p 00000000 00:00 0 
7f5f00021000-7f5f04000000 ---p 00000000 00:00 0 
7f5f04000000-7f5f04199000 rw-p 00000000 00:00 0 
7f5f04199000-7f5f08000000 ---p 00000000 00:00 0 
7f5f08000000-7f5f08088000 rw-p 00000000 00:00 0 
7f5f08088000-7f5f0c000000 ---p 00000000 00:00 0 
7f5f0c000000-7f5f0c021000 rw-p 00000000 00:00 0 
7f5f0c021000-7f5f10000000 ---p 00000000 00:00 0 
7f5f10000000-7f5f10021000 rw-p 00000000 00:00 0 
7f5f10021000-7f5f14000000 ---p 00000000 00:00 0 
7f5f14000000-7f5f14021000 rw-p 00000000 00:00 0 
7f5f14021000-7f5f18000000 ---p 00000000 00:00 0 
7f5f18000000-7f5f18021000 rw-p 00000000 00:00 0 
7f5f18021000-7f5f1c000000 ---p 00000000 00:00 0 
7f5f1c000000-7f5f1c021000 rw-p 00000000 00:00 0 
7f5f1c021000-7f5f20000000 ---p 00000000 00:00 0 
7f5f20000000-7f5f20021000 rw-p 00000000 00:00 0 
7f5f20021000-7f5f24000000 ---p 00000000 00:00 0 
7f5f24000000-7f5f24021000 rw-p 00000000 00:00 0 
7f5f24021000-7f5f28000000 ---p 00000000 00:00 0 
7f5f28032000-7f5f28037000 r-xp 00000000 08:09 3678669                    /usr/lib/x86_64-linux-gnu/libXdmcp.so.6.0.0
7f5f28037000-7f5f28236000 ---p 00005000 08:09 3678669                    /usr/lib/x86_64-linux-gnu/libXdmcp.so.6.0.0
7f5f28236000-7f5f28237000 r--p 00004000 08:09 3678669                    /usr/lib/x86_64-linux-gnu/libXdmcp.so.6.0.0
7f5f28237000-7f5f28238000 rw-p 00005000 08:09 3678669                    /usr/lib/x86_64-linux-gnu/libXdmcp.so.6.0.0
7f5f28238000-7f5f2823a000 r-xp 00000000 08:09 3678658                    /usr/lib/x86_64-linux-gnu/libXau.so.6.0.0
7f5f2823a000-7f5f2843a000 ---p 00002000 08:09 3678658                    /usr/lib/x86_64-linux-gnu/libXau.so.6.0.0
7f5f2843a000-7f5f2843b000 r--p 00002000 08:09 3678658                    /usr/lib/x86_64-linux-gnu/libXau.so.6.0.0
7f5f2843b000-7f5f2843c000 rw-p 00003000 08:09 3678658                    /usr/lib/x86_64-linux-gnu/libXau.so.6.0.0
7f5f2843c000-7f5f28445000 r-xp 00000000 08:09 3678693                    /usr/lib/x86_64-linux-gnu/libXrender.so.1.3.0
7f5f28445000-7f5f28644000 ---p 00009000 08:09 3678693                    /usr/lib/x86_64-linux-gnu/libXrender.so.1.3.0
7f5f28644000-7f5f28645000 r--p 00008000 08:09 3678693                    /usr/lib/x86_64-linux-gnu/libXrender.so.1.3.0
7f5f28645000-7f5f28646000 rw-p 00009000 08:09 3678693                    /usr/lib/x86_64-linux-gnu/libXrender.so.1.3.0
7f5f28646000-7f5f28651000 r-xp 00000000 08:09 3672667                    /usr/lib/x86_64-linux-gnu/libdrm.so.2.4.0
7f5f28651000-7f5f28850000 ---p 0000b000 08:09 3672667                    /usr/lib/x86_64-linux-gnu/libdrm.so.2.4.0
7f5f28850000-7f5f28851000 r--p 0000a000 08:09 3672667                    /usr/lib/x86_64-linux-gnu/libdrm.so.2.4.0
7f5f28851000-7f5f28852000 rw-p 0000b000 08:09 3672667                    /usr/lib/x86_64-linux-gnu/libdrm.so.2.4.0
7f5f28852000-7f5f28853000 r-xp 00000000 08:09 3679738                    /usr/lib/x86_64-linux-gnu/libxshmfence.so.1.0.0
7f5f28853000-7f5f28a52000 ---p 00001000 08:09 3679738                    /usr/lib/x86_64-linux-gnu/libxshmfence.so.1.0.0
7f5f28a52000-7f5f28a53000 r--p 00000000 08:09 3679738                    /usr/lib/x86_64-linux-gnu/libxshmfence.so.1.0.0
7f5f28a53000-7f5f28a54000 rw-p 00001000 08:09 3679738                    /usr/lib/x86_64-linux-gnu/libxshmfence.so.1.0.0
7f5f28a54000-7f5f28a59000 r-xp 00000000 08:09 3679720                    /usr/lib/x86_64-linux-gnu/libxcb-sync.so.1.0.0
7f5f28a59000-7f5f28c58000 ---p 00005000 08:09 3679720                    /usr/lib/x86_64-linux-gnu/libxcb-sync.so.1.0.0
7f5f28c58000-7f5f28c59000 r--p 00004000 08:09 3679720                    /usr/lib/x86_64-linux-gnu/libxcb-sync.so.1.0.0
7f5f28c59000-7f5f28c5a000 rw-p 00005000 08:09 3679720                    /usr/lib/x86_64-linux-gnu/libxcb-sync.so.1.0.0
7f5f28c5a000-7f5f28c5c000 r-xp 00000000 08:09 3679708                    /usr/lib/x86_64-linux-gnu/libxcb-present.so.0.0.0
7f5f28c5c000-7f5f28e5b000 ---p 00002000 08:09 3679708                    /usr/lib/x86_64-linux-gnu/libxcb-present.so.0.0.0
7f5f28e5b000-7f5f28e5c000 r--p 00001000 08:09 3679708                    /usr/lib/x86_64-linux-gnu/libxcb-present.so.0.0.0
7f5f28e5c000-7f5f28e5d000 rw-p 00002000 08:09 3679708                    /usr/lib/x86_64-linux-gnu/libxcb-present.so.0.0.0
7f5f28e5d000-7f5f28e5f000 r-xp 00000000 08:09 3679698                    /usr/lib/x86_64-linux-gnu/libxcb-dri3.so.0.0.0
7f5f28e5f000-7f5f2905e000 ---p 00002000 08:09 3679698                    /usr/lib/x86_64-linux-gnu/libxcb-dri3.so.0.0.0
7f5f2905e000-7f5f2905f000 r--p 00001000 08:09 3679698                    /usr/lib/x86_64-linux-gnu/libxcb-dri3.so.0.0.0
7f5f2905f000-7f5f29060000 rw-p 00002000 08:09 3679698                    /usr/lib/x86_64-linux-gnu/libxcb-dri3.so.0.0.0
7f5f29060000-7f5f29063000 r-xp 00000000 08:09 3679696                    /usr/lib/x86_64-linux-gnu/libxcb-dri2.so.0.0.0
7f5f29063000-7f5f29263000 ---p 00003000 08:09 3679696                    /usr/lib/x86_64-linux-gnu/libxcb-dri2.so.0.0.0
7f5f29263000-7f5f29264000 r--p 00003000 08:09 3679696                    /usr/lib/x86_64-linux-gnu/libxcb-dri2.so.0.0.0
7f5f29264000-7f5f29265000 rw-p 00004000 08:09 3679696                    /usr/lib/x86_64-linux-gnu/libxcb-dri2.so.0.0.0
7f5f29265000-7f5f2927a000 r-xp 00000000 08:09 3679700                    /usr/lib/x86_64-linux-gnu/libxcb-glx.so.0.0.0
7f5f2927a000-7f5f29479000 ---p 00015000 08:09 3679700                    /usr/lib/x86_64-linux-gnu/libxcb-glx.so.0.0.0
7f5f29479000-7f5f2947b000 r--p 00014000 08:09 3679700                    /usr/lib/x86_64-linux-gnu/libxcb-glx.so.0.0.0
7f5f2947b000-7f5f2947c000 rw-p 00016000 08:09 3679700                    /usr/lib/x86_64-linux-gnu/libxcb-glx.so.0.0.0
7f5f2947c000-7f5f2947d000 r-xp 00000000 08:09 3678652                    /usr/lib/x86_64-linux-gnu/libX11-xcb.so.1.0.0
7f5f2947d000-7f5f2967c000 ---p 00001000 08:09 3678652                    /usr/lib/x86_64-linux-gnu/libX11-xcb.so.1.0.0
7f5f2967c000-7f5f2967d000 r--p 00000000 08:09 3678652                    /usr/lib/x86_64-linux-gnu/libX11-xcb.so.1.0.0
7f5f2967d000-7f5f2967e000 rw-p 00001000 08:09 3678652                    /usr/lib/x86_64-linux-gnu/libX11-xcb.so.1.0.0
7f5f2967e000-7f5f29683000 r-xp 00000000 08:09 3678673                    /usr/lib/x86_64-linux-gnu/libXfixes.so.3.1.0
7f5f29683000-7f5f29882000 ---p 00005000 08:09 3678673                    /usr/lib/x86_64-linux-gnu/libXfixes.so.3.1.0
7f5f29882000-7f5f29883000 r--p 00004000 08:09 3678673                    /usr/lib/x86_64-linux-gnu/libXfixes.so.3.1.0
7f5f29883000-7f5f29884000 rw-p 00005000 08:09 3678673                    /usr/lib/x86_64-linux-gnu/libXfixes.so.3.1.0
7f5f29884000-7f5f29886000 r-xp 00000000 08:09 3678667                    /usr/lib/x86_64-linux-gnu/libXdamage.so.1.1.0
7f5f29886000-7f5f29a85000 ---p 00002000 08:09 3678667                    /usr/lib/x86_64-linux-gnu/libXdamage.so.1.1.0
7f5f29a85000-7f5f29a86000 r--p 00001000 08:09 3678667                    /usr/lib/x86_64-linux-gnu/libXdamage.so.1.1.0
7f5f29a86000-7f5f29a87000 rw-p 00002000 08:09 3678667                    /usr/lib/x86_64-linux-gnu/libXdamage.so.1.1.0
7f5f29a87000-7f5f29a98000 r-xp 00000000 08:09 3678671                    /usr/lib/x86_64-linux-gnu/libXext.so.6.4.0
7f5f29a98000-7f5f29c97000 ---p 00011000 08:09 3678671                    /usr/lib/x86_64-linux-gnu/libXext.so.6.4.0
7f5f29c97000-7f5f29c98000 r--p 00010000 08:09 3678671                    /usr/lib/x86_64-linux-gnu/libXext.so.6.4.0
7f5f29c98000-7f5f29c99000 rw-p 00011000 08:09 3678671                    /usr/lib/x86_64-linux-gnu/libXext.so.6.4.0
7f5f29c99000-7f5f29cbb000 r-xp 00000000 08:09 3672157                    /usr/lib/x86_64-linux-gnu/libglapi.so.0.0.0
7f5f29cbb000-7f5f29ebb000 ---p 00022000 08:09 3672157                    /usr/lib/x86_64-linux-gnu/libglapi.so.0.0.0
7f5f29ebb000-7f5f29ebe000 r--p 00022000 08:09 3672157                    /usr/lib/x86_64-linux-gnu/libglapi.so.0.0.0
7f5f29ebe000-7f5f29ebf000 rw-p 00025000 08:09 3672157                    /usr/lib/x86_64-linux-gnu/libglapi.so.0.0.0
7f5f29ebf000-7f5f29ec0000 rw-p 00000000 00:00 0 
7f5f29ec0000-7f5f29edd000 r-xp 00000000 08:09 3679728                    /usr/lib/x86_64-linux-gnu/libxcb.so.1.1.0
7f5f29edd000-7f5f2a0dd000 ---p 0001d000 08:09 3679728                    /usr/lib/x86_64-linux-gnu/libxcb.so.1.1.0
7f5f2a0dd000-7f5f2a0de000 r--p 0001d000 08:09 3679728                    /usr/lib/x86_64-linux-gnu/libxcb.so.1.1.0
7f5f2a0de000-7f5f2a0df000 rw-p 0001e000 08:09 3679728                    /usr/lib/x86_64-linux-gnu/libxcb.so.1.1.0
7f5f2a0df000-7f5f2a0e8000 r-xp 00000000 08:09 3678665                    /usr/lib/x86_64-linux-gnu/libXcursor.so.1.0.2
7f5f2a0e8000-7f5f2a2e7000 ---p 00009000 08:09 3678665                    /usr/lib/x86_64-linux-gnu/libXcursor.so.1.0.2
7f5f2a2e7000-7f5f2a2e8000 r--p 00008000 08:09 3678665                    /usr/lib/x86_64-linux-gnu/libXcursor.so.1.0.2
7f5f2a2e8000-7f5f2a2e9000 rw-p 00009000 08:09 3678665                    /usr/lib/x86_64-linux-gnu/libXcursor.so.1.0.2
7f5f2a2e9000-7f5f2a2eb000 r-xp 00000000 08:09 3678681                    /usr/lib/x86_64-linux-gnu/libXinerama.so.1.0.0
7f5f2a2eb000-7f5f2a4ea000 ---p 00002000 08:09 3678681                    /usr/lib/x86_64-linux-gnu/libXinerama.so.1.0.0
7f5f2a4ea000-7f5f2a4eb000 r--p 00001000 08:09 3678681                    /usr/lib/x86_64-linux-gnu/libXinerama.so.1.0.0
7f5f2a4eb000-7f5f2a4ec000 rw-p 00002000 08:09 3678681                    /usr/lib/x86_64-linux-gnu/libXinerama.so.1.0.0
7f5f2a4ec000-7f5f2a4f0000 r-xp 00000000 08:09 3678709                    /usr/lib/x86_64-linux-gnu/libXxf86vm.so.1.0.0
7f5f2a4f0000-7f5f2a6f0000 ---p 00004000 08:09 3678709                    /usr/lib/x86_64-linux-gnu/libXxf86vm.so.1.0.0
7f5f2a6f0000-7f5f2a6f1000 r--p 00004000 08:09 3678709                    /usr/lib/x86_64-linux-gnu/libXxf86vm.so.1.0.0
7f5f2a6f1000-7f5f2a6f2000 rw-p 00005000 08:09 3678709                    /usr/lib/x86_64-linux-gnu/libXxf86vm.so.1.0.0
7f5f2a6f2000-7f5f2a6fb000 r-xp 00000000 08:09 3678691                    /usr/lib/x86_64-linux-gnu/libXrandr.so.2.2.0
7f5f2a6fb000-7f5f2a8fa000 ---p 00009000 08:09 3678691                    /usr/lib/x86_64-linux-gnu/libXrandr.so.2.2.0
7f5f2a8fa000-7f5f2a8fb000 r--p 00008000 08:09 3678691                    /usr/lib/x86_64-linux-gnu/libXrandr.so.2.2.0
7f5f2a8fb000-7f5f2a8fc000 rw-p 00009000 08:09 3678691                    /usr/lib/x86_64-linux-gnu/libXrandr.so.2.2.0
7f5f2a8fc000-7f5f2a90b000 r-xp 00000000 08:09 3678679                    /usr/lib/x86_64-linux-gnu/libXi.so.6.1.0
7f5f2a90b000-7f5f2ab0a000 ---p 0000f000 08:09 3678679                    /usr/lib/x86_64-linux-gnu/libXi.so.6.1.0
7f5f2ab0a000-7f5f2ab0b000 r--p 0000e000 08:09 3678679                    /usr/lib/x86_64-linux-gnu/libXi.so.6.1.0
7f5f2ab0b000-7f5f2ab0c000 rw-p 0000f000 08:09 3678679                    /usr/lib/x86_64-linux-gnu/libXi.so.6.1.0
7f5f2ab0c000-7f5f2ab6e000 r-xp 00000000 08:09 3934455                    /usr/lib/x86_64-linux-gnu/mesa/libGL.so.1.2.0
7f5f2ab6e000-7f5f2ad6d000 ---p 00062000 08:09 3934455                    /usr/lib/x86_64-linux-gnu/mesa/libGL.so.1.2.0
7f5f2ad6d000-7f5f2ad70000 r--p 00061000 08:09 3934455                    /usr/lib/x86_64-linux-gnu/mesa/libGL.so.1.2.0
7f5f2ad70000-7f5f2ad71000 rw-p 00064000 08:09 3934455                    /usr/lib/x86_64-linux-gnu/mesa/libGL.so.1.2.0
7f5f2ad71000-7f5f2ad72000 rw-p 00000000 00:00 0 
7f5f2ad72000-7f5f2aea2000 r-xp 00000000 08:09 3678654                    /usr/lib/x86_64-linux-gnu/libX11.so.6.3.0
7f5f2aea2000-7f5f2b0a2000 ---p 00130000 08:09 3678654                    /usr/lib/x86_64-linux-gnu/libX11.so.6.3.0
7f5f2b0a2000-7f5f2b0a3000 r--p 00130000 08:09 3678654                    /usr/lib/x86_64-linux-gnu/libX11.so.6.3.0
7f5f2b0a3000-7f5f2b0a7000 rw-p 00131000 08:09 3678654                    /usr/lib/x86_64-linux-gnu/libX11.so.6.3.0
7f5f2b0a7000-7f5f2b116000 r-xp 00000000 08:09 2102220                    /home/raul/lwjgl/native/linux/x64/liblwjgl.so
7f5f2b116000-7f5f2b315000 ---p 0006f000 08:09 2102220                    /home/raul/lwjgl/native/linux/x64/liblwjgl.so
7f5f2b315000-7f5f2b316000 r--p 0006e000 08:09 2102220                    /home/raul/lwjgl/native/linux/x64/liblwjgl.so
7f5f2b316000-7f5f2b317000 rw-p 0006f000 08:09 2102220                    /home/raul/lwjgl/native/linux/x64/liblwjgl.so
7f5f2b317000-7f5f2b318000 rw-p 00000000 00:00 0 
7f5f2b318000-7f5f2b319000 ---p 00000000 00:00 0 
7f5f2b319000-7f5f2b419000 rw-p 00000000 00:00 0                          [stack:17533]
7f5f2b419000-7f5f2b41c000 ---p 00000000 00:00 0 
7f5f2b41c000-7f5f2b51a000 rw-p 00000000 00:00 0                          [stack:17532]
7f5f2b51a000-7f5f2b51d000 ---p 00000000 00:00 0 
7f5f2b51d000-7f5f2b61b000 rw-p 00000000 00:00 0                          [stack:17531]
7f5f2b61b000-7f5f2b61e000 ---p 00000000 00:00 0 
7f5f2b61e000-7f5f2b71c000 rw-p 00000000 00:00 0                          [stack:17530]
7f5f2b71c000-7f5f2b71f000 ---p 00000000 00:00 0 
7f5f2b71f000-7f5f2b81d000 rw-p 00000000 00:00 0                          [stack:17529]
7f5f2b81d000-7f5f2beff000 r--p 00000000 08:09 3677561                    /usr/lib/locale/locale-archive
7f5f2beff000-7f5f2bf02000 ---p 00000000 00:00 0 
7f5f2bf02000-7f5f2c000000 rw-p 00000000 00:00 0                          [stack:17528]
7f5f2c000000-7f5f2c021000 rw-p 00000000 00:00 0 
7f5f2c021000-7f5f30000000 ---p 00000000 00:00 0 
7f5f3000e000-7f5f30016000 rw-s 00000000 00:04 143550                     /drm mm object (deleted)
7f5f30016000-7f5f3001e000 rw-s 00000000 00:04 143549                     /drm mm object (deleted)
7f5f3001e000-7f5f30026000 rw-s 00000000 00:04 143545                     /drm mm object (deleted)
7f5f30026000-7f5f3004c000 r--p 00000000 08:09 4329090                    /usr/share/locale-langpack/es/LC_MESSAGES/libc.mo
7f5f3004c000-7f5f3004f000 ---p 00000000 00:00 0 
7f5f3004f000-7f5f3014d000 rw-p 00000000 00:00 0                          [stack:17527]
7f5f3014d000-7f5f3014e000 ---p 00000000 00:00 0 
7f5f3014e000-7f5f31000000 rw-p 00000000 00:00 0                          [stack:17526]
7f5f31000000-7f5f31270000 rwxp 00000000 00:00 0 
7f5f31270000-7f5f34b91000 rw-p 00000000 00:00 0 
7f5f34b91000-7f5f38000000 ---p 00000000 00:00 0 
7f5f38007000-7f5f3800e000 r--s 00000000 08:09 3939448                    /usr/lib/x86_64-linux-gnu/gconv/gconv-modules.cache
7f5f3800e000-7f5f3825b000 rw-p 00000000 00:00 0 
7f5f3825b000-7f5f3841a000 r--s 039eb000 08:09 1837861                    /home/raul/jdk1.7.0_75/jre/lib/rt.jar
7f5f3841a000-7f5f3a7ac000 rw-p 00000000 00:00 0 
7f5f3a7ac000-7f5f3a7ad000 ---p 00000000 00:00 0 
7f5f3a7ad000-7f5f3a8ad000 rw-p 00000000 00:00 0                          [stack:17525]
7f5f3a8ad000-7f5f3a8ae000 ---p 00000000 00:00 0 
7f5f3a8ae000-7f5f3a9ae000 rw-p 00000000 00:00 0                          [stack:17524]
7f5f3a9ae000-7f5f3a9af000 ---p 00000000 00:00 0 
7f5f3a9af000-7f5f3aaaf000 rw-p 00000000 00:00 0                          [stack:17523]
7f5f3aaaf000-7f5f3aab0000 ---p 00000000 00:00 0 
7f5f3aab0000-7f5f3abbb000 rw-p 00000000 00:00 0                          [stack:17522]
7f5f3abbb000-7f5f3abd9000 rw-p 00000000 00:00 0 
7f5f3abd9000-7f5f3abed000 rw-p 00000000 00:00 0 
7f5f3abed000-7f5f3ad19000 rw-p 00000000 00:00 0 
7f5f3ad19000-7f5f3ad24000 rw-p 00000000 00:00 0 
7f5f3ad24000-7f5f3ad42000 rw-p 00000000 00:00 0 
7f5f3ad42000-7f5f3ad56000 rw-p 00000000 00:00 0 
7f5f3ad56000-7f5f3ae82000 rw-p 00000000 00:00 0 
7f5f3ae82000-7f5f3ae8c000 rw-p 00000000 00:00 0 
7f5f3ae8c000-7f5f3af22000 rw-p 00000000 00:00 0 
7f5f3af22000-7f5f3af23000 rw-p 00000000 00:00 0 
7f5f3af23000-7f5f3af3d000 r-xp 00000000 08:09 1837823                    /home/raul/jdk1.7.0_75/jre/lib/amd64/libzip.so
7f5f3af3d000-7f5f3b13d000 ---p 0001a000 08:09 1837823                    /home/raul/jdk1.7.0_75/jre/lib/amd64/libzip.so
7f5f3b13d000-7f5f3b13e000 rw-p 0001a000 08:09 1837823                    /home/raul/jdk1.7.0_75/jre/lib/amd64/libzip.so
7f5f3b13e000-7f5f3b149000 r-xp 00000000 08:09 2625429                    /lib/x86_64-linux-gnu/libnss_files-2.19.so
7f5f3b149000-7f5f3b348000 ---p 0000b000 08:09 2625429                    /lib/x86_64-linux-gnu/libnss_files-2.19.so
7f5f3b348000-7f5f3b349000 r--p 0000a000 08:09 2625429                    /lib/x86_64-linux-gnu/libnss_files-2.19.so
7f5f3b349000-7f5f3b34a000 rw-p 0000b000 08:09 2625429                    /lib/x86_64-linux-gnu/libnss_files-2.19.so
7f5f3b34a000-7f5f3b355000 r-xp 00000000 08:09 2621542                    /lib/x86_64-linux-gnu/libnss_nis-2.19.so
7f5f3b355000-7f5f3b554000 ---p 0000b000 08:09 2621542                    /lib/x86_64-linux-gnu/libnss_nis-2.19.so
7f5f3b554000-7f5f3b555000 r--p 0000a000 08:09 2621542                    /lib/x86_64-linux-gnu/libnss_nis-2.19.so
7f5f3b555000-7f5f3b556000 rw-p 0000b000 08:09 2621542                    /lib/x86_64-linux-gnu/libnss_nis-2.19.so
7f5f3b556000-7f5f3b56d000 r-xp 00000000 08:09 2621536                    /lib/x86_64-linux-gnu/libnsl-2.19.so
7f5f3b56d000-7f5f3b76c000 ---p 00017000 08:09 2621536                    /lib/x86_64-linux-gnu/libnsl-2.19.so
7f5f3b76c000-7f5f3b76d000 r--p 00016000 08:09 2621536                    /lib/x86_64-linux-gnu/libnsl-2.19.so
7f5f3b76d000-7f5f3b76e000 rw-p 00017000 08:09 2621536                    /lib/x86_64-linux-gnu/libnsl-2.19.so
7f5f3b76e000-7f5f3b770000 rw-p 00000000 00:00 0 
7f5f3b770000-7f5f3b779000 r-xp 00000000 08:09 2621533                    /lib/x86_64-linux-gnu/libnss_compat-2.19.so
7f5f3b779000-7f5f3b978000 ---p 00009000 08:09 2621533                    /lib/x86_64-linux-gnu/libnss_compat-2.19.so
7f5f3b978000-7f5f3b979000 r--p 00008000 08:09 2621533                    /lib/x86_64-linux-gnu/libnss_compat-2.19.so
7f5f3b979000-7f5f3b97a000 rw-p 00009000 08:09 2621533                    /lib/x86_64-linux-gnu/libnss_compat-2.19.so
7f5f3b97a000-7f5f3b9a3000 r-xp 00000000 08:09 1837758                    /home/raul/jdk1.7.0_75/jre/lib/amd64/libjava.so
7f5f3b9a3000-7f5f3bba3000 ---p 00029000 08:09 1837758                    /home/raul/jdk1.7.0_75/jre/lib/amd64/libjava.so
7f5f3bba3000-7f5f3bba5000 rw-p 00029000 08:09 1837758                    /home/raul/jdk1.7.0_75/jre/lib/amd64/libjava.so
7f5f3bba5000-7f5f3bbb2000 r-xp 00000000 08:09 1837636                    /home/raul/jdk1.7.0_75/jre/lib/amd64/libverify.so
7f5f3bbb2000-7f5f3bdb1000 ---p 0000d000 08:09 1837636                    /home/raul/jdk1.7.0_75/jre/lib/amd64/libverify.so
7f5f3bdb1000-7f5f3bdb3000 rw-p 0000c000 08:09 1837636                    /home/raul/jdk1.7.0_75/jre/lib/amd64/libverify.so
7f5f3bdb3000-7f5f3bdba000 r-xp 00000000 08:09 2621470                    /lib/x86_64-linux-gnu/librt-2.19.so
7f5f3bdba000-7f5f3bfb9000 ---p 00007000 08:09 2621470                    /lib/x86_64-linux-gnu/librt-2.19.so
7f5f3bfb9000-7f5f3bfba000 r--p 00006000 08:09 2621470                    /lib/x86_64-linux-gnu/librt-2.19.so
7f5f3bfba000-7f5f3bfbb000 rw-p 00007000 08:09 2621470                    /lib/x86_64-linux-gnu/librt-2.19.so
7f5f3bfbb000-7f5f3c0c0000 r-xp 00000000 08:09 2621535                    /lib/x86_64-linux-gnu/libm-2.19.so
7f5f3c0c0000-7f5f3c2bf000 ---p 00105000 08:09 2621535                    /lib/x86_64-linux-gnu/libm-2.19.so
7f5f3c2bf000-7f5f3c2c0000 r--p 00104000 08:09 2621535                    /lib/x86_64-linux-gnu/libm-2.19.so
7f5f3c2c0000-7f5f3c2c1000 rw-p 00105000 08:09 2621535                    /lib/x86_64-linux-gnu/libm-2.19.so
7f5f3c2c1000-7f5f3ce34000 r-xp 00000000 08:09 1837408                    /home/raul/jdk1.7.0_75/jre/lib/amd64/server/libjvm.so
7f5f3ce34000-7f5f3d034000 ---p 00b73000 08:09 1837408                    /home/raul/jdk1.7.0_75/jre/lib/amd64/server/libjvm.so
7f5f3d034000-7f5f3d0f8000 rw-p 00b73000 08:09 1837408                    /home/raul/jdk1.7.0_75/jre/lib/amd64/server/libjvm.so
7f5f3d0f8000-7f5f3d139000 rw-p 00000000 00:00 0 
7f5f3d139000-7f5f3d2f4000 r-xp 00000000 08:09 2621469                    /lib/x86_64-linux-gnu/libc-2.19.so
7f5f3d2f4000-7f5f3d4f4000 ---p 001bb000 08:09 2621469                    /lib/x86_64-linux-gnu/libc-2.19.so
7f5f3d4f4000-7f5f3d4f8000 r--p 001bb000 08:09 2621469                    /lib/x86_64-linux-gnu/libc-2.19.so
7f5f3d4f8000-7f5f3d4fa000 rw-p 001bf000 08:09 2621469                    /lib/x86_64-linux-gnu/libc-2.19.so
7f5f3d4fa000-7f5f3d4ff000 rw-p 00000000 00:00 0 
7f5f3d4ff000-7f5f3d502000 r-xp 00000000 08:09 2621531                    /lib/x86_64-linux-gnu/libdl-2.19.so
7f5f3d502000-7f5f3d701000 ---p 00003000 08:09 2621531                    /lib/x86_64-linux-gnu/libdl-2.19.so
7f5f3d701000-7f5f3d702000 r--p 00002000 08:09 2621531                    /lib/x86_64-linux-gnu/libdl-2.19.so
7f5f3d702000-7f5f3d703000 rw-p 00003000 08:09 2621531                    /lib/x86_64-linux-gnu/libdl-2.19.so
7f5f3d703000-7f5f3d719000 r-xp 00000000 08:09 1837831                    /home/raul/jdk1.7.0_75/lib/amd64/jli/libjli.so
7f5f3d719000-7f5f3d919000 ---p 00016000 08:09 1837831                    /home/raul/jdk1.7.0_75/lib/amd64/jli/libjli.so
7f5f3d919000-7f5f3d91a000 rw-p 00016000 08:09 1837831                    /home/raul/jdk1.7.0_75/lib/amd64/jli/libjli.so
7f5f3d91a000-7f5f3d933000 r-xp 00000000 08:09 2621544                    /lib/x86_64-linux-gnu/libpthread-2.19.so
7f5f3d933000-7f5f3db32000 ---p 00019000 08:09 2621544                    /lib/x86_64-linux-gnu/libpthread-2.19.so
7f5f3db32000-7f5f3db33000 r--p 00018000 08:09 2621544                    /lib/x86_64-linux-gnu/libpthread-2.19.so
7f5f3db33000-7f5f3db34000 rw-p 00019000 08:09 2621544                    /lib/x86_64-linux-gnu/libpthread-2.19.so
7f5f3db34000-7f5f3db38000 rw-p 00000000 00:00 0 
7f5f3db38000-7f5f3db5b000 r-xp 00000000 08:09 2621459                    /lib/x86_64-linux-gnu/ld-2.19.so
7f5f3db5c000-7f5f3db5d000 rw-p 00000000 00:00 0 
7f5f3db5d000-7f5f3db5e000 rw-s 00000000 00:04 140812                     /drm mm object (deleted)
7f5f3db5e000-7f5f3db5f000 rw-s 00000000 00:04 140815                     /drm mm object (deleted)
7f5f3db5f000-7f5f3db60000 rw-s 00000000 00:04 140810                     /drm mm object (deleted)
7f5f3db60000-7f5f3db61000 rwxp 00000000 00:00 0 
7f5f3db61000-7f5f3db80000 rw-p 00000000 00:00 0 
7f5f3db80000-7f5f3dc36000 rw-p 00000000 00:00 0 
7f5f3dc36000-7f5f3dc39000 ---p 00000000 00:00 0 
7f5f3dc39000-7f5f3dd3b000 rw-p 00000000 00:00 0                          [stack:17521]
7f5f3dd3b000-7f5f3dd3c000 rw-s 00000000 00:04 143546                     /drm mm object (deleted)
7f5f3dd3c000-7f5f3dd3d000 rwxp 00000000 00:00 0 
7f5f3dd3d000-7f5f3dd3f000 r--s 00004000 08:09 1968631                    /home/raul/.netbeans/8.0.2/gluegen-runtime/gluegen-rt.jar
7f5f3dd3f000-7f5f3dd4e000 r--s 0012e000 08:09 2102216                    /home/raul/lwjgl/jar/lwjgl.jar
7f5f3dd4e000-7f5f3dd56000 rw-s 00000000 08:09 4080678                    /tmp/hsperfdata_raul/17516
7f5f3dd56000-7f5f3dd57000 rw-p 00000000 00:00 0 
7f5f3dd57000-7f5f3dd58000 r--p 00000000 00:00 0 
7f5f3dd58000-7f5f3dd5a000 rw-p 00000000 00:00 0 
7f5f3dd5a000-7f5f3dd5b000 r--p 00022000 08:09 2621459                    /lib/x86_64-linux-gnu/ld-2.19.so
7f5f3dd5b000-7f5f3dd5c000 rw-p 00023000 08:09 2621459                    /lib/x86_64-linux-gnu/ld-2.19.so
7f5f3dd5c000-7f5f3dd5d000 rw-p 00000000 00:00 0 
7fffcbd4f000-7fffcbd70000 rw-p 00000000 00:00 0                          [stack]
7fffcbdb8000-7fffcbdba000 r-xp 00000000 00:00 0                          [vdso]
ffffffffff600000-ffffffffff601000 r-xp 00000000 00:00 0                  [vsyscall]

VM Arguments:
jvm_args: -Dfile.encoding=UTF-8 -Djava.library.path=/home/raul/lwjgl/native/linux/x64 
java_command: simulador.Main
Launcher Type: SUN_STANDARD

Environment Variables:
PATH=/usr/local/sbin:/usr/local/bin:/usr/sbin:/usr/bin:/sbin:/bin:/usr/games:/usr/local/games
LD_LIBRARY_PATH=/home/raul/jdk1.7.0_75/jre/lib/amd64:/home/raul/jdk1.7.0_75/jre/lib/i386:
SHELL=/bin/bash
DISPLAY=:0.0

Signal Handlers:
SIGSEGV: [libjvm.so+0x9a21f0], sa_mask[0]=0x7ffbfeff, sa_flags=0x10000004
SIGBUS: [libjvm.so+0x9a21f0], sa_mask[0]=0x7ffbfeff, sa_flags=0x10000004
SIGFPE: [libjvm.so+0x81ba40], sa_mask[0]=0x7ffbfeff, sa_flags=0x10000004
SIGPIPE: [libjvm.so+0x81ba40], sa_mask[0]=0x7ffbfeff, sa_flags=0x10000004
SIGXFSZ: [libjvm.so+0x81ba40], sa_mask[0]=0x7ffbfeff, sa_flags=0x10000004
SIGILL: [libjvm.so+0x81ba40], sa_mask[0]=0x7ffbfeff, sa_flags=0x10000004
SIGUSR1: SIG_DFL, sa_mask[0]=0x00000000, sa_flags=0x00000000
SIGUSR2: [libjvm.so+0x81d240], sa_mask[0]=0x00000004, sa_flags=0x10000004
SIGHUP: [libjvm.so+0x81e360], sa_mask[0]=0x7ffbfeff, sa_flags=0x10000004
SIGINT: SIG_IGN, sa_mask[0]=0x00000000, sa_flags=0x00000000
SIGTERM: [libjvm.so+0x81e360], sa_mask[0]=0x7ffbfeff, sa_flags=0x10000004
SIGQUIT: [libjvm.so+0x81e360], sa_mask[0]=0x7ffbfeff, sa_flags=0x10000004


---------------  S Y S T E M  ---------------

OS:jessie/sid

uname:Linux 3.13.0-45-generic #74-Ubuntu SMP Tue Jan 13 19:36:28 UTC 2015 x86_64
libc:glibc 2.19 NPTL 2.19 
rlimit: STACK 8192k, CORE 0k, NPROC 29139, NOFILE 4096, AS infinity
load average:0,45 0,36 0,52

/proc/meminfo:
MemTotal:        3931356 kB
MemFree:          226652 kB
Buffers:          189872 kB
Cached:          1529196 kB
SwapCached:            0 kB
Active:          2223692 kB
Inactive:        1258040 kB
Active(anon):    1659596 kB
Inactive(anon):   451320 kB
Active(file):     564096 kB
Inactive(file):   806720 kB
Unevictable:          48 kB
Mlocked:              48 kB
SwapTotal:       4077564 kB
SwapFree:        4077564 kB
Dirty:               496 kB
Writeback:             0 kB
AnonPages:       1762792 kB
Mapped:           276944 kB
Shmem:            348252 kB
Slab:             134564 kB
SReclaimable:     102660 kB
SUnreclaim:        31904 kB
KernelStack:        4360 kB
PageTables:        31376 kB
NFS_Unstable:          0 kB
Bounce:                0 kB
WritebackTmp:          0 kB
CommitLimit:     6043240 kB
Committed_AS:    5046588 kB
VmallocTotal:   34359738367 kB
VmallocUsed:      350792 kB
VmallocChunk:   34359366524 kB
HardwareCorrupted:     0 kB
AnonHugePages:    798720 kB
HugePages_Total:       0
HugePages_Free:        0
HugePages_Rsvd:        0
HugePages_Surp:        0
Hugepagesize:       2048 kB
DirectMap4k:      100416 kB
DirectMap2M:     3977216 kB


CPU:total 4 (2 cores per cpu, 2 threads per core) family 6 model 58 stepping 9, cmov, cx8, fxsr, mmx, sse, sse2, sse3, ssse3, sse4.1, sse4.2, popcnt, avx, aes, erms, ht, tsc, tscinvbit, tscinv

/proc/cpuinfo:
processor	: 0
vendor_id	: GenuineIntel
cpu family	: 6
model		: 58
model name	: Intel(R) Core(TM) i5-3230M CPU @ 2.60GHz
stepping	: 9
microcode	: 0x12
cpu MHz		: 1200.000
cache size	: 3072 KB
physical id	: 0
siblings	: 4
core id		: 0
cpu cores	: 2
apicid		: 0
initial apicid	: 0
fpu		: yes
fpu_exception	: yes
cpuid level	: 13
wp		: yes
flags		: fpu vme de pse tsc msr pae mce cx8 apic sep mtrr pge mca cmov pat pse36 clflush dts acpi mmx fxsr sse sse2 ss ht tm pbe syscall nx rdtscp lm constant_tsc arch_perfmon pebs bts rep_good nopl xtopology nonstop_tsc aperfmperf eagerfpu pni pclmulqdq dtes64 monitor ds_cpl vmx est tm2 ssse3 cx16 xtpr pdcm pcid sse4_1 sse4_2 x2apic popcnt tsc_deadline_timer aes xsave avx f16c rdrand lahf_lm ida arat epb xsaveopt pln pts dtherm tpr_shadow vnmi flexpriority ept vpid fsgsbase smep erms
bogomips	: 5188.06
clflush size	: 64
cache_alignment	: 64
address sizes	: 36 bits physical, 48 bits virtual
power management:

processor	: 1
vendor_id	: GenuineIntel
cpu family	: 6
model		: 58
model name	: Intel(R) Core(TM) i5-3230M CPU @ 2.60GHz
stepping	: 9
microcode	: 0x12
cpu MHz		: 1200.000
cache size	: 3072 KB
physical id	: 0
siblings	: 4
core id		: 1
cpu cores	: 2
apicid		: 2
initial apicid	: 2
fpu		: yes
fpu_exception	: yes
cpuid level	: 13
wp		: yes
flags		: fpu vme de pse tsc msr pae mce cx8 apic sep mtrr pge mca cmov pat pse36 clflush dts acpi mmx fxsr sse sse2 ss ht tm pbe syscall nx rdtscp lm constant_tsc arch_perfmon pebs bts rep_good nopl xtopology nonstop_tsc aperfmperf eagerfpu pni pclmulqdq dtes64 monitor ds_cpl vmx est tm2 ssse3 cx16 xtpr pdcm pcid sse4_1 sse4_2 x2apic popcnt tsc_deadline_timer aes xsave avx f16c rdrand lahf_lm ida arat epb xsaveopt pln pts dtherm tpr_shadow vnmi flexpriority ept vpid fsgsbase smep erms
bogomips	: 5188.06
clflush size	: 64
cache_alignment	: 64
address sizes	: 36 bits physical, 48 bits virtual
power management:

processor	: 2
vendor_id	: GenuineIntel
cpu family	: 6
model		: 58
model name	: Intel(R) Core(TM) i5-3230M CPU @ 2.60GHz
stepping	: 9
microcode	: 0x12
cpu MHz		: 2601.000
cache size	: 3072 KB
physical id	: 0
siblings	: 4
core id		: 0
cpu cores	: 2
apicid		: 1
initial apicid	: 1
fpu		: yes
fpu_exception	: yes
cpuid level	: 13
wp		: yes
flags		: fpu vme de pse tsc msr pae mce cx8 apic sep mtrr pge mca cmov pat pse36 clflush dts acpi mmx fxsr sse sse2 ss ht tm pbe syscall nx rdtscp lm constant_tsc arch_perfmon pebs bts rep_good nopl xtopology nonstop_tsc aperfmperf eagerfpu pni pclmulqdq dtes64 monitor ds_cpl vmx est tm2 ssse3 cx16 xtpr pdcm pcid sse4_1 sse4_2 x2apic popcnt tsc_deadline_timer aes xsave avx f16c rdrand lahf_lm ida arat epb xsaveopt pln pts dtherm tpr_shadow vnmi flexpriority ept vpid fsgsbase smep erms
bogomips	: 5188.06
clflush size	: 64
cache_alignment	: 64
address sizes	: 36 bits physical, 48 bits virtual
power management:

processor	: 3
vendor_id	: GenuineIntel
cpu family	: 6
model		: 58
model name	: Intel(R) Core(TM) i5-3230M CPU @ 2.60GHz
stepping	: 9
microcode	: 0x12
cpu MHz		: 1200.000
cache size	: 3072 KB
physical id	: 0
siblings	: 4
core id		: 1
cpu cores	: 2
apicid		: 3
initial apicid	: 3
fpu		: yes
fpu_exception	: yes
cpuid level	: 13
wp		: yes
flags		: fpu vme de pse tsc msr pae mce cx8 apic sep mtrr pge mca cmov pat pse36 clflush dts acpi mmx fxsr sse sse2 ss ht tm pbe syscall nx rdtscp lm constant_tsc arch_perfmon pebs bts rep_good nopl xtopology nonstop_tsc aperfmperf eagerfpu pni pclmulqdq dtes64 monitor ds_cpl vmx est tm2 ssse3 cx16 xtpr pdcm pcid sse4_1 sse4_2 x2apic popcnt tsc_deadline_timer aes xsave avx f16c rdrand lahf_lm ida arat epb xsaveopt pln pts dtherm tpr_shadow vnmi flexpriority ept vpid fsgsbase smep erms
bogomips	: 5188.06
clflush size	: 64
cache_alignment	: 64
address sizes	: 36 bits physical, 48 bits virtual
power management:



Memory: 4k page, physical 3931356k(226652k free), swap 4077564k(4077564k free)

vm_info: Java HotSpot(TM) 64-Bit Server VM (24.75-b04) for linux-amd64 JRE (1.7.0_75-b13), built on Dec 18 2014 16:45:18 by "java_re" with gcc 4.3.0 20080428 (Red Hat 4.3.0-8)

time: Thu Apr  9 16:18:28 2015
elapsed time: 0 seconds

