#
# A fatal error has been detected by the Java Runtime Environment:
#
#  SIGSEGV (0xb) at pc=0x00007f3ce7118b80, pid=8581, tid=139899563398912
#
# JRE version: Java(TM) SE Runtime Environment (7.0_75-b13) (build 1.7.0_75-b13)
# Java VM: Java HotSpot(TM) 64-Bit Server VM (24.75-b04 mixed mode linux-amd64 compressed oops)
# Problematic frame:
# C  [libc.so.6+0x98b80]  envz_strip+0x610
#
# Failed to write core dump. Core dumps have been disabled. To enable core dumping, try "ulimit -c unlimited" before starting Java again
#
# If you would like to submit a bug report, please visit:
#   http://bugreport.sun.com/bugreport/crash.jsp
# The crash happened outside the Java Virtual Machine in native code.
# See problematic frame for where to report the bug.
#

---------------  T H R E A D  ---------------

Current thread (0x00007f3ce000a000):  JavaThread "main" [_thread_in_native, id=8584, stack(0x00007f3ce7b7d000,0x00007f3ce7c7e000)]

siginfo:si_signo=SIGSEGV: si_errno=0, si_code=1 (SEGV_MAPERR), si_addr=0x0000000000000000

Registers:
RAX=0xffff80c323f1235c, RBX=0x00007f3cdc082038, RCX=0x0000000000000060, RDX=0x0000000000000030
RSP=0x00007f3ce7c7c2c8, RBP=0x0000000000000000, RSI=0x0000000000000000, RDI=0x00007f3cdc0edc74
R8 =0x0000000000000007, R9 =0x00007f3ce0000078, R10=0x0000000000000000, R11=0x0000000000000246
R12=0x0000000000000030, R13=0x0000000000000030, R14=0x0000000000000000, R15=0x00007f3cdc0ef170
RIP=0x00007f3ce7118b80, EFLAGS=0x0000000000010202, CSGSFS=0x0000000000000033, ERR=0x0000000000000004
  TRAPNO=0x000000000000000e

Top of Stack: (sp=0x00007f3ce7c7c2c8)
0x00007f3ce7c7c2c8:   00007f3ccce0e0dd 0000000000000000
0x00007f3ce7c7c2d8:   0000000000000000 0000000000000000
0x00007f3ce7c7c2e8:   00007f3cdc0ef178 0000000000000010
0x00007f3ce7c7c2f8:   0000000000000010 00007f3cdc0ef170
0x00007f3ce7c7c308:   0000000000000002 0000000000000000
0x00007f3ce7c7c318:   00007f3ccce321ee 0000000000000001
0x00007f3ce7c7c328:   00007f3cdc082038 00007f3ce08fffc0
0x00007f3ce7c7c338:   00007f3c00000030 000000000000000d
0x00007f3ce7c7c348:   00007f3cdc0ef178 00007f3cdc0eeff0
0x00007f3ce7c7c358:   00007f3cdc082038 00007f3ce7c7c3b0
0x00007f3ce7c7c368:   0000000000000000 0000000000000001
0x00007f3ce7c7c378:   00007f3ccce32ae4 0000000000800016
0x00007f3ce7c7c388:   00007f3c00000002 0000000200000000
0x00007f3ce7c7c398:   0000000000000001 00007f3cdc0ef148
0x00007f3ce7c7c3a8:   0000000200000001 00007f3cdc0eeff0
0x00007f3ce7c7c3b8:   00007f3ce0909298 00007f3ccd2702e8
0x00007f3ce7c7c3c8:   0000000000000001 00007f3ce08edd28
0x00007f3ce7c7c3d8:   00007f3cdc082038 00007f3ce07674b0
0x00007f3ce7c7c3e8:   0000000000000000 0000000000000000
0x00007f3ce7c7c3f8:   0000000000000001 00000000304c0aff
0x00007f3ce7c7c408:   00007f3ccc93f03d 00007f3c00000000
0x00007f3ce7c7c418:   00007f3cdc082038 00007f3ce0317f20
0x00007f3ce7c7c428:   00007f3cccdfe4df 00007f3cdc082038
0x00007f3ce7c7c438:   00007f3ce0766aa0 00007f3ce0767200
0x00007f3ce7c7c448:   00007f3cccebf70c 00007f3ce0766d50
0x00007f3ce7c7c458:   0000000000000001 00007f3c00000000
0x00007f3ce7c7c468:   0000000000000000 00007f3ce0766aa0
0x00007f3ce7c7c478:   00007f3cdc082038 0000000000000001
0x00007f3ce7c7c488:   00007f3ce0767200 0000000000000001
0x00007f3ce7c7c498:   00007f3ce0766aa0 0000000000000000
0x00007f3ce7c7c4a8:   00007f3ccce73974 0000000000000001
0x00007f3ce7c7c4b8:   00007f3c00000001 00000000000002bc 

Instructions: (pc=0x00007f3ce7118b80)
0x00007f3ce7118b60:   48 89 f0 48 8d 0c 12 48 29 f8 48 29 d0 48 39 c8
0x00007f3ce7118b70:   0f 82 07 01 00 00 48 83 fa 10 0f 86 8b 01 00 00
0x00007f3ce7118b80:   f3 44 0f 6f 06 48 83 fa 20 f3 44 0f 7f 07 f3 44
0x00007f3ce7118b90:   0f 6f 44 16 f0 f3 44 0f 7f 44 17 f0 77 12 48 89 

Register to memory mapping:

RAX=0xffff80c323f1235c is an unknown value
RBX=0x00007f3cdc082038 is an unknown value
RCX=0x0000000000000060 is an unknown value
RDX=0x0000000000000030 is an unknown value
RSP=0x00007f3ce7c7c2c8 is pointing into the stack for thread: 0x00007f3ce000a000
RBP=0x0000000000000000 is an unknown value
RSI=0x0000000000000000 is an unknown value
RDI=0x00007f3cdc0edc74 is an unknown value
R8 =0x0000000000000007 is an unknown value
R9 =0x00007f3ce0000078 is an unknown value
R10=0x0000000000000000 is an unknown value
R11=0x0000000000000246 is an unknown value
R12=0x0000000000000030 is an unknown value
R13=0x0000000000000030 is an unknown value
R14=0x0000000000000000 is an unknown value
R15=0x00007f3cdc0ef170 is an unknown value


Stack: [0x00007f3ce7b7d000,0x00007f3ce7c7e000],  sp=0x00007f3ce7c7c2c8,  free space=1020k
Native frames: (J=compiled Java code, j=interpreted, Vv=VM code, C=native code)
C  [libc.so.6+0x98b80]  envz_strip+0x610

[error occurred during error reporting (printing native stack), id 0xb]

Java frames: (J=compiled Java code, j=interpreted, Vv=VM code)
j  org.lwjgl.opengl.GL11.nglDrawArrays(IIIJ)V+0
j  org.lwjgl.opengl.GL11.glDrawArrays(III)V+22
j  simulador.Avion.draw()V+111
j  simulador.Simulador.draw()V+35
j  simulador.Simulador.come_alive()V+95
j  simulador.Simulador.run()V+1
j  simulador.Main.main([Ljava/lang/String;)V+13
v  ~StubRoutines::call_stub

---------------  P R O C E S S  ---------------

Java Threads: ( => current thread )
  0x00007f3ce0098800 JavaThread "Service Thread" daemon [_thread_blocked, id=8596, stack(0x00007f3cd5288000,0x00007f3cd5389000)]
  0x00007f3ce0096000 JavaThread "C2 CompilerThread1" daemon [_thread_blocked, id=8595, stack(0x00007f3cd5389000,0x00007f3cd548a000)]
  0x00007f3ce0093800 JavaThread "C2 CompilerThread0" daemon [_thread_blocked, id=8594, stack(0x00007f3cd548a000,0x00007f3cd558b000)]
  0x00007f3ce0091000 JavaThread "Signal Dispatcher" daemon [_thread_blocked, id=8593, stack(0x00007f3cd558b000,0x00007f3cd568c000)]
  0x00007f3ce0070000 JavaThread "Finalizer" daemon [_thread_blocked, id=8592, stack(0x00007f3cd5d6e000,0x00007f3cd5e6f000)]
  0x00007f3ce006e000 JavaThread "Reference Handler" daemon [_thread_blocked, id=8591, stack(0x00007f3cd5e6f000,0x00007f3cd5f70000)]
=>0x00007f3ce000a000 JavaThread "main" [_thread_in_native, id=8584, stack(0x00007f3ce7b7d000,0x00007f3ce7c7e000)]

Other Threads:
  0x00007f3ce0069800 VMThread [stack: 0x00007f3cdc0f1000,0x00007f3cdc1f2000] [id=8590]
  0x00007f3ce00a3000 WatcherThread [stack: 0x00007f3cd5187000,0x00007f3cd5288000] [id=8597]

VM state:not at safepoint (normal execution)

VM Mutex/Monitor currently owned by a thread: None

Heap
 PSYoungGen      total 17920K, used 8984K [0x00000000ec000000, 0x00000000ed400000, 0x0000000100000000)
  eden space 15360K, 58% used [0x00000000ec000000,0x00000000ec8c63c0,0x00000000ecf00000)
  from space 2560K, 0% used [0x00000000ed180000,0x00000000ed180000,0x00000000ed400000)
  to   space 2560K, 0% used [0x00000000ecf00000,0x00000000ecf00000,0x00000000ed180000)
 ParOldGen       total 40960K, used 0K [0x00000000c4000000, 0x00000000c6800000, 0x00000000ec000000)
  object space 40960K, 0% used [0x00000000c4000000,0x00000000c4000000,0x00000000c6800000)
 PSPermGen       total 21504K, used 7098K [0x00000000bee00000, 0x00000000c0300000, 0x00000000c4000000)
  object space 21504K, 33% used [0x00000000bee00000,0x00000000bf4eeaf8,0x00000000c0300000)

Card table byte_map: [0x00007f3ce4c60000,0x00007f3ce4e6a000] byte_map_base: 0x00007f3ce4669000

Polling page: 0x00007f3ce7c9e000

Code Cache  [0x00007f3cdd000000, 0x00007f3cdd270000, 0x00007f3ce0000000)
 total_blobs=488 nmethods=19 adapters=423 free_code_cache=48595Kb largest_free_block=49749632

Compilation events (10 events):
Event: 0,202 Thread 0x00007f3ce0096000 nmethod 14 0x00007f3cdd0742d0 code [0x00007f3cdd074400, 0x00007f3cdd074478]
Event: 0,202 Thread 0x00007f3ce0093800 nmethod 12 0x00007f3cdd074050 code [0x00007f3cdd074180, 0x00007f3cdd074218]
Event: 0,225 Thread 0x00007f3ce0096000   15             org.lwjgl.system.MemoryUtil::memEncodeASCII (62 bytes)
Event: 0,227 Thread 0x00007f3ce0093800   16             java.lang.Object::<init> (1 bytes)
Event: 0,227 Thread 0x00007f3ce0093800 nmethod 16 0x00007f3cdd0848d0 code [0x00007f3cdd084a00, 0x00007f3cdd084a78]
Event: 0,231 Thread 0x00007f3ce0096000 nmethod 15 0x00007f3cdd086690 code [0x00007f3cdd086800, 0x00007f3cdd086c58]
Event: 0,254 Thread 0x00007f3ce0093800   17             java.lang.String::equals (81 bytes)
Event: 0,258 Thread 0x00007f3ce0093800 nmethod 17 0x00007f3cdd084c50 code [0x00007f3cdd084da0, 0x00007f3cdd084ff8]
Event: 0,289 Thread 0x00007f3ce0096000   18             sun.net.www.ParseUtil::encodePath (336 bytes)
Event: 0,306 Thread 0x00007f3ce0096000 nmethod 18 0x00007f3cdd08c510 code [0x00007f3cdd08c760, 0x00007f3cdd08d7b8]

GC Heap History (0 events):
No events

Deoptimization events (0 events):
No events

Internal exceptions (10 events):
Event: 0,310 Thread 0x00007f3ce000a000 Threw 0x00000000ec8650b8 at /HUDSON/workspace/7u-2-build-linux-amd64/jdk7u75/1940/hotspot/src/share/vm/prims/jvm.cpp:1281
Event: 0,311 Thread 0x00007f3ce000a000 Threw 0x00000000ec867ce8 at /HUDSON/workspace/7u-2-build-linux-amd64/jdk7u75/1940/hotspot/src/share/vm/prims/jvm.cpp:1281
Event: 0,311 Thread 0x00007f3ce000a000 Threw 0x00000000ec86ad08 at /HUDSON/workspace/7u-2-build-linux-amd64/jdk7u75/1940/hotspot/src/share/vm/prims/jvm.cpp:1281
Event: 0,311 Thread 0x00007f3ce000a000 Threw 0x00000000ec86d808 at /HUDSON/workspace/7u-2-build-linux-amd64/jdk7u75/1940/hotspot/src/share/vm/prims/jvm.cpp:1281
Event: 0,312 Thread 0x00007f3ce000a000 Threw 0x00000000ec872660 at /HUDSON/workspace/7u-2-build-linux-amd64/jdk7u75/1940/hotspot/src/share/vm/prims/jvm.cpp:1281
Event: 0,312 Thread 0x00007f3ce000a000 Threw 0x00000000ec8771b0 at /HUDSON/workspace/7u-2-build-linux-amd64/jdk7u75/1940/hotspot/src/share/vm/prims/jvm.cpp:1281
Event: 0,316 Thread 0x00007f3ce000a000 Threw 0x00000000ec879ea8 at /HUDSON/workspace/7u-2-build-linux-amd64/jdk7u75/1940/hotspot/src/share/vm/prims/jvm.cpp:1281
Event: 0,317 Thread 0x00007f3ce000a000 Threw 0x00000000ec87c1c0 at /HUDSON/workspace/7u-2-build-linux-amd64/jdk7u75/1940/hotspot/src/share/vm/prims/jvm.cpp:1281
Event: 0,319 Thread 0x00007f3ce000a000 Threw 0x00000000ec87ee48 at /HUDSON/workspace/7u-2-build-linux-amd64/jdk7u75/1940/hotspot/src/share/vm/prims/jvm.cpp:1281
Event: 0,320 Thread 0x00007f3ce000a000 Threw 0x00000000ec882168 at /HUDSON/workspace/7u-2-build-linux-amd64/jdk7u75/1940/hotspot/src/share/vm/prims/jvm.cpp:1281

Events (10 events):
Event: 0,319 loading class 0x00007f3ce4489df0
Event: 0,319 loading class 0x00007f3ce4489df0 done
Event: 0,320 loading class 0x00007f3ce036e220
Event: 0,320 loading class 0x00007f3ce036e220 done
Event: 0,320 loading class 0x00007f3ce4468760
Event: 0,320 loading class 0x00007f3ce4468760 done
Event: 0,320 loading class 0x00007f3ce448c000
Event: 0,320 loading class 0x00007f3ce448c000 done
Event: 0,320 loading class 0x00007f3ce07c7650
Event: 0,320 loading class 0x00007f3ce07c7650 done


Dynamic libraries:
00400000-00401000 r-xp 00000000 08:09 1838081                            /home/raul/jdk1.7.0_75/bin/java
00600000-00601000 rw-p 00000000 08:09 1838081                            /home/raul/jdk1.7.0_75/bin/java
01a4c000-01a6d000 rw-p 00000000 00:00 0                                  [heap]
bee00000-c0300000 rw-p 00000000 00:00 0 
c0300000-c4000000 rw-p 00000000 00:00 0 
c4000000-c6800000 rw-p 00000000 00:00 0 
c6800000-ec000000 rw-p 00000000 00:00 0 
ec000000-ed400000 rw-p 00000000 00:00 0 
ed400000-100000000 rw-p 00000000 00:00 0 
7f3ca0000000-7f3ca0021000 rw-p 00000000 00:00 0 
7f3ca0021000-7f3ca4000000 ---p 00000000 00:00 0 
7f3ca6504000-7f3ca76a2000 rw-p 00000000 00:00 0 
7f3ca76a2000-7f3ca76d9000 r-xp 00000000 08:09 3679606                    /usr/lib/x86_64-linux-gnu/libtxc_dxtn_s2tc.so.0.0.0
7f3ca76d9000-7f3ca78d8000 ---p 00037000 08:09 3679606                    /usr/lib/x86_64-linux-gnu/libtxc_dxtn_s2tc.so.0.0.0
7f3ca78d8000-7f3ca78d9000 r--p 00036000 08:09 3679606                    /usr/lib/x86_64-linux-gnu/libtxc_dxtn_s2tc.so.0.0.0
7f3ca78d9000-7f3ca78da000 rw-p 00037000 08:09 3679606                    /usr/lib/x86_64-linux-gnu/libtxc_dxtn_s2tc.so.0.0.0
7f3ca78da000-7f3ca78f2000 r-xp 00000000 08:09 2625662                    /lib/x86_64-linux-gnu/libz.so.1.2.8
7f3ca78f2000-7f3ca7af1000 ---p 00018000 08:09 2625662                    /lib/x86_64-linux-gnu/libz.so.1.2.8
7f3ca7af1000-7f3ca7af2000 r--p 00017000 08:09 2625662                    /lib/x86_64-linux-gnu/libz.so.1.2.8
7f3ca7af2000-7f3ca7af3000 rw-p 00018000 08:09 2625662                    /lib/x86_64-linux-gnu/libz.so.1.2.8
7f3ca7af3000-7f3ca7afb000 r-xp 00000000 08:09 3679409                    /usr/lib/x86_64-linux-gnu/libpciaccess.so.0.11.1
7f3ca7afb000-7f3ca7cfa000 ---p 00008000 08:09 3679409                    /usr/lib/x86_64-linux-gnu/libpciaccess.so.0.11.1
7f3ca7cfa000-7f3ca7cfb000 r--p 00007000 08:09 3679409                    /usr/lib/x86_64-linux-gnu/libpciaccess.so.0.11.1
7f3ca7cfb000-7f3ca7cfc000 rw-p 00008000 08:09 3679409                    /usr/lib/x86_64-linux-gnu/libpciaccess.so.0.11.1
7f3ca7cfc000-7f3ca7de2000 r-xp 00000000 08:09 3679564                    /usr/lib/x86_64-linux-gnu/libstdc++.so.6.0.19
7f3ca7de2000-7f3ca7fe1000 ---p 000e6000 08:09 3679564                    /usr/lib/x86_64-linux-gnu/libstdc++.so.6.0.19
7f3ca7fe1000-7f3ca7fe9000 r--p 000e5000 08:09 3679564                    /usr/lib/x86_64-linux-gnu/libstdc++.so.6.0.19
7f3ca7fe9000-7f3ca7feb000 rw-p 000ed000 08:09 3679564                    /usr/lib/x86_64-linux-gnu/libstdc++.so.6.0.19
7f3ca7feb000-7f3ca8000000 rw-p 00000000 00:00 0 
7f3ca8000000-7f3ca80dd000 rw-p 00000000 00:00 0 
7f3ca80dd000-7f3cac000000 ---p 00000000 00:00 0 
7f3cac000000-7f3cac021000 rw-p 00000000 00:00 0 
7f3cac021000-7f3cb0000000 ---p 00000000 00:00 0 
7f3cb0000000-7f3cb0021000 rw-p 00000000 00:00 0 
7f3cb0021000-7f3cb4000000 ---p 00000000 00:00 0 
7f3cb4000000-7f3cb413a000 rw-p 00000000 00:00 0 
7f3cb413a000-7f3cb8000000 ---p 00000000 00:00 0 
7f3cb8000000-7f3cb8021000 rw-p 00000000 00:00 0 
7f3cb8021000-7f3cbc000000 ---p 00000000 00:00 0 
7f3cbc000000-7f3cbc021000 rw-p 00000000 00:00 0 
7f3cbc021000-7f3cc0000000 ---p 00000000 00:00 0 
7f3cc0000000-7f3cc0021000 rw-p 00000000 00:00 0 
7f3cc0021000-7f3cc4000000 ---p 00000000 00:00 0 
7f3cc4000000-7f3cc4021000 rw-p 00000000 00:00 0 
7f3cc4021000-7f3cc8000000 ---p 00000000 00:00 0 
7f3cc8000000-7f3cc8021000 rw-p 00000000 00:00 0 
7f3cc8021000-7f3ccc000000 ---p 00000000 00:00 0 
7f3ccc0e5000-7f3ccc0fb000 r-xp 00000000 08:09 2625476                    /lib/x86_64-linux-gnu/libgcc_s.so.1
7f3ccc0fb000-7f3ccc2fa000 ---p 00016000 08:09 2625476                    /lib/x86_64-linux-gnu/libgcc_s.so.1
7f3ccc2fa000-7f3ccc2fb000 rw-p 00015000 08:09 2625476                    /lib/x86_64-linux-gnu/libgcc_s.so.1
7f3ccc2fb000-7f3ccc322000 r-xp 00000000 08:09 2625521                    /lib/x86_64-linux-gnu/libexpat.so.1.6.0
7f3ccc322000-7f3ccc522000 ---p 00027000 08:09 2625521                    /lib/x86_64-linux-gnu/libexpat.so.1.6.0
7f3ccc522000-7f3ccc524000 r--p 00027000 08:09 2625521                    /lib/x86_64-linux-gnu/libexpat.so.1.6.0
7f3ccc524000-7f3ccc525000 rw-p 00029000 08:09 2625521                    /lib/x86_64-linux-gnu/libexpat.so.1.6.0
7f3ccc525000-7f3ccc531000 r-xp 00000000 08:09 3673068                    /usr/lib/x86_64-linux-gnu/libdrm_radeon.so.1.0.1
7f3ccc531000-7f3ccc730000 ---p 0000c000 08:09 3673068                    /usr/lib/x86_64-linux-gnu/libdrm_radeon.so.1.0.1
7f3ccc730000-7f3ccc731000 r--p 0000b000 08:09 3673068                    /usr/lib/x86_64-linux-gnu/libdrm_radeon.so.1.0.1
7f3ccc731000-7f3ccc732000 rw-p 0000c000 08:09 3673068                    /usr/lib/x86_64-linux-gnu/libdrm_radeon.so.1.0.1
7f3ccc732000-7f3ccc738000 r-xp 00000000 08:09 3672797                    /usr/lib/x86_64-linux-gnu/libdrm_nouveau.so.2.0.0
7f3ccc738000-7f3ccc937000 ---p 00006000 08:09 3672797                    /usr/lib/x86_64-linux-gnu/libdrm_nouveau.so.2.0.0
7f3ccc937000-7f3ccc938000 r--p 00005000 08:09 3672797                    /usr/lib/x86_64-linux-gnu/libdrm_nouveau.so.2.0.0
7f3ccc938000-7f3ccc939000 rw-p 00006000 08:09 3672797                    /usr/lib/x86_64-linux-gnu/libdrm_nouveau.so.2.0.0
7f3ccc939000-7f3ccc958000 r-xp 00000000 08:09 3672795                    /usr/lib/x86_64-linux-gnu/libdrm_intel.so.1.0.0
7f3ccc958000-7f3cccb57000 ---p 0001f000 08:09 3672795                    /usr/lib/x86_64-linux-gnu/libdrm_intel.so.1.0.0
7f3cccb57000-7f3cccb58000 r--p 0001e000 08:09 3672795                    /usr/lib/x86_64-linux-gnu/libdrm_intel.so.1.0.0
7f3cccb58000-7f3cccb59000 rw-p 0001f000 08:09 3672795                    /usr/lib/x86_64-linux-gnu/libdrm_intel.so.1.0.0
7f3cccb59000-7f3ccd048000 r-xp 00000000 08:09 3934416                    /usr/lib/x86_64-linux-gnu/dri/i965_dri.so
7f3ccd048000-7f3ccd247000 ---p 004ef000 08:09 3934416                    /usr/lib/x86_64-linux-gnu/dri/i965_dri.so
7f3ccd247000-7f3ccd25e000 r--p 004ee000 08:09 3934416                    /usr/lib/x86_64-linux-gnu/dri/i965_dri.so
7f3ccd25e000-7f3ccd26a000 rw-p 00505000 08:09 3934416                    /usr/lib/x86_64-linux-gnu/dri/i965_dri.so
7f3ccd26a000-7f3ccd2b6000 rw-p 00000000 00:00 0 
7f3ccd2b6000-7f3ccd2fa000 r-xp 00000000 08:09 2625517                    /lib/x86_64-linux-gnu/libdbus-1.so.3.7.6
7f3ccd2fa000-7f3ccd4f9000 ---p 00044000 08:09 2625517                    /lib/x86_64-linux-gnu/libdbus-1.so.3.7.6
7f3ccd4f9000-7f3ccd4fa000 r--p 00043000 08:09 2625517                    /lib/x86_64-linux-gnu/libdbus-1.so.3.7.6
7f3ccd4fa000-7f3ccd4fb000 rw-p 00044000 08:09 2625517                    /lib/x86_64-linux-gnu/libdbus-1.so.3.7.6
7f3ccd4fb000-7f3ccd503000 r-xp 00000000 08:09 2625561                    /lib/x86_64-linux-gnu/libnih-dbus.so.1.0.0
7f3ccd503000-7f3ccd703000 ---p 00008000 08:09 2625561                    /lib/x86_64-linux-gnu/libnih-dbus.so.1.0.0
7f3ccd703000-7f3ccd704000 r--p 00008000 08:09 2625561                    /lib/x86_64-linux-gnu/libnih-dbus.so.1.0.0
7f3ccd704000-7f3ccd705000 rw-p 00009000 08:09 2625561                    /lib/x86_64-linux-gnu/libnih-dbus.so.1.0.0
7f3ccd705000-7f3ccd71c000 r-xp 00000000 08:09 2625563                    /lib/x86_64-linux-gnu/libnih.so.1.0.0
7f3ccd71c000-7f3ccd91b000 ---p 00017000 08:09 2625563                    /lib/x86_64-linux-gnu/libnih.so.1.0.0
7f3ccd91b000-7f3ccd91c000 r--p 00016000 08:09 2625563                    /lib/x86_64-linux-gnu/libnih.so.1.0.0
7f3ccd91c000-7f3ccd91d000 rw-p 00017000 08:09 2625563                    /lib/x86_64-linux-gnu/libnih.so.1.0.0
7f3ccd91d000-7f3ccd936000 r-xp 00000000 08:09 2625512                    /lib/x86_64-linux-gnu/libcgmanager.so.0.0.0
7f3ccd936000-7f3ccdb35000 ---p 00019000 08:09 2625512                    /lib/x86_64-linux-gnu/libcgmanager.so.0.0.0
7f3ccdb35000-7f3ccdb37000 r--p 00018000 08:09 2625512                    /lib/x86_64-linux-gnu/libcgmanager.so.0.0.0
7f3ccdb37000-7f3ccdb38000 rw-p 0001a000 08:09 2625512                    /lib/x86_64-linux-gnu/libcgmanager.so.0.0.0
7f3ccdb38000-7f3ccdb48000 r-xp 00000000 08:09 2625436                    /lib/x86_64-linux-gnu/libudev.so.1.3.5
7f3ccdb48000-7f3ccdd47000 ---p 00010000 08:09 2625436                    /lib/x86_64-linux-gnu/libudev.so.1.3.5
7f3ccdd47000-7f3ccdd48000 r--p 0000f000 08:09 2625436                    /lib/x86_64-linux-gnu/libudev.so.1.3.5
7f3ccdd48000-7f3ccdd49000 rw-p 00010000 08:09 2625436                    /lib/x86_64-linux-gnu/libudev.so.1.3.5
7f3ccdd49000-7f3ccdd4e000 r-xp 00000000 08:09 3678669                    /usr/lib/x86_64-linux-gnu/libXdmcp.so.6.0.0
7f3ccdd4e000-7f3ccdf4d000 ---p 00005000 08:09 3678669                    /usr/lib/x86_64-linux-gnu/libXdmcp.so.6.0.0
7f3ccdf4d000-7f3ccdf4e000 r--p 00004000 08:09 3678669                    /usr/lib/x86_64-linux-gnu/libXdmcp.so.6.0.0
7f3ccdf4e000-7f3ccdf4f000 rw-p 00005000 08:09 3678669                    /usr/lib/x86_64-linux-gnu/libXdmcp.so.6.0.0
7f3ccdf4f000-7f3ccdf51000 r-xp 00000000 08:09 3678658                    /usr/lib/x86_64-linux-gnu/libXau.so.6.0.0
7f3ccdf51000-7f3cce151000 ---p 00002000 08:09 3678658                    /usr/lib/x86_64-linux-gnu/libXau.so.6.0.0
7f3cce151000-7f3cce152000 r--p 00002000 08:09 3678658                    /usr/lib/x86_64-linux-gnu/libXau.so.6.0.0
7f3cce152000-7f3cce153000 rw-p 00003000 08:09 3678658                    /usr/lib/x86_64-linux-gnu/libXau.so.6.0.0
7f3cce153000-7f3cce15c000 r-xp 00000000 08:09 3678693                    /usr/lib/x86_64-linux-gnu/libXrender.so.1.3.0
7f3cce15c000-7f3cce35b000 ---p 00009000 08:09 3678693                    /usr/lib/x86_64-linux-gnu/libXrender.so.1.3.0
7f3cce35b000-7f3cce35c000 r--p 00008000 08:09 3678693                    /usr/lib/x86_64-linux-gnu/libXrender.so.1.3.0
7f3cce35c000-7f3cce35d000 rw-p 00009000 08:09 3678693                    /usr/lib/x86_64-linux-gnu/libXrender.so.1.3.0
7f3cce35d000-7f3cce368000 r-xp 00000000 08:09 3672667                    /usr/lib/x86_64-linux-gnu/libdrm.so.2.4.0
7f3cce368000-7f3cce567000 ---p 0000b000 08:09 3672667                    /usr/lib/x86_64-linux-gnu/libdrm.so.2.4.0
7f3cce567000-7f3cce568000 r--p 0000a000 08:09 3672667                    /usr/lib/x86_64-linux-gnu/libdrm.so.2.4.0
7f3cce568000-7f3cce569000 rw-p 0000b000 08:09 3672667                    /usr/lib/x86_64-linux-gnu/libdrm.so.2.4.0
7f3cce569000-7f3cce56a000 r-xp 00000000 08:09 3679738                    /usr/lib/x86_64-linux-gnu/libxshmfence.so.1.0.0
7f3cce56a000-7f3cce769000 ---p 00001000 08:09 3679738                    /usr/lib/x86_64-linux-gnu/libxshmfence.so.1.0.0
7f3cce769000-7f3cce76a000 r--p 00000000 08:09 3679738                    /usr/lib/x86_64-linux-gnu/libxshmfence.so.1.0.0
7f3cce76a000-7f3cce76b000 rw-p 00001000 08:09 3679738                    /usr/lib/x86_64-linux-gnu/libxshmfence.so.1.0.0
7f3cce76b000-7f3cce770000 r-xp 00000000 08:09 3679720                    /usr/lib/x86_64-linux-gnu/libxcb-sync.so.1.0.0
7f3cce770000-7f3cce96f000 ---p 00005000 08:09 3679720                    /usr/lib/x86_64-linux-gnu/libxcb-sync.so.1.0.0
7f3cce96f000-7f3cce970000 r--p 00004000 08:09 3679720                    /usr/lib/x86_64-linux-gnu/libxcb-sync.so.1.0.0
7f3cce970000-7f3cce971000 rw-p 00005000 08:09 3679720                    /usr/lib/x86_64-linux-gnu/libxcb-sync.so.1.0.0
7f3cce971000-7f3cce973000 r-xp 00000000 08:09 3679708                    /usr/lib/x86_64-linux-gnu/libxcb-present.so.0.0.0
7f3cce973000-7f3cceb72000 ---p 00002000 08:09 3679708                    /usr/lib/x86_64-linux-gnu/libxcb-present.so.0.0.0
7f3cceb72000-7f3cceb73000 r--p 00001000 08:09 3679708                    /usr/lib/x86_64-linux-gnu/libxcb-present.so.0.0.0
7f3cceb73000-7f3cceb74000 rw-p 00002000 08:09 3679708                    /usr/lib/x86_64-linux-gnu/libxcb-present.so.0.0.0
7f3cceb74000-7f3cceb76000 r-xp 00000000 08:09 3679698                    /usr/lib/x86_64-linux-gnu/libxcb-dri3.so.0.0.0
7f3cceb76000-7f3cced75000 ---p 00002000 08:09 3679698                    /usr/lib/x86_64-linux-gnu/libxcb-dri3.so.0.0.0
7f3cced75000-7f3cced76000 r--p 00001000 08:09 3679698                    /usr/lib/x86_64-linux-gnu/libxcb-dri3.so.0.0.0
7f3cced76000-7f3cced77000 rw-p 00002000 08:09 3679698                    /usr/lib/x86_64-linux-gnu/libxcb-dri3.so.0.0.0
7f3cced77000-7f3cced7a000 r-xp 00000000 08:09 3679696                    /usr/lib/x86_64-linux-gnu/libxcb-dri2.so.0.0.0
7f3cced7a000-7f3ccef7a000 ---p 00003000 08:09 3679696                    /usr/lib/x86_64-linux-gnu/libxcb-dri2.so.0.0.0
7f3ccef7a000-7f3ccef7b000 r--p 00003000 08:09 3679696                    /usr/lib/x86_64-linux-gnu/libxcb-dri2.so.0.0.0
7f3ccef7b000-7f3ccef7c000 rw-p 00004000 08:09 3679696                    /usr/lib/x86_64-linux-gnu/libxcb-dri2.so.0.0.0
7f3ccef7c000-7f3ccef91000 r-xp 00000000 08:09 3679700                    /usr/lib/x86_64-linux-gnu/libxcb-glx.so.0.0.0
7f3ccef91000-7f3ccf190000 ---p 00015000 08:09 3679700                    /usr/lib/x86_64-linux-gnu/libxcb-glx.so.0.0.0
7f3ccf190000-7f3ccf192000 r--p 00014000 08:09 3679700                    /usr/lib/x86_64-linux-gnu/libxcb-glx.so.0.0.0
7f3ccf192000-7f3ccf193000 rw-p 00016000 08:09 3679700                    /usr/lib/x86_64-linux-gnu/libxcb-glx.so.0.0.0
7f3ccf193000-7f3ccf194000 r-xp 00000000 08:09 3678652                    /usr/lib/x86_64-linux-gnu/libX11-xcb.so.1.0.0
7f3ccf194000-7f3ccf393000 ---p 00001000 08:09 3678652                    /usr/lib/x86_64-linux-gnu/libX11-xcb.so.1.0.0
7f3ccf393000-7f3ccf394000 r--p 00000000 08:09 3678652                    /usr/lib/x86_64-linux-gnu/libX11-xcb.so.1.0.0
7f3ccf394000-7f3ccf395000 rw-p 00001000 08:09 3678652                    /usr/lib/x86_64-linux-gnu/libX11-xcb.so.1.0.0
7f3ccf395000-7f3ccf39a000 r-xp 00000000 08:09 3678673                    /usr/lib/x86_64-linux-gnu/libXfixes.so.3.1.0
7f3ccf39a000-7f3ccf599000 ---p 00005000 08:09 3678673                    /usr/lib/x86_64-linux-gnu/libXfixes.so.3.1.0
7f3ccf599000-7f3ccf59a000 r--p 00004000 08:09 3678673                    /usr/lib/x86_64-linux-gnu/libXfixes.so.3.1.0
7f3ccf59a000-7f3ccf59b000 rw-p 00005000 08:09 3678673                    /usr/lib/x86_64-linux-gnu/libXfixes.so.3.1.0
7f3ccf59b000-7f3ccf59d000 r-xp 00000000 08:09 3678667                    /usr/lib/x86_64-linux-gnu/libXdamage.so.1.1.0
7f3ccf59d000-7f3ccf79c000 ---p 00002000 08:09 3678667                    /usr/lib/x86_64-linux-gnu/libXdamage.so.1.1.0
7f3ccf79c000-7f3ccf79d000 r--p 00001000 08:09 3678667                    /usr/lib/x86_64-linux-gnu/libXdamage.so.1.1.0
7f3ccf79d000-7f3ccf79e000 rw-p 00002000 08:09 3678667                    /usr/lib/x86_64-linux-gnu/libXdamage.so.1.1.0
7f3ccf79e000-7f3ccf7af000 r-xp 00000000 08:09 3678671                    /usr/lib/x86_64-linux-gnu/libXext.so.6.4.0
7f3ccf7af000-7f3ccf9ae000 ---p 00011000 08:09 3678671                    /usr/lib/x86_64-linux-gnu/libXext.so.6.4.0
7f3ccf9ae000-7f3ccf9af000 r--p 00010000 08:09 3678671                    /usr/lib/x86_64-linux-gnu/libXext.so.6.4.0
7f3ccf9af000-7f3ccf9b0000 rw-p 00011000 08:09 3678671                    /usr/lib/x86_64-linux-gnu/libXext.so.6.4.0
7f3ccf9b0000-7f3ccf9d2000 r-xp 00000000 08:09 3672157                    /usr/lib/x86_64-linux-gnu/libglapi.so.0.0.0
7f3ccf9d2000-7f3ccfbd2000 ---p 00022000 08:09 3672157                    /usr/lib/x86_64-linux-gnu/libglapi.so.0.0.0
7f3ccfbd2000-7f3ccfbd5000 r--p 00022000 08:09 3672157                    /usr/lib/x86_64-linux-gnu/libglapi.so.0.0.0
7f3ccfbd5000-7f3ccfbd6000 rw-p 00025000 08:09 3672157                    /usr/lib/x86_64-linux-gnu/libglapi.so.0.0.0
7f3ccfbd6000-7f3ccfbd7000 rw-p 00000000 00:00 0 
7f3ccfbd7000-7f3ccfbf4000 r-xp 00000000 08:09 3679728                    /usr/lib/x86_64-linux-gnu/libxcb.so.1.1.0
7f3ccfbf4000-7f3ccfdf4000 ---p 0001d000 08:09 3679728                    /usr/lib/x86_64-linux-gnu/libxcb.so.1.1.0
7f3ccfdf4000-7f3ccfdf5000 r--p 0001d000 08:09 3679728                    /usr/lib/x86_64-linux-gnu/libxcb.so.1.1.0
7f3ccfdf5000-7f3ccfdf6000 rw-p 0001e000 08:09 3679728                    /usr/lib/x86_64-linux-gnu/libxcb.so.1.1.0
7f3ccfdf6000-7f3ccfdff000 r-xp 00000000 08:09 3678665                    /usr/lib/x86_64-linux-gnu/libXcursor.so.1.0.2
7f3ccfdff000-7f3ccfffe000 ---p 00009000 08:09 3678665                    /usr/lib/x86_64-linux-gnu/libXcursor.so.1.0.2
7f3ccfffe000-7f3ccffff000 r--p 00008000 08:09 3678665                    /usr/lib/x86_64-linux-gnu/libXcursor.so.1.0.2
7f3ccffff000-7f3cd0000000 rw-p 00009000 08:09 3678665                    /usr/lib/x86_64-linux-gnu/libXcursor.so.1.0.2
7f3cd0000000-7f3cd0021000 rw-p 00000000 00:00 0 
7f3cd0021000-7f3cd4000000 ---p 00000000 00:00 0 
7f3cd4158000-7f3cd415a000 r-xp 00000000 08:09 3678681                    /usr/lib/x86_64-linux-gnu/libXinerama.so.1.0.0
7f3cd415a000-7f3cd4359000 ---p 00002000 08:09 3678681                    /usr/lib/x86_64-linux-gnu/libXinerama.so.1.0.0
7f3cd4359000-7f3cd435a000 r--p 00001000 08:09 3678681                    /usr/lib/x86_64-linux-gnu/libXinerama.so.1.0.0
7f3cd435a000-7f3cd435b000 rw-p 00002000 08:09 3678681                    /usr/lib/x86_64-linux-gnu/libXinerama.so.1.0.0
7f3cd435b000-7f3cd435f000 r-xp 00000000 08:09 3678709                    /usr/lib/x86_64-linux-gnu/libXxf86vm.so.1.0.0
7f3cd435f000-7f3cd455f000 ---p 00004000 08:09 3678709                    /usr/lib/x86_64-linux-gnu/libXxf86vm.so.1.0.0
7f3cd455f000-7f3cd4560000 r--p 00004000 08:09 3678709                    /usr/lib/x86_64-linux-gnu/libXxf86vm.so.1.0.0
7f3cd4560000-7f3cd4561000 rw-p 00005000 08:09 3678709                    /usr/lib/x86_64-linux-gnu/libXxf86vm.so.1.0.0
7f3cd4561000-7f3cd456a000 r-xp 00000000 08:09 3678691                    /usr/lib/x86_64-linux-gnu/libXrandr.so.2.2.0
7f3cd456a000-7f3cd4769000 ---p 00009000 08:09 3678691                    /usr/lib/x86_64-linux-gnu/libXrandr.so.2.2.0
7f3cd4769000-7f3cd476a000 r--p 00008000 08:09 3678691                    /usr/lib/x86_64-linux-gnu/libXrandr.so.2.2.0
7f3cd476a000-7f3cd476b000 rw-p 00009000 08:09 3678691                    /usr/lib/x86_64-linux-gnu/libXrandr.so.2.2.0
7f3cd476b000-7f3cd477a000 r-xp 00000000 08:09 3678679                    /usr/lib/x86_64-linux-gnu/libXi.so.6.1.0
7f3cd477a000-7f3cd4979000 ---p 0000f000 08:09 3678679                    /usr/lib/x86_64-linux-gnu/libXi.so.6.1.0
7f3cd4979000-7f3cd497a000 r--p 0000e000 08:09 3678679                    /usr/lib/x86_64-linux-gnu/libXi.so.6.1.0
7f3cd497a000-7f3cd497b000 rw-p 0000f000 08:09 3678679                    /usr/lib/x86_64-linux-gnu/libXi.so.6.1.0
7f3cd497b000-7f3cd49dd000 r-xp 00000000 08:09 3934455                    /usr/lib/x86_64-linux-gnu/mesa/libGL.so.1.2.0
7f3cd49dd000-7f3cd4bdc000 ---p 00062000 08:09 3934455                    /usr/lib/x86_64-linux-gnu/mesa/libGL.so.1.2.0
7f3cd4bdc000-7f3cd4bdf000 r--p 00061000 08:09 3934455                    /usr/lib/x86_64-linux-gnu/mesa/libGL.so.1.2.0
7f3cd4bdf000-7f3cd4be0000 rw-p 00064000 08:09 3934455                    /usr/lib/x86_64-linux-gnu/mesa/libGL.so.1.2.0
7f3cd4be0000-7f3cd4be1000 rw-p 00000000 00:00 0 
7f3cd4be1000-7f3cd4d11000 r-xp 00000000 08:09 3678654                    /usr/lib/x86_64-linux-gnu/libX11.so.6.3.0
7f3cd4d11000-7f3cd4f11000 ---p 00130000 08:09 3678654                    /usr/lib/x86_64-linux-gnu/libX11.so.6.3.0
7f3cd4f11000-7f3cd4f12000 r--p 00130000 08:09 3678654                    /usr/lib/x86_64-linux-gnu/libX11.so.6.3.0
7f3cd4f12000-7f3cd4f16000 rw-p 00131000 08:09 3678654                    /usr/lib/x86_64-linux-gnu/libX11.so.6.3.0
7f3cd4f16000-7f3cd4f85000 r-xp 00000000 08:09 2102220                    /home/raul/lwjgl/native/linux/x64/liblwjgl.so
7f3cd4f85000-7f3cd5184000 ---p 0006f000 08:09 2102220                    /home/raul/lwjgl/native/linux/x64/liblwjgl.so
7f3cd5184000-7f3cd5185000 r--p 0006e000 08:09 2102220                    /home/raul/lwjgl/native/linux/x64/liblwjgl.so
7f3cd5185000-7f3cd5186000 rw-p 0006f000 08:09 2102220                    /home/raul/lwjgl/native/linux/x64/liblwjgl.so
7f3cd5186000-7f3cd5187000 rw-p 00000000 00:00 0 
7f3cd5187000-7f3cd5188000 ---p 00000000 00:00 0 
7f3cd5188000-7f3cd5288000 rw-p 00000000 00:00 0                          [stack:8597]
7f3cd5288000-7f3cd528b000 ---p 00000000 00:00 0 
7f3cd528b000-7f3cd5389000 rw-p 00000000 00:00 0                          [stack:8596]
7f3cd5389000-7f3cd538c000 ---p 00000000 00:00 0 
7f3cd538c000-7f3cd548a000 rw-p 00000000 00:00 0                          [stack:8595]
7f3cd548a000-7f3cd548d000 ---p 00000000 00:00 0 
7f3cd548d000-7f3cd558b000 rw-p 00000000 00:00 0                          [stack:8594]
7f3cd558b000-7f3cd558e000 ---p 00000000 00:00 0 
7f3cd558e000-7f3cd568c000 rw-p 00000000 00:00 0                          [stack:8593]
7f3cd568c000-7f3cd5d6e000 r--p 00000000 08:09 3677561                    /usr/lib/locale/locale-archive
7f3cd5d6e000-7f3cd5d71000 ---p 00000000 00:00 0 
7f3cd5d71000-7f3cd5e6f000 rw-p 00000000 00:00 0                          [stack:8592]
7f3cd5e6f000-7f3cd5e72000 ---p 00000000 00:00 0 
7f3cd5e72000-7f3cd8000000 rw-p 00000000 00:00 0                          [stack:8591]
7f3cd8000000-7f3cd8021000 rw-p 00000000 00:00 0 
7f3cd8021000-7f3cdc000000 ---p 00000000 00:00 0 
7f3cdc07a000-7f3cdc082000 rw-s 00000000 00:04 85642                      /drm mm object (deleted)
7f3cdc082000-7f3cdc0f1000 rw-p 00000000 00:00 0 
7f3cdc0f1000-7f3cdc0f2000 ---p 00000000 00:00 0 
7f3cdc0f2000-7f3cdd000000 rw-p 00000000 00:00 0                          [stack:8590]
7f3cdd000000-7f3cdd270000 rwxp 00000000 00:00 0 
7f3cdd270000-7f3ce0922000 rw-p 00000000 00:00 0 
7f3ce0922000-7f3ce4000000 ---p 00000000 00:00 0 
7f3ce4004000-7f3ce400c000 rw-s 00000000 00:04 85641                      /drm mm object (deleted)
7f3ce400c000-7f3ce4014000 rw-s 00000000 00:04 85637                      /drm mm object (deleted)
7f3ce4014000-7f3ce401b000 r--s 00000000 08:09 3939448                    /usr/lib/x86_64-linux-gnu/gconv/gconv-modules.cache
7f3ce401b000-7f3ce4041000 r--p 00000000 08:09 4329090                    /usr/share/locale-langpack/es/LC_MESSAGES/libc.mo
7f3ce4041000-7f3ce4232000 rw-p 00000000 00:00 0 
7f3ce4232000-7f3ce43f1000 r--s 039eb000 08:09 1837861                    /home/raul/jdk1.7.0_75/jre/lib/rt.jar
7f3ce43f1000-7f3ce46f3000 rw-p 00000000 00:00 0 
7f3ce46f3000-7f3ce46f4000 ---p 00000000 00:00 0 
7f3ce46f4000-7f3ce47f4000 rw-p 00000000 00:00 0                          [stack:8589]
7f3ce47f4000-7f3ce47f5000 ---p 00000000 00:00 0 
7f3ce47f5000-7f3ce48f5000 rw-p 00000000 00:00 0                          [stack:8588]
7f3ce48f5000-7f3ce48f6000 ---p 00000000 00:00 0 
7f3ce48f6000-7f3ce49f6000 rw-p 00000000 00:00 0                          [stack:8587]
7f3ce49f6000-7f3ce49f7000 ---p 00000000 00:00 0 
7f3ce49f7000-7f3ce4b02000 rw-p 00000000 00:00 0                          [stack:8586]
7f3ce4b02000-7f3ce4b20000 rw-p 00000000 00:00 0 
7f3ce4b20000-7f3ce4b34000 rw-p 00000000 00:00 0 
7f3ce4b34000-7f3ce4c60000 rw-p 00000000 00:00 0 
7f3ce4c60000-7f3ce4c6b000 rw-p 00000000 00:00 0 
7f3ce4c6b000-7f3ce4c89000 rw-p 00000000 00:00 0 
7f3ce4c89000-7f3ce4c9d000 rw-p 00000000 00:00 0 
7f3ce4c9d000-7f3ce4dc9000 rw-p 00000000 00:00 0 
7f3ce4dc9000-7f3ce4dd3000 rw-p 00000000 00:00 0 
7f3ce4dd3000-7f3ce4e69000 rw-p 00000000 00:00 0 
7f3ce4e69000-7f3ce4e6a000 rw-p 00000000 00:00 0 
7f3ce4e6a000-7f3ce4e84000 r-xp 00000000 08:09 1837823                    /home/raul/jdk1.7.0_75/jre/lib/amd64/libzip.so
7f3ce4e84000-7f3ce5084000 ---p 0001a000 08:09 1837823                    /home/raul/jdk1.7.0_75/jre/lib/amd64/libzip.so
7f3ce5084000-7f3ce5085000 rw-p 0001a000 08:09 1837823                    /home/raul/jdk1.7.0_75/jre/lib/amd64/libzip.so
7f3ce5085000-7f3ce5090000 r-xp 00000000 08:09 2625429                    /lib/x86_64-linux-gnu/libnss_files-2.19.so
7f3ce5090000-7f3ce528f000 ---p 0000b000 08:09 2625429                    /lib/x86_64-linux-gnu/libnss_files-2.19.so
7f3ce528f000-7f3ce5290000 r--p 0000a000 08:09 2625429                    /lib/x86_64-linux-gnu/libnss_files-2.19.so
7f3ce5290000-7f3ce5291000 rw-p 0000b000 08:09 2625429                    /lib/x86_64-linux-gnu/libnss_files-2.19.so
7f3ce5291000-7f3ce529c000 r-xp 00000000 08:09 2621542                    /lib/x86_64-linux-gnu/libnss_nis-2.19.so
7f3ce529c000-7f3ce549b000 ---p 0000b000 08:09 2621542                    /lib/x86_64-linux-gnu/libnss_nis-2.19.so
7f3ce549b000-7f3ce549c000 r--p 0000a000 08:09 2621542                    /lib/x86_64-linux-gnu/libnss_nis-2.19.so
7f3ce549c000-7f3ce549d000 rw-p 0000b000 08:09 2621542                    /lib/x86_64-linux-gnu/libnss_nis-2.19.so
7f3ce549d000-7f3ce54b4000 r-xp 00000000 08:09 2621536                    /lib/x86_64-linux-gnu/libnsl-2.19.so
7f3ce54b4000-7f3ce56b3000 ---p 00017000 08:09 2621536                    /lib/x86_64-linux-gnu/libnsl-2.19.so
7f3ce56b3000-7f3ce56b4000 r--p 00016000 08:09 2621536                    /lib/x86_64-linux-gnu/libnsl-2.19.so
7f3ce56b4000-7f3ce56b5000 rw-p 00017000 08:09 2621536                    /lib/x86_64-linux-gnu/libnsl-2.19.so
7f3ce56b5000-7f3ce56b7000 rw-p 00000000 00:00 0 
7f3ce56b7000-7f3ce56c0000 r-xp 00000000 08:09 2621533                    /lib/x86_64-linux-gnu/libnss_compat-2.19.so
7f3ce56c0000-7f3ce58bf000 ---p 00009000 08:09 2621533                    /lib/x86_64-linux-gnu/libnss_compat-2.19.so
7f3ce58bf000-7f3ce58c0000 r--p 00008000 08:09 2621533                    /lib/x86_64-linux-gnu/libnss_compat-2.19.so
7f3ce58c0000-7f3ce58c1000 rw-p 00009000 08:09 2621533                    /lib/x86_64-linux-gnu/libnss_compat-2.19.so
7f3ce58c1000-7f3ce58ea000 r-xp 00000000 08:09 1837758                    /home/raul/jdk1.7.0_75/jre/lib/amd64/libjava.so
7f3ce58ea000-7f3ce5aea000 ---p 00029000 08:09 1837758                    /home/raul/jdk1.7.0_75/jre/lib/amd64/libjava.so
7f3ce5aea000-7f3ce5aec000 rw-p 00029000 08:09 1837758                    /home/raul/jdk1.7.0_75/jre/lib/amd64/libjava.so
7f3ce5aec000-7f3ce5af9000 r-xp 00000000 08:09 1837636                    /home/raul/jdk1.7.0_75/jre/lib/amd64/libverify.so
7f3ce5af9000-7f3ce5cf8000 ---p 0000d000 08:09 1837636                    /home/raul/jdk1.7.0_75/jre/lib/amd64/libverify.so
7f3ce5cf8000-7f3ce5cfa000 rw-p 0000c000 08:09 1837636                    /home/raul/jdk1.7.0_75/jre/lib/amd64/libverify.so
7f3ce5cfa000-7f3ce5d01000 r-xp 00000000 08:09 2621470                    /lib/x86_64-linux-gnu/librt-2.19.so
7f3ce5d01000-7f3ce5f00000 ---p 00007000 08:09 2621470                    /lib/x86_64-linux-gnu/librt-2.19.so
7f3ce5f00000-7f3ce5f01000 r--p 00006000 08:09 2621470                    /lib/x86_64-linux-gnu/librt-2.19.so
7f3ce5f01000-7f3ce5f02000 rw-p 00007000 08:09 2621470                    /lib/x86_64-linux-gnu/librt-2.19.so
7f3ce5f02000-7f3ce6007000 r-xp 00000000 08:09 2621535                    /lib/x86_64-linux-gnu/libm-2.19.so
7f3ce6007000-7f3ce6206000 ---p 00105000 08:09 2621535                    /lib/x86_64-linux-gnu/libm-2.19.so
7f3ce6206000-7f3ce6207000 r--p 00104000 08:09 2621535                    /lib/x86_64-linux-gnu/libm-2.19.so
7f3ce6207000-7f3ce6208000 rw-p 00105000 08:09 2621535                    /lib/x86_64-linux-gnu/libm-2.19.so
7f3ce6208000-7f3ce6d7b000 r-xp 00000000 08:09 1837408                    /home/raul/jdk1.7.0_75/jre/lib/amd64/server/libjvm.so
7f3ce6d7b000-7f3ce6f7b000 ---p 00b73000 08:09 1837408                    /home/raul/jdk1.7.0_75/jre/lib/amd64/server/libjvm.so
7f3ce6f7b000-7f3ce703f000 rw-p 00b73000 08:09 1837408                    /home/raul/jdk1.7.0_75/jre/lib/amd64/server/libjvm.so
7f3ce703f000-7f3ce7080000 rw-p 00000000 00:00 0 
7f3ce7080000-7f3ce723b000 r-xp 00000000 08:09 2621469                    /lib/x86_64-linux-gnu/libc-2.19.so
7f3ce723b000-7f3ce743b000 ---p 001bb000 08:09 2621469                    /lib/x86_64-linux-gnu/libc-2.19.so
7f3ce743b000-7f3ce743f000 r--p 001bb000 08:09 2621469                    /lib/x86_64-linux-gnu/libc-2.19.so
7f3ce743f000-7f3ce7441000 rw-p 001bf000 08:09 2621469                    /lib/x86_64-linux-gnu/libc-2.19.so
7f3ce7441000-7f3ce7446000 rw-p 00000000 00:00 0 
7f3ce7446000-7f3ce7449000 r-xp 00000000 08:09 2621531                    /lib/x86_64-linux-gnu/libdl-2.19.so
7f3ce7449000-7f3ce7648000 ---p 00003000 08:09 2621531                    /lib/x86_64-linux-gnu/libdl-2.19.so
7f3ce7648000-7f3ce7649000 r--p 00002000 08:09 2621531                    /lib/x86_64-linux-gnu/libdl-2.19.so
7f3ce7649000-7f3ce764a000 rw-p 00003000 08:09 2621531                    /lib/x86_64-linux-gnu/libdl-2.19.so
7f3ce764a000-7f3ce7660000 r-xp 00000000 08:09 1837831                    /home/raul/jdk1.7.0_75/lib/amd64/jli/libjli.so
7f3ce7660000-7f3ce7860000 ---p 00016000 08:09 1837831                    /home/raul/jdk1.7.0_75/lib/amd64/jli/libjli.so
7f3ce7860000-7f3ce7861000 rw-p 00016000 08:09 1837831                    /home/raul/jdk1.7.0_75/lib/amd64/jli/libjli.so
7f3ce7861000-7f3ce787a000 r-xp 00000000 08:09 2621544                    /lib/x86_64-linux-gnu/libpthread-2.19.so
7f3ce787a000-7f3ce7a79000 ---p 00019000 08:09 2621544                    /lib/x86_64-linux-gnu/libpthread-2.19.so
7f3ce7a79000-7f3ce7a7a000 r--p 00018000 08:09 2621544                    /lib/x86_64-linux-gnu/libpthread-2.19.so
7f3ce7a7a000-7f3ce7a7b000 rw-p 00019000 08:09 2621544                    /lib/x86_64-linux-gnu/libpthread-2.19.so
7f3ce7a7b000-7f3ce7a7f000 rw-p 00000000 00:00 0 
7f3ce7a7f000-7f3ce7aa2000 r-xp 00000000 08:09 2621459                    /lib/x86_64-linux-gnu/ld-2.19.so
7f3ce7aa4000-7f3ce7aa5000 rw-p 00000000 00:00 0 
7f3ce7aa5000-7f3ce7aa6000 rw-s 00000000 00:04 85644                      /drm mm object (deleted)
7f3ce7aa6000-7f3ce7aa7000 rw-s 00000000 00:04 83702                      /drm mm object (deleted)
7f3ce7aa7000-7f3ce7aa8000 rwxp 00000000 00:00 0 
7f3ce7aa8000-7f3ce7ac7000 rw-p 00000000 00:00 0 
7f3ce7ac7000-7f3ce7b7d000 rw-p 00000000 00:00 0 
7f3ce7b7d000-7f3ce7b80000 ---p 00000000 00:00 0 
7f3ce7b80000-7f3ce7c82000 rw-p 00000000 00:00 0                          [stack:8584]
7f3ce7c82000-7f3ce7c83000 rw-s 00000000 00:04 85638                      /drm mm object (deleted)
7f3ce7c83000-7f3ce7c84000 rwxp 00000000 00:00 0 
7f3ce7c84000-7f3ce7c86000 r--s 00004000 08:09 1968631                    /home/raul/.netbeans/8.0.2/gluegen-runtime/gluegen-rt.jar
7f3ce7c86000-7f3ce7c95000 r--s 0012e000 08:09 2102216                    /home/raul/lwjgl/jar/lwjgl.jar
7f3ce7c95000-7f3ce7c9d000 rw-s 00000000 08:09 4080687                    /tmp/hsperfdata_raul/8581
7f3ce7c9d000-7f3ce7c9e000 rw-p 00000000 00:00 0 
7f3ce7c9e000-7f3ce7c9f000 r--p 00000000 00:00 0 
7f3ce7c9f000-7f3ce7ca1000 rw-p 00000000 00:00 0 
7f3ce7ca1000-7f3ce7ca2000 r--p 00022000 08:09 2621459                    /lib/x86_64-linux-gnu/ld-2.19.so
7f3ce7ca2000-7f3ce7ca3000 rw-p 00023000 08:09 2621459                    /lib/x86_64-linux-gnu/ld-2.19.so
7f3ce7ca3000-7f3ce7ca4000 rw-p 00000000 00:00 0 
7fff6ecf9000-7fff6ed1a000 rw-p 00000000 00:00 0                          [stack]
7fff6ed32000-7fff6ed34000 r-xp 00000000 00:00 0                          [vdso]
ffffffffff600000-ffffffffff601000 r-xp 00000000 00:00 0                  [vsyscall]

VM Arguments:
jvm_args: -Dfile.encoding=UTF-8 -Djava.library.path=/home/raul/lwjgl/native/linux/x64 
java_command: simulador.Main
Launcher Type: SUN_STANDARD

Environment Variables:
PATH=/usr/local/sbin:/usr/local/bin:/usr/sbin:/usr/bin:/sbin:/bin:/usr/games:/usr/local/games
LD_LIBRARY_PATH=/home/raul/jdk1.7.0_75/jre/lib/amd64:/home/raul/jdk1.7.0_75/jre/lib/i386:
SHELL=/bin/bash
DISPLAY=:0

Signal Handlers:
SIGSEGV: [libjvm.so+0x9a21f0], sa_mask[0]=0x7ffbfeff, sa_flags=0x10000004
SIGBUS: [libjvm.so+0x9a21f0], sa_mask[0]=0x7ffbfeff, sa_flags=0x10000004
SIGFPE: [libjvm.so+0x81ba40], sa_mask[0]=0x7ffbfeff, sa_flags=0x10000004
SIGPIPE: [libjvm.so+0x81ba40], sa_mask[0]=0x7ffbfeff, sa_flags=0x10000004
SIGXFSZ: [libjvm.so+0x81ba40], sa_mask[0]=0x7ffbfeff, sa_flags=0x10000004
SIGILL: [libjvm.so+0x81ba40], sa_mask[0]=0x7ffbfeff, sa_flags=0x10000004
SIGUSR1: SIG_DFL, sa_mask[0]=0x00000000, sa_flags=0x00000000
SIGUSR2: [libjvm.so+0x81d240], sa_mask[0]=0x00000004, sa_flags=0x10000004
SIGHUP: [libjvm.so+0x81e360], sa_mask[0]=0x7ffbfeff, sa_flags=0x10000004
SIGINT: SIG_IGN, sa_mask[0]=0x00000000, sa_flags=0x00000000
SIGTERM: [libjvm.so+0x81e360], sa_mask[0]=0x7ffbfeff, sa_flags=0x10000004
SIGQUIT: [libjvm.so+0x81e360], sa_mask[0]=0x7ffbfeff, sa_flags=0x10000004


---------------  S Y S T E M  ---------------

OS:jessie/sid

uname:Linux 3.13.0-45-generic #74-Ubuntu SMP Tue Jan 13 19:36:28 UTC 2015 x86_64
libc:glibc 2.19 NPTL 2.19 
rlimit: STACK 8192k, CORE 0k, NPROC 29139, NOFILE 4096, AS infinity
load average:0,22 0,31 0,32

/proc/meminfo:
MemTotal:        3931356 kB
MemFree:          338752 kB
Buffers:          105548 kB
Cached:          1586252 kB
SwapCached:            0 kB
Active:          2095644 kB
Inactive:        1314076 kB
Active(anon):    1654216 kB
Inactive(anon):   395620 kB
Active(file):     441428 kB
Inactive(file):   918456 kB
Unevictable:          32 kB
Mlocked:              32 kB
SwapTotal:       4077564 kB
SwapFree:        4077564 kB
Dirty:               528 kB
Writeback:             8 kB
AnonPages:       1717888 kB
Mapped:           218664 kB
Shmem:            331908 kB
Slab:              95564 kB
SReclaimable:      63136 kB
SUnreclaim:        32428 kB
KernelStack:        4464 kB
PageTables:        31376 kB
NFS_Unstable:          0 kB
Bounce:                0 kB
WritebackTmp:          0 kB
CommitLimit:     6043240 kB
Committed_AS:    5229224 kB
VmallocTotal:   34359738367 kB
VmallocUsed:      350792 kB
VmallocChunk:   34359367036 kB
HardwareCorrupted:     0 kB
AnonHugePages:    915456 kB
HugePages_Total:       0
HugePages_Free:        0
HugePages_Rsvd:        0
HugePages_Surp:        0
Hugepagesize:       2048 kB
DirectMap4k:       75840 kB
DirectMap2M:     4001792 kB


CPU:total 4 (2 cores per cpu, 2 threads per core) family 6 model 58 stepping 9, cmov, cx8, fxsr, mmx, sse, sse2, sse3, ssse3, sse4.1, sse4.2, popcnt, avx, aes, erms, ht, tsc, tscinvbit, tscinv

/proc/cpuinfo:
processor	: 0
vendor_id	: GenuineIntel
cpu family	: 6
model		: 58
model name	: Intel(R) Core(TM) i5-3230M CPU @ 2.60GHz
stepping	: 9
microcode	: 0x12
cpu MHz		: 2601.000
cache size	: 3072 KB
physical id	: 0
siblings	: 4
core id		: 0
cpu cores	: 2
apicid		: 0
initial apicid	: 0
fpu		: yes
fpu_exception	: yes
cpuid level	: 13
wp		: yes
flags		: fpu vme de pse tsc msr pae mce cx8 apic sep mtrr pge mca cmov pat pse36 clflush dts acpi mmx fxsr sse sse2 ss ht tm pbe syscall nx rdtscp lm constant_tsc arch_perfmon pebs bts rep_good nopl xtopology nonstop_tsc aperfmperf eagerfpu pni pclmulqdq dtes64 monitor ds_cpl vmx est tm2 ssse3 cx16 xtpr pdcm pcid sse4_1 sse4_2 x2apic popcnt tsc_deadline_timer aes xsave avx f16c rdrand lahf_lm ida arat epb xsaveopt pln pts dtherm tpr_shadow vnmi flexpriority ept vpid fsgsbase smep erms
bogomips	: 5188.23
clflush size	: 64
cache_alignment	: 64
address sizes	: 36 bits physical, 48 bits virtual
power management:

processor	: 1
vendor_id	: GenuineIntel
cpu family	: 6
model		: 58
model name	: Intel(R) Core(TM) i5-3230M CPU @ 2.60GHz
stepping	: 9
microcode	: 0x12
cpu MHz		: 1200.000
cache size	: 3072 KB
physical id	: 0
siblings	: 4
core id		: 1
cpu cores	: 2
apicid		: 2
initial apicid	: 2
fpu		: yes
fpu_exception	: yes
cpuid level	: 13
wp		: yes
flags		: fpu vme de pse tsc msr pae mce cx8 apic sep mtrr pge mca cmov pat pse36 clflush dts acpi mmx fxsr sse sse2 ss ht tm pbe syscall nx rdtscp lm constant_tsc arch_perfmon pebs bts rep_good nopl xtopology nonstop_tsc aperfmperf eagerfpu pni pclmulqdq dtes64 monitor ds_cpl vmx est tm2 ssse3 cx16 xtpr pdcm pcid sse4_1 sse4_2 x2apic popcnt tsc_deadline_timer aes xsave avx f16c rdrand lahf_lm ida arat epb xsaveopt pln pts dtherm tpr_shadow vnmi flexpriority ept vpid fsgsbase smep erms
bogomips	: 5188.23
clflush size	: 64
cache_alignment	: 64
address sizes	: 36 bits physical, 48 bits virtual
power management:

processor	: 2
vendor_id	: GenuineIntel
cpu family	: 6
model		: 58
model name	: Intel(R) Core(TM) i5-3230M CPU @ 2.60GHz
stepping	: 9
microcode	: 0x12
cpu MHz		: 1200.000
cache size	: 3072 KB
physical id	: 0
siblings	: 4
core id		: 0
cpu cores	: 2
apicid		: 1
initial apicid	: 1
fpu		: yes
fpu_exception	: yes
cpuid level	: 13
wp		: yes
flags		: fpu vme de pse tsc msr pae mce cx8 apic sep mtrr pge mca cmov pat pse36 clflush dts acpi mmx fxsr sse sse2 ss ht tm pbe syscall nx rdtscp lm constant_tsc arch_perfmon pebs bts rep_good nopl xtopology nonstop_tsc aperfmperf eagerfpu pni pclmulqdq dtes64 monitor ds_cpl vmx est tm2 ssse3 cx16 xtpr pdcm pcid sse4_1 sse4_2 x2apic popcnt tsc_deadline_timer aes xsave avx f16c rdrand lahf_lm ida arat epb xsaveopt pln pts dtherm tpr_shadow vnmi flexpriority ept vpid fsgsbase smep erms
bogomips	: 5188.23
clflush size	: 64
cache_alignment	: 64
address sizes	: 36 bits physical, 48 bits virtual
power management:

processor	: 3
vendor_id	: GenuineIntel
cpu family	: 6
model		: 58
model name	: Intel(R) Core(TM) i5-3230M CPU @ 2.60GHz
stepping	: 9
microcode	: 0x12
cpu MHz		: 2601.000
cache size	: 3072 KB
physical id	: 0
siblings	: 4
core id		: 1
cpu cores	: 2
apicid		: 3
initial apicid	: 3
fpu		: yes
fpu_exception	: yes
cpuid level	: 13
wp		: yes
flags		: fpu vme de pse tsc msr pae mce cx8 apic sep mtrr pge mca cmov pat pse36 clflush dts acpi mmx fxsr sse sse2 ss ht tm pbe syscall nx rdtscp lm constant_tsc arch_perfmon pebs bts rep_good nopl xtopology nonstop_tsc aperfmperf eagerfpu pni pclmulqdq dtes64 monitor ds_cpl vmx est tm2 ssse3 cx16 xtpr pdcm pcid sse4_1 sse4_2 x2apic popcnt tsc_deadline_timer aes xsave avx f16c rdrand lahf_lm ida arat epb xsaveopt pln pts dtherm tpr_shadow vnmi flexpriority ept vpid fsgsbase smep erms
bogomips	: 5188.23
clflush size	: 64
cache_alignment	: 64
address sizes	: 36 bits physical, 48 bits virtual
power management:



Memory: 4k page, physical 3931356k(338752k free), swap 4077564k(4077564k free)

vm_info: Java HotSpot(TM) 64-Bit Server VM (24.75-b04) for linux-amd64 JRE (1.7.0_75-b13), built on Dec 18 2014 16:45:18 by "java_re" with gcc 4.3.0 20080428 (Red Hat 4.3.0-8)

time: Sat Mar 28 18:56:13 2015
elapsed time: 0 seconds

