#
# A fatal error has been detected by the Java Runtime Environment:
#
#  SIGSEGV (0xb) at pc=0x00007f19c1242b80, pid=4128, tid=139748603229952
#
# JRE version: Java(TM) SE Runtime Environment (7.0_75-b13) (build 1.7.0_75-b13)
# Java VM: Java HotSpot(TM) 64-Bit Server VM (24.75-b04 mixed mode linux-amd64 compressed oops)
# Problematic frame:
# C  [libc.so.6+0x98b80]  envz_strip+0x610
#
# Failed to write core dump. Core dumps have been disabled. To enable core dumping, try "ulimit -c unlimited" before starting Java again
#
# If you would like to submit a bug report, please visit:
#   http://bugreport.sun.com/bugreport/crash.jsp
# The crash happened outside the Java Virtual Machine in native code.
# See problematic frame for where to report the bug.
#

---------------  T H R E A D  ---------------

Current thread (0x00007f19bc00a000):  JavaThread "main" [_thread_in_native, id=4133, stack(0x00007f19c1ca7000,0x00007f19c1da8000)]

siginfo:si_signo=SIGSEGV: si_errno=0, si_code=1 (SEGV_MAPERR), si_addr=0x0000000000000000

Registers:
RAX=0xffff80e64bf6835c, RBX=0x00007f19b402c038, RCX=0x0000000000000060, RDX=0x0000000000000030
RSP=0x00007f19c1da62d8, RBP=0x0000000000000000, RSI=0x0000000000000000, RDI=0x00007f19b4097c74
R8 =0x0000000000000007, R9 =0x00007f19bc000078, R10=0x0000000000000000, R11=0x0000000000000246
R12=0x0000000000000030, R13=0x0000000000000030, R14=0x0000000000000000, R15=0x00007f19b4099170
RIP=0x00007f19c1242b80, EFLAGS=0x0000000000010202, CSGSFS=0x0000000000000033, ERR=0x0000000000000004
  TRAPNO=0x000000000000000e

Top of Stack: (sp=0x00007f19c1da62d8)
0x00007f19c1da62d8:   00007f197f0c50dd 0000000000000000
0x00007f19c1da62e8:   0000000000000000 0000000000000000
0x00007f19c1da62f8:   00007f19b4099178 0000000000000010
0x00007f19c1da6308:   0000000000000010 00007f19b4099170
0x00007f19c1da6318:   0000000000000002 0000000000000000
0x00007f19c1da6328:   00007f197f0e91ee 0000000000000001
0x00007f19c1da6338:   00007f19b402c038 00007f19bc910070
0x00007f19c1da6348:   00007f1900000030 000000000000000d
0x00007f19c1da6358:   00007f19b4099178 00007f19b4098ff0
0x00007f19c1da6368:   00007f19b402c038 00007f19c1da63c0
0x00007f19c1da6378:   0000000000000000 0000000000000001
0x00007f19c1da6388:   00007f197f0e9ae4 0000000000800016
0x00007f19c1da6398:   00007f1900000002 0000000200000000
0x00007f19c1da63a8:   0000000000000001 00007f19b4099148
0x00007f19c1da63b8:   0000000200000001 00007f19b4098ff0
0x00007f19c1da63c8:   00007f19bc91e9b8 00007f197f5272e8
0x00007f19c1da63d8:   0000000000000001 00007f19bc90fcc8
0x00007f19c1da63e8:   00007f19b402c038 00007f19bc767120
0x00007f19c1da63f8:   0000000000000000 0000000000000000
0x00007f19c1da6408:   0000000000000001 00000000304c0aff
0x00007f19c1da6418:   00007f197ebf603d 00007f1900000000
0x00007f19c1da6428:   00007f19b402c038 00007f19bc317b20
0x00007f19c1da6438:   00007f197f0b54df 00007f19b402c038
0x00007f19c1da6448:   00007f19bc766710 00007f19bc766e70
0x00007f19c1da6458:   00007f197f17670c 00007f19bc7669c0
0x00007f19c1da6468:   0000000000000001 00007f1900000000
0x00007f19c1da6478:   0000000000000000 00007f19bc766710
0x00007f19c1da6488:   00007f19b402c038 0000000000000001
0x00007f19c1da6498:   00007f19bc766e70 0000000000000001
0x00007f19c1da64a8:   00007f19bc766710 0000000000000000
0x00007f19c1da64b8:   00007f197f12a974 0000000000000001
0x00007f19c1da64c8:   00007f1900000001 00000000000002bc 

Instructions: (pc=0x00007f19c1242b80)
0x00007f19c1242b60:   48 89 f0 48 8d 0c 12 48 29 f8 48 29 d0 48 39 c8
0x00007f19c1242b70:   0f 82 07 01 00 00 48 83 fa 10 0f 86 8b 01 00 00
0x00007f19c1242b80:   f3 44 0f 6f 06 48 83 fa 20 f3 44 0f 7f 07 f3 44
0x00007f19c1242b90:   0f 6f 44 16 f0 f3 44 0f 7f 44 17 f0 77 12 48 89 

Register to memory mapping:

RAX=0xffff80e64bf6835c is an unknown value
RBX=0x00007f19b402c038 is an unknown value
RCX=0x0000000000000060 is an unknown value
RDX=0x0000000000000030 is an unknown value
RSP=0x00007f19c1da62d8 is pointing into the stack for thread: 0x00007f19bc00a000
RBP=0x0000000000000000 is an unknown value
RSI=0x0000000000000000 is an unknown value
RDI=0x00007f19b4097c74 is an unknown value
R8 =0x0000000000000007 is an unknown value
R9 =0x00007f19bc000078 is an unknown value
R10=0x0000000000000000 is an unknown value
R11=0x0000000000000246 is an unknown value
R12=0x0000000000000030 is an unknown value
R13=0x0000000000000030 is an unknown value
R14=0x0000000000000000 is an unknown value
R15=0x00007f19b4099170 is an unknown value


Stack: [0x00007f19c1ca7000,0x00007f19c1da8000],  sp=0x00007f19c1da62d8,  free space=1020k
Native frames: (J=compiled Java code, j=interpreted, Vv=VM code, C=native code)
C  [libc.so.6+0x98b80]  envz_strip+0x610

[error occurred during error reporting (printing native stack), id 0xb]

Java frames: (J=compiled Java code, j=interpreted, Vv=VM code)
j  org.lwjgl.opengl.GL11.nglDrawArrays(IIIJ)V+0
j  org.lwjgl.opengl.GL11.glDrawArrays(III)V+22
j  simulador.Avion.draw()V+113
j  simulador.Simulador.draw()V+35
j  simulador.Simulador.come_alive()V+57
j  simulador.Simulador.run()V+1
j  simulador.Main.main([Ljava/lang/String;)V+13
v  ~StubRoutines::call_stub

---------------  P R O C E S S  ---------------

Java Threads: ( => current thread )
  0x00007f19bc0a0800 JavaThread "Service Thread" daemon [_thread_blocked, id=4144, stack(0x00007f19af419000,0x00007f19af51a000)]
  0x00007f19bc09e000 JavaThread "C2 CompilerThread1" daemon [_thread_blocked, id=4143, stack(0x00007f19af51a000,0x00007f19af61b000)]
  0x00007f19bc09b800 JavaThread "C2 CompilerThread0" daemon [_thread_blocked, id=4142, stack(0x00007f19af61b000,0x00007f19af71c000)]
  0x00007f19bc099000 JavaThread "Signal Dispatcher" daemon [_thread_blocked, id=4141, stack(0x00007f19af71c000,0x00007f19af81d000)]
  0x00007f19bc070000 JavaThread "Finalizer" daemon [_thread_blocked, id=4140, stack(0x00007f19afeff000,0x00007f19b0000000)]
  0x00007f19bc06e000 JavaThread "Reference Handler" daemon [_thread_blocked, id=4139, stack(0x00007f19b40c8000,0x00007f19b41c9000)]
=>0x00007f19bc00a000 JavaThread "main" [_thread_in_native, id=4133, stack(0x00007f19c1ca7000,0x00007f19c1da8000)]

Other Threads:
  0x00007f19bc069800 VMThread [stack: 0x00007f19b41c9000,0x00007f19b42ca000] [id=4138]
  0x00007f19bc0ab800 WatcherThread [stack: 0x00007f19af318000,0x00007f19af419000] [id=4145]

VM state:not at safepoint (normal execution)

VM Mutex/Monitor currently owned by a thread: None

Heap
 PSYoungGen      total 17920K, used 8978K [0x00000000ec000000, 0x00000000ed400000, 0x0000000100000000)
  eden space 15360K, 58% used [0x00000000ec000000,0x00000000ec8c4960,0x00000000ecf00000)
  from space 2560K, 0% used [0x00000000ed180000,0x00000000ed180000,0x00000000ed400000)
  to   space 2560K, 0% used [0x00000000ecf00000,0x00000000ecf00000,0x00000000ed180000)
 ParOldGen       total 40960K, used 0K [0x00000000c4000000, 0x00000000c6800000, 0x00000000ec000000)
  object space 40960K, 0% used [0x00000000c4000000,0x00000000c4000000,0x00000000c6800000)
 PSPermGen       total 21504K, used 7097K [0x00000000bee00000, 0x00000000c0300000, 0x00000000c4000000)
  object space 21504K, 33% used [0x00000000bee00000,0x00000000bf4ee7e8,0x00000000c0300000)

Card table byte_map: [0x00007f19b7d5e000,0x00007f19b7f68000] byte_map_base: 0x00007f19b7767000

Polling page: 0x00007f19c1dc8000

Code Cache  [0x00007f19b7f68000, 0x00007f19b81d8000, 0x00007f19baf68000)
 total_blobs=488 nmethods=19 adapters=423 free_code_cache=48595Kb largest_free_block=49750336

Compilation events (10 events):
Event: 0,259 Thread 0x00007f19bc09b800   14             java.lang.String::length (6 bytes)
Event: 0,260 Thread 0x00007f19bc09b800 nmethod 14 0x00007f19b7fdcd50 code [0x00007f19b7fdce80, 0x00007f19b7fdcef8]
Event: 0,286 Thread 0x00007f19bc09e000   15             org.lwjgl.system.MemoryUtil::memEncodeASCII (62 bytes)
Event: 0,288 Thread 0x00007f19bc09b800   16             java.lang.Object::<init> (1 bytes)
Event: 0,289 Thread 0x00007f19bc09b800 nmethod 16 0x00007f19b7fec610 code [0x00007f19b7fec740, 0x00007f19b7fec7b8]
Event: 0,295 Thread 0x00007f19bc09e000 nmethod 15 0x00007f19b7fee3d0 code [0x00007f19b7fee540, 0x00007f19b7fee998]
Event: 0,317 Thread 0x00007f19bc09b800   17             java.lang.String::equals (81 bytes)
Event: 0,322 Thread 0x00007f19bc09b800 nmethod 17 0x00007f19b7fec990 code [0x00007f19b7fecae0, 0x00007f19b7fecd38]
Event: 0,373 Thread 0x00007f19bc09e000   18             sun.net.www.ParseUtil::encodePath (336 bytes)
Event: 0,394 Thread 0x00007f19bc09e000 nmethod 18 0x00007f19b7ff4250 code [0x00007f19b7ff44a0, 0x00007f19b7ff54f8]

GC Heap History (0 events):
No events

Deoptimization events (0 events):
No events

Internal exceptions (10 events):
Event: 0,397 Thread 0x00007f19bc00a000 Threw 0x00000000ec863658 at /HUDSON/workspace/7u-2-build-linux-amd64/jdk7u75/1940/hotspot/src/share/vm/prims/jvm.cpp:1281
Event: 0,398 Thread 0x00007f19bc00a000 Threw 0x00000000ec866288 at /HUDSON/workspace/7u-2-build-linux-amd64/jdk7u75/1940/hotspot/src/share/vm/prims/jvm.cpp:1281
Event: 0,398 Thread 0x00007f19bc00a000 Threw 0x00000000ec8692a8 at /HUDSON/workspace/7u-2-build-linux-amd64/jdk7u75/1940/hotspot/src/share/vm/prims/jvm.cpp:1281
Event: 0,399 Thread 0x00007f19bc00a000 Threw 0x00000000ec86bda8 at /HUDSON/workspace/7u-2-build-linux-amd64/jdk7u75/1940/hotspot/src/share/vm/prims/jvm.cpp:1281
Event: 0,399 Thread 0x00007f19bc00a000 Threw 0x00000000ec870c00 at /HUDSON/workspace/7u-2-build-linux-amd64/jdk7u75/1940/hotspot/src/share/vm/prims/jvm.cpp:1281
Event: 0,401 Thread 0x00007f19bc00a000 Threw 0x00000000ec875750 at /HUDSON/workspace/7u-2-build-linux-amd64/jdk7u75/1940/hotspot/src/share/vm/prims/jvm.cpp:1281
Event: 0,404 Thread 0x00007f19bc00a000 Threw 0x00000000ec8785f0 at /HUDSON/workspace/7u-2-build-linux-amd64/jdk7u75/1940/hotspot/src/share/vm/prims/jvm.cpp:1281
Event: 0,404 Thread 0x00007f19bc00a000 Threw 0x00000000ec87a900 at /HUDSON/workspace/7u-2-build-linux-amd64/jdk7u75/1940/hotspot/src/share/vm/prims/jvm.cpp:1281
Event: 0,405 Thread 0x00007f19bc00a000 Threw 0x00000000ec87d578 at /HUDSON/workspace/7u-2-build-linux-amd64/jdk7u75/1940/hotspot/src/share/vm/prims/jvm.cpp:1281
Event: 0,407 Thread 0x00007f19bc00a000 Threw 0x00000000ec8806e8 at /HUDSON/workspace/7u-2-build-linux-amd64/jdk7u75/1940/hotspot/src/share/vm/prims/jvm.cpp:1281

Events (10 events):
Event: 0,406 loading class 0x00007f19b5520df0
Event: 0,406 loading class 0x00007f19b5520df0 done
Event: 0,406 loading class 0x00007f19bc0a8630
Event: 0,406 loading class 0x00007f19bc0a8630 done
Event: 0,406 loading class 0x00007f19b54ff760
Event: 0,406 loading class 0x00007f19b54ff760 done
Event: 0,406 loading class 0x00007f19b5523000
Event: 0,406 loading class 0x00007f19b5523000 done
Event: 0,407 loading class 0x00007f19bc7b4dd0
Event: 0,407 loading class 0x00007f19bc7b4dd0 done


Dynamic libraries:
00400000-00401000 r-xp 00000000 08:09 1838081                            /home/raul/jdk1.7.0_75/bin/java
00600000-00601000 rw-p 00000000 08:09 1838081                            /home/raul/jdk1.7.0_75/bin/java
00a1a000-00a3b000 rw-p 00000000 00:00 0                                  [heap]
bee00000-c0300000 rw-p 00000000 00:00 0 
c0300000-c4000000 rw-p 00000000 00:00 0 
c4000000-c6800000 rw-p 00000000 00:00 0 
c6800000-ec000000 rw-p 00000000 00:00 0 
ec000000-ed400000 rw-p 00000000 00:00 0 
ed400000-100000000 rw-p 00000000 00:00 0 
7f197c8a0000-7f197da3e000 rw-p 00000000 00:00 0 
7f197da3e000-7f197da75000 r-xp 00000000 08:09 3679606                    /usr/lib/x86_64-linux-gnu/libtxc_dxtn_s2tc.so.0.0.0
7f197da75000-7f197dc74000 ---p 00037000 08:09 3679606                    /usr/lib/x86_64-linux-gnu/libtxc_dxtn_s2tc.so.0.0.0
7f197dc74000-7f197dc75000 r--p 00036000 08:09 3679606                    /usr/lib/x86_64-linux-gnu/libtxc_dxtn_s2tc.so.0.0.0
7f197dc75000-7f197dc76000 rw-p 00037000 08:09 3679606                    /usr/lib/x86_64-linux-gnu/libtxc_dxtn_s2tc.so.0.0.0
7f197dc76000-7f197dc8e000 r-xp 00000000 08:09 2625662                    /lib/x86_64-linux-gnu/libz.so.1.2.8
7f197dc8e000-7f197de8d000 ---p 00018000 08:09 2625662                    /lib/x86_64-linux-gnu/libz.so.1.2.8
7f197de8d000-7f197de8e000 r--p 00017000 08:09 2625662                    /lib/x86_64-linux-gnu/libz.so.1.2.8
7f197de8e000-7f197de8f000 rw-p 00018000 08:09 2625662                    /lib/x86_64-linux-gnu/libz.so.1.2.8
7f197de8f000-7f197de97000 r-xp 00000000 08:09 3679409                    /usr/lib/x86_64-linux-gnu/libpciaccess.so.0.11.1
7f197de97000-7f197e096000 ---p 00008000 08:09 3679409                    /usr/lib/x86_64-linux-gnu/libpciaccess.so.0.11.1
7f197e096000-7f197e097000 r--p 00007000 08:09 3679409                    /usr/lib/x86_64-linux-gnu/libpciaccess.so.0.11.1
7f197e097000-7f197e098000 rw-p 00008000 08:09 3679409                    /usr/lib/x86_64-linux-gnu/libpciaccess.so.0.11.1
7f197e098000-7f197e0ae000 r-xp 00000000 08:09 2625476                    /lib/x86_64-linux-gnu/libgcc_s.so.1
7f197e0ae000-7f197e2ad000 ---p 00016000 08:09 2625476                    /lib/x86_64-linux-gnu/libgcc_s.so.1
7f197e2ad000-7f197e2ae000 rw-p 00015000 08:09 2625476                    /lib/x86_64-linux-gnu/libgcc_s.so.1
7f197e2ae000-7f197e394000 r-xp 00000000 08:09 3679564                    /usr/lib/x86_64-linux-gnu/libstdc++.so.6.0.19
7f197e394000-7f197e593000 ---p 000e6000 08:09 3679564                    /usr/lib/x86_64-linux-gnu/libstdc++.so.6.0.19
7f197e593000-7f197e59b000 r--p 000e5000 08:09 3679564                    /usr/lib/x86_64-linux-gnu/libstdc++.so.6.0.19
7f197e59b000-7f197e59d000 rw-p 000ed000 08:09 3679564                    /usr/lib/x86_64-linux-gnu/libstdc++.so.6.0.19
7f197e59d000-7f197e5b2000 rw-p 00000000 00:00 0 
7f197e5b2000-7f197e5d9000 r-xp 00000000 08:09 2625521                    /lib/x86_64-linux-gnu/libexpat.so.1.6.0
7f197e5d9000-7f197e7d9000 ---p 00027000 08:09 2625521                    /lib/x86_64-linux-gnu/libexpat.so.1.6.0
7f197e7d9000-7f197e7db000 r--p 00027000 08:09 2625521                    /lib/x86_64-linux-gnu/libexpat.so.1.6.0
7f197e7db000-7f197e7dc000 rw-p 00029000 08:09 2625521                    /lib/x86_64-linux-gnu/libexpat.so.1.6.0
7f197e7dc000-7f197e7e8000 r-xp 00000000 08:09 3673068                    /usr/lib/x86_64-linux-gnu/libdrm_radeon.so.1.0.1
7f197e7e8000-7f197e9e7000 ---p 0000c000 08:09 3673068                    /usr/lib/x86_64-linux-gnu/libdrm_radeon.so.1.0.1
7f197e9e7000-7f197e9e8000 r--p 0000b000 08:09 3673068                    /usr/lib/x86_64-linux-gnu/libdrm_radeon.so.1.0.1
7f197e9e8000-7f197e9e9000 rw-p 0000c000 08:09 3673068                    /usr/lib/x86_64-linux-gnu/libdrm_radeon.so.1.0.1
7f197e9e9000-7f197e9ef000 r-xp 00000000 08:09 3672797                    /usr/lib/x86_64-linux-gnu/libdrm_nouveau.so.2.0.0
7f197e9ef000-7f197ebee000 ---p 00006000 08:09 3672797                    /usr/lib/x86_64-linux-gnu/libdrm_nouveau.so.2.0.0
7f197ebee000-7f197ebef000 r--p 00005000 08:09 3672797                    /usr/lib/x86_64-linux-gnu/libdrm_nouveau.so.2.0.0
7f197ebef000-7f197ebf0000 rw-p 00006000 08:09 3672797                    /usr/lib/x86_64-linux-gnu/libdrm_nouveau.so.2.0.0
7f197ebf0000-7f197ec0f000 r-xp 00000000 08:09 3672795                    /usr/lib/x86_64-linux-gnu/libdrm_intel.so.1.0.0
7f197ec0f000-7f197ee0e000 ---p 0001f000 08:09 3672795                    /usr/lib/x86_64-linux-gnu/libdrm_intel.so.1.0.0
7f197ee0e000-7f197ee0f000 r--p 0001e000 08:09 3672795                    /usr/lib/x86_64-linux-gnu/libdrm_intel.so.1.0.0
7f197ee0f000-7f197ee10000 rw-p 0001f000 08:09 3672795                    /usr/lib/x86_64-linux-gnu/libdrm_intel.so.1.0.0
7f197ee10000-7f197f2ff000 r-xp 00000000 08:09 3934416                    /usr/lib/x86_64-linux-gnu/dri/i965_dri.so
7f197f2ff000-7f197f4fe000 ---p 004ef000 08:09 3934416                    /usr/lib/x86_64-linux-gnu/dri/i965_dri.so
7f197f4fe000-7f197f515000 r--p 004ee000 08:09 3934416                    /usr/lib/x86_64-linux-gnu/dri/i965_dri.so
7f197f515000-7f197f521000 rw-p 00505000 08:09 3934416                    /usr/lib/x86_64-linux-gnu/dri/i965_dri.so
7f197f521000-7f197f56d000 rw-p 00000000 00:00 0 
7f197f56d000-7f197f5b1000 r-xp 00000000 08:09 2625517                    /lib/x86_64-linux-gnu/libdbus-1.so.3.7.6
7f197f5b1000-7f197f7b0000 ---p 00044000 08:09 2625517                    /lib/x86_64-linux-gnu/libdbus-1.so.3.7.6
7f197f7b0000-7f197f7b1000 r--p 00043000 08:09 2625517                    /lib/x86_64-linux-gnu/libdbus-1.so.3.7.6
7f197f7b1000-7f197f7b2000 rw-p 00044000 08:09 2625517                    /lib/x86_64-linux-gnu/libdbus-1.so.3.7.6
7f197f7b2000-7f197f7ba000 r-xp 00000000 08:09 2625561                    /lib/x86_64-linux-gnu/libnih-dbus.so.1.0.0
7f197f7ba000-7f197f9ba000 ---p 00008000 08:09 2625561                    /lib/x86_64-linux-gnu/libnih-dbus.so.1.0.0
7f197f9ba000-7f197f9bb000 r--p 00008000 08:09 2625561                    /lib/x86_64-linux-gnu/libnih-dbus.so.1.0.0
7f197f9bb000-7f197f9bc000 rw-p 00009000 08:09 2625561                    /lib/x86_64-linux-gnu/libnih-dbus.so.1.0.0
7f197f9bc000-7f197f9d3000 r-xp 00000000 08:09 2625563                    /lib/x86_64-linux-gnu/libnih.so.1.0.0
7f197f9d3000-7f197fbd2000 ---p 00017000 08:09 2625563                    /lib/x86_64-linux-gnu/libnih.so.1.0.0
7f197fbd2000-7f197fbd3000 r--p 00016000 08:09 2625563                    /lib/x86_64-linux-gnu/libnih.so.1.0.0
7f197fbd3000-7f197fbd4000 rw-p 00017000 08:09 2625563                    /lib/x86_64-linux-gnu/libnih.so.1.0.0
7f197fbd4000-7f197fbed000 r-xp 00000000 08:09 2625512                    /lib/x86_64-linux-gnu/libcgmanager.so.0.0.0
7f197fbed000-7f197fdec000 ---p 00019000 08:09 2625512                    /lib/x86_64-linux-gnu/libcgmanager.so.0.0.0
7f197fdec000-7f197fdee000 r--p 00018000 08:09 2625512                    /lib/x86_64-linux-gnu/libcgmanager.so.0.0.0
7f197fdee000-7f197fdef000 rw-p 0001a000 08:09 2625512                    /lib/x86_64-linux-gnu/libcgmanager.so.0.0.0
7f197fdef000-7f197fdff000 r-xp 00000000 08:09 2625436                    /lib/x86_64-linux-gnu/libudev.so.1.3.5
7f197fdff000-7f197fffe000 ---p 00010000 08:09 2625436                    /lib/x86_64-linux-gnu/libudev.so.1.3.5
7f197fffe000-7f197ffff000 r--p 0000f000 08:09 2625436                    /lib/x86_64-linux-gnu/libudev.so.1.3.5
7f197ffff000-7f1980000000 rw-p 00010000 08:09 2625436                    /lib/x86_64-linux-gnu/libudev.so.1.3.5
7f1980000000-7f1980021000 rw-p 00000000 00:00 0 
7f1980021000-7f1984000000 ---p 00000000 00:00 0 
7f1984000000-7f1984021000 rw-p 00000000 00:00 0 
7f1984021000-7f1988000000 ---p 00000000 00:00 0 
7f1988000000-7f19880bb000 rw-p 00000000 00:00 0 
7f19880bb000-7f198c000000 ---p 00000000 00:00 0 
7f198c000000-7f198c13b000 rw-p 00000000 00:00 0 
7f198c13b000-7f1990000000 ---p 00000000 00:00 0 
7f1990000000-7f1990021000 rw-p 00000000 00:00 0 
7f1990021000-7f1994000000 ---p 00000000 00:00 0 
7f1994000000-7f1994021000 rw-p 00000000 00:00 0 
7f1994021000-7f1998000000 ---p 00000000 00:00 0 
7f1998000000-7f1998021000 rw-p 00000000 00:00 0 
7f1998021000-7f199c000000 ---p 00000000 00:00 0 
7f199c000000-7f199c021000 rw-p 00000000 00:00 0 
7f199c021000-7f19a0000000 ---p 00000000 00:00 0 
7f19a0000000-7f19a0021000 rw-p 00000000 00:00 0 
7f19a0021000-7f19a4000000 ---p 00000000 00:00 0 
7f19a4000000-7f19a4021000 rw-p 00000000 00:00 0 
7f19a4021000-7f19a8000000 ---p 00000000 00:00 0 
7f19a8000000-7f19a8021000 rw-p 00000000 00:00 0 
7f19a8021000-7f19ac000000 ---p 00000000 00:00 0 
7f19ac032000-7f19ac037000 r-xp 00000000 08:09 3678669                    /usr/lib/x86_64-linux-gnu/libXdmcp.so.6.0.0
7f19ac037000-7f19ac236000 ---p 00005000 08:09 3678669                    /usr/lib/x86_64-linux-gnu/libXdmcp.so.6.0.0
7f19ac236000-7f19ac237000 r--p 00004000 08:09 3678669                    /usr/lib/x86_64-linux-gnu/libXdmcp.so.6.0.0
7f19ac237000-7f19ac238000 rw-p 00005000 08:09 3678669                    /usr/lib/x86_64-linux-gnu/libXdmcp.so.6.0.0
7f19ac238000-7f19ac23a000 r-xp 00000000 08:09 3678658                    /usr/lib/x86_64-linux-gnu/libXau.so.6.0.0
7f19ac23a000-7f19ac43a000 ---p 00002000 08:09 3678658                    /usr/lib/x86_64-linux-gnu/libXau.so.6.0.0
7f19ac43a000-7f19ac43b000 r--p 00002000 08:09 3678658                    /usr/lib/x86_64-linux-gnu/libXau.so.6.0.0
7f19ac43b000-7f19ac43c000 rw-p 00003000 08:09 3678658                    /usr/lib/x86_64-linux-gnu/libXau.so.6.0.0
7f19ac43c000-7f19ac445000 r-xp 00000000 08:09 3678693                    /usr/lib/x86_64-linux-gnu/libXrender.so.1.3.0
7f19ac445000-7f19ac644000 ---p 00009000 08:09 3678693                    /usr/lib/x86_64-linux-gnu/libXrender.so.1.3.0
7f19ac644000-7f19ac645000 r--p 00008000 08:09 3678693                    /usr/lib/x86_64-linux-gnu/libXrender.so.1.3.0
7f19ac645000-7f19ac646000 rw-p 00009000 08:09 3678693                    /usr/lib/x86_64-linux-gnu/libXrender.so.1.3.0
7f19ac646000-7f19ac651000 r-xp 00000000 08:09 3672667                    /usr/lib/x86_64-linux-gnu/libdrm.so.2.4.0
7f19ac651000-7f19ac850000 ---p 0000b000 08:09 3672667                    /usr/lib/x86_64-linux-gnu/libdrm.so.2.4.0
7f19ac850000-7f19ac851000 r--p 0000a000 08:09 3672667                    /usr/lib/x86_64-linux-gnu/libdrm.so.2.4.0
7f19ac851000-7f19ac852000 rw-p 0000b000 08:09 3672667                    /usr/lib/x86_64-linux-gnu/libdrm.so.2.4.0
7f19ac852000-7f19ac853000 r-xp 00000000 08:09 3679738                    /usr/lib/x86_64-linux-gnu/libxshmfence.so.1.0.0
7f19ac853000-7f19aca52000 ---p 00001000 08:09 3679738                    /usr/lib/x86_64-linux-gnu/libxshmfence.so.1.0.0
7f19aca52000-7f19aca53000 r--p 00000000 08:09 3679738                    /usr/lib/x86_64-linux-gnu/libxshmfence.so.1.0.0
7f19aca53000-7f19aca54000 rw-p 00001000 08:09 3679738                    /usr/lib/x86_64-linux-gnu/libxshmfence.so.1.0.0
7f19aca54000-7f19aca59000 r-xp 00000000 08:09 3679720                    /usr/lib/x86_64-linux-gnu/libxcb-sync.so.1.0.0
7f19aca59000-7f19acc58000 ---p 00005000 08:09 3679720                    /usr/lib/x86_64-linux-gnu/libxcb-sync.so.1.0.0
7f19acc58000-7f19acc59000 r--p 00004000 08:09 3679720                    /usr/lib/x86_64-linux-gnu/libxcb-sync.so.1.0.0
7f19acc59000-7f19acc5a000 rw-p 00005000 08:09 3679720                    /usr/lib/x86_64-linux-gnu/libxcb-sync.so.1.0.0
7f19acc5a000-7f19acc5c000 r-xp 00000000 08:09 3679708                    /usr/lib/x86_64-linux-gnu/libxcb-present.so.0.0.0
7f19acc5c000-7f19ace5b000 ---p 00002000 08:09 3679708                    /usr/lib/x86_64-linux-gnu/libxcb-present.so.0.0.0
7f19ace5b000-7f19ace5c000 r--p 00001000 08:09 3679708                    /usr/lib/x86_64-linux-gnu/libxcb-present.so.0.0.0
7f19ace5c000-7f19ace5d000 rw-p 00002000 08:09 3679708                    /usr/lib/x86_64-linux-gnu/libxcb-present.so.0.0.0
7f19ace5d000-7f19ace5f000 r-xp 00000000 08:09 3679698                    /usr/lib/x86_64-linux-gnu/libxcb-dri3.so.0.0.0
7f19ace5f000-7f19ad05e000 ---p 00002000 08:09 3679698                    /usr/lib/x86_64-linux-gnu/libxcb-dri3.so.0.0.0
7f19ad05e000-7f19ad05f000 r--p 00001000 08:09 3679698                    /usr/lib/x86_64-linux-gnu/libxcb-dri3.so.0.0.0
7f19ad05f000-7f19ad060000 rw-p 00002000 08:09 3679698                    /usr/lib/x86_64-linux-gnu/libxcb-dri3.so.0.0.0
7f19ad060000-7f19ad063000 r-xp 00000000 08:09 3679696                    /usr/lib/x86_64-linux-gnu/libxcb-dri2.so.0.0.0
7f19ad063000-7f19ad263000 ---p 00003000 08:09 3679696                    /usr/lib/x86_64-linux-gnu/libxcb-dri2.so.0.0.0
7f19ad263000-7f19ad264000 r--p 00003000 08:09 3679696                    /usr/lib/x86_64-linux-gnu/libxcb-dri2.so.0.0.0
7f19ad264000-7f19ad265000 rw-p 00004000 08:09 3679696                    /usr/lib/x86_64-linux-gnu/libxcb-dri2.so.0.0.0
7f19ad265000-7f19ad27a000 r-xp 00000000 08:09 3679700                    /usr/lib/x86_64-linux-gnu/libxcb-glx.so.0.0.0
7f19ad27a000-7f19ad479000 ---p 00015000 08:09 3679700                    /usr/lib/x86_64-linux-gnu/libxcb-glx.so.0.0.0
7f19ad479000-7f19ad47b000 r--p 00014000 08:09 3679700                    /usr/lib/x86_64-linux-gnu/libxcb-glx.so.0.0.0
7f19ad47b000-7f19ad47c000 rw-p 00016000 08:09 3679700                    /usr/lib/x86_64-linux-gnu/libxcb-glx.so.0.0.0
7f19ad47c000-7f19ad47d000 r-xp 00000000 08:09 3678652                    /usr/lib/x86_64-linux-gnu/libX11-xcb.so.1.0.0
7f19ad47d000-7f19ad67c000 ---p 00001000 08:09 3678652                    /usr/lib/x86_64-linux-gnu/libX11-xcb.so.1.0.0
7f19ad67c000-7f19ad67d000 r--p 00000000 08:09 3678652                    /usr/lib/x86_64-linux-gnu/libX11-xcb.so.1.0.0
7f19ad67d000-7f19ad67e000 rw-p 00001000 08:09 3678652                    /usr/lib/x86_64-linux-gnu/libX11-xcb.so.1.0.0
7f19ad67e000-7f19ad683000 r-xp 00000000 08:09 3678673                    /usr/lib/x86_64-linux-gnu/libXfixes.so.3.1.0
7f19ad683000-7f19ad882000 ---p 00005000 08:09 3678673                    /usr/lib/x86_64-linux-gnu/libXfixes.so.3.1.0
7f19ad882000-7f19ad883000 r--p 00004000 08:09 3678673                    /usr/lib/x86_64-linux-gnu/libXfixes.so.3.1.0
7f19ad883000-7f19ad884000 rw-p 00005000 08:09 3678673                    /usr/lib/x86_64-linux-gnu/libXfixes.so.3.1.0
7f19ad884000-7f19ad886000 r-xp 00000000 08:09 3678667                    /usr/lib/x86_64-linux-gnu/libXdamage.so.1.1.0
7f19ad886000-7f19ada85000 ---p 00002000 08:09 3678667                    /usr/lib/x86_64-linux-gnu/libXdamage.so.1.1.0
7f19ada85000-7f19ada86000 r--p 00001000 08:09 3678667                    /usr/lib/x86_64-linux-gnu/libXdamage.so.1.1.0
7f19ada86000-7f19ada87000 rw-p 00002000 08:09 3678667                    /usr/lib/x86_64-linux-gnu/libXdamage.so.1.1.0
7f19ada87000-7f19ada98000 r-xp 00000000 08:09 3678671                    /usr/lib/x86_64-linux-gnu/libXext.so.6.4.0
7f19ada98000-7f19adc97000 ---p 00011000 08:09 3678671                    /usr/lib/x86_64-linux-gnu/libXext.so.6.4.0
7f19adc97000-7f19adc98000 r--p 00010000 08:09 3678671                    /usr/lib/x86_64-linux-gnu/libXext.so.6.4.0
7f19adc98000-7f19adc99000 rw-p 00011000 08:09 3678671                    /usr/lib/x86_64-linux-gnu/libXext.so.6.4.0
7f19adc99000-7f19adcbb000 r-xp 00000000 08:09 3672157                    /usr/lib/x86_64-linux-gnu/libglapi.so.0.0.0
7f19adcbb000-7f19adebb000 ---p 00022000 08:09 3672157                    /usr/lib/x86_64-linux-gnu/libglapi.so.0.0.0
7f19adebb000-7f19adebe000 r--p 00022000 08:09 3672157                    /usr/lib/x86_64-linux-gnu/libglapi.so.0.0.0
7f19adebe000-7f19adebf000 rw-p 00025000 08:09 3672157                    /usr/lib/x86_64-linux-gnu/libglapi.so.0.0.0
7f19adebf000-7f19adec0000 rw-p 00000000 00:00 0 
7f19adec0000-7f19adedd000 r-xp 00000000 08:09 3679728                    /usr/lib/x86_64-linux-gnu/libxcb.so.1.1.0
7f19adedd000-7f19ae0dd000 ---p 0001d000 08:09 3679728                    /usr/lib/x86_64-linux-gnu/libxcb.so.1.1.0
7f19ae0dd000-7f19ae0de000 r--p 0001d000 08:09 3679728                    /usr/lib/x86_64-linux-gnu/libxcb.so.1.1.0
7f19ae0de000-7f19ae0df000 rw-p 0001e000 08:09 3679728                    /usr/lib/x86_64-linux-gnu/libxcb.so.1.1.0
7f19ae0df000-7f19ae0e8000 r-xp 00000000 08:09 3678665                    /usr/lib/x86_64-linux-gnu/libXcursor.so.1.0.2
7f19ae0e8000-7f19ae2e7000 ---p 00009000 08:09 3678665                    /usr/lib/x86_64-linux-gnu/libXcursor.so.1.0.2
7f19ae2e7000-7f19ae2e8000 r--p 00008000 08:09 3678665                    /usr/lib/x86_64-linux-gnu/libXcursor.so.1.0.2
7f19ae2e8000-7f19ae2e9000 rw-p 00009000 08:09 3678665                    /usr/lib/x86_64-linux-gnu/libXcursor.so.1.0.2
7f19ae2e9000-7f19ae2eb000 r-xp 00000000 08:09 3678681                    /usr/lib/x86_64-linux-gnu/libXinerama.so.1.0.0
7f19ae2eb000-7f19ae4ea000 ---p 00002000 08:09 3678681                    /usr/lib/x86_64-linux-gnu/libXinerama.so.1.0.0
7f19ae4ea000-7f19ae4eb000 r--p 00001000 08:09 3678681                    /usr/lib/x86_64-linux-gnu/libXinerama.so.1.0.0
7f19ae4eb000-7f19ae4ec000 rw-p 00002000 08:09 3678681                    /usr/lib/x86_64-linux-gnu/libXinerama.so.1.0.0
7f19ae4ec000-7f19ae4f0000 r-xp 00000000 08:09 3678709                    /usr/lib/x86_64-linux-gnu/libXxf86vm.so.1.0.0
7f19ae4f0000-7f19ae6f0000 ---p 00004000 08:09 3678709                    /usr/lib/x86_64-linux-gnu/libXxf86vm.so.1.0.0
7f19ae6f0000-7f19ae6f1000 r--p 00004000 08:09 3678709                    /usr/lib/x86_64-linux-gnu/libXxf86vm.so.1.0.0
7f19ae6f1000-7f19ae6f2000 rw-p 00005000 08:09 3678709                    /usr/lib/x86_64-linux-gnu/libXxf86vm.so.1.0.0
7f19ae6f2000-7f19ae6fb000 r-xp 00000000 08:09 3678691                    /usr/lib/x86_64-linux-gnu/libXrandr.so.2.2.0
7f19ae6fb000-7f19ae8fa000 ---p 00009000 08:09 3678691                    /usr/lib/x86_64-linux-gnu/libXrandr.so.2.2.0
7f19ae8fa000-7f19ae8fb000 r--p 00008000 08:09 3678691                    /usr/lib/x86_64-linux-gnu/libXrandr.so.2.2.0
7f19ae8fb000-7f19ae8fc000 rw-p 00009000 08:09 3678691                    /usr/lib/x86_64-linux-gnu/libXrandr.so.2.2.0
7f19ae8fc000-7f19ae90b000 r-xp 00000000 08:09 3678679                    /usr/lib/x86_64-linux-gnu/libXi.so.6.1.0
7f19ae90b000-7f19aeb0a000 ---p 0000f000 08:09 3678679                    /usr/lib/x86_64-linux-gnu/libXi.so.6.1.0
7f19aeb0a000-7f19aeb0b000 r--p 0000e000 08:09 3678679                    /usr/lib/x86_64-linux-gnu/libXi.so.6.1.0
7f19aeb0b000-7f19aeb0c000 rw-p 0000f000 08:09 3678679                    /usr/lib/x86_64-linux-gnu/libXi.so.6.1.0
7f19aeb0c000-7f19aeb6e000 r-xp 00000000 08:09 3934455                    /usr/lib/x86_64-linux-gnu/mesa/libGL.so.1.2.0
7f19aeb6e000-7f19aed6d000 ---p 00062000 08:09 3934455                    /usr/lib/x86_64-linux-gnu/mesa/libGL.so.1.2.0
7f19aed6d000-7f19aed70000 r--p 00061000 08:09 3934455                    /usr/lib/x86_64-linux-gnu/mesa/libGL.so.1.2.0
7f19aed70000-7f19aed71000 rw-p 00064000 08:09 3934455                    /usr/lib/x86_64-linux-gnu/mesa/libGL.so.1.2.0
7f19aed71000-7f19aed72000 rw-p 00000000 00:00 0 
7f19aed72000-7f19aeea2000 r-xp 00000000 08:09 3678654                    /usr/lib/x86_64-linux-gnu/libX11.so.6.3.0
7f19aeea2000-7f19af0a2000 ---p 00130000 08:09 3678654                    /usr/lib/x86_64-linux-gnu/libX11.so.6.3.0
7f19af0a2000-7f19af0a3000 r--p 00130000 08:09 3678654                    /usr/lib/x86_64-linux-gnu/libX11.so.6.3.0
7f19af0a3000-7f19af0a7000 rw-p 00131000 08:09 3678654                    /usr/lib/x86_64-linux-gnu/libX11.so.6.3.0
7f19af0a7000-7f19af116000 r-xp 00000000 08:09 2102220                    /home/raul/lwjgl/native/linux/x64/liblwjgl.so
7f19af116000-7f19af315000 ---p 0006f000 08:09 2102220                    /home/raul/lwjgl/native/linux/x64/liblwjgl.so
7f19af315000-7f19af316000 r--p 0006e000 08:09 2102220                    /home/raul/lwjgl/native/linux/x64/liblwjgl.so
7f19af316000-7f19af317000 rw-p 0006f000 08:09 2102220                    /home/raul/lwjgl/native/linux/x64/liblwjgl.so
7f19af317000-7f19af318000 rw-p 00000000 00:00 0 
7f19af318000-7f19af319000 ---p 00000000 00:00 0 
7f19af319000-7f19af419000 rw-p 00000000 00:00 0                          [stack:4145]
7f19af419000-7f19af41c000 ---p 00000000 00:00 0 
7f19af41c000-7f19af51a000 rw-p 00000000 00:00 0                          [stack:4144]
7f19af51a000-7f19af51d000 ---p 00000000 00:00 0 
7f19af51d000-7f19af61b000 rw-p 00000000 00:00 0                          [stack:4143]
7f19af61b000-7f19af61e000 ---p 00000000 00:00 0 
7f19af61e000-7f19af71c000 rw-p 00000000 00:00 0                          [stack:4142]
7f19af71c000-7f19af71f000 ---p 00000000 00:00 0 
7f19af71f000-7f19af81d000 rw-p 00000000 00:00 0                          [stack:4141]
7f19af81d000-7f19afeff000 r--p 00000000 08:09 3677561                    /usr/lib/locale/locale-archive
7f19afeff000-7f19aff02000 ---p 00000000 00:00 0 
7f19aff02000-7f19b0000000 rw-p 00000000 00:00 0                          [stack:4140]
7f19b0000000-7f19b0021000 rw-p 00000000 00:00 0 
7f19b0021000-7f19b4000000 ---p 00000000 00:00 0 
7f19b4014000-7f19b401c000 rw-s 00000000 00:04 40791                      /drm mm object (deleted)
7f19b401c000-7f19b4024000 rw-s 00000000 00:04 40790                      /drm mm object (deleted)
7f19b4024000-7f19b402c000 rw-s 00000000 00:04 40786                      /drm mm object (deleted)
7f19b402c000-7f19b409b000 rw-p 00000000 00:00 0 
7f19b409b000-7f19b40a2000 r--s 00000000 08:09 3939448                    /usr/lib/x86_64-linux-gnu/gconv/gconv-modules.cache
7f19b40a2000-7f19b40c8000 r--p 00000000 08:09 4329090                    /usr/share/locale-langpack/es/LC_MESSAGES/libc.mo
7f19b40c8000-7f19b40cb000 ---p 00000000 00:00 0 
7f19b40cb000-7f19b41c9000 rw-p 00000000 00:00 0                          [stack:4139]
7f19b41c9000-7f19b41ca000 ---p 00000000 00:00 0 
7f19b41ca000-7f19b52c9000 rw-p 00000000 00:00 0                          [stack:4138]
7f19b52c9000-7f19b5488000 r--s 039eb000 08:09 1837861                    /home/raul/jdk1.7.0_75/jre/lib/rt.jar
7f19b5488000-7f19b781a000 rw-p 00000000 00:00 0 
7f19b781a000-7f19b781b000 ---p 00000000 00:00 0 
7f19b781b000-7f19b791b000 rw-p 00000000 00:00 0                          [stack:4137]
7f19b791b000-7f19b791c000 ---p 00000000 00:00 0 
7f19b791c000-7f19b7a1c000 rw-p 00000000 00:00 0                          [stack:4136]
7f19b7a1c000-7f19b7a1d000 ---p 00000000 00:00 0 
7f19b7a1d000-7f19b7b1d000 rw-p 00000000 00:00 0                          [stack:4135]
7f19b7b1d000-7f19b7b1e000 ---p 00000000 00:00 0 
7f19b7b1e000-7f19b7c32000 rw-p 00000000 00:00 0                          [stack:4134]
7f19b7c32000-7f19b7d5e000 rw-p 00000000 00:00 0 
7f19b7d5e000-7f19b7d69000 rw-p 00000000 00:00 0 
7f19b7d69000-7f19b7d87000 rw-p 00000000 00:00 0 
7f19b7d87000-7f19b7d9b000 rw-p 00000000 00:00 0 
7f19b7d9b000-7f19b7ec7000 rw-p 00000000 00:00 0 
7f19b7ec7000-7f19b7ed1000 rw-p 00000000 00:00 0 
7f19b7ed1000-7f19b7f67000 rw-p 00000000 00:00 0 
7f19b7f67000-7f19b7f68000 rw-p 00000000 00:00 0 
7f19b7f68000-7f19b81d8000 rwxp 00000000 00:00 0 
7f19b81d8000-7f19baf68000 rw-p 00000000 00:00 0 
7f19baf68000-7f19baf82000 r-xp 00000000 08:09 1837823                    /home/raul/jdk1.7.0_75/jre/lib/amd64/libzip.so
7f19baf82000-7f19bb182000 ---p 0001a000 08:09 1837823                    /home/raul/jdk1.7.0_75/jre/lib/amd64/libzip.so
7f19bb182000-7f19bb183000 rw-p 0001a000 08:09 1837823                    /home/raul/jdk1.7.0_75/jre/lib/amd64/libzip.so
7f19bb183000-7f19bb18e000 r-xp 00000000 08:09 2625429                    /lib/x86_64-linux-gnu/libnss_files-2.19.so
7f19bb18e000-7f19bb38d000 ---p 0000b000 08:09 2625429                    /lib/x86_64-linux-gnu/libnss_files-2.19.so
7f19bb38d000-7f19bb38e000 r--p 0000a000 08:09 2625429                    /lib/x86_64-linux-gnu/libnss_files-2.19.so
7f19bb38e000-7f19bb38f000 rw-p 0000b000 08:09 2625429                    /lib/x86_64-linux-gnu/libnss_files-2.19.so
7f19bb38f000-7f19bb39a000 r-xp 00000000 08:09 2621542                    /lib/x86_64-linux-gnu/libnss_nis-2.19.so
7f19bb39a000-7f19bb599000 ---p 0000b000 08:09 2621542                    /lib/x86_64-linux-gnu/libnss_nis-2.19.so
7f19bb599000-7f19bb59a000 r--p 0000a000 08:09 2621542                    /lib/x86_64-linux-gnu/libnss_nis-2.19.so
7f19bb59a000-7f19bb59b000 rw-p 0000b000 08:09 2621542                    /lib/x86_64-linux-gnu/libnss_nis-2.19.so
7f19bb59b000-7f19bb5b2000 r-xp 00000000 08:09 2621536                    /lib/x86_64-linux-gnu/libnsl-2.19.so
7f19bb5b2000-7f19bb7b1000 ---p 00017000 08:09 2621536                    /lib/x86_64-linux-gnu/libnsl-2.19.so
7f19bb7b1000-7f19bb7b2000 r--p 00016000 08:09 2621536                    /lib/x86_64-linux-gnu/libnsl-2.19.so
7f19bb7b2000-7f19bb7b3000 rw-p 00017000 08:09 2621536                    /lib/x86_64-linux-gnu/libnsl-2.19.so
7f19bb7b3000-7f19bb7b5000 rw-p 00000000 00:00 0 
7f19bb7b5000-7f19bb7be000 r-xp 00000000 08:09 2621533                    /lib/x86_64-linux-gnu/libnss_compat-2.19.so
7f19bb7be000-7f19bb9bd000 ---p 00009000 08:09 2621533                    /lib/x86_64-linux-gnu/libnss_compat-2.19.so
7f19bb9bd000-7f19bb9be000 r--p 00008000 08:09 2621533                    /lib/x86_64-linux-gnu/libnss_compat-2.19.so
7f19bb9be000-7f19bb9bf000 rw-p 00009000 08:09 2621533                    /lib/x86_64-linux-gnu/libnss_compat-2.19.so
7f19bb9bf000-7f19bb9e8000 r-xp 00000000 08:09 1837758                    /home/raul/jdk1.7.0_75/jre/lib/amd64/libjava.so
7f19bb9e8000-7f19bbbe8000 ---p 00029000 08:09 1837758                    /home/raul/jdk1.7.0_75/jre/lib/amd64/libjava.so
7f19bbbe8000-7f19bbbea000 rw-p 00029000 08:09 1837758                    /home/raul/jdk1.7.0_75/jre/lib/amd64/libjava.so
7f19bbbea000-7f19bbbf7000 r-xp 00000000 08:09 1837636                    /home/raul/jdk1.7.0_75/jre/lib/amd64/libverify.so
7f19bbbf7000-7f19bbdf6000 ---p 0000d000 08:09 1837636                    /home/raul/jdk1.7.0_75/jre/lib/amd64/libverify.so
7f19bbdf6000-7f19bbdf8000 rw-p 0000c000 08:09 1837636                    /home/raul/jdk1.7.0_75/jre/lib/amd64/libverify.so
7f19bbdf8000-7f19bbdff000 r-xp 00000000 08:09 2621470                    /lib/x86_64-linux-gnu/librt-2.19.so
7f19bbdff000-7f19bbffe000 ---p 00007000 08:09 2621470                    /lib/x86_64-linux-gnu/librt-2.19.so
7f19bbffe000-7f19bbfff000 r--p 00006000 08:09 2621470                    /lib/x86_64-linux-gnu/librt-2.19.so
7f19bbfff000-7f19bc000000 rw-p 00007000 08:09 2621470                    /lib/x86_64-linux-gnu/librt-2.19.so
7f19bc000000-7f19bc941000 rw-p 00000000 00:00 0 
7f19bc941000-7f19c0000000 ---p 00000000 00:00 0 
7f19c0003000-7f19c000e000 rw-p 00000000 00:00 0 
7f19c000e000-7f19c002c000 rw-p 00000000 00:00 0 
7f19c002c000-7f19c0131000 r-xp 00000000 08:09 2621535                    /lib/x86_64-linux-gnu/libm-2.19.so
7f19c0131000-7f19c0330000 ---p 00105000 08:09 2621535                    /lib/x86_64-linux-gnu/libm-2.19.so
7f19c0330000-7f19c0331000 r--p 00104000 08:09 2621535                    /lib/x86_64-linux-gnu/libm-2.19.so
7f19c0331000-7f19c0332000 rw-p 00105000 08:09 2621535                    /lib/x86_64-linux-gnu/libm-2.19.so
7f19c0332000-7f19c0ea5000 r-xp 00000000 08:09 1837408                    /home/raul/jdk1.7.0_75/jre/lib/amd64/server/libjvm.so
7f19c0ea5000-7f19c10a5000 ---p 00b73000 08:09 1837408                    /home/raul/jdk1.7.0_75/jre/lib/amd64/server/libjvm.so
7f19c10a5000-7f19c1169000 rw-p 00b73000 08:09 1837408                    /home/raul/jdk1.7.0_75/jre/lib/amd64/server/libjvm.so
7f19c1169000-7f19c11aa000 rw-p 00000000 00:00 0 
7f19c11aa000-7f19c1365000 r-xp 00000000 08:09 2621469                    /lib/x86_64-linux-gnu/libc-2.19.so
7f19c1365000-7f19c1565000 ---p 001bb000 08:09 2621469                    /lib/x86_64-linux-gnu/libc-2.19.so
7f19c1565000-7f19c1569000 r--p 001bb000 08:09 2621469                    /lib/x86_64-linux-gnu/libc-2.19.so
7f19c1569000-7f19c156b000 rw-p 001bf000 08:09 2621469                    /lib/x86_64-linux-gnu/libc-2.19.so
7f19c156b000-7f19c1570000 rw-p 00000000 00:00 0 
7f19c1570000-7f19c1573000 r-xp 00000000 08:09 2621531                    /lib/x86_64-linux-gnu/libdl-2.19.so
7f19c1573000-7f19c1772000 ---p 00003000 08:09 2621531                    /lib/x86_64-linux-gnu/libdl-2.19.so
7f19c1772000-7f19c1773000 r--p 00002000 08:09 2621531                    /lib/x86_64-linux-gnu/libdl-2.19.so
7f19c1773000-7f19c1774000 rw-p 00003000 08:09 2621531                    /lib/x86_64-linux-gnu/libdl-2.19.so
7f19c1774000-7f19c178a000 r-xp 00000000 08:09 1837831                    /home/raul/jdk1.7.0_75/lib/amd64/jli/libjli.so
7f19c178a000-7f19c198a000 ---p 00016000 08:09 1837831                    /home/raul/jdk1.7.0_75/lib/amd64/jli/libjli.so
7f19c198a000-7f19c198b000 rw-p 00016000 08:09 1837831                    /home/raul/jdk1.7.0_75/lib/amd64/jli/libjli.so
7f19c198b000-7f19c19a4000 r-xp 00000000 08:09 2621544                    /lib/x86_64-linux-gnu/libpthread-2.19.so
7f19c19a4000-7f19c1ba3000 ---p 00019000 08:09 2621544                    /lib/x86_64-linux-gnu/libpthread-2.19.so
7f19c1ba3000-7f19c1ba4000 r--p 00018000 08:09 2621544                    /lib/x86_64-linux-gnu/libpthread-2.19.so
7f19c1ba4000-7f19c1ba5000 rw-p 00019000 08:09 2621544                    /lib/x86_64-linux-gnu/libpthread-2.19.so
7f19c1ba5000-7f19c1ba9000 rw-p 00000000 00:00 0 
7f19c1ba9000-7f19c1bcc000 r-xp 00000000 08:09 2621459                    /lib/x86_64-linux-gnu/ld-2.19.so
7f19c1bce000-7f19c1bcf000 rw-p 00000000 00:00 0 
7f19c1bcf000-7f19c1bd0000 rw-s 00000000 00:04 41354                      /drm mm object (deleted)
7f19c1bd0000-7f19c1bd1000 rw-s 00000000 00:04 41345                      /drm mm object (deleted)
7f19c1bd1000-7f19c1bd2000 rwxp 00000000 00:00 0 
7f19c1bd2000-7f19c1bf1000 rw-p 00000000 00:00 0 
7f19c1bf1000-7f19c1ca7000 rw-p 00000000 00:00 0 
7f19c1ca7000-7f19c1caa000 ---p 00000000 00:00 0 
7f19c1caa000-7f19c1dac000 rw-p 00000000 00:00 0                          [stack:4133]
7f19c1dac000-7f19c1dad000 rw-s 00000000 00:04 40787                      /drm mm object (deleted)
7f19c1dad000-7f19c1dae000 rwxp 00000000 00:00 0 
7f19c1dae000-7f19c1db0000 r--s 00004000 08:09 1968631                    /home/raul/.netbeans/8.0.2/gluegen-runtime/gluegen-rt.jar
7f19c1db0000-7f19c1dbf000 r--s 0012e000 08:09 2102216                    /home/raul/lwjgl/jar/lwjgl.jar
7f19c1dbf000-7f19c1dc7000 rw-s 00000000 08:09 4080672                    /tmp/hsperfdata_raul/4128
7f19c1dc7000-7f19c1dc8000 rw-p 00000000 00:00 0 
7f19c1dc8000-7f19c1dc9000 r--p 00000000 00:00 0 
7f19c1dc9000-7f19c1dcb000 rw-p 00000000 00:00 0 
7f19c1dcb000-7f19c1dcc000 r--p 00022000 08:09 2621459                    /lib/x86_64-linux-gnu/ld-2.19.so
7f19c1dcc000-7f19c1dcd000 rw-p 00023000 08:09 2621459                    /lib/x86_64-linux-gnu/ld-2.19.so
7f19c1dcd000-7f19c1dce000 rw-p 00000000 00:00 0 
7fffbb8b3000-7fffbb8d4000 rw-p 00000000 00:00 0                          [stack]
7fffbb9fe000-7fffbba00000 r-xp 00000000 00:00 0                          [vdso]
ffffffffff600000-ffffffffff601000 r-xp 00000000 00:00 0                  [vsyscall]

VM Arguments:
jvm_args: -Dfile.encoding=UTF-8 -Djava.library.path=/home/raul/lwjgl/native/linux/x64 
java_command: simulador.Main
Launcher Type: SUN_STANDARD

Environment Variables:
PATH=/usr/local/sbin:/usr/local/bin:/usr/sbin:/usr/bin:/sbin:/bin:/usr/games:/usr/local/games
LD_LIBRARY_PATH=/home/raul/jdk1.7.0_75/jre/lib/amd64:/home/raul/jdk1.7.0_75/jre/lib/i386:
SHELL=/bin/bash
DISPLAY=:0.0

Signal Handlers:
SIGSEGV: [libjvm.so+0x9a21f0], sa_mask[0]=0x7ffbfeff, sa_flags=0x10000004
SIGBUS: [libjvm.so+0x9a21f0], sa_mask[0]=0x7ffbfeff, sa_flags=0x10000004
SIGFPE: [libjvm.so+0x81ba40], sa_mask[0]=0x7ffbfeff, sa_flags=0x10000004
SIGPIPE: [libjvm.so+0x81ba40], sa_mask[0]=0x7ffbfeff, sa_flags=0x10000004
SIGXFSZ: [libjvm.so+0x81ba40], sa_mask[0]=0x7ffbfeff, sa_flags=0x10000004
SIGILL: [libjvm.so+0x81ba40], sa_mask[0]=0x7ffbfeff, sa_flags=0x10000004
SIGUSR1: SIG_DFL, sa_mask[0]=0x00000000, sa_flags=0x00000000
SIGUSR2: [libjvm.so+0x81d240], sa_mask[0]=0x00000004, sa_flags=0x10000004
SIGHUP: [libjvm.so+0x81e360], sa_mask[0]=0x7ffbfeff, sa_flags=0x10000004
SIGINT: SIG_IGN, sa_mask[0]=0x00000000, sa_flags=0x00000000
SIGTERM: [libjvm.so+0x81e360], sa_mask[0]=0x7ffbfeff, sa_flags=0x10000004
SIGQUIT: [libjvm.so+0x81e360], sa_mask[0]=0x7ffbfeff, sa_flags=0x10000004


---------------  S Y S T E M  ---------------

OS:jessie/sid

uname:Linux 3.13.0-45-generic #74-Ubuntu SMP Tue Jan 13 19:36:28 UTC 2015 x86_64
libc:glibc 2.19 NPTL 2.19 
rlimit: STACK 8192k, CORE 0k, NPROC 29139, NOFILE 4096, AS infinity
load average:1,10 1,37 1,26

/proc/meminfo:
MemTotal:        3931356 kB
MemFree:          760352 kB
Buffers:          141544 kB
Cached:          1511268 kB
SwapCached:            0 kB
Active:          1756372 kB
Inactive:        1202208 kB
Active(anon):    1307984 kB
Inactive(anon):   327360 kB
Active(file):     448388 kB
Inactive(file):   874848 kB
Unevictable:          32 kB
Mlocked:              32 kB
SwapTotal:       4077564 kB
SwapFree:        4077564 kB
Dirty:               696 kB
Writeback:             0 kB
AnonPages:       1305844 kB
Mapped:           214288 kB
Shmem:            329584 kB
Slab:             129268 kB
SReclaimable:      98208 kB
SUnreclaim:        31060 kB
KernelStack:        3760 kB
PageTables:        28132 kB
NFS_Unstable:          0 kB
Bounce:                0 kB
WritebackTmp:          0 kB
CommitLimit:     6043240 kB
Committed_AS:    4648724 kB
VmallocTotal:   34359738367 kB
VmallocUsed:      350760 kB
VmallocChunk:   34359378944 kB
HardwareCorrupted:     0 kB
AnonHugePages:    653312 kB
HugePages_Total:       0
HugePages_Free:        0
HugePages_Rsvd:        0
HugePages_Surp:        0
Hugepagesize:       2048 kB
DirectMap4k:       86080 kB
DirectMap2M:     3991552 kB


CPU:total 4 (2 cores per cpu, 2 threads per core) family 6 model 58 stepping 9, cmov, cx8, fxsr, mmx, sse, sse2, sse3, ssse3, sse4.1, sse4.2, popcnt, avx, aes, erms, ht, tsc, tscinvbit, tscinv

/proc/cpuinfo:
processor	: 0
vendor_id	: GenuineIntel
cpu family	: 6
model		: 58
model name	: Intel(R) Core(TM) i5-3230M CPU @ 2.60GHz
stepping	: 9
microcode	: 0x12
cpu MHz		: 1400.000
cache size	: 3072 KB
physical id	: 0
siblings	: 4
core id		: 0
cpu cores	: 2
apicid		: 0
initial apicid	: 0
fpu		: yes
fpu_exception	: yes
cpuid level	: 13
wp		: yes
flags		: fpu vme de pse tsc msr pae mce cx8 apic sep mtrr pge mca cmov pat pse36 clflush dts acpi mmx fxsr sse sse2 ss ht tm pbe syscall nx rdtscp lm constant_tsc arch_perfmon pebs bts rep_good nopl xtopology nonstop_tsc aperfmperf eagerfpu pni pclmulqdq dtes64 monitor ds_cpl vmx est tm2 ssse3 cx16 xtpr pdcm pcid sse4_1 sse4_2 x2apic popcnt tsc_deadline_timer aes xsave avx f16c rdrand lahf_lm ida arat epb xsaveopt pln pts dtherm tpr_shadow vnmi flexpriority ept vpid fsgsbase smep erms
bogomips	: 5188.00
clflush size	: 64
cache_alignment	: 64
address sizes	: 36 bits physical, 48 bits virtual
power management:

processor	: 1
vendor_id	: GenuineIntel
cpu family	: 6
model		: 58
model name	: Intel(R) Core(TM) i5-3230M CPU @ 2.60GHz
stepping	: 9
microcode	: 0x12
cpu MHz		: 2601.000
cache size	: 3072 KB
physical id	: 0
siblings	: 4
core id		: 1
cpu cores	: 2
apicid		: 2
initial apicid	: 2
fpu		: yes
fpu_exception	: yes
cpuid level	: 13
wp		: yes
flags		: fpu vme de pse tsc msr pae mce cx8 apic sep mtrr pge mca cmov pat pse36 clflush dts acpi mmx fxsr sse sse2 ss ht tm pbe syscall nx rdtscp lm constant_tsc arch_perfmon pebs bts rep_good nopl xtopology nonstop_tsc aperfmperf eagerfpu pni pclmulqdq dtes64 monitor ds_cpl vmx est tm2 ssse3 cx16 xtpr pdcm pcid sse4_1 sse4_2 x2apic popcnt tsc_deadline_timer aes xsave avx f16c rdrand lahf_lm ida arat epb xsaveopt pln pts dtherm tpr_shadow vnmi flexpriority ept vpid fsgsbase smep erms
bogomips	: 5188.00
clflush size	: 64
cache_alignment	: 64
address sizes	: 36 bits physical, 48 bits virtual
power management:

processor	: 2
vendor_id	: GenuineIntel
cpu family	: 6
model		: 58
model name	: Intel(R) Core(TM) i5-3230M CPU @ 2.60GHz
stepping	: 9
microcode	: 0x12
cpu MHz		: 1300.000
cache size	: 3072 KB
physical id	: 0
siblings	: 4
core id		: 0
cpu cores	: 2
apicid		: 1
initial apicid	: 1
fpu		: yes
fpu_exception	: yes
cpuid level	: 13
wp		: yes
flags		: fpu vme de pse tsc msr pae mce cx8 apic sep mtrr pge mca cmov pat pse36 clflush dts acpi mmx fxsr sse sse2 ss ht tm pbe syscall nx rdtscp lm constant_tsc arch_perfmon pebs bts rep_good nopl xtopology nonstop_tsc aperfmperf eagerfpu pni pclmulqdq dtes64 monitor ds_cpl vmx est tm2 ssse3 cx16 xtpr pdcm pcid sse4_1 sse4_2 x2apic popcnt tsc_deadline_timer aes xsave avx f16c rdrand lahf_lm ida arat epb xsaveopt pln pts dtherm tpr_shadow vnmi flexpriority ept vpid fsgsbase smep erms
bogomips	: 5188.00
clflush size	: 64
cache_alignment	: 64
address sizes	: 36 bits physical, 48 bits virtual
power management:

processor	: 3
vendor_id	: GenuineIntel
cpu family	: 6
model		: 58
model name	: Intel(R) Core(TM) i5-3230M CPU @ 2.60GHz
stepping	: 9
microcode	: 0x12
cpu MHz		: 2601.000
cache size	: 3072 KB
physical id	: 0
siblings	: 4
core id		: 1
cpu cores	: 2
apicid		: 3
initial apicid	: 3
fpu		: yes
fpu_exception	: yes
cpuid level	: 13
wp		: yes
flags		: fpu vme de pse tsc msr pae mce cx8 apic sep mtrr pge mca cmov pat pse36 clflush dts acpi mmx fxsr sse sse2 ss ht tm pbe syscall nx rdtscp lm constant_tsc arch_perfmon pebs bts rep_good nopl xtopology nonstop_tsc aperfmperf eagerfpu pni pclmulqdq dtes64 monitor ds_cpl vmx est tm2 ssse3 cx16 xtpr pdcm pcid sse4_1 sse4_2 x2apic popcnt tsc_deadline_timer aes xsave avx f16c rdrand lahf_lm ida arat epb xsaveopt pln pts dtherm tpr_shadow vnmi flexpriority ept vpid fsgsbase smep erms
bogomips	: 5188.00
clflush size	: 64
cache_alignment	: 64
address sizes	: 36 bits physical, 48 bits virtual
power management:



Memory: 4k page, physical 3931356k(760292k free), swap 4077564k(4077564k free)

vm_info: Java HotSpot(TM) 64-Bit Server VM (24.75-b04) for linux-amd64 JRE (1.7.0_75-b13), built on Dec 18 2014 16:45:18 by "java_re" with gcc 4.3.0 20080428 (Red Hat 4.3.0-8)

time: Sat Mar 28 00:56:13 2015
elapsed time: 0 seconds

