#
# A fatal error has been detected by the Java Runtime Environment:
#
#  SIGSEGV (0xb) at pc=0x00007f12ab7c2d4d, pid=4961, tid=139718175127296
#
# JRE version: Java(TM) SE Runtime Environment (7.0_75-b13) (build 1.7.0_75-b13)
# Java VM: Java HotSpot(TM) 64-Bit Server VM (24.75-b04 mixed mode linux-amd64 compressed oops)
# Problematic frame:
# C  [libc.so.6+0x98d4d]  envz_strip+0x7dd
#
# Failed to write core dump. Core dumps have been disabled. To enable core dumping, try "ulimit -c unlimited" before starting Java again
#
# If you would like to submit a bug report, please visit:
#   http://bugreport.sun.com/bugreport/crash.jsp
# The crash happened outside the Java Virtual Machine in native code.
# See problematic frame for where to report the bug.
#

---------------  T H R E A D  ---------------

Current thread (0x00007f12a400a000):  JavaThread "main" [_thread_in_native, id=4965, stack(0x00007f12ac227000,0x00007f12ac328000)]

siginfo:si_signo=SIGSEGV: si_errno=0, si_code=1 (SEGV_MAPERR), si_addr=0x0000000000000000

Registers:
RAX=0xffff80ed5ff60380, RBX=0x000000000000000c, RCX=0x0000000000000018, RDX=0x000000000000000c
RSP=0x00007f12ac3263b8, RBP=0x0000000000000018, RSI=0x0000000000000000, RDI=0x00007f12a009fc74
R8 =0x00007f12a009fc74, R9 =0x0000000000000003, R10=0x0000000000000000, R11=0x0000000000000246
R12=0x000000000000000c, R13=0x00007f12a00a1158, R14=0x0000000000000002, R15=0x0000000000000000
RIP=0x00007f12ab7c2d4d, EFLAGS=0x0000000000010202, CSGSFS=0x0000000000000033, ERR=0x0000000000000004
  TRAPNO=0x000000000000000e

Top of Stack: (sp=0x00007f12ac3263b8)
0x00007f12ac3263b8:   00007f126968518e 0000000000000001
0x00007f12ac3263c8:   00007f12a0034038 00007f12a009fc74
0x00007f12ac3263d8:   0000000300000024 000000000000000d
0x00007f12ac3263e8:   00007f12a00a1160 00007f12a00a0fd8
0x00007f12ac3263f8:   00007f12a0034038 00007f12ac326450
0x00007f12ac326408:   0000000000000000 0000000000000000
0x00007f12ac326418:   00007f1269685ae4 0000000000800016
0x00007f12ac326428:   00007f1200000001 0000000200000000
0x00007f12ac326438:   0000000000000001 0080001600000078
0x00007f12ac326448:   0000000200000000 00007f12a00a0fd8
0x00007f12ac326458:   00007f12a4907268 00007f1269ac32e8
0x00007f12ac326468:   0000000000000001 00007f12a490d6f8
0x00007f12ac326478:   00007f12a0034038 00007f12a4766ec0
0x00007f12ac326488:   0000000000000000 0000000000000000
0x00007f12ac326498:   0000000000000001 00000000304c0aff
0x00007f12ac3264a8:   00007f126919203d 00007f1200000000
0x00007f12ac3264b8:   00007f12a0034038 00007f12a43178a0
0x00007f12ac3264c8:   00007f12696514df 00007f12a0034038
0x00007f12ac3264d8:   00007f12a47664b0 00007f12a4766c10
0x00007f12ac3264e8:   00007f126971270c 00007f12a4766760
0x00007f12ac3264f8:   0000000000000001 00007f1200000000
0x00007f12ac326508:   0000000000000000 00007f12a47664b0
0x00007f12ac326518:   00007f12a0034038 0000000000000001
0x00007f12ac326528:   00007f12a4766c10 0000000000000001
0x00007f12ac326538:   00007f12a47664b0 0000000000000000
0x00007f12ac326548:   00007f12696c6974 0000000000000001
0x00007f12ac326558:   00007f1200000001 00000000000002bc
0x00007f12ac326568:   00007f12a0034038 00007f1269ac32e8
0x00007f12ac326578:   0000000000000033 0000000000000198
0x00007f12ac326588:   00007f12a003ce0c 00007f1269ac32e8
0x00007f12ac326598:   00007f1269685c86 000002bc00000000
0x00007f12ac3265a8:   00007f12a0034038 00007f1269ac32e8 

Instructions: (pc=0x00007f12ab7c2d4d)
0x00007f12ab7c2d2d:   b7 44 16 fe 66 89 44 17 fe e9 63 fe ff ff 48 8d
0x00007f12ab7c2d3d:   42 ff 90 0f b6 14 06 88 14 07 48 83 e8 01 eb f3
0x00007f12ab7c2d4d:   48 8b 06 48 89 07 48 8b 44 16 f8 48 89 44 17 f8
0x00007f12ab7c2d5d:   e9 3c fe ff ff 31 c0 eb 90 8b 06 89 07 8b 44 16 

Register to memory mapping:

RAX=0xffff80ed5ff60380 is an unknown value
RBX=0x000000000000000c is an unknown value
RCX=0x0000000000000018 is an unknown value
RDX=0x000000000000000c is an unknown value
RSP=0x00007f12ac3263b8 is pointing into the stack for thread: 0x00007f12a400a000
RBP=0x0000000000000018 is an unknown value
RSI=0x0000000000000000 is an unknown value
RDI=0x00007f12a009fc74 is an unknown value
R8 =0x00007f12a009fc74 is an unknown value
R9 =0x0000000000000003 is an unknown value
R10=0x0000000000000000 is an unknown value
R11=0x0000000000000246 is an unknown value
R12=0x000000000000000c is an unknown value
R13=0x00007f12a00a1158 is an unknown value
R14=0x0000000000000002 is an unknown value
R15=0x0000000000000000 is an unknown value


Stack: [0x00007f12ac227000,0x00007f12ac328000],  sp=0x00007f12ac3263b8,  free space=1020k
Native frames: (J=compiled Java code, j=interpreted, Vv=VM code, C=native code)
C  [libc.so.6+0x98d4d]  envz_strip+0x7dd

[error occurred during error reporting (printing native stack), id 0xb]

Java frames: (J=compiled Java code, j=interpreted, Vv=VM code)
j  org.lwjgl.opengl.GL11.nglDrawArrays(IIIJ)V+0
j  org.lwjgl.opengl.GL11.glDrawArrays(III)V+22
j  simulador.Simulador.come_alive()V+214
j  simulador.Simulador.run()V+1
j  simulador.Main.main([Ljava/lang/String;)V+13
v  ~StubRoutines::call_stub

---------------  P R O C E S S  ---------------

Java Threads: ( => current thread )
  0x00007f12a4098800 JavaThread "Service Thread" daemon [_thread_blocked, id=4976, stack(0x00007f12a01d1000,0x00007f12a02d2000)]
  0x00007f12a4096000 JavaThread "C2 CompilerThread1" daemon [_thread_in_native, id=4975, stack(0x00007f12a02d2000,0x00007f12a03d3000)]
  0x00007f12a4093800 JavaThread "C2 CompilerThread0" daemon [_thread_blocked, id=4974, stack(0x00007f12a03d3000,0x00007f12a04d4000)]
  0x00007f12a4091000 JavaThread "Signal Dispatcher" daemon [_thread_blocked, id=4973, stack(0x00007f12a04d4000,0x00007f12a05d5000)]
  0x00007f12a4070000 JavaThread "Finalizer" daemon [_thread_blocked, id=4972, stack(0x00007f12a05d5000,0x00007f12a06d6000)]
  0x00007f12a406e000 JavaThread "Reference Handler" daemon [_thread_blocked, id=4971, stack(0x00007f12a06d6000,0x00007f12a07d7000)]
=>0x00007f12a400a000 JavaThread "main" [_thread_in_native, id=4965, stack(0x00007f12ac227000,0x00007f12ac328000)]

Other Threads:
  0x00007f12a4069800 VMThread [stack: 0x00007f12a07d7000,0x00007f12a08d8000] [id=4970]
  0x00007f12a40a3800 WatcherThread [stack: 0x00007f12a00d0000,0x00007f12a01d1000] [id=4977]

VM state:not at safepoint (normal execution)

VM Mutex/Monitor currently owned by a thread: None

Heap
 PSYoungGen      total 17920K, used 8995K [0x00000000ec000000, 0x00000000ed400000, 0x0000000100000000)
  eden space 15360K, 58% used [0x00000000ec000000,0x00000000ec8c8de0,0x00000000ecf00000)
  from space 2560K, 0% used [0x00000000ed180000,0x00000000ed180000,0x00000000ed400000)
  to   space 2560K, 0% used [0x00000000ecf00000,0x00000000ecf00000,0x00000000ed180000)
 ParOldGen       total 40960K, used 0K [0x00000000c4000000, 0x00000000c6800000, 0x00000000ec000000)
  object space 40960K, 0% used [0x00000000c4000000,0x00000000c4000000,0x00000000c6800000)
 PSPermGen       total 21504K, used 7032K [0x00000000bee00000, 0x00000000c0300000, 0x00000000c4000000)
  object space 21504K, 32% used [0x00000000bee00000,0x00000000bf4de010,0x00000000c0300000)

Card table byte_map: [0x00007f12a930a000,0x00007f12a9514000] byte_map_base: 0x00007f12a8d13000

Polling page: 0x00007f12ac348000

Code Cache  [0x00007f12a1000000, 0x00007f12a1270000, 0x00007f12a4000000)
 total_blobs=489 nmethods=21 adapters=422 free_code_cache=48593Kb largest_free_block=49737088

Compilation events (10 events):
Event: 0,221 Thread 0x00007f12a4096000 nmethod 15 0x00007f12a10866d0 code [0x00007f12a1086840, 0x00007f12a1086c98]
Event: 0,238 Thread 0x00007f12a4093800   17             java.lang.String::equals (81 bytes)
Event: 0,243 Thread 0x00007f12a4093800 nmethod 17 0x00007f12a1084c90 code [0x00007f12a1084de0, 0x00007f12a1085038]
Event: 0,275 Thread 0x00007f12a4096000   18             sun.net.www.ParseUtil::encodePath (336 bytes)
Event: 0,302 Thread 0x00007f12a4096000 nmethod 18 0x00007f12a108dd50 code [0x00007f12a108dfa0, 0x00007f12a108eff8]
Event: 0,306 Thread 0x00007f12a4093800   20             java.nio.Buffer::limit (5 bytes)
Event: 0,306 Thread 0x00007f12a4093800 nmethod 20 0x00007f12a108af10 code [0x00007f12a108b040, 0x00007f12a108b098]
Event: 0,306 Thread 0x00007f12a4093800   21             org.lwjgl.system.MemoryUtil::memStrLen1 (31 bytes)
Event: 0,308 Thread 0x00007f12a4096000   22             org.lwjgl.system.MemoryUtil::memDecodeASCII (41 bytes)
Event: 0,310 Thread 0x00007f12a4093800 nmethod 21 0x00007f12a108ab10 code [0x00007f12a108ac60, 0x00007f12a108adf8]

GC Heap History (0 events):
No events

Deoptimization events (0 events):
No events

Internal exceptions (10 events):
Event: 0,298 Thread 0x00007f12a400a000 Threw 0x00000000ec857e68 at /HUDSON/workspace/7u-2-build-linux-amd64/jdk7u75/1940/hotspot/src/share/vm/prims/jvm.cpp:1281
Event: 0,298 Thread 0x00007f12a400a000 Threw 0x00000000ec85ffc0 at /HUDSON/workspace/7u-2-build-linux-amd64/jdk7u75/1940/hotspot/src/share/vm/prims/jvm.cpp:1281
Event: 0,299 Thread 0x00007f12a400a000 Threw 0x00000000ec864d78 at /HUDSON/workspace/7u-2-build-linux-amd64/jdk7u75/1940/hotspot/src/share/vm/prims/jvm.cpp:1281
Event: 0,299 Thread 0x00007f12a400a000 Threw 0x00000000ec867ad8 at /HUDSON/workspace/7u-2-build-linux-amd64/jdk7u75/1940/hotspot/src/share/vm/prims/jvm.cpp:1281
Event: 0,299 Thread 0x00007f12a400a000 Threw 0x00000000ec86a708 at /HUDSON/workspace/7u-2-build-linux-amd64/jdk7u75/1940/hotspot/src/share/vm/prims/jvm.cpp:1281
Event: 0,299 Thread 0x00007f12a400a000 Threw 0x00000000ec86d408 at /HUDSON/workspace/7u-2-build-linux-amd64/jdk7u75/1940/hotspot/src/share/vm/prims/jvm.cpp:1281
Event: 0,300 Thread 0x00007f12a400a000 Threw 0x00000000ec86ff08 at /HUDSON/workspace/7u-2-build-linux-amd64/jdk7u75/1940/hotspot/src/share/vm/prims/jvm.cpp:1281
Event: 0,300 Thread 0x00007f12a400a000 Threw 0x00000000ec874d60 at /HUDSON/workspace/7u-2-build-linux-amd64/jdk7u75/1940/hotspot/src/share/vm/prims/jvm.cpp:1281
Event: 0,301 Thread 0x00007f12a400a000 Threw 0x00000000ec8798b0 at /HUDSON/workspace/7u-2-build-linux-amd64/jdk7u75/1940/hotspot/src/share/vm/prims/jvm.cpp:1281
Event: 0,303 Thread 0x00007f12a400a000 Threw 0x00000000ec87c6e0 at /HUDSON/workspace/7u-2-build-linux-amd64/jdk7u75/1940/hotspot/src/share/vm/prims/jvm.cpp:1281

Events (10 events):
Event: 0,299 loading class 0x00007f12a480d1b0
Event: 0,299 loading class 0x00007f12a480d1b0 done
Event: 0,300 loading class 0x00007f12a480d260
Event: 0,300 loading class 0x00007f12a480d260 done
Event: 0,300 loading class 0x00007f12a480d310
Event: 0,300 loading class 0x00007f12a480d310 done
Event: 0,301 loading class 0x00007f12a4780280
Event: 0,301 loading class 0x00007f12a4780280 done
Event: 0,303 loading class 0x00007f12a47beee0
Event: 0,303 loading class 0x00007f12a47beee0 done


Dynamic libraries:
00400000-00401000 r-xp 00000000 08:09 1838081                            /home/raul/jdk1.7.0_75/bin/java
00600000-00601000 rw-p 00000000 08:09 1838081                            /home/raul/jdk1.7.0_75/bin/java
00d1b000-00d3c000 rw-p 00000000 00:00 0                                  [heap]
bee00000-c0300000 rw-p 00000000 00:00 0 
c0300000-c4000000 rw-p 00000000 00:00 0 
c4000000-c6800000 rw-p 00000000 00:00 0 
c6800000-ec000000 rw-p 00000000 00:00 0 
ec000000-ed400000 rw-p 00000000 00:00 0 
ed400000-100000000 rw-p 00000000 00:00 0 
7f1266e3c000-7f1267fda000 rw-p 00000000 00:00 0 
7f1267fda000-7f1268011000 r-xp 00000000 08:09 3679606                    /usr/lib/x86_64-linux-gnu/libtxc_dxtn_s2tc.so.0.0.0
7f1268011000-7f1268210000 ---p 00037000 08:09 3679606                    /usr/lib/x86_64-linux-gnu/libtxc_dxtn_s2tc.so.0.0.0
7f1268210000-7f1268211000 r--p 00036000 08:09 3679606                    /usr/lib/x86_64-linux-gnu/libtxc_dxtn_s2tc.so.0.0.0
7f1268211000-7f1268212000 rw-p 00037000 08:09 3679606                    /usr/lib/x86_64-linux-gnu/libtxc_dxtn_s2tc.so.0.0.0
7f1268212000-7f126822a000 r-xp 00000000 08:09 2625662                    /lib/x86_64-linux-gnu/libz.so.1.2.8
7f126822a000-7f1268429000 ---p 00018000 08:09 2625662                    /lib/x86_64-linux-gnu/libz.so.1.2.8
7f1268429000-7f126842a000 r--p 00017000 08:09 2625662                    /lib/x86_64-linux-gnu/libz.so.1.2.8
7f126842a000-7f126842b000 rw-p 00018000 08:09 2625662                    /lib/x86_64-linux-gnu/libz.so.1.2.8
7f126842b000-7f1268433000 r-xp 00000000 08:09 3679409                    /usr/lib/x86_64-linux-gnu/libpciaccess.so.0.11.1
7f1268433000-7f1268632000 ---p 00008000 08:09 3679409                    /usr/lib/x86_64-linux-gnu/libpciaccess.so.0.11.1
7f1268632000-7f1268633000 r--p 00007000 08:09 3679409                    /usr/lib/x86_64-linux-gnu/libpciaccess.so.0.11.1
7f1268633000-7f1268634000 rw-p 00008000 08:09 3679409                    /usr/lib/x86_64-linux-gnu/libpciaccess.so.0.11.1
7f1268634000-7f126864a000 r-xp 00000000 08:09 2625476                    /lib/x86_64-linux-gnu/libgcc_s.so.1
7f126864a000-7f1268849000 ---p 00016000 08:09 2625476                    /lib/x86_64-linux-gnu/libgcc_s.so.1
7f1268849000-7f126884a000 rw-p 00015000 08:09 2625476                    /lib/x86_64-linux-gnu/libgcc_s.so.1
7f126884a000-7f1268930000 r-xp 00000000 08:09 3679564                    /usr/lib/x86_64-linux-gnu/libstdc++.so.6.0.19
7f1268930000-7f1268b2f000 ---p 000e6000 08:09 3679564                    /usr/lib/x86_64-linux-gnu/libstdc++.so.6.0.19
7f1268b2f000-7f1268b37000 r--p 000e5000 08:09 3679564                    /usr/lib/x86_64-linux-gnu/libstdc++.so.6.0.19
7f1268b37000-7f1268b39000 rw-p 000ed000 08:09 3679564                    /usr/lib/x86_64-linux-gnu/libstdc++.so.6.0.19
7f1268b39000-7f1268b4e000 rw-p 00000000 00:00 0 
7f1268b4e000-7f1268b75000 r-xp 00000000 08:09 2625521                    /lib/x86_64-linux-gnu/libexpat.so.1.6.0
7f1268b75000-7f1268d75000 ---p 00027000 08:09 2625521                    /lib/x86_64-linux-gnu/libexpat.so.1.6.0
7f1268d75000-7f1268d77000 r--p 00027000 08:09 2625521                    /lib/x86_64-linux-gnu/libexpat.so.1.6.0
7f1268d77000-7f1268d78000 rw-p 00029000 08:09 2625521                    /lib/x86_64-linux-gnu/libexpat.so.1.6.0
7f1268d78000-7f1268d84000 r-xp 00000000 08:09 3673068                    /usr/lib/x86_64-linux-gnu/libdrm_radeon.so.1.0.1
7f1268d84000-7f1268f83000 ---p 0000c000 08:09 3673068                    /usr/lib/x86_64-linux-gnu/libdrm_radeon.so.1.0.1
7f1268f83000-7f1268f84000 r--p 0000b000 08:09 3673068                    /usr/lib/x86_64-linux-gnu/libdrm_radeon.so.1.0.1
7f1268f84000-7f1268f85000 rw-p 0000c000 08:09 3673068                    /usr/lib/x86_64-linux-gnu/libdrm_radeon.so.1.0.1
7f1268f85000-7f1268f8b000 r-xp 00000000 08:09 3672797                    /usr/lib/x86_64-linux-gnu/libdrm_nouveau.so.2.0.0
7f1268f8b000-7f126918a000 ---p 00006000 08:09 3672797                    /usr/lib/x86_64-linux-gnu/libdrm_nouveau.so.2.0.0
7f126918a000-7f126918b000 r--p 00005000 08:09 3672797                    /usr/lib/x86_64-linux-gnu/libdrm_nouveau.so.2.0.0
7f126918b000-7f126918c000 rw-p 00006000 08:09 3672797                    /usr/lib/x86_64-linux-gnu/libdrm_nouveau.so.2.0.0
7f126918c000-7f12691ab000 r-xp 00000000 08:09 3672795                    /usr/lib/x86_64-linux-gnu/libdrm_intel.so.1.0.0
7f12691ab000-7f12693aa000 ---p 0001f000 08:09 3672795                    /usr/lib/x86_64-linux-gnu/libdrm_intel.so.1.0.0
7f12693aa000-7f12693ab000 r--p 0001e000 08:09 3672795                    /usr/lib/x86_64-linux-gnu/libdrm_intel.so.1.0.0
7f12693ab000-7f12693ac000 rw-p 0001f000 08:09 3672795                    /usr/lib/x86_64-linux-gnu/libdrm_intel.so.1.0.0
7f12693ac000-7f126989b000 r-xp 00000000 08:09 3934416                    /usr/lib/x86_64-linux-gnu/dri/i965_dri.so
7f126989b000-7f1269a9a000 ---p 004ef000 08:09 3934416                    /usr/lib/x86_64-linux-gnu/dri/i965_dri.so
7f1269a9a000-7f1269ab1000 r--p 004ee000 08:09 3934416                    /usr/lib/x86_64-linux-gnu/dri/i965_dri.so
7f1269ab1000-7f1269abd000 rw-p 00505000 08:09 3934416                    /usr/lib/x86_64-linux-gnu/dri/i965_dri.so
7f1269abd000-7f1269b09000 rw-p 00000000 00:00 0 
7f1269b09000-7f1269b4d000 r-xp 00000000 08:09 2625517                    /lib/x86_64-linux-gnu/libdbus-1.so.3.7.6
7f1269b4d000-7f1269d4c000 ---p 00044000 08:09 2625517                    /lib/x86_64-linux-gnu/libdbus-1.so.3.7.6
7f1269d4c000-7f1269d4d000 r--p 00043000 08:09 2625517                    /lib/x86_64-linux-gnu/libdbus-1.so.3.7.6
7f1269d4d000-7f1269d4e000 rw-p 00044000 08:09 2625517                    /lib/x86_64-linux-gnu/libdbus-1.so.3.7.6
7f1269d4e000-7f1269d56000 r-xp 00000000 08:09 2625561                    /lib/x86_64-linux-gnu/libnih-dbus.so.1.0.0
7f1269d56000-7f1269f56000 ---p 00008000 08:09 2625561                    /lib/x86_64-linux-gnu/libnih-dbus.so.1.0.0
7f1269f56000-7f1269f57000 r--p 00008000 08:09 2625561                    /lib/x86_64-linux-gnu/libnih-dbus.so.1.0.0
7f1269f57000-7f1269f58000 rw-p 00009000 08:09 2625561                    /lib/x86_64-linux-gnu/libnih-dbus.so.1.0.0
7f1269f58000-7f1269f6f000 r-xp 00000000 08:09 2625563                    /lib/x86_64-linux-gnu/libnih.so.1.0.0
7f1269f6f000-7f126a16e000 ---p 00017000 08:09 2625563                    /lib/x86_64-linux-gnu/libnih.so.1.0.0
7f126a16e000-7f126a16f000 r--p 00016000 08:09 2625563                    /lib/x86_64-linux-gnu/libnih.so.1.0.0
7f126a16f000-7f126a170000 rw-p 00017000 08:09 2625563                    /lib/x86_64-linux-gnu/libnih.so.1.0.0
7f126a170000-7f126a189000 r-xp 00000000 08:09 2625512                    /lib/x86_64-linux-gnu/libcgmanager.so.0.0.0
7f126a189000-7f126a388000 ---p 00019000 08:09 2625512                    /lib/x86_64-linux-gnu/libcgmanager.so.0.0.0
7f126a388000-7f126a38a000 r--p 00018000 08:09 2625512                    /lib/x86_64-linux-gnu/libcgmanager.so.0.0.0
7f126a38a000-7f126a38b000 rw-p 0001a000 08:09 2625512                    /lib/x86_64-linux-gnu/libcgmanager.so.0.0.0
7f126a38b000-7f126a39b000 r-xp 00000000 08:09 2625436                    /lib/x86_64-linux-gnu/libudev.so.1.3.5
7f126a39b000-7f126a59a000 ---p 00010000 08:09 2625436                    /lib/x86_64-linux-gnu/libudev.so.1.3.5
7f126a59a000-7f126a59b000 r--p 0000f000 08:09 2625436                    /lib/x86_64-linux-gnu/libudev.so.1.3.5
7f126a59b000-7f126a59c000 rw-p 00010000 08:09 2625436                    /lib/x86_64-linux-gnu/libudev.so.1.3.5
7f126a59c000-7f126a5a1000 r-xp 00000000 08:09 3678669                    /usr/lib/x86_64-linux-gnu/libXdmcp.so.6.0.0
7f126a5a1000-7f126a7a0000 ---p 00005000 08:09 3678669                    /usr/lib/x86_64-linux-gnu/libXdmcp.so.6.0.0
7f126a7a0000-7f126a7a1000 r--p 00004000 08:09 3678669                    /usr/lib/x86_64-linux-gnu/libXdmcp.so.6.0.0
7f126a7a1000-7f126a7a2000 rw-p 00005000 08:09 3678669                    /usr/lib/x86_64-linux-gnu/libXdmcp.so.6.0.0
7f126a7a2000-7f126a7a4000 r-xp 00000000 08:09 3678658                    /usr/lib/x86_64-linux-gnu/libXau.so.6.0.0
7f126a7a4000-7f126a9a4000 ---p 00002000 08:09 3678658                    /usr/lib/x86_64-linux-gnu/libXau.so.6.0.0
7f126a9a4000-7f126a9a5000 r--p 00002000 08:09 3678658                    /usr/lib/x86_64-linux-gnu/libXau.so.6.0.0
7f126a9a5000-7f126a9a6000 rw-p 00003000 08:09 3678658                    /usr/lib/x86_64-linux-gnu/libXau.so.6.0.0
7f126a9a6000-7f126a9af000 r-xp 00000000 08:09 3678693                    /usr/lib/x86_64-linux-gnu/libXrender.so.1.3.0
7f126a9af000-7f126abae000 ---p 00009000 08:09 3678693                    /usr/lib/x86_64-linux-gnu/libXrender.so.1.3.0
7f126abae000-7f126abaf000 r--p 00008000 08:09 3678693                    /usr/lib/x86_64-linux-gnu/libXrender.so.1.3.0
7f126abaf000-7f126abb0000 rw-p 00009000 08:09 3678693                    /usr/lib/x86_64-linux-gnu/libXrender.so.1.3.0
7f126abb0000-7f126abbb000 r-xp 00000000 08:09 3672667                    /usr/lib/x86_64-linux-gnu/libdrm.so.2.4.0
7f126abbb000-7f126adba000 ---p 0000b000 08:09 3672667                    /usr/lib/x86_64-linux-gnu/libdrm.so.2.4.0
7f126adba000-7f126adbb000 r--p 0000a000 08:09 3672667                    /usr/lib/x86_64-linux-gnu/libdrm.so.2.4.0
7f126adbb000-7f126adbc000 rw-p 0000b000 08:09 3672667                    /usr/lib/x86_64-linux-gnu/libdrm.so.2.4.0
7f126adbc000-7f126adbd000 r-xp 00000000 08:09 3679738                    /usr/lib/x86_64-linux-gnu/libxshmfence.so.1.0.0
7f126adbd000-7f126afbc000 ---p 00001000 08:09 3679738                    /usr/lib/x86_64-linux-gnu/libxshmfence.so.1.0.0
7f126afbc000-7f126afbd000 r--p 00000000 08:09 3679738                    /usr/lib/x86_64-linux-gnu/libxshmfence.so.1.0.0
7f126afbd000-7f126afbe000 rw-p 00001000 08:09 3679738                    /usr/lib/x86_64-linux-gnu/libxshmfence.so.1.0.0
7f126afbe000-7f126afc3000 r-xp 00000000 08:09 3679720                    /usr/lib/x86_64-linux-gnu/libxcb-sync.so.1.0.0
7f126afc3000-7f126b1c2000 ---p 00005000 08:09 3679720                    /usr/lib/x86_64-linux-gnu/libxcb-sync.so.1.0.0
7f126b1c2000-7f126b1c3000 r--p 00004000 08:09 3679720                    /usr/lib/x86_64-linux-gnu/libxcb-sync.so.1.0.0
7f126b1c3000-7f126b1c4000 rw-p 00005000 08:09 3679720                    /usr/lib/x86_64-linux-gnu/libxcb-sync.so.1.0.0
7f126b1c4000-7f126b1c6000 r-xp 00000000 08:09 3679708                    /usr/lib/x86_64-linux-gnu/libxcb-present.so.0.0.0
7f126b1c6000-7f126b3c5000 ---p 00002000 08:09 3679708                    /usr/lib/x86_64-linux-gnu/libxcb-present.so.0.0.0
7f126b3c5000-7f126b3c6000 r--p 00001000 08:09 3679708                    /usr/lib/x86_64-linux-gnu/libxcb-present.so.0.0.0
7f126b3c6000-7f126b3c7000 rw-p 00002000 08:09 3679708                    /usr/lib/x86_64-linux-gnu/libxcb-present.so.0.0.0
7f126b3c7000-7f126b3c9000 r-xp 00000000 08:09 3679698                    /usr/lib/x86_64-linux-gnu/libxcb-dri3.so.0.0.0
7f126b3c9000-7f126b5c8000 ---p 00002000 08:09 3679698                    /usr/lib/x86_64-linux-gnu/libxcb-dri3.so.0.0.0
7f126b5c8000-7f126b5c9000 r--p 00001000 08:09 3679698                    /usr/lib/x86_64-linux-gnu/libxcb-dri3.so.0.0.0
7f126b5c9000-7f126b5ca000 rw-p 00002000 08:09 3679698                    /usr/lib/x86_64-linux-gnu/libxcb-dri3.so.0.0.0
7f126b5ca000-7f126b5cd000 r-xp 00000000 08:09 3679696                    /usr/lib/x86_64-linux-gnu/libxcb-dri2.so.0.0.0
7f126b5cd000-7f126b7cd000 ---p 00003000 08:09 3679696                    /usr/lib/x86_64-linux-gnu/libxcb-dri2.so.0.0.0
7f126b7cd000-7f126b7ce000 r--p 00003000 08:09 3679696                    /usr/lib/x86_64-linux-gnu/libxcb-dri2.so.0.0.0
7f126b7ce000-7f126b7cf000 rw-p 00004000 08:09 3679696                    /usr/lib/x86_64-linux-gnu/libxcb-dri2.so.0.0.0
7f126b7cf000-7f126b7e4000 r-xp 00000000 08:09 3679700                    /usr/lib/x86_64-linux-gnu/libxcb-glx.so.0.0.0
7f126b7e4000-7f126b9e3000 ---p 00015000 08:09 3679700                    /usr/lib/x86_64-linux-gnu/libxcb-glx.so.0.0.0
7f126b9e3000-7f126b9e5000 r--p 00014000 08:09 3679700                    /usr/lib/x86_64-linux-gnu/libxcb-glx.so.0.0.0
7f126b9e5000-7f126b9e6000 rw-p 00016000 08:09 3679700                    /usr/lib/x86_64-linux-gnu/libxcb-glx.so.0.0.0
7f126b9e6000-7f126b9e7000 r-xp 00000000 08:09 3678652                    /usr/lib/x86_64-linux-gnu/libX11-xcb.so.1.0.0
7f126b9e7000-7f126bbe6000 ---p 00001000 08:09 3678652                    /usr/lib/x86_64-linux-gnu/libX11-xcb.so.1.0.0
7f126bbe6000-7f126bbe7000 r--p 00000000 08:09 3678652                    /usr/lib/x86_64-linux-gnu/libX11-xcb.so.1.0.0
7f126bbe7000-7f126bbe8000 rw-p 00001000 08:09 3678652                    /usr/lib/x86_64-linux-gnu/libX11-xcb.so.1.0.0
7f126bbe8000-7f126bbed000 r-xp 00000000 08:09 3678673                    /usr/lib/x86_64-linux-gnu/libXfixes.so.3.1.0
7f126bbed000-7f126bdec000 ---p 00005000 08:09 3678673                    /usr/lib/x86_64-linux-gnu/libXfixes.so.3.1.0
7f126bdec000-7f126bded000 r--p 00004000 08:09 3678673                    /usr/lib/x86_64-linux-gnu/libXfixes.so.3.1.0
7f126bded000-7f126bdee000 rw-p 00005000 08:09 3678673                    /usr/lib/x86_64-linux-gnu/libXfixes.so.3.1.0
7f126bdee000-7f126bdff000 r-xp 00000000 08:09 3678671                    /usr/lib/x86_64-linux-gnu/libXext.so.6.4.0
7f126bdff000-7f126bffe000 ---p 00011000 08:09 3678671                    /usr/lib/x86_64-linux-gnu/libXext.so.6.4.0
7f126bffe000-7f126bfff000 r--p 00010000 08:09 3678671                    /usr/lib/x86_64-linux-gnu/libXext.so.6.4.0
7f126bfff000-7f126c000000 rw-p 00011000 08:09 3678671                    /usr/lib/x86_64-linux-gnu/libXext.so.6.4.0
7f126c000000-7f126c021000 rw-p 00000000 00:00 0 
7f126c021000-7f1270000000 ---p 00000000 00:00 0 
7f1270000000-7f1270021000 rw-p 00000000 00:00 0 
7f1270021000-7f1274000000 ---p 00000000 00:00 0 
7f1274000000-7f12740b8000 rw-p 00000000 00:00 0 
7f12740b8000-7f1278000000 ---p 00000000 00:00 0 
7f1278000000-7f127813c000 rw-p 00000000 00:00 0 
7f127813c000-7f127c000000 ---p 00000000 00:00 0 
7f127c000000-7f127c021000 rw-p 00000000 00:00 0 
7f127c021000-7f1280000000 ---p 00000000 00:00 0 
7f1280000000-7f1280021000 rw-p 00000000 00:00 0 
7f1280021000-7f1284000000 ---p 00000000 00:00 0 
7f1284000000-7f1284021000 rw-p 00000000 00:00 0 
7f1284021000-7f1288000000 ---p 00000000 00:00 0 
7f1288000000-7f1288021000 rw-p 00000000 00:00 0 
7f1288021000-7f128c000000 ---p 00000000 00:00 0 
7f128c000000-7f128c021000 rw-p 00000000 00:00 0 
7f128c021000-7f1290000000 ---p 00000000 00:00 0 
7f129000c000-7f129000e000 r-xp 00000000 08:09 3678667                    /usr/lib/x86_64-linux-gnu/libXdamage.so.1.1.0
7f129000e000-7f129020d000 ---p 00002000 08:09 3678667                    /usr/lib/x86_64-linux-gnu/libXdamage.so.1.1.0
7f129020d000-7f129020e000 r--p 00001000 08:09 3678667                    /usr/lib/x86_64-linux-gnu/libXdamage.so.1.1.0
7f129020e000-7f129020f000 rw-p 00002000 08:09 3678667                    /usr/lib/x86_64-linux-gnu/libXdamage.so.1.1.0
7f129020f000-7f1290231000 r-xp 00000000 08:09 3672157                    /usr/lib/x86_64-linux-gnu/libglapi.so.0.0.0
7f1290231000-7f1290431000 ---p 00022000 08:09 3672157                    /usr/lib/x86_64-linux-gnu/libglapi.so.0.0.0
7f1290431000-7f1290434000 r--p 00022000 08:09 3672157                    /usr/lib/x86_64-linux-gnu/libglapi.so.0.0.0
7f1290434000-7f1290435000 rw-p 00025000 08:09 3672157                    /usr/lib/x86_64-linux-gnu/libglapi.so.0.0.0
7f1290435000-7f1290436000 rw-p 00000000 00:00 0 
7f1290436000-7f1290453000 r-xp 00000000 08:09 3679728                    /usr/lib/x86_64-linux-gnu/libxcb.so.1.1.0
7f1290453000-7f1290653000 ---p 0001d000 08:09 3679728                    /usr/lib/x86_64-linux-gnu/libxcb.so.1.1.0
7f1290653000-7f1290654000 r--p 0001d000 08:09 3679728                    /usr/lib/x86_64-linux-gnu/libxcb.so.1.1.0
7f1290654000-7f1290655000 rw-p 0001e000 08:09 3679728                    /usr/lib/x86_64-linux-gnu/libxcb.so.1.1.0
7f1290655000-7f129065e000 r-xp 00000000 08:09 3678665                    /usr/lib/x86_64-linux-gnu/libXcursor.so.1.0.2
7f129065e000-7f129085d000 ---p 00009000 08:09 3678665                    /usr/lib/x86_64-linux-gnu/libXcursor.so.1.0.2
7f129085d000-7f129085e000 r--p 00008000 08:09 3678665                    /usr/lib/x86_64-linux-gnu/libXcursor.so.1.0.2
7f129085e000-7f129085f000 rw-p 00009000 08:09 3678665                    /usr/lib/x86_64-linux-gnu/libXcursor.so.1.0.2
7f129085f000-7f1290861000 r-xp 00000000 08:09 3678681                    /usr/lib/x86_64-linux-gnu/libXinerama.so.1.0.0
7f1290861000-7f1290a60000 ---p 00002000 08:09 3678681                    /usr/lib/x86_64-linux-gnu/libXinerama.so.1.0.0
7f1290a60000-7f1290a61000 r--p 00001000 08:09 3678681                    /usr/lib/x86_64-linux-gnu/libXinerama.so.1.0.0
7f1290a61000-7f1290a62000 rw-p 00002000 08:09 3678681                    /usr/lib/x86_64-linux-gnu/libXinerama.so.1.0.0
7f1290a62000-7f1290a66000 r-xp 00000000 08:09 3678709                    /usr/lib/x86_64-linux-gnu/libXxf86vm.so.1.0.0
7f1290a66000-7f1290c66000 ---p 00004000 08:09 3678709                    /usr/lib/x86_64-linux-gnu/libXxf86vm.so.1.0.0
7f1290c66000-7f1290c67000 r--p 00004000 08:09 3678709                    /usr/lib/x86_64-linux-gnu/libXxf86vm.so.1.0.0
7f1290c67000-7f1290c68000 rw-p 00005000 08:09 3678709                    /usr/lib/x86_64-linux-gnu/libXxf86vm.so.1.0.0
7f1290c68000-7f1290c71000 r-xp 00000000 08:09 3678691                    /usr/lib/x86_64-linux-gnu/libXrandr.so.2.2.0
7f1290c71000-7f1290e70000 ---p 00009000 08:09 3678691                    /usr/lib/x86_64-linux-gnu/libXrandr.so.2.2.0
7f1290e70000-7f1290e71000 r--p 00008000 08:09 3678691                    /usr/lib/x86_64-linux-gnu/libXrandr.so.2.2.0
7f1290e71000-7f1290e72000 rw-p 00009000 08:09 3678691                    /usr/lib/x86_64-linux-gnu/libXrandr.so.2.2.0
7f1290e72000-7f1290e81000 r-xp 00000000 08:09 3678679                    /usr/lib/x86_64-linux-gnu/libXi.so.6.1.0
7f1290e81000-7f1291080000 ---p 0000f000 08:09 3678679                    /usr/lib/x86_64-linux-gnu/libXi.so.6.1.0
7f1291080000-7f1291081000 r--p 0000e000 08:09 3678679                    /usr/lib/x86_64-linux-gnu/libXi.so.6.1.0
7f1291081000-7f1291082000 rw-p 0000f000 08:09 3678679                    /usr/lib/x86_64-linux-gnu/libXi.so.6.1.0
7f1291082000-7f12910e4000 r-xp 00000000 08:09 3934455                    /usr/lib/x86_64-linux-gnu/mesa/libGL.so.1.2.0
7f12910e4000-7f12912e3000 ---p 00062000 08:09 3934455                    /usr/lib/x86_64-linux-gnu/mesa/libGL.so.1.2.0
7f12912e3000-7f12912e6000 r--p 00061000 08:09 3934455                    /usr/lib/x86_64-linux-gnu/mesa/libGL.so.1.2.0
7f12912e6000-7f12912e7000 rw-p 00064000 08:09 3934455                    /usr/lib/x86_64-linux-gnu/mesa/libGL.so.1.2.0
7f12912e7000-7f12912e8000 rw-p 00000000 00:00 0 
7f12912e8000-7f1291418000 r-xp 00000000 08:09 3678654                    /usr/lib/x86_64-linux-gnu/libX11.so.6.3.0
7f1291418000-7f1291618000 ---p 00130000 08:09 3678654                    /usr/lib/x86_64-linux-gnu/libX11.so.6.3.0
7f1291618000-7f1291619000 r--p 00130000 08:09 3678654                    /usr/lib/x86_64-linux-gnu/libX11.so.6.3.0
7f1291619000-7f129161d000 rw-p 00131000 08:09 3678654                    /usr/lib/x86_64-linux-gnu/libX11.so.6.3.0
7f129161d000-7f129168c000 r-xp 00000000 08:09 2102220                    /home/raul/lwjgl/native/linux/x64/liblwjgl.so
7f129168c000-7f129188b000 ---p 0006f000 08:09 2102220                    /home/raul/lwjgl/native/linux/x64/liblwjgl.so
7f129188b000-7f129188c000 r--p 0006e000 08:09 2102220                    /home/raul/lwjgl/native/linux/x64/liblwjgl.so
7f129188c000-7f129188d000 rw-p 0006f000 08:09 2102220                    /home/raul/lwjgl/native/linux/x64/liblwjgl.so
7f129188d000-7f129188e000 rw-p 00000000 00:00 0 
7f129188e000-7f1291f70000 r--p 00000000 08:09 3677561                    /usr/lib/locale/locale-archive
7f1291f70000-7f1294000000 rw-p 00000000 00:00 0 
7f1294000000-7f1294021000 rw-p 00000000 00:00 0 
7f1294021000-7f1298000000 ---p 00000000 00:00 0 
7f1298000000-7f1298021000 rw-p 00000000 00:00 0 
7f1298021000-7f129c000000 ---p 00000000 00:00 0 
7f129c000000-7f129c021000 rw-p 00000000 00:00 0 
7f129c021000-7f12a0000000 ---p 00000000 00:00 0 
7f12a001c000-7f12a0024000 rw-s 00000000 00:04 49202                      /drm mm object (deleted)
7f12a0024000-7f12a002c000 rw-s 00000000 00:04 49201                      /drm mm object (deleted)
7f12a002c000-7f12a0034000 rw-s 00000000 00:04 49197                      /drm mm object (deleted)
7f12a0034000-7f12a00a3000 rw-p 00000000 00:00 0 
7f12a00a3000-7f12a00aa000 r--s 00000000 08:09 3939448                    /usr/lib/x86_64-linux-gnu/gconv/gconv-modules.cache
7f12a00aa000-7f12a00d0000 r--p 00000000 08:09 4329090                    /usr/share/locale-langpack/es/LC_MESSAGES/libc.mo
7f12a00d0000-7f12a00d1000 ---p 00000000 00:00 0 
7f12a00d1000-7f12a01d1000 rw-p 00000000 00:00 0                          [stack:4977]
7f12a01d1000-7f12a01d4000 ---p 00000000 00:00 0 
7f12a01d4000-7f12a02d2000 rw-p 00000000 00:00 0                          [stack:4976]
7f12a02d2000-7f12a02d5000 ---p 00000000 00:00 0 
7f12a02d5000-7f12a03d3000 rw-p 00000000 00:00 0                          [stack:4975]
7f12a03d3000-7f12a03d6000 ---p 00000000 00:00 0 
7f12a03d6000-7f12a04d4000 rw-p 00000000 00:00 0                          [stack:4974]
7f12a04d4000-7f12a04d7000 ---p 00000000 00:00 0 
7f12a04d7000-7f12a05d5000 rw-p 00000000 00:00 0                          [stack:4973]
7f12a05d5000-7f12a05d8000 ---p 00000000 00:00 0 
7f12a05d8000-7f12a06d6000 rw-p 00000000 00:00 0                          [stack:4972]
7f12a06d6000-7f12a06d9000 ---p 00000000 00:00 0 
7f12a06d9000-7f12a07d7000 rw-p 00000000 00:00 0                          [stack:4971]
7f12a07d7000-7f12a07d8000 ---p 00000000 00:00 0 
7f12a07d8000-7f12a1000000 rw-p 00000000 00:00 0                          [stack:4970]
7f12a1000000-7f12a1270000 rwxp 00000000 00:00 0 
7f12a1270000-7f12a4921000 rw-p 00000000 00:00 0 
7f12a4921000-7f12a8000000 ---p 00000000 00:00 0 
7f12a8005000-7f12a88dc000 rw-p 00000000 00:00 0 
7f12a88dc000-7f12a8a9b000 r--s 039eb000 08:09 1837861                    /home/raul/jdk1.7.0_75/jre/lib/rt.jar
7f12a8a9b000-7f12a8d9d000 rw-p 00000000 00:00 0 
7f12a8d9d000-7f12a8d9e000 ---p 00000000 00:00 0 
7f12a8d9e000-7f12a8e9e000 rw-p 00000000 00:00 0                          [stack:4969]
7f12a8e9e000-7f12a8e9f000 ---p 00000000 00:00 0 
7f12a8e9f000-7f12a8f9f000 rw-p 00000000 00:00 0                          [stack:4968]
7f12a8f9f000-7f12a8fa0000 ---p 00000000 00:00 0 
7f12a8fa0000-7f12a90a0000 rw-p 00000000 00:00 0                          [stack:4967]
7f12a90a0000-7f12a90a1000 ---p 00000000 00:00 0 
7f12a90a1000-7f12a91ac000 rw-p 00000000 00:00 0                          [stack:4966]
7f12a91ac000-7f12a91ca000 rw-p 00000000 00:00 0 
7f12a91ca000-7f12a91de000 rw-p 00000000 00:00 0 
7f12a91de000-7f12a930a000 rw-p 00000000 00:00 0 
7f12a930a000-7f12a9315000 rw-p 00000000 00:00 0 
7f12a9315000-7f12a9333000 rw-p 00000000 00:00 0 
7f12a9333000-7f12a9347000 rw-p 00000000 00:00 0 
7f12a9347000-7f12a9473000 rw-p 00000000 00:00 0 
7f12a9473000-7f12a947d000 rw-p 00000000 00:00 0 
7f12a947d000-7f12a9513000 rw-p 00000000 00:00 0 
7f12a9513000-7f12a9514000 rw-p 00000000 00:00 0 
7f12a9514000-7f12a952e000 r-xp 00000000 08:09 1837823                    /home/raul/jdk1.7.0_75/jre/lib/amd64/libzip.so
7f12a952e000-7f12a972e000 ---p 0001a000 08:09 1837823                    /home/raul/jdk1.7.0_75/jre/lib/amd64/libzip.so
7f12a972e000-7f12a972f000 rw-p 0001a000 08:09 1837823                    /home/raul/jdk1.7.0_75/jre/lib/amd64/libzip.so
7f12a972f000-7f12a973a000 r-xp 00000000 08:09 2625429                    /lib/x86_64-linux-gnu/libnss_files-2.19.so
7f12a973a000-7f12a9939000 ---p 0000b000 08:09 2625429                    /lib/x86_64-linux-gnu/libnss_files-2.19.so
7f12a9939000-7f12a993a000 r--p 0000a000 08:09 2625429                    /lib/x86_64-linux-gnu/libnss_files-2.19.so
7f12a993a000-7f12a993b000 rw-p 0000b000 08:09 2625429                    /lib/x86_64-linux-gnu/libnss_files-2.19.so
7f12a993b000-7f12a9946000 r-xp 00000000 08:09 2621542                    /lib/x86_64-linux-gnu/libnss_nis-2.19.so
7f12a9946000-7f12a9b45000 ---p 0000b000 08:09 2621542                    /lib/x86_64-linux-gnu/libnss_nis-2.19.so
7f12a9b45000-7f12a9b46000 r--p 0000a000 08:09 2621542                    /lib/x86_64-linux-gnu/libnss_nis-2.19.so
7f12a9b46000-7f12a9b47000 rw-p 0000b000 08:09 2621542                    /lib/x86_64-linux-gnu/libnss_nis-2.19.so
7f12a9b47000-7f12a9b5e000 r-xp 00000000 08:09 2621536                    /lib/x86_64-linux-gnu/libnsl-2.19.so
7f12a9b5e000-7f12a9d5d000 ---p 00017000 08:09 2621536                    /lib/x86_64-linux-gnu/libnsl-2.19.so
7f12a9d5d000-7f12a9d5e000 r--p 00016000 08:09 2621536                    /lib/x86_64-linux-gnu/libnsl-2.19.so
7f12a9d5e000-7f12a9d5f000 rw-p 00017000 08:09 2621536                    /lib/x86_64-linux-gnu/libnsl-2.19.so
7f12a9d5f000-7f12a9d61000 rw-p 00000000 00:00 0 
7f12a9d61000-7f12a9d6a000 r-xp 00000000 08:09 2621533                    /lib/x86_64-linux-gnu/libnss_compat-2.19.so
7f12a9d6a000-7f12a9f69000 ---p 00009000 08:09 2621533                    /lib/x86_64-linux-gnu/libnss_compat-2.19.so
7f12a9f69000-7f12a9f6a000 r--p 00008000 08:09 2621533                    /lib/x86_64-linux-gnu/libnss_compat-2.19.so
7f12a9f6a000-7f12a9f6b000 rw-p 00009000 08:09 2621533                    /lib/x86_64-linux-gnu/libnss_compat-2.19.so
7f12a9f6b000-7f12a9f94000 r-xp 00000000 08:09 1837758                    /home/raul/jdk1.7.0_75/jre/lib/amd64/libjava.so
7f12a9f94000-7f12aa194000 ---p 00029000 08:09 1837758                    /home/raul/jdk1.7.0_75/jre/lib/amd64/libjava.so
7f12aa194000-7f12aa196000 rw-p 00029000 08:09 1837758                    /home/raul/jdk1.7.0_75/jre/lib/amd64/libjava.so
7f12aa196000-7f12aa1a3000 r-xp 00000000 08:09 1837636                    /home/raul/jdk1.7.0_75/jre/lib/amd64/libverify.so
7f12aa1a3000-7f12aa3a2000 ---p 0000d000 08:09 1837636                    /home/raul/jdk1.7.0_75/jre/lib/amd64/libverify.so
7f12aa3a2000-7f12aa3a4000 rw-p 0000c000 08:09 1837636                    /home/raul/jdk1.7.0_75/jre/lib/amd64/libverify.so
7f12aa3a4000-7f12aa3ab000 r-xp 00000000 08:09 2621470                    /lib/x86_64-linux-gnu/librt-2.19.so
7f12aa3ab000-7f12aa5aa000 ---p 00007000 08:09 2621470                    /lib/x86_64-linux-gnu/librt-2.19.so
7f12aa5aa000-7f12aa5ab000 r--p 00006000 08:09 2621470                    /lib/x86_64-linux-gnu/librt-2.19.so
7f12aa5ab000-7f12aa5ac000 rw-p 00007000 08:09 2621470                    /lib/x86_64-linux-gnu/librt-2.19.so
7f12aa5ac000-7f12aa6b1000 r-xp 00000000 08:09 2621535                    /lib/x86_64-linux-gnu/libm-2.19.so
7f12aa6b1000-7f12aa8b0000 ---p 00105000 08:09 2621535                    /lib/x86_64-linux-gnu/libm-2.19.so
7f12aa8b0000-7f12aa8b1000 r--p 00104000 08:09 2621535                    /lib/x86_64-linux-gnu/libm-2.19.so
7f12aa8b1000-7f12aa8b2000 rw-p 00105000 08:09 2621535                    /lib/x86_64-linux-gnu/libm-2.19.so
7f12aa8b2000-7f12ab425000 r-xp 00000000 08:09 1837408                    /home/raul/jdk1.7.0_75/jre/lib/amd64/server/libjvm.so
7f12ab425000-7f12ab625000 ---p 00b73000 08:09 1837408                    /home/raul/jdk1.7.0_75/jre/lib/amd64/server/libjvm.so
7f12ab625000-7f12ab6e9000 rw-p 00b73000 08:09 1837408                    /home/raul/jdk1.7.0_75/jre/lib/amd64/server/libjvm.so
7f12ab6e9000-7f12ab72a000 rw-p 00000000 00:00 0 
7f12ab72a000-7f12ab8e5000 r-xp 00000000 08:09 2621469                    /lib/x86_64-linux-gnu/libc-2.19.so
7f12ab8e5000-7f12abae5000 ---p 001bb000 08:09 2621469                    /lib/x86_64-linux-gnu/libc-2.19.so
7f12abae5000-7f12abae9000 r--p 001bb000 08:09 2621469                    /lib/x86_64-linux-gnu/libc-2.19.so
7f12abae9000-7f12abaeb000 rw-p 001bf000 08:09 2621469                    /lib/x86_64-linux-gnu/libc-2.19.so
7f12abaeb000-7f12abaf0000 rw-p 00000000 00:00 0 
7f12abaf0000-7f12abaf3000 r-xp 00000000 08:09 2621531                    /lib/x86_64-linux-gnu/libdl-2.19.so
7f12abaf3000-7f12abcf2000 ---p 00003000 08:09 2621531                    /lib/x86_64-linux-gnu/libdl-2.19.so
7f12abcf2000-7f12abcf3000 r--p 00002000 08:09 2621531                    /lib/x86_64-linux-gnu/libdl-2.19.so
7f12abcf3000-7f12abcf4000 rw-p 00003000 08:09 2621531                    /lib/x86_64-linux-gnu/libdl-2.19.so
7f12abcf4000-7f12abd0a000 r-xp 00000000 08:09 1837831                    /home/raul/jdk1.7.0_75/lib/amd64/jli/libjli.so
7f12abd0a000-7f12abf0a000 ---p 00016000 08:09 1837831                    /home/raul/jdk1.7.0_75/lib/amd64/jli/libjli.so
7f12abf0a000-7f12abf0b000 rw-p 00016000 08:09 1837831                    /home/raul/jdk1.7.0_75/lib/amd64/jli/libjli.so
7f12abf0b000-7f12abf24000 r-xp 00000000 08:09 2621544                    /lib/x86_64-linux-gnu/libpthread-2.19.so
7f12abf24000-7f12ac123000 ---p 00019000 08:09 2621544                    /lib/x86_64-linux-gnu/libpthread-2.19.so
7f12ac123000-7f12ac124000 r--p 00018000 08:09 2621544                    /lib/x86_64-linux-gnu/libpthread-2.19.so
7f12ac124000-7f12ac125000 rw-p 00019000 08:09 2621544                    /lib/x86_64-linux-gnu/libpthread-2.19.so
7f12ac125000-7f12ac129000 rw-p 00000000 00:00 0 
7f12ac129000-7f12ac14c000 r-xp 00000000 08:09 2621459                    /lib/x86_64-linux-gnu/ld-2.19.so
7f12ac14e000-7f12ac14f000 rw-p 00000000 00:00 0 
7f12ac14f000-7f12ac150000 rw-s 00000000 00:04 49203                      /drm mm object (deleted)
7f12ac150000-7f12ac151000 rw-s 00000000 00:04 48979                      /drm mm object (deleted)
7f12ac151000-7f12ac152000 rwxp 00000000 00:00 0 
7f12ac152000-7f12ac171000 rw-p 00000000 00:00 0 
7f12ac171000-7f12ac227000 rw-p 00000000 00:00 0 
7f12ac227000-7f12ac22a000 ---p 00000000 00:00 0 
7f12ac22a000-7f12ac32c000 rw-p 00000000 00:00 0                          [stack:4965]
7f12ac32c000-7f12ac32d000 rw-s 00000000 00:04 49198                      /drm mm object (deleted)
7f12ac32d000-7f12ac32e000 rwxp 00000000 00:00 0 
7f12ac32e000-7f12ac330000 r--s 00004000 08:09 1968631                    /home/raul/.netbeans/8.0.2/gluegen-runtime/gluegen-rt.jar
7f12ac330000-7f12ac33f000 r--s 0012e000 08:09 2102216                    /home/raul/lwjgl/jar/lwjgl.jar
7f12ac33f000-7f12ac347000 rw-s 00000000 08:09 4080368                    /tmp/hsperfdata_raul/4961
7f12ac347000-7f12ac348000 rw-p 00000000 00:00 0 
7f12ac348000-7f12ac349000 r--p 00000000 00:00 0 
7f12ac349000-7f12ac34b000 rw-p 00000000 00:00 0 
7f12ac34b000-7f12ac34c000 r--p 00022000 08:09 2621459                    /lib/x86_64-linux-gnu/ld-2.19.so
7f12ac34c000-7f12ac34d000 rw-p 00023000 08:09 2621459                    /lib/x86_64-linux-gnu/ld-2.19.so
7f12ac34d000-7f12ac34e000 rw-p 00000000 00:00 0 
7fff008c4000-7fff008e5000 rw-p 00000000 00:00 0                          [stack]
7fff009fe000-7fff00a00000 r-xp 00000000 00:00 0                          [vdso]
ffffffffff600000-ffffffffff601000 r-xp 00000000 00:00 0                  [vsyscall]

VM Arguments:
jvm_args: -Dfile.encoding=UTF-8 -Djava.library.path=/home/raul/lwjgl/native/linux/x64 
java_command: simulador.Main
Launcher Type: SUN_STANDARD

Environment Variables:
PATH=/usr/local/sbin:/usr/local/bin:/usr/sbin:/usr/bin:/sbin:/bin:/usr/games:/usr/local/games
LD_LIBRARY_PATH=/home/raul/jdk1.7.0_75/jre/lib/amd64:/home/raul/jdk1.7.0_75/jre/lib/i386:
SHELL=/bin/bash
DISPLAY=:0.0

Signal Handlers:
SIGSEGV: [libjvm.so+0x9a21f0], sa_mask[0]=0x7ffbfeff, sa_flags=0x10000004
SIGBUS: [libjvm.so+0x9a21f0], sa_mask[0]=0x7ffbfeff, sa_flags=0x10000004
SIGFPE: [libjvm.so+0x81ba40], sa_mask[0]=0x7ffbfeff, sa_flags=0x10000004
SIGPIPE: [libjvm.so+0x81ba40], sa_mask[0]=0x7ffbfeff, sa_flags=0x10000004
SIGXFSZ: [libjvm.so+0x81ba40], sa_mask[0]=0x7ffbfeff, sa_flags=0x10000004
SIGILL: [libjvm.so+0x81ba40], sa_mask[0]=0x7ffbfeff, sa_flags=0x10000004
SIGUSR1: SIG_DFL, sa_mask[0]=0x00000000, sa_flags=0x00000000
SIGUSR2: [libjvm.so+0x81d240], sa_mask[0]=0x00000004, sa_flags=0x10000004
SIGHUP: [libjvm.so+0x81e360], sa_mask[0]=0x7ffbfeff, sa_flags=0x10000004
SIGINT: SIG_IGN, sa_mask[0]=0x00000000, sa_flags=0x00000000
SIGTERM: [libjvm.so+0x81e360], sa_mask[0]=0x7ffbfeff, sa_flags=0x10000004
SIGQUIT: [libjvm.so+0x81e360], sa_mask[0]=0x7ffbfeff, sa_flags=0x10000004


---------------  S Y S T E M  ---------------

OS:jessie/sid

uname:Linux 3.13.0-45-generic #74-Ubuntu SMP Tue Jan 13 19:36:28 UTC 2015 x86_64
libc:glibc 2.19 NPTL 2.19 
rlimit: STACK 8192k, CORE 0k, NPROC 29139, NOFILE 4096, AS infinity
load average:0,50 0,30 0,28

/proc/meminfo:
MemTotal:        3931356 kB
MemFree:         1401168 kB
Buffers:          100468 kB
Cached:          1155264 kB
SwapCached:            0 kB
Active:          1411424 kB
Inactive:         958884 kB
Active(anon):    1116600 kB
Inactive(anon):   239152 kB
Active(file):     294824 kB
Inactive(file):   719732 kB
Unevictable:          64 kB
Mlocked:              64 kB
SwapTotal:       4077564 kB
SwapFree:        4077564 kB
Dirty:               376 kB
Writeback:             0 kB
AnonPages:       1114936 kB
Mapped:           184248 kB
Shmem:            241180 kB
Slab:              79348 kB
SReclaimable:      50096 kB
SUnreclaim:        29252 kB
KernelStack:        3352 kB
PageTables:        25420 kB
NFS_Unstable:          0 kB
Bounce:                0 kB
WritebackTmp:          0 kB
CommitLimit:     6043240 kB
Committed_AS:    3882056 kB
VmallocTotal:   34359738367 kB
VmallocUsed:      350760 kB
VmallocChunk:   34359379256 kB
HardwareCorrupted:     0 kB
AnonHugePages:    694272 kB
HugePages_Total:       0
HugePages_Free:        0
HugePages_Rsvd:        0
HugePages_Surp:        0
Hugepagesize:       2048 kB
DirectMap4k:       65600 kB
DirectMap2M:     4012032 kB


CPU:total 4 (2 cores per cpu, 2 threads per core) family 6 model 58 stepping 9, cmov, cx8, fxsr, mmx, sse, sse2, sse3, ssse3, sse4.1, sse4.2, popcnt, avx, aes, erms, ht, tsc, tscinvbit, tscinv

/proc/cpuinfo:
processor	: 0
vendor_id	: GenuineIntel
cpu family	: 6
model		: 58
model name	: Intel(R) Core(TM) i5-3230M CPU @ 2.60GHz
stepping	: 9
microcode	: 0x12
cpu MHz		: 2601.000
cache size	: 3072 KB
physical id	: 0
siblings	: 4
core id		: 0
cpu cores	: 2
apicid		: 0
initial apicid	: 0
fpu		: yes
fpu_exception	: yes
cpuid level	: 13
wp		: yes
flags		: fpu vme de pse tsc msr pae mce cx8 apic sep mtrr pge mca cmov pat pse36 clflush dts acpi mmx fxsr sse sse2 ss ht tm pbe syscall nx rdtscp lm constant_tsc arch_perfmon pebs bts rep_good nopl xtopology nonstop_tsc aperfmperf eagerfpu pni pclmulqdq dtes64 monitor ds_cpl vmx est tm2 ssse3 cx16 xtpr pdcm pcid sse4_1 sse4_2 x2apic popcnt tsc_deadline_timer aes xsave avx f16c rdrand lahf_lm ida arat epb xsaveopt pln pts dtherm tpr_shadow vnmi flexpriority ept vpid fsgsbase smep erms
bogomips	: 5187.92
clflush size	: 64
cache_alignment	: 64
address sizes	: 36 bits physical, 48 bits virtual
power management:

processor	: 1
vendor_id	: GenuineIntel
cpu family	: 6
model		: 58
model name	: Intel(R) Core(TM) i5-3230M CPU @ 2.60GHz
stepping	: 9
microcode	: 0x12
cpu MHz		: 2601.000
cache size	: 3072 KB
physical id	: 0
siblings	: 4
core id		: 1
cpu cores	: 2
apicid		: 2
initial apicid	: 2
fpu		: yes
fpu_exception	: yes
cpuid level	: 13
wp		: yes
flags		: fpu vme de pse tsc msr pae mce cx8 apic sep mtrr pge mca cmov pat pse36 clflush dts acpi mmx fxsr sse sse2 ss ht tm pbe syscall nx rdtscp lm constant_tsc arch_perfmon pebs bts rep_good nopl xtopology nonstop_tsc aperfmperf eagerfpu pni pclmulqdq dtes64 monitor ds_cpl vmx est tm2 ssse3 cx16 xtpr pdcm pcid sse4_1 sse4_2 x2apic popcnt tsc_deadline_timer aes xsave avx f16c rdrand lahf_lm ida arat epb xsaveopt pln pts dtherm tpr_shadow vnmi flexpriority ept vpid fsgsbase smep erms
bogomips	: 5187.92
clflush size	: 64
cache_alignment	: 64
address sizes	: 36 bits physical, 48 bits virtual
power management:

processor	: 2
vendor_id	: GenuineIntel
cpu family	: 6
model		: 58
model name	: Intel(R) Core(TM) i5-3230M CPU @ 2.60GHz
stepping	: 9
microcode	: 0x12
cpu MHz		: 2100.000
cache size	: 3072 KB
physical id	: 0
siblings	: 4
core id		: 0
cpu cores	: 2
apicid		: 1
initial apicid	: 1
fpu		: yes
fpu_exception	: yes
cpuid level	: 13
wp		: yes
flags		: fpu vme de pse tsc msr pae mce cx8 apic sep mtrr pge mca cmov pat pse36 clflush dts acpi mmx fxsr sse sse2 ss ht tm pbe syscall nx rdtscp lm constant_tsc arch_perfmon pebs bts rep_good nopl xtopology nonstop_tsc aperfmperf eagerfpu pni pclmulqdq dtes64 monitor ds_cpl vmx est tm2 ssse3 cx16 xtpr pdcm pcid sse4_1 sse4_2 x2apic popcnt tsc_deadline_timer aes xsave avx f16c rdrand lahf_lm ida arat epb xsaveopt pln pts dtherm tpr_shadow vnmi flexpriority ept vpid fsgsbase smep erms
bogomips	: 5187.92
clflush size	: 64
cache_alignment	: 64
address sizes	: 36 bits physical, 48 bits virtual
power management:

processor	: 3
vendor_id	: GenuineIntel
cpu family	: 6
model		: 58
model name	: Intel(R) Core(TM) i5-3230M CPU @ 2.60GHz
stepping	: 9
microcode	: 0x12
cpu MHz		: 1800.000
cache size	: 3072 KB
physical id	: 0
siblings	: 4
core id		: 1
cpu cores	: 2
apicid		: 3
initial apicid	: 3
fpu		: yes
fpu_exception	: yes
cpuid level	: 13
wp		: yes
flags		: fpu vme de pse tsc msr pae mce cx8 apic sep mtrr pge mca cmov pat pse36 clflush dts acpi mmx fxsr sse sse2 ss ht tm pbe syscall nx rdtscp lm constant_tsc arch_perfmon pebs bts rep_good nopl xtopology nonstop_tsc aperfmperf eagerfpu pni pclmulqdq dtes64 monitor ds_cpl vmx est tm2 ssse3 cx16 xtpr pdcm pcid sse4_1 sse4_2 x2apic popcnt tsc_deadline_timer aes xsave avx f16c rdrand lahf_lm ida arat epb xsaveopt pln pts dtherm tpr_shadow vnmi flexpriority ept vpid fsgsbase smep erms
bogomips	: 5187.92
clflush size	: 64
cache_alignment	: 64
address sizes	: 36 bits physical, 48 bits virtual
power management:



Memory: 4k page, physical 3931356k(1401168k free), swap 4077564k(4077564k free)

vm_info: Java HotSpot(TM) 64-Bit Server VM (24.75-b04) for linux-amd64 JRE (1.7.0_75-b13), built on Dec 18 2014 16:45:18 by "java_re" with gcc 4.3.0 20080428 (Red Hat 4.3.0-8)

time: Fri Mar 13 10:33:17 2015
elapsed time: 0 seconds

