#
# A fatal error has been detected by the Java Runtime Environment:
#
#  SIGSEGV (0xb) at pc=0x00007fc8d07f0b80, pid=4060, tid=140500480120576
#
# JRE version: Java(TM) SE Runtime Environment (7.0_75-b13) (build 1.7.0_75-b13)
# Java VM: Java HotSpot(TM) 64-Bit Server VM (24.75-b04 mixed mode linux-amd64 compressed oops)
# Problematic frame:
# C  [libc.so.6+0x98b80]  envz_strip+0x610
#
# Failed to write core dump. Core dumps have been disabled. To enable core dumping, try "ulimit -c unlimited" before starting Java again
#
# If you would like to submit a bug report, please visit:
#   http://bugreport.sun.com/bugreport/crash.jsp
# The crash happened outside the Java Virtual Machine in native code.
# See problematic frame for where to report the bug.
#

---------------  T H R E A D  ---------------

Current thread (0x00007fc8c800a000):  JavaThread "main" [_thread_in_native, id=4062, stack(0x00007fc8d1255000,0x00007fc8d1356000)]

siginfo:si_signo=SIGSEGV: si_errno=0, si_code=1 (SEGV_MAPERR), si_addr=0x0000000000000000

Registers:
RAX=0xffff803733f2d35c, RBX=0x00007fc8cc067038, RCX=0x0000000000000060, RDX=0x0000000000000030
RSP=0x00007fc8d13542d8, RBP=0x0000000000000000, RSI=0x0000000000000000, RDI=0x00007fc8cc0d2c74
R8 =0x0000000000000007, R9 =0x00007fc8c8000078, R10=0x0000000000000000, R11=0x0000000000000246
R12=0x0000000000000030, R13=0x0000000000000030, R14=0x0000000000000000, R15=0x00007fc8cc0d4170
RIP=0x00007fc8d07f0b80, EFLAGS=0x0000000000010202, CSGSFS=0x0000000000000033, ERR=0x0000000000000004
  TRAPNO=0x000000000000000e

Top of Stack: (sp=0x00007fc8d13542d8)
0x00007fc8d13542d8:   00007fc8b649d0dd 0000000000000000
0x00007fc8d13542e8:   0000000000000000 0000000000000000
0x00007fc8d13542f8:   00007fc8cc0d4178 0000000000000010
0x00007fc8d1354308:   0000000000000010 00007fc8cc0d4170
0x00007fc8d1354318:   0000000000000002 0000000000000000
0x00007fc8d1354328:   00007fc8b64c11ee 0000000000000001
0x00007fc8d1354338:   00007fc8cc067038 00007fc8c89322f0
0x00007fc8d1354348:   00007fc800000030 000000000000000d
0x00007fc8d1354358:   00007fc8cc0d4178 00007fc8cc0d3ff0
0x00007fc8d1354368:   00007fc8cc067038 00007fc8d13543c0
0x00007fc8d1354378:   0000000000000000 0000000000000001
0x00007fc8d1354388:   00007fc8b64c1ae4 0000000000800016
0x00007fc8d1354398:   00007fc800000002 0000000200000000
0x00007fc8d13543a8:   0000000000000001 00007fc8cc0d4148
0x00007fc8d13543b8:   0000000200000001 00007fc8cc0d3ff0
0x00007fc8d13543c8:   00007fc8c8921108 00007fc8b68ff2e8
0x00007fc8d13543d8:   0000000000000001 00007fc8c88f1b48
0x00007fc8d13543e8:   00007fc8cc067038 00007fc8c8766f00
0x00007fc8d13543f8:   0000000000000000 0000000000000000
0x00007fc8d1354408:   0000000000000001 00000000304c0aff
0x00007fc8d1354418:   00007fc8b5fce03d 00007fc800000000
0x00007fc8d1354428:   00007fc8cc067038 00007fc8c8317aa0
0x00007fc8d1354438:   00007fc8b648d4df 00007fc8cc067038
0x00007fc8d1354448:   00007fc8c87664f0 00007fc8c8766c50
0x00007fc8d1354458:   00007fc8b654e70c 00007fc8c87667a0
0x00007fc8d1354468:   0000000000000001 00007fc800000000
0x00007fc8d1354478:   0000000000000000 00007fc8c87664f0
0x00007fc8d1354488:   00007fc8cc067038 0000000000000001
0x00007fc8d1354498:   00007fc8c8766c50 0000000000000001
0x00007fc8d13544a8:   00007fc8c87664f0 0000000000000000
0x00007fc8d13544b8:   00007fc8b6502974 0000000000000001
0x00007fc8d13544c8:   00007fc800000001 00000000000002bc 

Instructions: (pc=0x00007fc8d07f0b80)
0x00007fc8d07f0b60:   48 89 f0 48 8d 0c 12 48 29 f8 48 29 d0 48 39 c8
0x00007fc8d07f0b70:   0f 82 07 01 00 00 48 83 fa 10 0f 86 8b 01 00 00
0x00007fc8d07f0b80:   f3 44 0f 6f 06 48 83 fa 20 f3 44 0f 7f 07 f3 44
0x00007fc8d07f0b90:   0f 6f 44 16 f0 f3 44 0f 7f 44 17 f0 77 12 48 89 

Register to memory mapping:

RAX=0xffff803733f2d35c is an unknown value
RBX=0x00007fc8cc067038 is an unknown value
RCX=0x0000000000000060 is an unknown value
RDX=0x0000000000000030 is an unknown value
RSP=0x00007fc8d13542d8 is pointing into the stack for thread: 0x00007fc8c800a000
RBP=0x0000000000000000 is an unknown value
RSI=0x0000000000000000 is an unknown value
RDI=0x00007fc8cc0d2c74 is an unknown value
R8 =0x0000000000000007 is an unknown value
R9 =0x00007fc8c8000078 is an unknown value
R10=0x0000000000000000 is an unknown value
R11=0x0000000000000246 is an unknown value
R12=0x0000000000000030 is an unknown value
R13=0x0000000000000030 is an unknown value
R14=0x0000000000000000 is an unknown value
R15=0x00007fc8cc0d4170 is an unknown value


Stack: [0x00007fc8d1255000,0x00007fc8d1356000],  sp=0x00007fc8d13542d8,  free space=1020k
Native frames: (J=compiled Java code, j=interpreted, Vv=VM code, C=native code)
C  [libc.so.6+0x98b80]  envz_strip+0x610

[error occurred during error reporting (printing native stack), id 0xb]

Java frames: (J=compiled Java code, j=interpreted, Vv=VM code)
j  org.lwjgl.opengl.GL11.nglDrawArrays(IIIJ)V+0
j  org.lwjgl.opengl.GL11.glDrawArrays(III)V+22
j  simulador.Avion.draw()V+113
j  simulador.Simulador.draw()V+35
j  simulador.Simulador.come_alive()V+57
j  simulador.Simulador.run()V+1
j  simulador.Main.main([Ljava/lang/String;)V+13
v  ~StubRoutines::call_stub

---------------  P R O C E S S  ---------------

Java Threads: ( => current thread )
  0x00007fc8c8098800 JavaThread "Service Thread" daemon [_thread_blocked, id=4076, stack(0x00007fc8cc204000,0x00007fc8cc305000)]
  0x00007fc8c8096000 JavaThread "C2 CompilerThread1" daemon [_thread_blocked, id=4075, stack(0x00007fc8cc305000,0x00007fc8cc406000)]
  0x00007fc8c8093800 JavaThread "C2 CompilerThread0" daemon [_thread_blocked, id=4074, stack(0x00007fc8cc406000,0x00007fc8cc507000)]
  0x00007fc8c8091000 JavaThread "Signal Dispatcher" daemon [_thread_blocked, id=4073, stack(0x00007fc8cc507000,0x00007fc8cc608000)]
  0x00007fc8c8070000 JavaThread "Finalizer" daemon [_thread_blocked, id=4072, stack(0x00007fc8cc608000,0x00007fc8cc709000)]
  0x00007fc8c806e000 JavaThread "Reference Handler" daemon [_thread_blocked, id=4071, stack(0x00007fc8cc709000,0x00007fc8cc80a000)]
=>0x00007fc8c800a000 JavaThread "main" [_thread_in_native, id=4062, stack(0x00007fc8d1255000,0x00007fc8d1356000)]

Other Threads:
  0x00007fc8c8069800 VMThread [stack: 0x00007fc8cc80a000,0x00007fc8cc90b000] [id=4070]
  0x00007fc8c80a3800 WatcherThread [stack: 0x00007fc8cc103000,0x00007fc8cc204000] [id=4077]

VM state:not at safepoint (normal execution)

VM Mutex/Monitor currently owned by a thread: None

Heap
 PSYoungGen      total 17920K, used 8978K [0x00000000ec000000, 0x00000000ed400000, 0x0000000100000000)
  eden space 15360K, 58% used [0x00000000ec000000,0x00000000ec8c4960,0x00000000ecf00000)
  from space 2560K, 0% used [0x00000000ed180000,0x00000000ed180000,0x00000000ed400000)
  to   space 2560K, 0% used [0x00000000ecf00000,0x00000000ecf00000,0x00000000ed180000)
 ParOldGen       total 40960K, used 0K [0x00000000c4000000, 0x00000000c6800000, 0x00000000ec000000)
  object space 40960K, 0% used [0x00000000c4000000,0x00000000c4000000,0x00000000c6800000)
 PSPermGen       total 21504K, used 7097K [0x00000000bee00000, 0x00000000c0300000, 0x00000000c4000000)
  object space 21504K, 33% used [0x00000000bee00000,0x00000000bf4ee760,0x00000000c0300000)

Card table byte_map: [0x00007fc8ce338000,0x00007fc8ce542000] byte_map_base: 0x00007fc8cdd41000

Polling page: 0x00007fc8d1376000

Code Cache  [0x00007fc8c5000000, 0x00007fc8c5270000, 0x00007fc8c8000000)
 total_blobs=488 nmethods=19 adapters=423 free_code_cache=48595Kb largest_free_block=49750848

Compilation events (10 events):
Event: 0,517 Thread 0x00007fc8c8096000 nmethod 14 0x00007fc8c5075dd0 code [0x00007fc8c5075f00, 0x00007fc8c5075f78]
Event: 0,517 Thread 0x00007fc8c8093800 nmethod 12 0x00007fc8c5075b50 code [0x00007fc8c5075c80, 0x00007fc8c5075d18]
Event: 0,550 Thread 0x00007fc8c8096000   15             org.lwjgl.system.MemoryUtil::memEncodeASCII (62 bytes)
Event: 0,553 Thread 0x00007fc8c8093800   16             java.lang.Object::<init> (1 bytes)
Event: 0,554 Thread 0x00007fc8c8093800 nmethod 16 0x00007fc8c5084410 code [0x00007fc8c5084540, 0x00007fc8c50845b8]
Event: 0,562 Thread 0x00007fc8c8096000 nmethod 15 0x00007fc8c50861d0 code [0x00007fc8c5086340, 0x00007fc8c5086798]
Event: 0,604 Thread 0x00007fc8c8093800   17             java.lang.String::equals (81 bytes)
Event: 0,607 Thread 0x00007fc8c8093800 nmethod 17 0x00007fc8c5081990 code [0x00007fc8c5081ae0, 0x00007fc8c5081d38]
Event: 0,646 Thread 0x00007fc8c8096000   18             sun.net.www.ParseUtil::encodePath (336 bytes)
Event: 0,677 Thread 0x00007fc8c8096000 nmethod 18 0x00007fc8c508c050 code [0x00007fc8c508c2a0, 0x00007fc8c508d2f8]

GC Heap History (0 events):
No events

Deoptimization events (0 events):
No events

Internal exceptions (10 events):
Event: 0,680 Thread 0x00007fc8c800a000 Threw 0x00000000ec863658 at /HUDSON/workspace/7u-2-build-linux-amd64/jdk7u75/1940/hotspot/src/share/vm/prims/jvm.cpp:1281
Event: 0,681 Thread 0x00007fc8c800a000 Threw 0x00000000ec866288 at /HUDSON/workspace/7u-2-build-linux-amd64/jdk7u75/1940/hotspot/src/share/vm/prims/jvm.cpp:1281
Event: 0,681 Thread 0x00007fc8c800a000 Threw 0x00000000ec8692a8 at /HUDSON/workspace/7u-2-build-linux-amd64/jdk7u75/1940/hotspot/src/share/vm/prims/jvm.cpp:1281
Event: 0,681 Thread 0x00007fc8c800a000 Threw 0x00000000ec86bda8 at /HUDSON/workspace/7u-2-build-linux-amd64/jdk7u75/1940/hotspot/src/share/vm/prims/jvm.cpp:1281
Event: 0,682 Thread 0x00007fc8c800a000 Threw 0x00000000ec870c00 at /HUDSON/workspace/7u-2-build-linux-amd64/jdk7u75/1940/hotspot/src/share/vm/prims/jvm.cpp:1281
Event: 0,682 Thread 0x00007fc8c800a000 Threw 0x00000000ec875750 at /HUDSON/workspace/7u-2-build-linux-amd64/jdk7u75/1940/hotspot/src/share/vm/prims/jvm.cpp:1281
Event: 0,684 Thread 0x00007fc8c800a000 Threw 0x00000000ec8785f0 at /HUDSON/workspace/7u-2-build-linux-amd64/jdk7u75/1940/hotspot/src/share/vm/prims/jvm.cpp:1281
Event: 0,686 Thread 0x00007fc8c800a000 Threw 0x00000000ec87a900 at /HUDSON/workspace/7u-2-build-linux-amd64/jdk7u75/1940/hotspot/src/share/vm/prims/jvm.cpp:1281
Event: 0,690 Thread 0x00007fc8c800a000 Threw 0x00000000ec87d578 at /HUDSON/workspace/7u-2-build-linux-amd64/jdk7u75/1940/hotspot/src/share/vm/prims/jvm.cpp:1281
Event: 0,692 Thread 0x00007fc8c800a000 Threw 0x00000000ec8806e8 at /HUDSON/workspace/7u-2-build-linux-amd64/jdk7u75/1940/hotspot/src/share/vm/prims/jvm.cpp:1281

Events (10 events):
Event: 0,691 loading class 0x00007fc8cdb61df0
Event: 0,691 loading class 0x00007fc8cdb61df0 done
Event: 0,692 loading class 0x00007fc890037380
Event: 0,692 loading class 0x00007fc890037380 done
Event: 0,692 loading class 0x00007fc8cdb40760
Event: 0,692 loading class 0x00007fc8cdb40760 done
Event: 0,692 loading class 0x00007fc8cdb64000
Event: 0,692 loading class 0x00007fc8cdb64000 done
Event: 0,692 loading class 0x00007fc8c87b4c70
Event: 0,692 loading class 0x00007fc8c87b4c70 done


Dynamic libraries:
00400000-00401000 r-xp 00000000 08:09 1838081                            /home/raul/jdk1.7.0_75/bin/java
00600000-00601000 rw-p 00000000 08:09 1838081                            /home/raul/jdk1.7.0_75/bin/java
01f6e000-01f8f000 rw-p 00000000 00:00 0                                  [heap]
bee00000-c0300000 rw-p 00000000 00:00 0 
c0300000-c4000000 rw-p 00000000 00:00 0 
c4000000-c6800000 rw-p 00000000 00:00 0 
c6800000-ec000000 rw-p 00000000 00:00 0 
ec000000-ed400000 rw-p 00000000 00:00 0 
ed400000-100000000 rw-p 00000000 00:00 0 
7fc888000000-7fc888021000 rw-p 00000000 00:00 0 
7fc888021000-7fc88c000000 ---p 00000000 00:00 0 
7fc88f0fb000-7fc890000000 rw-p 00000000 00:00 0 
7fc890000000-7fc890178000 rw-p 00000000 00:00 0 
7fc890178000-7fc894000000 ---p 00000000 00:00 0 
7fc894000000-7fc894021000 rw-p 00000000 00:00 0 
7fc894021000-7fc898000000 ---p 00000000 00:00 0 
7fc898000000-7fc898021000 rw-p 00000000 00:00 0 
7fc898021000-7fc89c000000 ---p 00000000 00:00 0 
7fc89c000000-7fc89c08c000 rw-p 00000000 00:00 0 
7fc89c08c000-7fc8a0000000 ---p 00000000 00:00 0 
7fc8a0000000-7fc8a0021000 rw-p 00000000 00:00 0 
7fc8a0021000-7fc8a4000000 ---p 00000000 00:00 0 
7fc8a4000000-7fc8a4021000 rw-p 00000000 00:00 0 
7fc8a4021000-7fc8a8000000 ---p 00000000 00:00 0 
7fc8a8000000-7fc8a8021000 rw-p 00000000 00:00 0 
7fc8a8021000-7fc8ac000000 ---p 00000000 00:00 0 
7fc8ac000000-7fc8ac021000 rw-p 00000000 00:00 0 
7fc8ac021000-7fc8b0000000 ---p 00000000 00:00 0 
7fc8b0000000-7fc8b0021000 rw-p 00000000 00:00 0 
7fc8b0021000-7fc8b4000000 ---p 00000000 00:00 0 
7fc8b4b7d000-7fc8b4e16000 rw-p 00000000 00:00 0 
7fc8b4e16000-7fc8b4e4d000 r-xp 00000000 08:09 3679606                    /usr/lib/x86_64-linux-gnu/libtxc_dxtn_s2tc.so.0.0.0
7fc8b4e4d000-7fc8b504c000 ---p 00037000 08:09 3679606                    /usr/lib/x86_64-linux-gnu/libtxc_dxtn_s2tc.so.0.0.0
7fc8b504c000-7fc8b504d000 r--p 00036000 08:09 3679606                    /usr/lib/x86_64-linux-gnu/libtxc_dxtn_s2tc.so.0.0.0
7fc8b504d000-7fc8b504e000 rw-p 00037000 08:09 3679606                    /usr/lib/x86_64-linux-gnu/libtxc_dxtn_s2tc.so.0.0.0
7fc8b504e000-7fc8b5066000 r-xp 00000000 08:09 2625662                    /lib/x86_64-linux-gnu/libz.so.1.2.8
7fc8b5066000-7fc8b5265000 ---p 00018000 08:09 2625662                    /lib/x86_64-linux-gnu/libz.so.1.2.8
7fc8b5265000-7fc8b5266000 r--p 00017000 08:09 2625662                    /lib/x86_64-linux-gnu/libz.so.1.2.8
7fc8b5266000-7fc8b5267000 rw-p 00018000 08:09 2625662                    /lib/x86_64-linux-gnu/libz.so.1.2.8
7fc8b5267000-7fc8b526f000 r-xp 00000000 08:09 3679409                    /usr/lib/x86_64-linux-gnu/libpciaccess.so.0.11.1
7fc8b526f000-7fc8b546e000 ---p 00008000 08:09 3679409                    /usr/lib/x86_64-linux-gnu/libpciaccess.so.0.11.1
7fc8b546e000-7fc8b546f000 r--p 00007000 08:09 3679409                    /usr/lib/x86_64-linux-gnu/libpciaccess.so.0.11.1
7fc8b546f000-7fc8b5470000 rw-p 00008000 08:09 3679409                    /usr/lib/x86_64-linux-gnu/libpciaccess.so.0.11.1
7fc8b5470000-7fc8b5486000 r-xp 00000000 08:09 2625476                    /lib/x86_64-linux-gnu/libgcc_s.so.1
7fc8b5486000-7fc8b5685000 ---p 00016000 08:09 2625476                    /lib/x86_64-linux-gnu/libgcc_s.so.1
7fc8b5685000-7fc8b5686000 rw-p 00015000 08:09 2625476                    /lib/x86_64-linux-gnu/libgcc_s.so.1
7fc8b5686000-7fc8b576c000 r-xp 00000000 08:09 3679564                    /usr/lib/x86_64-linux-gnu/libstdc++.so.6.0.19
7fc8b576c000-7fc8b596b000 ---p 000e6000 08:09 3679564                    /usr/lib/x86_64-linux-gnu/libstdc++.so.6.0.19
7fc8b596b000-7fc8b5973000 r--p 000e5000 08:09 3679564                    /usr/lib/x86_64-linux-gnu/libstdc++.so.6.0.19
7fc8b5973000-7fc8b5975000 rw-p 000ed000 08:09 3679564                    /usr/lib/x86_64-linux-gnu/libstdc++.so.6.0.19
7fc8b5975000-7fc8b598a000 rw-p 00000000 00:00 0 
7fc8b598a000-7fc8b59b1000 r-xp 00000000 08:09 2625521                    /lib/x86_64-linux-gnu/libexpat.so.1.6.0
7fc8b59b1000-7fc8b5bb1000 ---p 00027000 08:09 2625521                    /lib/x86_64-linux-gnu/libexpat.so.1.6.0
7fc8b5bb1000-7fc8b5bb3000 r--p 00027000 08:09 2625521                    /lib/x86_64-linux-gnu/libexpat.so.1.6.0
7fc8b5bb3000-7fc8b5bb4000 rw-p 00029000 08:09 2625521                    /lib/x86_64-linux-gnu/libexpat.so.1.6.0
7fc8b5bb4000-7fc8b5bc0000 r-xp 00000000 08:09 3673068                    /usr/lib/x86_64-linux-gnu/libdrm_radeon.so.1.0.1
7fc8b5bc0000-7fc8b5dbf000 ---p 0000c000 08:09 3673068                    /usr/lib/x86_64-linux-gnu/libdrm_radeon.so.1.0.1
7fc8b5dbf000-7fc8b5dc0000 r--p 0000b000 08:09 3673068                    /usr/lib/x86_64-linux-gnu/libdrm_radeon.so.1.0.1
7fc8b5dc0000-7fc8b5dc1000 rw-p 0000c000 08:09 3673068                    /usr/lib/x86_64-linux-gnu/libdrm_radeon.so.1.0.1
7fc8b5dc1000-7fc8b5dc7000 r-xp 00000000 08:09 3672797                    /usr/lib/x86_64-linux-gnu/libdrm_nouveau.so.2.0.0
7fc8b5dc7000-7fc8b5fc6000 ---p 00006000 08:09 3672797                    /usr/lib/x86_64-linux-gnu/libdrm_nouveau.so.2.0.0
7fc8b5fc6000-7fc8b5fc7000 r--p 00005000 08:09 3672797                    /usr/lib/x86_64-linux-gnu/libdrm_nouveau.so.2.0.0
7fc8b5fc7000-7fc8b5fc8000 rw-p 00006000 08:09 3672797                    /usr/lib/x86_64-linux-gnu/libdrm_nouveau.so.2.0.0
7fc8b5fc8000-7fc8b5fe7000 r-xp 00000000 08:09 3672795                    /usr/lib/x86_64-linux-gnu/libdrm_intel.so.1.0.0
7fc8b5fe7000-7fc8b61e6000 ---p 0001f000 08:09 3672795                    /usr/lib/x86_64-linux-gnu/libdrm_intel.so.1.0.0
7fc8b61e6000-7fc8b61e7000 r--p 0001e000 08:09 3672795                    /usr/lib/x86_64-linux-gnu/libdrm_intel.so.1.0.0
7fc8b61e7000-7fc8b61e8000 rw-p 0001f000 08:09 3672795                    /usr/lib/x86_64-linux-gnu/libdrm_intel.so.1.0.0
7fc8b61e8000-7fc8b66d7000 r-xp 00000000 08:09 3934416                    /usr/lib/x86_64-linux-gnu/dri/i965_dri.so
7fc8b66d7000-7fc8b68d6000 ---p 004ef000 08:09 3934416                    /usr/lib/x86_64-linux-gnu/dri/i965_dri.so
7fc8b68d6000-7fc8b68ed000 r--p 004ee000 08:09 3934416                    /usr/lib/x86_64-linux-gnu/dri/i965_dri.so
7fc8b68ed000-7fc8b68f9000 rw-p 00505000 08:09 3934416                    /usr/lib/x86_64-linux-gnu/dri/i965_dri.so
7fc8b68f9000-7fc8b6945000 rw-p 00000000 00:00 0 
7fc8b6945000-7fc8b6989000 r-xp 00000000 08:09 2625517                    /lib/x86_64-linux-gnu/libdbus-1.so.3.7.6
7fc8b6989000-7fc8b6b88000 ---p 00044000 08:09 2625517                    /lib/x86_64-linux-gnu/libdbus-1.so.3.7.6
7fc8b6b88000-7fc8b6b89000 r--p 00043000 08:09 2625517                    /lib/x86_64-linux-gnu/libdbus-1.so.3.7.6
7fc8b6b89000-7fc8b6b8a000 rw-p 00044000 08:09 2625517                    /lib/x86_64-linux-gnu/libdbus-1.so.3.7.6
7fc8b6b8a000-7fc8b6b92000 r-xp 00000000 08:09 2625561                    /lib/x86_64-linux-gnu/libnih-dbus.so.1.0.0
7fc8b6b92000-7fc8b6d92000 ---p 00008000 08:09 2625561                    /lib/x86_64-linux-gnu/libnih-dbus.so.1.0.0
7fc8b6d92000-7fc8b6d93000 r--p 00008000 08:09 2625561                    /lib/x86_64-linux-gnu/libnih-dbus.so.1.0.0
7fc8b6d93000-7fc8b6d94000 rw-p 00009000 08:09 2625561                    /lib/x86_64-linux-gnu/libnih-dbus.so.1.0.0
7fc8b6d94000-7fc8b6dab000 r-xp 00000000 08:09 2625563                    /lib/x86_64-linux-gnu/libnih.so.1.0.0
7fc8b6dab000-7fc8b6faa000 ---p 00017000 08:09 2625563                    /lib/x86_64-linux-gnu/libnih.so.1.0.0
7fc8b6faa000-7fc8b6fab000 r--p 00016000 08:09 2625563                    /lib/x86_64-linux-gnu/libnih.so.1.0.0
7fc8b6fab000-7fc8b6fac000 rw-p 00017000 08:09 2625563                    /lib/x86_64-linux-gnu/libnih.so.1.0.0
7fc8b6fac000-7fc8b6fc5000 r-xp 00000000 08:09 2625512                    /lib/x86_64-linux-gnu/libcgmanager.so.0.0.0
7fc8b6fc5000-7fc8b71c4000 ---p 00019000 08:09 2625512                    /lib/x86_64-linux-gnu/libcgmanager.so.0.0.0
7fc8b71c4000-7fc8b71c6000 r--p 00018000 08:09 2625512                    /lib/x86_64-linux-gnu/libcgmanager.so.0.0.0
7fc8b71c6000-7fc8b71c7000 rw-p 0001a000 08:09 2625512                    /lib/x86_64-linux-gnu/libcgmanager.so.0.0.0
7fc8b71c7000-7fc8b71d7000 r-xp 00000000 08:09 2625436                    /lib/x86_64-linux-gnu/libudev.so.1.3.5
7fc8b71d7000-7fc8b73d6000 ---p 00010000 08:09 2625436                    /lib/x86_64-linux-gnu/libudev.so.1.3.5
7fc8b73d6000-7fc8b73d7000 r--p 0000f000 08:09 2625436                    /lib/x86_64-linux-gnu/libudev.so.1.3.5
7fc8b73d7000-7fc8b73d8000 rw-p 00010000 08:09 2625436                    /lib/x86_64-linux-gnu/libudev.so.1.3.5
7fc8b73d8000-7fc8b73dd000 r-xp 00000000 08:09 3678669                    /usr/lib/x86_64-linux-gnu/libXdmcp.so.6.0.0
7fc8b73dd000-7fc8b75dc000 ---p 00005000 08:09 3678669                    /usr/lib/x86_64-linux-gnu/libXdmcp.so.6.0.0
7fc8b75dc000-7fc8b75dd000 r--p 00004000 08:09 3678669                    /usr/lib/x86_64-linux-gnu/libXdmcp.so.6.0.0
7fc8b75dd000-7fc8b75de000 rw-p 00005000 08:09 3678669                    /usr/lib/x86_64-linux-gnu/libXdmcp.so.6.0.0
7fc8b75de000-7fc8b75e0000 r-xp 00000000 08:09 3678658                    /usr/lib/x86_64-linux-gnu/libXau.so.6.0.0
7fc8b75e0000-7fc8b77e0000 ---p 00002000 08:09 3678658                    /usr/lib/x86_64-linux-gnu/libXau.so.6.0.0
7fc8b77e0000-7fc8b77e1000 r--p 00002000 08:09 3678658                    /usr/lib/x86_64-linux-gnu/libXau.so.6.0.0
7fc8b77e1000-7fc8b77e2000 rw-p 00003000 08:09 3678658                    /usr/lib/x86_64-linux-gnu/libXau.so.6.0.0
7fc8b77e2000-7fc8b77eb000 r-xp 00000000 08:09 3678693                    /usr/lib/x86_64-linux-gnu/libXrender.so.1.3.0
7fc8b77eb000-7fc8b79ea000 ---p 00009000 08:09 3678693                    /usr/lib/x86_64-linux-gnu/libXrender.so.1.3.0
7fc8b79ea000-7fc8b79eb000 r--p 00008000 08:09 3678693                    /usr/lib/x86_64-linux-gnu/libXrender.so.1.3.0
7fc8b79eb000-7fc8b79ec000 rw-p 00009000 08:09 3678693                    /usr/lib/x86_64-linux-gnu/libXrender.so.1.3.0
7fc8b79ec000-7fc8b79f7000 r-xp 00000000 08:09 3672667                    /usr/lib/x86_64-linux-gnu/libdrm.so.2.4.0
7fc8b79f7000-7fc8b7bf6000 ---p 0000b000 08:09 3672667                    /usr/lib/x86_64-linux-gnu/libdrm.so.2.4.0
7fc8b7bf6000-7fc8b7bf7000 r--p 0000a000 08:09 3672667                    /usr/lib/x86_64-linux-gnu/libdrm.so.2.4.0
7fc8b7bf7000-7fc8b7bf8000 rw-p 0000b000 08:09 3672667                    /usr/lib/x86_64-linux-gnu/libdrm.so.2.4.0
7fc8b7bf8000-7fc8b7bf9000 r-xp 00000000 08:09 3679738                    /usr/lib/x86_64-linux-gnu/libxshmfence.so.1.0.0
7fc8b7bf9000-7fc8b7df8000 ---p 00001000 08:09 3679738                    /usr/lib/x86_64-linux-gnu/libxshmfence.so.1.0.0
7fc8b7df8000-7fc8b7df9000 r--p 00000000 08:09 3679738                    /usr/lib/x86_64-linux-gnu/libxshmfence.so.1.0.0
7fc8b7df9000-7fc8b7dfa000 rw-p 00001000 08:09 3679738                    /usr/lib/x86_64-linux-gnu/libxshmfence.so.1.0.0
7fc8b7dfa000-7fc8b7dff000 r-xp 00000000 08:09 3679720                    /usr/lib/x86_64-linux-gnu/libxcb-sync.so.1.0.0
7fc8b7dff000-7fc8b7ffe000 ---p 00005000 08:09 3679720                    /usr/lib/x86_64-linux-gnu/libxcb-sync.so.1.0.0
7fc8b7ffe000-7fc8b7fff000 r--p 00004000 08:09 3679720                    /usr/lib/x86_64-linux-gnu/libxcb-sync.so.1.0.0
7fc8b7fff000-7fc8b8000000 rw-p 00005000 08:09 3679720                    /usr/lib/x86_64-linux-gnu/libxcb-sync.so.1.0.0
7fc8b8000000-7fc8b8021000 rw-p 00000000 00:00 0 
7fc8b8021000-7fc8bc000000 ---p 00000000 00:00 0 
7fc8bc0be000-7fc8bc0c0000 r-xp 00000000 08:09 3679708                    /usr/lib/x86_64-linux-gnu/libxcb-present.so.0.0.0
7fc8bc0c0000-7fc8bc2bf000 ---p 00002000 08:09 3679708                    /usr/lib/x86_64-linux-gnu/libxcb-present.so.0.0.0
7fc8bc2bf000-7fc8bc2c0000 r--p 00001000 08:09 3679708                    /usr/lib/x86_64-linux-gnu/libxcb-present.so.0.0.0
7fc8bc2c0000-7fc8bc2c1000 rw-p 00002000 08:09 3679708                    /usr/lib/x86_64-linux-gnu/libxcb-present.so.0.0.0
7fc8bc2c1000-7fc8bc2c3000 r-xp 00000000 08:09 3679698                    /usr/lib/x86_64-linux-gnu/libxcb-dri3.so.0.0.0
7fc8bc2c3000-7fc8bc4c2000 ---p 00002000 08:09 3679698                    /usr/lib/x86_64-linux-gnu/libxcb-dri3.so.0.0.0
7fc8bc4c2000-7fc8bc4c3000 r--p 00001000 08:09 3679698                    /usr/lib/x86_64-linux-gnu/libxcb-dri3.so.0.0.0
7fc8bc4c3000-7fc8bc4c4000 rw-p 00002000 08:09 3679698                    /usr/lib/x86_64-linux-gnu/libxcb-dri3.so.0.0.0
7fc8bc4c4000-7fc8bc4c7000 r-xp 00000000 08:09 3679696                    /usr/lib/x86_64-linux-gnu/libxcb-dri2.so.0.0.0
7fc8bc4c7000-7fc8bc6c7000 ---p 00003000 08:09 3679696                    /usr/lib/x86_64-linux-gnu/libxcb-dri2.so.0.0.0
7fc8bc6c7000-7fc8bc6c8000 r--p 00003000 08:09 3679696                    /usr/lib/x86_64-linux-gnu/libxcb-dri2.so.0.0.0
7fc8bc6c8000-7fc8bc6c9000 rw-p 00004000 08:09 3679696                    /usr/lib/x86_64-linux-gnu/libxcb-dri2.so.0.0.0
7fc8bc6c9000-7fc8bc6de000 r-xp 00000000 08:09 3679700                    /usr/lib/x86_64-linux-gnu/libxcb-glx.so.0.0.0
7fc8bc6de000-7fc8bc8dd000 ---p 00015000 08:09 3679700                    /usr/lib/x86_64-linux-gnu/libxcb-glx.so.0.0.0
7fc8bc8dd000-7fc8bc8df000 r--p 00014000 08:09 3679700                    /usr/lib/x86_64-linux-gnu/libxcb-glx.so.0.0.0
7fc8bc8df000-7fc8bc8e0000 rw-p 00016000 08:09 3679700                    /usr/lib/x86_64-linux-gnu/libxcb-glx.so.0.0.0
7fc8bc8e0000-7fc8bc8e1000 r-xp 00000000 08:09 3678652                    /usr/lib/x86_64-linux-gnu/libX11-xcb.so.1.0.0
7fc8bc8e1000-7fc8bcae0000 ---p 00001000 08:09 3678652                    /usr/lib/x86_64-linux-gnu/libX11-xcb.so.1.0.0
7fc8bcae0000-7fc8bcae1000 r--p 00000000 08:09 3678652                    /usr/lib/x86_64-linux-gnu/libX11-xcb.so.1.0.0
7fc8bcae1000-7fc8bcae2000 rw-p 00001000 08:09 3678652                    /usr/lib/x86_64-linux-gnu/libX11-xcb.so.1.0.0
7fc8bcae2000-7fc8bcae7000 r-xp 00000000 08:09 3678673                    /usr/lib/x86_64-linux-gnu/libXfixes.so.3.1.0
7fc8bcae7000-7fc8bcce6000 ---p 00005000 08:09 3678673                    /usr/lib/x86_64-linux-gnu/libXfixes.so.3.1.0
7fc8bcce6000-7fc8bcce7000 r--p 00004000 08:09 3678673                    /usr/lib/x86_64-linux-gnu/libXfixes.so.3.1.0
7fc8bcce7000-7fc8bcce8000 rw-p 00005000 08:09 3678673                    /usr/lib/x86_64-linux-gnu/libXfixes.so.3.1.0
7fc8bcce8000-7fc8bccea000 r-xp 00000000 08:09 3678667                    /usr/lib/x86_64-linux-gnu/libXdamage.so.1.1.0
7fc8bccea000-7fc8bcee9000 ---p 00002000 08:09 3678667                    /usr/lib/x86_64-linux-gnu/libXdamage.so.1.1.0
7fc8bcee9000-7fc8bceea000 r--p 00001000 08:09 3678667                    /usr/lib/x86_64-linux-gnu/libXdamage.so.1.1.0
7fc8bceea000-7fc8bceeb000 rw-p 00002000 08:09 3678667                    /usr/lib/x86_64-linux-gnu/libXdamage.so.1.1.0
7fc8bceeb000-7fc8bcefc000 r-xp 00000000 08:09 3678671                    /usr/lib/x86_64-linux-gnu/libXext.so.6.4.0
7fc8bcefc000-7fc8bd0fb000 ---p 00011000 08:09 3678671                    /usr/lib/x86_64-linux-gnu/libXext.so.6.4.0
7fc8bd0fb000-7fc8bd0fc000 r--p 00010000 08:09 3678671                    /usr/lib/x86_64-linux-gnu/libXext.so.6.4.0
7fc8bd0fc000-7fc8bd0fd000 rw-p 00011000 08:09 3678671                    /usr/lib/x86_64-linux-gnu/libXext.so.6.4.0
7fc8bd0fd000-7fc8bd11f000 r-xp 00000000 08:09 3672157                    /usr/lib/x86_64-linux-gnu/libglapi.so.0.0.0
7fc8bd11f000-7fc8bd31f000 ---p 00022000 08:09 3672157                    /usr/lib/x86_64-linux-gnu/libglapi.so.0.0.0
7fc8bd31f000-7fc8bd322000 r--p 00022000 08:09 3672157                    /usr/lib/x86_64-linux-gnu/libglapi.so.0.0.0
7fc8bd322000-7fc8bd323000 rw-p 00025000 08:09 3672157                    /usr/lib/x86_64-linux-gnu/libglapi.so.0.0.0
7fc8bd323000-7fc8bd324000 rw-p 00000000 00:00 0 
7fc8bd324000-7fc8bd341000 r-xp 00000000 08:09 3679728                    /usr/lib/x86_64-linux-gnu/libxcb.so.1.1.0
7fc8bd341000-7fc8bd541000 ---p 0001d000 08:09 3679728                    /usr/lib/x86_64-linux-gnu/libxcb.so.1.1.0
7fc8bd541000-7fc8bd542000 r--p 0001d000 08:09 3679728                    /usr/lib/x86_64-linux-gnu/libxcb.so.1.1.0
7fc8bd542000-7fc8bd543000 rw-p 0001e000 08:09 3679728                    /usr/lib/x86_64-linux-gnu/libxcb.so.1.1.0
7fc8bd543000-7fc8bd54c000 r-xp 00000000 08:09 3678665                    /usr/lib/x86_64-linux-gnu/libXcursor.so.1.0.2
7fc8bd54c000-7fc8bd74b000 ---p 00009000 08:09 3678665                    /usr/lib/x86_64-linux-gnu/libXcursor.so.1.0.2
7fc8bd74b000-7fc8bd74c000 r--p 00008000 08:09 3678665                    /usr/lib/x86_64-linux-gnu/libXcursor.so.1.0.2
7fc8bd74c000-7fc8bd74d000 rw-p 00009000 08:09 3678665                    /usr/lib/x86_64-linux-gnu/libXcursor.so.1.0.2
7fc8bd74d000-7fc8bd74f000 r-xp 00000000 08:09 3678681                    /usr/lib/x86_64-linux-gnu/libXinerama.so.1.0.0
7fc8bd74f000-7fc8bd94e000 ---p 00002000 08:09 3678681                    /usr/lib/x86_64-linux-gnu/libXinerama.so.1.0.0
7fc8bd94e000-7fc8bd94f000 r--p 00001000 08:09 3678681                    /usr/lib/x86_64-linux-gnu/libXinerama.so.1.0.0
7fc8bd94f000-7fc8bd950000 rw-p 00002000 08:09 3678681                    /usr/lib/x86_64-linux-gnu/libXinerama.so.1.0.0
7fc8bd950000-7fc8bd954000 r-xp 00000000 08:09 3678709                    /usr/lib/x86_64-linux-gnu/libXxf86vm.so.1.0.0
7fc8bd954000-7fc8bdb54000 ---p 00004000 08:09 3678709                    /usr/lib/x86_64-linux-gnu/libXxf86vm.so.1.0.0
7fc8bdb54000-7fc8bdb55000 r--p 00004000 08:09 3678709                    /usr/lib/x86_64-linux-gnu/libXxf86vm.so.1.0.0
7fc8bdb55000-7fc8bdb56000 rw-p 00005000 08:09 3678709                    /usr/lib/x86_64-linux-gnu/libXxf86vm.so.1.0.0
7fc8bdb56000-7fc8bdb5f000 r-xp 00000000 08:09 3678691                    /usr/lib/x86_64-linux-gnu/libXrandr.so.2.2.0
7fc8bdb5f000-7fc8bdd5e000 ---p 00009000 08:09 3678691                    /usr/lib/x86_64-linux-gnu/libXrandr.so.2.2.0
7fc8bdd5e000-7fc8bdd5f000 r--p 00008000 08:09 3678691                    /usr/lib/x86_64-linux-gnu/libXrandr.so.2.2.0
7fc8bdd5f000-7fc8bdd60000 rw-p 00009000 08:09 3678691                    /usr/lib/x86_64-linux-gnu/libXrandr.so.2.2.0
7fc8bdd60000-7fc8bdd6f000 r-xp 00000000 08:09 3678679                    /usr/lib/x86_64-linux-gnu/libXi.so.6.1.0
7fc8bdd6f000-7fc8bdf6e000 ---p 0000f000 08:09 3678679                    /usr/lib/x86_64-linux-gnu/libXi.so.6.1.0
7fc8bdf6e000-7fc8bdf6f000 r--p 0000e000 08:09 3678679                    /usr/lib/x86_64-linux-gnu/libXi.so.6.1.0
7fc8bdf6f000-7fc8bdf70000 rw-p 0000f000 08:09 3678679                    /usr/lib/x86_64-linux-gnu/libXi.so.6.1.0
7fc8bdf70000-7fc8c0000000 rw-p 00000000 00:00 0 
7fc8c0000000-7fc8c0021000 rw-p 00000000 00:00 0 
7fc8c0021000-7fc8c4000000 ---p 00000000 00:00 0 
7fc8c4112000-7fc8c4174000 r-xp 00000000 08:09 3934455                    /usr/lib/x86_64-linux-gnu/mesa/libGL.so.1.2.0
7fc8c4174000-7fc8c4373000 ---p 00062000 08:09 3934455                    /usr/lib/x86_64-linux-gnu/mesa/libGL.so.1.2.0
7fc8c4373000-7fc8c4376000 r--p 00061000 08:09 3934455                    /usr/lib/x86_64-linux-gnu/mesa/libGL.so.1.2.0
7fc8c4376000-7fc8c4377000 rw-p 00064000 08:09 3934455                    /usr/lib/x86_64-linux-gnu/mesa/libGL.so.1.2.0
7fc8c4377000-7fc8c4378000 rw-p 00000000 00:00 0 
7fc8c4378000-7fc8c44a8000 r-xp 00000000 08:09 3678654                    /usr/lib/x86_64-linux-gnu/libX11.so.6.3.0
7fc8c44a8000-7fc8c46a8000 ---p 00130000 08:09 3678654                    /usr/lib/x86_64-linux-gnu/libX11.so.6.3.0
7fc8c46a8000-7fc8c46a9000 r--p 00130000 08:09 3678654                    /usr/lib/x86_64-linux-gnu/libX11.so.6.3.0
7fc8c46a9000-7fc8c46ad000 rw-p 00131000 08:09 3678654                    /usr/lib/x86_64-linux-gnu/libX11.so.6.3.0
7fc8c46ad000-7fc8c471c000 r-xp 00000000 08:09 2102220                    /home/raul/lwjgl/native/linux/x64/liblwjgl.so
7fc8c471c000-7fc8c491b000 ---p 0006f000 08:09 2102220                    /home/raul/lwjgl/native/linux/x64/liblwjgl.so
7fc8c491b000-7fc8c491c000 r--p 0006e000 08:09 2102220                    /home/raul/lwjgl/native/linux/x64/liblwjgl.so
7fc8c491c000-7fc8c491d000 rw-p 0006f000 08:09 2102220                    /home/raul/lwjgl/native/linux/x64/liblwjgl.so
7fc8c491d000-7fc8c491e000 rw-p 00000000 00:00 0 
7fc8c491e000-7fc8c5000000 r--p 00000000 08:09 3677561                    /usr/lib/locale/locale-archive
7fc8c5000000-7fc8c5270000 rwxp 00000000 00:00 0 
7fc8c5270000-7fc8c8943000 rw-p 00000000 00:00 0 
7fc8c8943000-7fc8cc000000 ---p 00000000 00:00 0 
7fc8cc04f000-7fc8cc057000 rw-s 00000000 00:04 40970                      /drm mm object (deleted)
7fc8cc057000-7fc8cc05f000 rw-s 00000000 00:04 40969                      /drm mm object (deleted)
7fc8cc05f000-7fc8cc067000 rw-s 00000000 00:04 40965                      /drm mm object (deleted)
7fc8cc067000-7fc8cc0d6000 rw-p 00000000 00:00 0 
7fc8cc0d6000-7fc8cc0dd000 r--s 00000000 08:09 3939448                    /usr/lib/x86_64-linux-gnu/gconv/gconv-modules.cache
7fc8cc0dd000-7fc8cc103000 r--p 00000000 08:09 4329090                    /usr/share/locale-langpack/es/LC_MESSAGES/libc.mo
7fc8cc103000-7fc8cc104000 ---p 00000000 00:00 0 
7fc8cc104000-7fc8cc204000 rw-p 00000000 00:00 0                          [stack:4077]
7fc8cc204000-7fc8cc207000 ---p 00000000 00:00 0 
7fc8cc207000-7fc8cc305000 rw-p 00000000 00:00 0                          [stack:4076]
7fc8cc305000-7fc8cc308000 ---p 00000000 00:00 0 
7fc8cc308000-7fc8cc406000 rw-p 00000000 00:00 0                          [stack:4075]
7fc8cc406000-7fc8cc409000 ---p 00000000 00:00 0 
7fc8cc409000-7fc8cc507000 rw-p 00000000 00:00 0                          [stack:4074]
7fc8cc507000-7fc8cc50a000 ---p 00000000 00:00 0 
7fc8cc50a000-7fc8cc608000 rw-p 00000000 00:00 0                          [stack:4073]
7fc8cc608000-7fc8cc60b000 ---p 00000000 00:00 0 
7fc8cc60b000-7fc8cc709000 rw-p 00000000 00:00 0                          [stack:4072]
7fc8cc709000-7fc8cc70c000 ---p 00000000 00:00 0 
7fc8cc70c000-7fc8cc80a000 rw-p 00000000 00:00 0                          [stack:4071]
7fc8cc80a000-7fc8cc80b000 ---p 00000000 00:00 0 
7fc8cc80b000-7fc8cd90a000 rw-p 00000000 00:00 0                          [stack:4070]
7fc8cd90a000-7fc8cdac9000 r--s 039eb000 08:09 1837861                    /home/raul/jdk1.7.0_75/jre/lib/rt.jar
7fc8cdac9000-7fc8cddcb000 rw-p 00000000 00:00 0 
7fc8cddcb000-7fc8cddcc000 ---p 00000000 00:00 0 
7fc8cddcc000-7fc8cdecc000 rw-p 00000000 00:00 0                          [stack:4066]
7fc8cdecc000-7fc8cdecd000 ---p 00000000 00:00 0 
7fc8cdecd000-7fc8cdfcd000 rw-p 00000000 00:00 0                          [stack:4065]
7fc8cdfcd000-7fc8cdfce000 ---p 00000000 00:00 0 
7fc8cdfce000-7fc8ce0ce000 rw-p 00000000 00:00 0                          [stack:4064]
7fc8ce0ce000-7fc8ce0cf000 ---p 00000000 00:00 0 
7fc8ce0cf000-7fc8ce1da000 rw-p 00000000 00:00 0                          [stack:4063]
7fc8ce1da000-7fc8ce1f8000 rw-p 00000000 00:00 0 
7fc8ce1f8000-7fc8ce20c000 rw-p 00000000 00:00 0 
7fc8ce20c000-7fc8ce338000 rw-p 00000000 00:00 0 
7fc8ce338000-7fc8ce343000 rw-p 00000000 00:00 0 
7fc8ce343000-7fc8ce361000 rw-p 00000000 00:00 0 
7fc8ce361000-7fc8ce375000 rw-p 00000000 00:00 0 
7fc8ce375000-7fc8ce4a1000 rw-p 00000000 00:00 0 
7fc8ce4a1000-7fc8ce4ab000 rw-p 00000000 00:00 0 
7fc8ce4ab000-7fc8ce541000 rw-p 00000000 00:00 0 
7fc8ce541000-7fc8ce542000 rw-p 00000000 00:00 0 
7fc8ce542000-7fc8ce55c000 r-xp 00000000 08:09 1837823                    /home/raul/jdk1.7.0_75/jre/lib/amd64/libzip.so
7fc8ce55c000-7fc8ce75c000 ---p 0001a000 08:09 1837823                    /home/raul/jdk1.7.0_75/jre/lib/amd64/libzip.so
7fc8ce75c000-7fc8ce75d000 rw-p 0001a000 08:09 1837823                    /home/raul/jdk1.7.0_75/jre/lib/amd64/libzip.so
7fc8ce75d000-7fc8ce768000 r-xp 00000000 08:09 2625429                    /lib/x86_64-linux-gnu/libnss_files-2.19.so
7fc8ce768000-7fc8ce967000 ---p 0000b000 08:09 2625429                    /lib/x86_64-linux-gnu/libnss_files-2.19.so
7fc8ce967000-7fc8ce968000 r--p 0000a000 08:09 2625429                    /lib/x86_64-linux-gnu/libnss_files-2.19.so
7fc8ce968000-7fc8ce969000 rw-p 0000b000 08:09 2625429                    /lib/x86_64-linux-gnu/libnss_files-2.19.so
7fc8ce969000-7fc8ce974000 r-xp 00000000 08:09 2621542                    /lib/x86_64-linux-gnu/libnss_nis-2.19.so
7fc8ce974000-7fc8ceb73000 ---p 0000b000 08:09 2621542                    /lib/x86_64-linux-gnu/libnss_nis-2.19.so
7fc8ceb73000-7fc8ceb74000 r--p 0000a000 08:09 2621542                    /lib/x86_64-linux-gnu/libnss_nis-2.19.so
7fc8ceb74000-7fc8ceb75000 rw-p 0000b000 08:09 2621542                    /lib/x86_64-linux-gnu/libnss_nis-2.19.so
7fc8ceb75000-7fc8ceb8c000 r-xp 00000000 08:09 2621536                    /lib/x86_64-linux-gnu/libnsl-2.19.so
7fc8ceb8c000-7fc8ced8b000 ---p 00017000 08:09 2621536                    /lib/x86_64-linux-gnu/libnsl-2.19.so
7fc8ced8b000-7fc8ced8c000 r--p 00016000 08:09 2621536                    /lib/x86_64-linux-gnu/libnsl-2.19.so
7fc8ced8c000-7fc8ced8d000 rw-p 00017000 08:09 2621536                    /lib/x86_64-linux-gnu/libnsl-2.19.so
7fc8ced8d000-7fc8ced8f000 rw-p 00000000 00:00 0 
7fc8ced8f000-7fc8ced98000 r-xp 00000000 08:09 2621533                    /lib/x86_64-linux-gnu/libnss_compat-2.19.so
7fc8ced98000-7fc8cef97000 ---p 00009000 08:09 2621533                    /lib/x86_64-linux-gnu/libnss_compat-2.19.so
7fc8cef97000-7fc8cef98000 r--p 00008000 08:09 2621533                    /lib/x86_64-linux-gnu/libnss_compat-2.19.so
7fc8cef98000-7fc8cef99000 rw-p 00009000 08:09 2621533                    /lib/x86_64-linux-gnu/libnss_compat-2.19.so
7fc8cef99000-7fc8cefc2000 r-xp 00000000 08:09 1837758                    /home/raul/jdk1.7.0_75/jre/lib/amd64/libjava.so
7fc8cefc2000-7fc8cf1c2000 ---p 00029000 08:09 1837758                    /home/raul/jdk1.7.0_75/jre/lib/amd64/libjava.so
7fc8cf1c2000-7fc8cf1c4000 rw-p 00029000 08:09 1837758                    /home/raul/jdk1.7.0_75/jre/lib/amd64/libjava.so
7fc8cf1c4000-7fc8cf1d1000 r-xp 00000000 08:09 1837636                    /home/raul/jdk1.7.0_75/jre/lib/amd64/libverify.so
7fc8cf1d1000-7fc8cf3d0000 ---p 0000d000 08:09 1837636                    /home/raul/jdk1.7.0_75/jre/lib/amd64/libverify.so
7fc8cf3d0000-7fc8cf3d2000 rw-p 0000c000 08:09 1837636                    /home/raul/jdk1.7.0_75/jre/lib/amd64/libverify.so
7fc8cf3d2000-7fc8cf3d9000 r-xp 00000000 08:09 2621470                    /lib/x86_64-linux-gnu/librt-2.19.so
7fc8cf3d9000-7fc8cf5d8000 ---p 00007000 08:09 2621470                    /lib/x86_64-linux-gnu/librt-2.19.so
7fc8cf5d8000-7fc8cf5d9000 r--p 00006000 08:09 2621470                    /lib/x86_64-linux-gnu/librt-2.19.so
7fc8cf5d9000-7fc8cf5da000 rw-p 00007000 08:09 2621470                    /lib/x86_64-linux-gnu/librt-2.19.so
7fc8cf5da000-7fc8cf6df000 r-xp 00000000 08:09 2621535                    /lib/x86_64-linux-gnu/libm-2.19.so
7fc8cf6df000-7fc8cf8de000 ---p 00105000 08:09 2621535                    /lib/x86_64-linux-gnu/libm-2.19.so
7fc8cf8de000-7fc8cf8df000 r--p 00104000 08:09 2621535                    /lib/x86_64-linux-gnu/libm-2.19.so
7fc8cf8df000-7fc8cf8e0000 rw-p 00105000 08:09 2621535                    /lib/x86_64-linux-gnu/libm-2.19.so
7fc8cf8e0000-7fc8d0453000 r-xp 00000000 08:09 1837408                    /home/raul/jdk1.7.0_75/jre/lib/amd64/server/libjvm.so
7fc8d0453000-7fc8d0653000 ---p 00b73000 08:09 1837408                    /home/raul/jdk1.7.0_75/jre/lib/amd64/server/libjvm.so
7fc8d0653000-7fc8d0717000 rw-p 00b73000 08:09 1837408                    /home/raul/jdk1.7.0_75/jre/lib/amd64/server/libjvm.so
7fc8d0717000-7fc8d0758000 rw-p 00000000 00:00 0 
7fc8d0758000-7fc8d0913000 r-xp 00000000 08:09 2621469                    /lib/x86_64-linux-gnu/libc-2.19.so
7fc8d0913000-7fc8d0b13000 ---p 001bb000 08:09 2621469                    /lib/x86_64-linux-gnu/libc-2.19.so
7fc8d0b13000-7fc8d0b17000 r--p 001bb000 08:09 2621469                    /lib/x86_64-linux-gnu/libc-2.19.so
7fc8d0b17000-7fc8d0b19000 rw-p 001bf000 08:09 2621469                    /lib/x86_64-linux-gnu/libc-2.19.so
7fc8d0b19000-7fc8d0b1e000 rw-p 00000000 00:00 0 
7fc8d0b1e000-7fc8d0b21000 r-xp 00000000 08:09 2621531                    /lib/x86_64-linux-gnu/libdl-2.19.so
7fc8d0b21000-7fc8d0d20000 ---p 00003000 08:09 2621531                    /lib/x86_64-linux-gnu/libdl-2.19.so
7fc8d0d20000-7fc8d0d21000 r--p 00002000 08:09 2621531                    /lib/x86_64-linux-gnu/libdl-2.19.so
7fc8d0d21000-7fc8d0d22000 rw-p 00003000 08:09 2621531                    /lib/x86_64-linux-gnu/libdl-2.19.so
7fc8d0d22000-7fc8d0d38000 r-xp 00000000 08:09 1837831                    /home/raul/jdk1.7.0_75/lib/amd64/jli/libjli.so
7fc8d0d38000-7fc8d0f38000 ---p 00016000 08:09 1837831                    /home/raul/jdk1.7.0_75/lib/amd64/jli/libjli.so
7fc8d0f38000-7fc8d0f39000 rw-p 00016000 08:09 1837831                    /home/raul/jdk1.7.0_75/lib/amd64/jli/libjli.so
7fc8d0f39000-7fc8d0f52000 r-xp 00000000 08:09 2621544                    /lib/x86_64-linux-gnu/libpthread-2.19.so
7fc8d0f52000-7fc8d1151000 ---p 00019000 08:09 2621544                    /lib/x86_64-linux-gnu/libpthread-2.19.so
7fc8d1151000-7fc8d1152000 r--p 00018000 08:09 2621544                    /lib/x86_64-linux-gnu/libpthread-2.19.so
7fc8d1152000-7fc8d1153000 rw-p 00019000 08:09 2621544                    /lib/x86_64-linux-gnu/libpthread-2.19.so
7fc8d1153000-7fc8d1157000 rw-p 00000000 00:00 0 
7fc8d1157000-7fc8d117a000 r-xp 00000000 08:09 2621459                    /lib/x86_64-linux-gnu/ld-2.19.so
7fc8d117c000-7fc8d117d000 rw-p 00000000 00:00 0 
7fc8d117d000-7fc8d117e000 rw-s 00000000 00:04 41993                      /drm mm object (deleted)
7fc8d117e000-7fc8d117f000 rw-s 00000000 00:04 40974                      /drm mm object (deleted)
7fc8d117f000-7fc8d1180000 rwxp 00000000 00:00 0 
7fc8d1180000-7fc8d119f000 rw-p 00000000 00:00 0 
7fc8d119f000-7fc8d1255000 rw-p 00000000 00:00 0 
7fc8d1255000-7fc8d1258000 ---p 00000000 00:00 0 
7fc8d1258000-7fc8d135a000 rw-p 00000000 00:00 0                          [stack:4062]
7fc8d135a000-7fc8d135b000 rw-s 00000000 00:04 40966                      /drm mm object (deleted)
7fc8d135b000-7fc8d135c000 rwxp 00000000 00:00 0 
7fc8d135c000-7fc8d135e000 r--s 00004000 08:09 1968631                    /home/raul/.netbeans/8.0.2/gluegen-runtime/gluegen-rt.jar
7fc8d135e000-7fc8d136d000 r--s 0012e000 08:09 2102216                    /home/raul/lwjgl/jar/lwjgl.jar
7fc8d136d000-7fc8d1375000 rw-s 00000000 08:09 4080684                    /tmp/hsperfdata_raul/4060
7fc8d1375000-7fc8d1376000 rw-p 00000000 00:00 0 
7fc8d1376000-7fc8d1377000 r--p 00000000 00:00 0 
7fc8d1377000-7fc8d1379000 rw-p 00000000 00:00 0 
7fc8d1379000-7fc8d137a000 r--p 00022000 08:09 2621459                    /lib/x86_64-linux-gnu/ld-2.19.so
7fc8d137a000-7fc8d137b000 rw-p 00023000 08:09 2621459                    /lib/x86_64-linux-gnu/ld-2.19.so
7fc8d137b000-7fc8d137c000 rw-p 00000000 00:00 0 
7fff543ae000-7fff543cf000 rw-p 00000000 00:00 0                          [stack]
7fff543fe000-7fff54400000 r-xp 00000000 00:00 0                          [vdso]
ffffffffff600000-ffffffffff601000 r-xp 00000000 00:00 0                  [vsyscall]

VM Arguments:
jvm_args: -Dfile.encoding=UTF-8 -Djava.library.path=/home/raul/lwjgl/native/linux/x64 
java_command: simulador.Main
Launcher Type: SUN_STANDARD

Environment Variables:
PATH=/usr/local/sbin:/usr/local/bin:/usr/sbin:/usr/bin:/sbin:/bin:/usr/games:/usr/local/games
LD_LIBRARY_PATH=/home/raul/jdk1.7.0_75/jre/lib/amd64:/home/raul/jdk1.7.0_75/jre/lib/i386:
SHELL=/bin/bash
DISPLAY=:0.0

Signal Handlers:
SIGSEGV: [libjvm.so+0x9a21f0], sa_mask[0]=0x7ffbfeff, sa_flags=0x10000004
SIGBUS: [libjvm.so+0x9a21f0], sa_mask[0]=0x7ffbfeff, sa_flags=0x10000004
SIGFPE: [libjvm.so+0x81ba40], sa_mask[0]=0x7ffbfeff, sa_flags=0x10000004
SIGPIPE: [libjvm.so+0x81ba40], sa_mask[0]=0x7ffbfeff, sa_flags=0x10000004
SIGXFSZ: [libjvm.so+0x81ba40], sa_mask[0]=0x7ffbfeff, sa_flags=0x10000004
SIGILL: [libjvm.so+0x81ba40], sa_mask[0]=0x7ffbfeff, sa_flags=0x10000004
SIGUSR1: SIG_DFL, sa_mask[0]=0x00000000, sa_flags=0x00000000
SIGUSR2: [libjvm.so+0x81d240], sa_mask[0]=0x00000004, sa_flags=0x10000004
SIGHUP: [libjvm.so+0x81e360], sa_mask[0]=0x7ffbfeff, sa_flags=0x10000004
SIGINT: SIG_IGN, sa_mask[0]=0x00000000, sa_flags=0x00000000
SIGTERM: [libjvm.so+0x81e360], sa_mask[0]=0x7ffbfeff, sa_flags=0x10000004
SIGQUIT: [libjvm.so+0x81e360], sa_mask[0]=0x7ffbfeff, sa_flags=0x10000004


---------------  S Y S T E M  ---------------

OS:jessie/sid

uname:Linux 3.13.0-45-generic #74-Ubuntu SMP Tue Jan 13 19:36:28 UTC 2015 x86_64
libc:glibc 2.19 NPTL 2.19 
rlimit: STACK 8192k, CORE 0k, NPROC 29139, NOFILE 4096, AS infinity
load average:1,24 1,41 1,23

/proc/meminfo:
MemTotal:        3931356 kB
MemFree:          686320 kB
Buffers:          140572 kB
Cached:          1561816 kB
SwapCached:            0 kB
Active:          1798952 kB
Inactive:        1232400 kB
Active(anon):    1331772 kB
Inactive(anon):   344508 kB
Active(file):     467180 kB
Inactive(file):   887892 kB
Unevictable:          32 kB
Mlocked:              32 kB
SwapTotal:       4077564 kB
SwapFree:        4077564 kB
Dirty:              1388 kB
Writeback:           220 kB
AnonPages:       1329568 kB
Mapped:           314152 kB
Shmem:            346796 kB
Slab:             128952 kB
SReclaimable:      97808 kB
SUnreclaim:        31144 kB
KernelStack:        3944 kB
PageTables:        29540 kB
NFS_Unstable:          0 kB
Bounce:                0 kB
WritebackTmp:          0 kB
CommitLimit:     6043240 kB
Committed_AS:    4906672 kB
VmallocTotal:   34359738367 kB
VmallocUsed:      350760 kB
VmallocChunk:   34359378944 kB
HardwareCorrupted:     0 kB
AnonHugePages:    579584 kB
HugePages_Total:       0
HugePages_Free:        0
HugePages_Rsvd:        0
HugePages_Surp:        0
Hugepagesize:       2048 kB
DirectMap4k:       86080 kB
DirectMap2M:     3991552 kB


CPU:total 4 (2 cores per cpu, 2 threads per core) family 6 model 58 stepping 9, cmov, cx8, fxsr, mmx, sse, sse2, sse3, ssse3, sse4.1, sse4.2, popcnt, avx, aes, erms, ht, tsc, tscinvbit, tscinv

/proc/cpuinfo:
processor	: 0
vendor_id	: GenuineIntel
cpu family	: 6
model		: 58
model name	: Intel(R) Core(TM) i5-3230M CPU @ 2.60GHz
stepping	: 9
microcode	: 0x12
cpu MHz		: 2601.000
cache size	: 3072 KB
physical id	: 0
siblings	: 4
core id		: 0
cpu cores	: 2
apicid		: 0
initial apicid	: 0
fpu		: yes
fpu_exception	: yes
cpuid level	: 13
wp		: yes
flags		: fpu vme de pse tsc msr pae mce cx8 apic sep mtrr pge mca cmov pat pse36 clflush dts acpi mmx fxsr sse sse2 ss ht tm pbe syscall nx rdtscp lm constant_tsc arch_perfmon pebs bts rep_good nopl xtopology nonstop_tsc aperfmperf eagerfpu pni pclmulqdq dtes64 monitor ds_cpl vmx est tm2 ssse3 cx16 xtpr pdcm pcid sse4_1 sse4_2 x2apic popcnt tsc_deadline_timer aes xsave avx f16c rdrand lahf_lm ida arat epb xsaveopt pln pts dtherm tpr_shadow vnmi flexpriority ept vpid fsgsbase smep erms
bogomips	: 5188.00
clflush size	: 64
cache_alignment	: 64
address sizes	: 36 bits physical, 48 bits virtual
power management:

processor	: 1
vendor_id	: GenuineIntel
cpu family	: 6
model		: 58
model name	: Intel(R) Core(TM) i5-3230M CPU @ 2.60GHz
stepping	: 9
microcode	: 0x12
cpu MHz		: 2601.000
cache size	: 3072 KB
physical id	: 0
siblings	: 4
core id		: 1
cpu cores	: 2
apicid		: 2
initial apicid	: 2
fpu		: yes
fpu_exception	: yes
cpuid level	: 13
wp		: yes
flags		: fpu vme de pse tsc msr pae mce cx8 apic sep mtrr pge mca cmov pat pse36 clflush dts acpi mmx fxsr sse sse2 ss ht tm pbe syscall nx rdtscp lm constant_tsc arch_perfmon pebs bts rep_good nopl xtopology nonstop_tsc aperfmperf eagerfpu pni pclmulqdq dtes64 monitor ds_cpl vmx est tm2 ssse3 cx16 xtpr pdcm pcid sse4_1 sse4_2 x2apic popcnt tsc_deadline_timer aes xsave avx f16c rdrand lahf_lm ida arat epb xsaveopt pln pts dtherm tpr_shadow vnmi flexpriority ept vpid fsgsbase smep erms
bogomips	: 5188.00
clflush size	: 64
cache_alignment	: 64
address sizes	: 36 bits physical, 48 bits virtual
power management:

processor	: 2
vendor_id	: GenuineIntel
cpu family	: 6
model		: 58
model name	: Intel(R) Core(TM) i5-3230M CPU @ 2.60GHz
stepping	: 9
microcode	: 0x12
cpu MHz		: 1900.000
cache size	: 3072 KB
physical id	: 0
siblings	: 4
core id		: 0
cpu cores	: 2
apicid		: 1
initial apicid	: 1
fpu		: yes
fpu_exception	: yes
cpuid level	: 13
wp		: yes
flags		: fpu vme de pse tsc msr pae mce cx8 apic sep mtrr pge mca cmov pat pse36 clflush dts acpi mmx fxsr sse sse2 ss ht tm pbe syscall nx rdtscp lm constant_tsc arch_perfmon pebs bts rep_good nopl xtopology nonstop_tsc aperfmperf eagerfpu pni pclmulqdq dtes64 monitor ds_cpl vmx est tm2 ssse3 cx16 xtpr pdcm pcid sse4_1 sse4_2 x2apic popcnt tsc_deadline_timer aes xsave avx f16c rdrand lahf_lm ida arat epb xsaveopt pln pts dtherm tpr_shadow vnmi flexpriority ept vpid fsgsbase smep erms
bogomips	: 5188.00
clflush size	: 64
cache_alignment	: 64
address sizes	: 36 bits physical, 48 bits virtual
power management:

processor	: 3
vendor_id	: GenuineIntel
cpu family	: 6
model		: 58
model name	: Intel(R) Core(TM) i5-3230M CPU @ 2.60GHz
stepping	: 9
microcode	: 0x12
cpu MHz		: 1600.000
cache size	: 3072 KB
physical id	: 0
siblings	: 4
core id		: 1
cpu cores	: 2
apicid		: 3
initial apicid	: 3
fpu		: yes
fpu_exception	: yes
cpuid level	: 13
wp		: yes
flags		: fpu vme de pse tsc msr pae mce cx8 apic sep mtrr pge mca cmov pat pse36 clflush dts acpi mmx fxsr sse sse2 ss ht tm pbe syscall nx rdtscp lm constant_tsc arch_perfmon pebs bts rep_good nopl xtopology nonstop_tsc aperfmperf eagerfpu pni pclmulqdq dtes64 monitor ds_cpl vmx est tm2 ssse3 cx16 xtpr pdcm pcid sse4_1 sse4_2 x2apic popcnt tsc_deadline_timer aes xsave avx f16c rdrand lahf_lm ida arat epb xsaveopt pln pts dtherm tpr_shadow vnmi flexpriority ept vpid fsgsbase smep erms
bogomips	: 5188.00
clflush size	: 64
cache_alignment	: 64
address sizes	: 36 bits physical, 48 bits virtual
power management:



Memory: 4k page, physical 3931356k(686320k free), swap 4077564k(4077564k free)

vm_info: Java HotSpot(TM) 64-Bit Server VM (24.75-b04) for linux-amd64 JRE (1.7.0_75-b13), built on Dec 18 2014 16:45:18 by "java_re" with gcc 4.3.0 20080428 (Red Hat 4.3.0-8)

time: Sat Mar 28 00:52:58 2015
elapsed time: 0 seconds

