#
# A fatal error has been detected by the Java Runtime Environment:
#
#  SIGSEGV (0xb) at pc=0x00007f9cd6ae7b80, pid=17222, tid=140311605331712
#
# JRE version: Java(TM) SE Runtime Environment (7.0_75-b13) (build 1.7.0_75-b13)
# Java VM: Java HotSpot(TM) 64-Bit Server VM (24.75-b04 mixed mode linux-amd64 compressed oops)
# Problematic frame:
# C  [libc.so.6+0x98b80]  envz_strip+0x610
#
# Failed to write core dump. Core dumps have been disabled. To enable core dumping, try "ulimit -c unlimited" before starting Java again
#
# If you would like to submit a bug report, please visit:
#   http://bugreport.sun.com/bugreport/crash.jsp
# The crash happened outside the Java Virtual Machine in native code.
# See problematic frame for where to report the bug.
#

---------------  T H R E A D  ---------------

Current thread (0x00007f9cd000a000):  JavaThread "main" [_thread_in_native, id=17227, stack(0x00007f9cd754c000,0x00007f9cd764d000)]

siginfo:si_signo=SIGSEGV: si_errno=0, si_code=1 (SEGV_MAPERR), si_addr=0x0000000000000000

Registers:
RAX=0xffff806333f4020c, RBX=0x00007f9ccc054038, RCX=0x0000000000000300, RDX=0x0000000000000180
RSP=0x00007f9cd764b2b8, RBP=0x0000000000000000, RSI=0x0000000000000000, RDI=0x00007f9ccc0bfc74
R8 =0x0000000000000007, R9 =0x0000000000000010, R10=0x0000000000000000, R11=0x0000000000000246
R12=0x0000000000000180, R13=0x0000000000000180, R14=0x0000000000000000, R15=0x00007f9ccc0c1158
RIP=0x00007f9cd6ae7b80, EFLAGS=0x0000000000010202, CSGSFS=0x0000000000000033, ERR=0x0000000000000004
  TRAPNO=0x000000000000000e

Top of Stack: (sp=0x00007f9cd764b2b8)
0x00007f9cd764b2b8:   00007f9c987fb0dd 0000000000000000
0x00007f9cd764b2c8:   0000000000000000 0000000000000000
0x00007f9cd764b2d8:   00007f9ccc0c1160 0000000000000010
0x00007f9cd764b2e8:   0000000000000010 00007f9ccc0c1158
0x00007f9cd764b2f8:   0000000000000017 0000000000000000
0x00007f9cd764b308:   00007f9c9881f1ee 0000000000000001
0x00007f9cd764b318:   00007f9ccc054038 00007f9cd0b80950
0x00007f9cd764b328:   00007f9c00000180 000000000000000d
0x00007f9cd764b338:   00007f9ccc0c1160 00007f9ccc0c0fd8
0x00007f9cd764b348:   00007f9ccc054038 00007f9cd764b3a0
0x00007f9cd764b358:   0000000000000000 0000000000000000
0x00007f9cd764b368:   00007f9c9881fae4 0000000034c00016
0x00007f9cd764b378:   00007f9c00000003 0000001700000000
0x00007f9cd764b388:   0000000000000003 34c0001600000078
0x00007f9cd764b398:   0000001700000000 00007f9ccc0c0fd8
0x00007f9cd764b3a8:   00007f9ccc0c0ff0 00007f9ccc0c1008
0x00007f9cd764b3b8:   0000000000000001 00007f9cd0b841a8
0x00007f9cd764b3c8:   00007f9ccc054038 00007f9cd076fb90
0x00007f9cd764b3d8:   0000000000000000 0000000000000000
0x00007f9cd764b3e8:   0000000000000001 00000000304c0aff
0x00007f9cd764b3f8:   00007f9c9832c03d 00007f9c00000000
0x00007f9cd764b408:   00007f9cd0b83b30 00007f9cd400eb40
0x00007f9cd764b418:   00007f9c987eb4df 00007f9ccc054038
0x00007f9cd764b428:   00007f9cd076f180 00007f9cd076f8e0
0x00007f9cd764b438:   00007f9c988ac70c 00007f9cd076f430
0x00007f9cd764b448:   0000000000000001 00007f9c00000000
0x00007f9cd764b458:   0000000000000000 00007f9cd076f180
0x00007f9cd764b468:   00007f9ccc054038 0000000000000001
0x00007f9cd764b478:   00007f9cd076f8e0 0000000000000001
0x00007f9cd764b488:   00007f9cd076f180 0000000000000000
0x00007f9cd764b498:   00007f9c98860974 0000000000000001
0x00007f9cd764b4a8:   00007f9c00000001 00000000000002bc 

Instructions: (pc=0x00007f9cd6ae7b80)
0x00007f9cd6ae7b60:   48 89 f0 48 8d 0c 12 48 29 f8 48 29 d0 48 39 c8
0x00007f9cd6ae7b70:   0f 82 07 01 00 00 48 83 fa 10 0f 86 8b 01 00 00
0x00007f9cd6ae7b80:   f3 44 0f 6f 06 48 83 fa 20 f3 44 0f 7f 07 f3 44
0x00007f9cd6ae7b90:   0f 6f 44 16 f0 f3 44 0f 7f 44 17 f0 77 12 48 89 

Register to memory mapping:

RAX=0xffff806333f4020c is an unknown value
RBX=0x00007f9ccc054038 is an unknown value
RCX=0x0000000000000300 is an unknown value
RDX=0x0000000000000180 is an unknown value
RSP=0x00007f9cd764b2b8 is pointing into the stack for thread: 0x00007f9cd000a000
RBP=0x0000000000000000 is an unknown value
RSI=0x0000000000000000 is an unknown value
RDI=0x00007f9ccc0bfc74 is an unknown value
R8 =0x0000000000000007 is an unknown value
R9 =0x0000000000000010 is an unknown value
R10=0x0000000000000000 is an unknown value
R11=0x0000000000000246 is an unknown value
R12=0x0000000000000180 is an unknown value
R13=0x0000000000000180 is an unknown value
R14=0x0000000000000000 is an unknown value
R15=0x00007f9ccc0c1158 is an unknown value


Stack: [0x00007f9cd754c000,0x00007f9cd764d000],  sp=0x00007f9cd764b2b8,  free space=1020k
Native frames: (J=compiled Java code, j=interpreted, Vv=VM code, C=native code)
C  [libc.so.6+0x98b80]  envz_strip+0x610

[error occurred during error reporting (printing native stack), id 0xb]

Java frames: (J=compiled Java code, j=interpreted, Vv=VM code)
j  org.lwjgl.opengl.GL11.nglDrawArrays(IIIJ)V+0
j  org.lwjgl.opengl.GL11.glDrawArrays(III)V+22
j  simulador.Avion.draw()V+144
j  simulador.Simulador.draw()V+35
j  simulador.Simulador.come_alive()V+100
j  simulador.Simulador.run()V+1
j  simulador.Main.main([Ljava/lang/String;)V+19
v  ~StubRoutines::call_stub

---------------  P R O C E S S  ---------------

Java Threads: ( => current thread )
  0x00007f9cd0098800 JavaThread "Service Thread" daemon [_thread_blocked, id=17238, stack(0x00007f9cc4c82000,0x00007f9cc4d83000)]
  0x00007f9cd0096000 JavaThread "C2 CompilerThread1" daemon [_thread_blocked, id=17237, stack(0x00007f9cc4d83000,0x00007f9cc4e84000)]
  0x00007f9cd0093800 JavaThread "C2 CompilerThread0" daemon [_thread_blocked, id=17236, stack(0x00007f9cc4e84000,0x00007f9cc4f85000)]
  0x00007f9cd0091000 JavaThread "Signal Dispatcher" daemon [_thread_blocked, id=17235, stack(0x00007f9cc4f85000,0x00007f9cc5086000)]
  0x00007f9cd0070000 JavaThread "Finalizer" daemon [_thread_blocked, id=17234, stack(0x00007f9cc5768000,0x00007f9cc5869000)]
  0x00007f9cd006e000 JavaThread "Reference Handler" daemon [_thread_blocked, id=17233, stack(0x00007f9cc5869000,0x00007f9cc596a000)]
=>0x00007f9cd000a000 JavaThread "main" [_thread_in_native, id=17227, stack(0x00007f9cd754c000,0x00007f9cd764d000)]

Other Threads:
  0x00007f9cd0069800 VMThread [stack: 0x00007f9cc596a000,0x00007f9cc5a6b000] [id=17232]
  0x00007f9cd00a3800 WatcherThread [stack: 0x00007f9cc4b81000,0x00007f9cc4c82000] [id=17239]

VM state:not at safepoint (normal execution)

VM Mutex/Monitor currently owned by a thread: None

Heap
 PSYoungGen      total 17920K, used 9042K [0x00000000ec000000, 0x00000000ed400000, 0x0000000100000000)
  eden space 15360K, 58% used [0x00000000ec000000,0x00000000ec8d4858,0x00000000ecf00000)
  from space 2560K, 0% used [0x00000000ed180000,0x00000000ed180000,0x00000000ed400000)
  to   space 2560K, 0% used [0x00000000ecf00000,0x00000000ecf00000,0x00000000ed180000)
 ParOldGen       total 40960K, used 0K [0x00000000c4000000, 0x00000000c6800000, 0x00000000ec000000)
  object space 40960K, 0% used [0x00000000c4000000,0x00000000c4000000,0x00000000c6800000)
 PSPermGen       total 21504K, used 7165K [0x00000000bee00000, 0x00000000c0300000, 0x00000000c4000000)
  object space 21504K, 33% used [0x00000000bee00000,0x00000000bf4ff670,0x00000000c0300000)

Card table byte_map: [0x00007f9cd462f000,0x00007f9cd4839000] byte_map_base: 0x00007f9cd4038000

Polling page: 0x00007f9cd766d000

Code Cache  [0x00007f9ccd000000, 0x00007f9ccd270000, 0x00007f9cd0000000)
 total_blobs=493 nmethods=19 adapters=428 free_code_cache=48592Kb largest_free_block=49749760

Compilation events (10 events):
Event: 0,208 Thread 0x00007f9cd0093800 nmethod 12 0x00007f9ccd075ed0 code [0x00007f9ccd076000, 0x00007f9ccd076078]
Event: 0,209 Thread 0x00007f9cd0096000 nmethod 13 0x00007f9ccd075c50 code [0x00007f9ccd075d80, 0x00007f9ccd075e18]
Event: 0,234 Thread 0x00007f9cd0093800   15             org.lwjgl.system.MemoryUtil::memEncodeASCII (62 bytes)
Event: 0,234 Thread 0x00007f9cd0096000   16             java.lang.Object::<init> (1 bytes)
Event: 0,235 Thread 0x00007f9cd0096000 nmethod 16 0x00007f9ccd084310 code [0x00007f9ccd084440, 0x00007f9ccd0844b8]
Event: 0,240 Thread 0x00007f9cd0093800 nmethod 15 0x00007f9ccd0860d0 code [0x00007f9ccd086240, 0x00007f9ccd086698]
Event: 0,262 Thread 0x00007f9cd0096000   17             java.lang.String::equals (81 bytes)
Event: 0,266 Thread 0x00007f9cd0096000 nmethod 17 0x00007f9ccd088290 code [0x00007f9ccd0883e0, 0x00007f9ccd088638]
Event: 0,297 Thread 0x00007f9cd0093800   18             sun.net.www.ParseUtil::encodePath (336 bytes)
Event: 0,313 Thread 0x00007f9cd0093800 nmethod 18 0x00007f9ccd08c490 code [0x00007f9ccd08c6e0, 0x00007f9ccd08d738]

GC Heap History (0 events):
No events

Deoptimization events (0 events):
No events

Internal exceptions (10 events):
Event: 0,319 Thread 0x00007f9cd000a000 Threw 0x00000000ec875560 at /HUDSON/workspace/7u-2-build-linux-amd64/jdk7u75/1940/hotspot/src/share/vm/prims/jvm.cpp:1281
Event: 0,319 Thread 0x00007f9cd000a000 Threw 0x00000000ec878060 at /HUDSON/workspace/7u-2-build-linux-amd64/jdk7u75/1940/hotspot/src/share/vm/prims/jvm.cpp:1281
Event: 0,320 Thread 0x00007f9cd000a000 Threw 0x00000000ec87ceb8 at /HUDSON/workspace/7u-2-build-linux-amd64/jdk7u75/1940/hotspot/src/share/vm/prims/jvm.cpp:1281
Event: 0,320 Thread 0x00007f9cd000a000 Threw 0x00000000ec881a08 at /HUDSON/workspace/7u-2-build-linux-amd64/jdk7u75/1940/hotspot/src/share/vm/prims/jvm.cpp:1281
Event: 0,320 Thread 0x00007f9cd000a000 Threw 0x00000000ec8840b0 at /HUDSON/workspace/7u-2-build-linux-amd64/jdk7u75/1940/hotspot/src/share/vm/prims/jvm.cpp:1281
Event: 0,327 Thread 0x00007f9cd000a000 Threw 0x00000000ec89cb70 at /HUDSON/workspace/7u-2-build-linux-amd64/jdk7u75/1940/hotspot/src/share/vm/prims/jvm.cpp:1281
Event: 0,330 Thread 0x00007f9cd000a000 Threw 0x00000000ec8a06f0 at /HUDSON/workspace/7u-2-build-linux-amd64/jdk7u75/1940/hotspot/src/share/vm/prims/jvm.cpp:1281
Event: 0,331 Thread 0x00007f9cd000a000 Threw 0x00000000ec8a70b8 at /HUDSON/workspace/7u-2-build-linux-amd64/jdk7u75/1940/hotspot/src/share/vm/prims/jvm.cpp:1281
Event: 0,332 Thread 0x00007f9cd000a000 Threw 0x00000000ec8a9e80 at /HUDSON/workspace/7u-2-build-linux-amd64/jdk7u75/1940/hotspot/src/share/vm/prims/jvm.cpp:1281
Event: 0,332 Thread 0x00007f9cd000a000 Threw 0x00000000ec8ae6a8 at /HUDSON/workspace/7u-2-build-linux-amd64/jdk7u75/1940/hotspot/src/share/vm/prims/jvm.cpp:1281

Events (10 events):
Event: 0,332 loading class 0x00007f9cd00cab40
Event: 0,332 loading class 0x00007f9cd00cab40 done
Event: 0,333 loading class 0x00007f9cd4061df0
Event: 0,334 loading class 0x00007f9cd4061df0 done
Event: 0,334 loading class 0x00007f9ca8019520
Event: 0,334 loading class 0x00007f9ca8019520 done
Event: 0,334 loading class 0x00007f9cd4040760
Event: 0,334 loading class 0x00007f9cd4040760 done
Event: 0,334 loading class 0x00007f9cd4064000
Event: 0,334 loading class 0x00007f9cd4064000 done


Dynamic libraries:
00400000-00401000 r-xp 00000000 08:09 1838081                            /home/raul/jdk1.7.0_75/bin/java
00600000-00601000 rw-p 00000000 08:09 1838081                            /home/raul/jdk1.7.0_75/bin/java
018a9000-018ca000 rw-p 00000000 00:00 0                                  [heap]
bee00000-c0300000 rw-p 00000000 00:00 0 
c0300000-c4000000 rw-p 00000000 00:00 0 
c4000000-c6800000 rw-p 00000000 00:00 0 
c6800000-ec000000 rw-p 00000000 00:00 0 
ec000000-ed400000 rw-p 00000000 00:00 0 
ed400000-100000000 rw-p 00000000 00:00 0 
7f9c91eb7000-7f9c93055000 rw-p 00000000 00:00 0 
7f9c93055000-7f9c9308c000 r-xp 00000000 08:09 3679606                    /usr/lib/x86_64-linux-gnu/libtxc_dxtn_s2tc.so.0.0.0
7f9c9308c000-7f9c9328b000 ---p 00037000 08:09 3679606                    /usr/lib/x86_64-linux-gnu/libtxc_dxtn_s2tc.so.0.0.0
7f9c9328b000-7f9c9328c000 r--p 00036000 08:09 3679606                    /usr/lib/x86_64-linux-gnu/libtxc_dxtn_s2tc.so.0.0.0
7f9c9328c000-7f9c9328d000 rw-p 00037000 08:09 3679606                    /usr/lib/x86_64-linux-gnu/libtxc_dxtn_s2tc.so.0.0.0
7f9c9328d000-7f9c932a5000 r-xp 00000000 08:09 2625662                    /lib/x86_64-linux-gnu/libz.so.1.2.8
7f9c932a5000-7f9c934a4000 ---p 00018000 08:09 2625662                    /lib/x86_64-linux-gnu/libz.so.1.2.8
7f9c934a4000-7f9c934a5000 r--p 00017000 08:09 2625662                    /lib/x86_64-linux-gnu/libz.so.1.2.8
7f9c934a5000-7f9c934a6000 rw-p 00018000 08:09 2625662                    /lib/x86_64-linux-gnu/libz.so.1.2.8
7f9c934a6000-7f9c934ae000 r-xp 00000000 08:09 3679409                    /usr/lib/x86_64-linux-gnu/libpciaccess.so.0.11.1
7f9c934ae000-7f9c936ad000 ---p 00008000 08:09 3679409                    /usr/lib/x86_64-linux-gnu/libpciaccess.so.0.11.1
7f9c936ad000-7f9c936ae000 r--p 00007000 08:09 3679409                    /usr/lib/x86_64-linux-gnu/libpciaccess.so.0.11.1
7f9c936ae000-7f9c936af000 rw-p 00008000 08:09 3679409                    /usr/lib/x86_64-linux-gnu/libpciaccess.so.0.11.1
7f9c936af000-7f9c936c5000 r-xp 00000000 08:09 2625476                    /lib/x86_64-linux-gnu/libgcc_s.so.1
7f9c936c5000-7f9c938c4000 ---p 00016000 08:09 2625476                    /lib/x86_64-linux-gnu/libgcc_s.so.1
7f9c938c4000-7f9c938c5000 rw-p 00015000 08:09 2625476                    /lib/x86_64-linux-gnu/libgcc_s.so.1
7f9c938c5000-7f9c939ab000 r-xp 00000000 08:09 3679564                    /usr/lib/x86_64-linux-gnu/libstdc++.so.6.0.19
7f9c939ab000-7f9c93baa000 ---p 000e6000 08:09 3679564                    /usr/lib/x86_64-linux-gnu/libstdc++.so.6.0.19
7f9c93baa000-7f9c93bb2000 r--p 000e5000 08:09 3679564                    /usr/lib/x86_64-linux-gnu/libstdc++.so.6.0.19
7f9c93bb2000-7f9c93bb4000 rw-p 000ed000 08:09 3679564                    /usr/lib/x86_64-linux-gnu/libstdc++.so.6.0.19
7f9c93bb4000-7f9c93bc9000 rw-p 00000000 00:00 0 
7f9c93bc9000-7f9c93bf0000 r-xp 00000000 08:09 2625521                    /lib/x86_64-linux-gnu/libexpat.so.1.6.0
7f9c93bf0000-7f9c93df0000 ---p 00027000 08:09 2625521                    /lib/x86_64-linux-gnu/libexpat.so.1.6.0
7f9c93df0000-7f9c93df2000 r--p 00027000 08:09 2625521                    /lib/x86_64-linux-gnu/libexpat.so.1.6.0
7f9c93df2000-7f9c93df3000 rw-p 00029000 08:09 2625521                    /lib/x86_64-linux-gnu/libexpat.so.1.6.0
7f9c93df3000-7f9c93dff000 r-xp 00000000 08:09 3673068                    /usr/lib/x86_64-linux-gnu/libdrm_radeon.so.1.0.1
7f9c93dff000-7f9c93ffe000 ---p 0000c000 08:09 3673068                    /usr/lib/x86_64-linux-gnu/libdrm_radeon.so.1.0.1
7f9c93ffe000-7f9c93fff000 r--p 0000b000 08:09 3673068                    /usr/lib/x86_64-linux-gnu/libdrm_radeon.so.1.0.1
7f9c93fff000-7f9c94000000 rw-p 0000c000 08:09 3673068                    /usr/lib/x86_64-linux-gnu/libdrm_radeon.so.1.0.1
7f9c94000000-7f9c94021000 rw-p 00000000 00:00 0 
7f9c94021000-7f9c98000000 ---p 00000000 00:00 0 
7f9c9811f000-7f9c98125000 r-xp 00000000 08:09 3672797                    /usr/lib/x86_64-linux-gnu/libdrm_nouveau.so.2.0.0
7f9c98125000-7f9c98324000 ---p 00006000 08:09 3672797                    /usr/lib/x86_64-linux-gnu/libdrm_nouveau.so.2.0.0
7f9c98324000-7f9c98325000 r--p 00005000 08:09 3672797                    /usr/lib/x86_64-linux-gnu/libdrm_nouveau.so.2.0.0
7f9c98325000-7f9c98326000 rw-p 00006000 08:09 3672797                    /usr/lib/x86_64-linux-gnu/libdrm_nouveau.so.2.0.0
7f9c98326000-7f9c98345000 r-xp 00000000 08:09 3672795                    /usr/lib/x86_64-linux-gnu/libdrm_intel.so.1.0.0
7f9c98345000-7f9c98544000 ---p 0001f000 08:09 3672795                    /usr/lib/x86_64-linux-gnu/libdrm_intel.so.1.0.0
7f9c98544000-7f9c98545000 r--p 0001e000 08:09 3672795                    /usr/lib/x86_64-linux-gnu/libdrm_intel.so.1.0.0
7f9c98545000-7f9c98546000 rw-p 0001f000 08:09 3672795                    /usr/lib/x86_64-linux-gnu/libdrm_intel.so.1.0.0
7f9c98546000-7f9c98a35000 r-xp 00000000 08:09 3934416                    /usr/lib/x86_64-linux-gnu/dri/i965_dri.so
7f9c98a35000-7f9c98c34000 ---p 004ef000 08:09 3934416                    /usr/lib/x86_64-linux-gnu/dri/i965_dri.so
7f9c98c34000-7f9c98c4b000 r--p 004ee000 08:09 3934416                    /usr/lib/x86_64-linux-gnu/dri/i965_dri.so
7f9c98c4b000-7f9c98c57000 rw-p 00505000 08:09 3934416                    /usr/lib/x86_64-linux-gnu/dri/i965_dri.so
7f9c98c57000-7f9c98ca3000 rw-p 00000000 00:00 0 
7f9c98ca3000-7f9c98ce7000 r-xp 00000000 08:09 2625517                    /lib/x86_64-linux-gnu/libdbus-1.so.3.7.6
7f9c98ce7000-7f9c98ee6000 ---p 00044000 08:09 2625517                    /lib/x86_64-linux-gnu/libdbus-1.so.3.7.6
7f9c98ee6000-7f9c98ee7000 r--p 00043000 08:09 2625517                    /lib/x86_64-linux-gnu/libdbus-1.so.3.7.6
7f9c98ee7000-7f9c98ee8000 rw-p 00044000 08:09 2625517                    /lib/x86_64-linux-gnu/libdbus-1.so.3.7.6
7f9c98ee8000-7f9c98ef0000 r-xp 00000000 08:09 2625561                    /lib/x86_64-linux-gnu/libnih-dbus.so.1.0.0
7f9c98ef0000-7f9c990f0000 ---p 00008000 08:09 2625561                    /lib/x86_64-linux-gnu/libnih-dbus.so.1.0.0
7f9c990f0000-7f9c990f1000 r--p 00008000 08:09 2625561                    /lib/x86_64-linux-gnu/libnih-dbus.so.1.0.0
7f9c990f1000-7f9c990f2000 rw-p 00009000 08:09 2625561                    /lib/x86_64-linux-gnu/libnih-dbus.so.1.0.0
7f9c990f2000-7f9c99109000 r-xp 00000000 08:09 2625563                    /lib/x86_64-linux-gnu/libnih.so.1.0.0
7f9c99109000-7f9c99308000 ---p 00017000 08:09 2625563                    /lib/x86_64-linux-gnu/libnih.so.1.0.0
7f9c99308000-7f9c99309000 r--p 00016000 08:09 2625563                    /lib/x86_64-linux-gnu/libnih.so.1.0.0
7f9c99309000-7f9c9930a000 rw-p 00017000 08:09 2625563                    /lib/x86_64-linux-gnu/libnih.so.1.0.0
7f9c9930a000-7f9c99323000 r-xp 00000000 08:09 2625512                    /lib/x86_64-linux-gnu/libcgmanager.so.0.0.0
7f9c99323000-7f9c99522000 ---p 00019000 08:09 2625512                    /lib/x86_64-linux-gnu/libcgmanager.so.0.0.0
7f9c99522000-7f9c99524000 r--p 00018000 08:09 2625512                    /lib/x86_64-linux-gnu/libcgmanager.so.0.0.0
7f9c99524000-7f9c99525000 rw-p 0001a000 08:09 2625512                    /lib/x86_64-linux-gnu/libcgmanager.so.0.0.0
7f9c99525000-7f9c99535000 r-xp 00000000 08:09 2625436                    /lib/x86_64-linux-gnu/libudev.so.1.3.5
7f9c99535000-7f9c99734000 ---p 00010000 08:09 2625436                    /lib/x86_64-linux-gnu/libudev.so.1.3.5
7f9c99734000-7f9c99735000 r--p 0000f000 08:09 2625436                    /lib/x86_64-linux-gnu/libudev.so.1.3.5
7f9c99735000-7f9c99736000 rw-p 00010000 08:09 2625436                    /lib/x86_64-linux-gnu/libudev.so.1.3.5
7f9c99736000-7f9c9973b000 r-xp 00000000 08:09 3678669                    /usr/lib/x86_64-linux-gnu/libXdmcp.so.6.0.0
7f9c9973b000-7f9c9993a000 ---p 00005000 08:09 3678669                    /usr/lib/x86_64-linux-gnu/libXdmcp.so.6.0.0
7f9c9993a000-7f9c9993b000 r--p 00004000 08:09 3678669                    /usr/lib/x86_64-linux-gnu/libXdmcp.so.6.0.0
7f9c9993b000-7f9c9993c000 rw-p 00005000 08:09 3678669                    /usr/lib/x86_64-linux-gnu/libXdmcp.so.6.0.0
7f9c9993c000-7f9c9993e000 r-xp 00000000 08:09 3678658                    /usr/lib/x86_64-linux-gnu/libXau.so.6.0.0
7f9c9993e000-7f9c99b3e000 ---p 00002000 08:09 3678658                    /usr/lib/x86_64-linux-gnu/libXau.so.6.0.0
7f9c99b3e000-7f9c99b3f000 r--p 00002000 08:09 3678658                    /usr/lib/x86_64-linux-gnu/libXau.so.6.0.0
7f9c99b3f000-7f9c99b40000 rw-p 00003000 08:09 3678658                    /usr/lib/x86_64-linux-gnu/libXau.so.6.0.0
7f9c99b40000-7f9c99b49000 r-xp 00000000 08:09 3678693                    /usr/lib/x86_64-linux-gnu/libXrender.so.1.3.0
7f9c99b49000-7f9c99d48000 ---p 00009000 08:09 3678693                    /usr/lib/x86_64-linux-gnu/libXrender.so.1.3.0
7f9c99d48000-7f9c99d49000 r--p 00008000 08:09 3678693                    /usr/lib/x86_64-linux-gnu/libXrender.so.1.3.0
7f9c99d49000-7f9c99d4a000 rw-p 00009000 08:09 3678693                    /usr/lib/x86_64-linux-gnu/libXrender.so.1.3.0
7f9c99d4a000-7f9c99d55000 r-xp 00000000 08:09 3672667                    /usr/lib/x86_64-linux-gnu/libdrm.so.2.4.0
7f9c99d55000-7f9c99f54000 ---p 0000b000 08:09 3672667                    /usr/lib/x86_64-linux-gnu/libdrm.so.2.4.0
7f9c99f54000-7f9c99f55000 r--p 0000a000 08:09 3672667                    /usr/lib/x86_64-linux-gnu/libdrm.so.2.4.0
7f9c99f55000-7f9c99f56000 rw-p 0000b000 08:09 3672667                    /usr/lib/x86_64-linux-gnu/libdrm.so.2.4.0
7f9c99f56000-7f9c99f57000 r-xp 00000000 08:09 3679738                    /usr/lib/x86_64-linux-gnu/libxshmfence.so.1.0.0
7f9c99f57000-7f9c9a156000 ---p 00001000 08:09 3679738                    /usr/lib/x86_64-linux-gnu/libxshmfence.so.1.0.0
7f9c9a156000-7f9c9a157000 r--p 00000000 08:09 3679738                    /usr/lib/x86_64-linux-gnu/libxshmfence.so.1.0.0
7f9c9a157000-7f9c9a158000 rw-p 00001000 08:09 3679738                    /usr/lib/x86_64-linux-gnu/libxshmfence.so.1.0.0
7f9c9a158000-7f9c9a15d000 r-xp 00000000 08:09 3679720                    /usr/lib/x86_64-linux-gnu/libxcb-sync.so.1.0.0
7f9c9a15d000-7f9c9a35c000 ---p 00005000 08:09 3679720                    /usr/lib/x86_64-linux-gnu/libxcb-sync.so.1.0.0
7f9c9a35c000-7f9c9a35d000 r--p 00004000 08:09 3679720                    /usr/lib/x86_64-linux-gnu/libxcb-sync.so.1.0.0
7f9c9a35d000-7f9c9a35e000 rw-p 00005000 08:09 3679720                    /usr/lib/x86_64-linux-gnu/libxcb-sync.so.1.0.0
7f9c9a35e000-7f9c9a360000 r-xp 00000000 08:09 3679708                    /usr/lib/x86_64-linux-gnu/libxcb-present.so.0.0.0
7f9c9a360000-7f9c9a55f000 ---p 00002000 08:09 3679708                    /usr/lib/x86_64-linux-gnu/libxcb-present.so.0.0.0
7f9c9a55f000-7f9c9a560000 r--p 00001000 08:09 3679708                    /usr/lib/x86_64-linux-gnu/libxcb-present.so.0.0.0
7f9c9a560000-7f9c9a561000 rw-p 00002000 08:09 3679708                    /usr/lib/x86_64-linux-gnu/libxcb-present.so.0.0.0
7f9c9a561000-7f9c9a563000 r-xp 00000000 08:09 3679698                    /usr/lib/x86_64-linux-gnu/libxcb-dri3.so.0.0.0
7f9c9a563000-7f9c9a762000 ---p 00002000 08:09 3679698                    /usr/lib/x86_64-linux-gnu/libxcb-dri3.so.0.0.0
7f9c9a762000-7f9c9a763000 r--p 00001000 08:09 3679698                    /usr/lib/x86_64-linux-gnu/libxcb-dri3.so.0.0.0
7f9c9a763000-7f9c9a764000 rw-p 00002000 08:09 3679698                    /usr/lib/x86_64-linux-gnu/libxcb-dri3.so.0.0.0
7f9c9a764000-7f9c9a767000 r-xp 00000000 08:09 3679696                    /usr/lib/x86_64-linux-gnu/libxcb-dri2.so.0.0.0
7f9c9a767000-7f9c9a967000 ---p 00003000 08:09 3679696                    /usr/lib/x86_64-linux-gnu/libxcb-dri2.so.0.0.0
7f9c9a967000-7f9c9a968000 r--p 00003000 08:09 3679696                    /usr/lib/x86_64-linux-gnu/libxcb-dri2.so.0.0.0
7f9c9a968000-7f9c9a969000 rw-p 00004000 08:09 3679696                    /usr/lib/x86_64-linux-gnu/libxcb-dri2.so.0.0.0
7f9c9a969000-7f9c9a97e000 r-xp 00000000 08:09 3679700                    /usr/lib/x86_64-linux-gnu/libxcb-glx.so.0.0.0
7f9c9a97e000-7f9c9ab7d000 ---p 00015000 08:09 3679700                    /usr/lib/x86_64-linux-gnu/libxcb-glx.so.0.0.0
7f9c9ab7d000-7f9c9ab7f000 r--p 00014000 08:09 3679700                    /usr/lib/x86_64-linux-gnu/libxcb-glx.so.0.0.0
7f9c9ab7f000-7f9c9ab80000 rw-p 00016000 08:09 3679700                    /usr/lib/x86_64-linux-gnu/libxcb-glx.so.0.0.0
7f9c9ab80000-7f9c9ab81000 r-xp 00000000 08:09 3678652                    /usr/lib/x86_64-linux-gnu/libX11-xcb.so.1.0.0
7f9c9ab81000-7f9c9ad80000 ---p 00001000 08:09 3678652                    /usr/lib/x86_64-linux-gnu/libX11-xcb.so.1.0.0
7f9c9ad80000-7f9c9ad81000 r--p 00000000 08:09 3678652                    /usr/lib/x86_64-linux-gnu/libX11-xcb.so.1.0.0
7f9c9ad81000-7f9c9ad82000 rw-p 00001000 08:09 3678652                    /usr/lib/x86_64-linux-gnu/libX11-xcb.so.1.0.0
7f9c9ad82000-7f9c9ad87000 r-xp 00000000 08:09 3678673                    /usr/lib/x86_64-linux-gnu/libXfixes.so.3.1.0
7f9c9ad87000-7f9c9af86000 ---p 00005000 08:09 3678673                    /usr/lib/x86_64-linux-gnu/libXfixes.so.3.1.0
7f9c9af86000-7f9c9af87000 r--p 00004000 08:09 3678673                    /usr/lib/x86_64-linux-gnu/libXfixes.so.3.1.0
7f9c9af87000-7f9c9af88000 rw-p 00005000 08:09 3678673                    /usr/lib/x86_64-linux-gnu/libXfixes.so.3.1.0
7f9c9af88000-7f9c9af8a000 r-xp 00000000 08:09 3678667                    /usr/lib/x86_64-linux-gnu/libXdamage.so.1.1.0
7f9c9af8a000-7f9c9b189000 ---p 00002000 08:09 3678667                    /usr/lib/x86_64-linux-gnu/libXdamage.so.1.1.0
7f9c9b189000-7f9c9b18a000 r--p 00001000 08:09 3678667                    /usr/lib/x86_64-linux-gnu/libXdamage.so.1.1.0
7f9c9b18a000-7f9c9b18b000 rw-p 00002000 08:09 3678667                    /usr/lib/x86_64-linux-gnu/libXdamage.so.1.1.0
7f9c9b18b000-7f9c9b19c000 r-xp 00000000 08:09 3678671                    /usr/lib/x86_64-linux-gnu/libXext.so.6.4.0
7f9c9b19c000-7f9c9b39b000 ---p 00011000 08:09 3678671                    /usr/lib/x86_64-linux-gnu/libXext.so.6.4.0
7f9c9b39b000-7f9c9b39c000 r--p 00010000 08:09 3678671                    /usr/lib/x86_64-linux-gnu/libXext.so.6.4.0
7f9c9b39c000-7f9c9b39d000 rw-p 00011000 08:09 3678671                    /usr/lib/x86_64-linux-gnu/libXext.so.6.4.0
7f9c9b39d000-7f9c9b3bf000 r-xp 00000000 08:09 3672157                    /usr/lib/x86_64-linux-gnu/libglapi.so.0.0.0
7f9c9b3bf000-7f9c9b5bf000 ---p 00022000 08:09 3672157                    /usr/lib/x86_64-linux-gnu/libglapi.so.0.0.0
7f9c9b5bf000-7f9c9b5c2000 r--p 00022000 08:09 3672157                    /usr/lib/x86_64-linux-gnu/libglapi.so.0.0.0
7f9c9b5c2000-7f9c9b5c3000 rw-p 00025000 08:09 3672157                    /usr/lib/x86_64-linux-gnu/libglapi.so.0.0.0
7f9c9b5c3000-7f9c9b5c4000 rw-p 00000000 00:00 0 
7f9c9b5c4000-7f9c9b5e1000 r-xp 00000000 08:09 3679728                    /usr/lib/x86_64-linux-gnu/libxcb.so.1.1.0
7f9c9b5e1000-7f9c9b7e1000 ---p 0001d000 08:09 3679728                    /usr/lib/x86_64-linux-gnu/libxcb.so.1.1.0
7f9c9b7e1000-7f9c9b7e2000 r--p 0001d000 08:09 3679728                    /usr/lib/x86_64-linux-gnu/libxcb.so.1.1.0
7f9c9b7e2000-7f9c9b7e3000 rw-p 0001e000 08:09 3679728                    /usr/lib/x86_64-linux-gnu/libxcb.so.1.1.0
7f9c9b7e3000-7f9c9b7ec000 r-xp 00000000 08:09 3678665                    /usr/lib/x86_64-linux-gnu/libXcursor.so.1.0.2
7f9c9b7ec000-7f9c9b9eb000 ---p 00009000 08:09 3678665                    /usr/lib/x86_64-linux-gnu/libXcursor.so.1.0.2
7f9c9b9eb000-7f9c9b9ec000 r--p 00008000 08:09 3678665                    /usr/lib/x86_64-linux-gnu/libXcursor.so.1.0.2
7f9c9b9ec000-7f9c9b9ed000 rw-p 00009000 08:09 3678665                    /usr/lib/x86_64-linux-gnu/libXcursor.so.1.0.2
7f9c9b9ed000-7f9c9b9ef000 r-xp 00000000 08:09 3678681                    /usr/lib/x86_64-linux-gnu/libXinerama.so.1.0.0
7f9c9b9ef000-7f9c9bbee000 ---p 00002000 08:09 3678681                    /usr/lib/x86_64-linux-gnu/libXinerama.so.1.0.0
7f9c9bbee000-7f9c9bbef000 r--p 00001000 08:09 3678681                    /usr/lib/x86_64-linux-gnu/libXinerama.so.1.0.0
7f9c9bbef000-7f9c9bbf0000 rw-p 00002000 08:09 3678681                    /usr/lib/x86_64-linux-gnu/libXinerama.so.1.0.0
7f9c9bbf0000-7f9c9bbf4000 r-xp 00000000 08:09 3678709                    /usr/lib/x86_64-linux-gnu/libXxf86vm.so.1.0.0
7f9c9bbf4000-7f9c9bdf4000 ---p 00004000 08:09 3678709                    /usr/lib/x86_64-linux-gnu/libXxf86vm.so.1.0.0
7f9c9bdf4000-7f9c9bdf5000 r--p 00004000 08:09 3678709                    /usr/lib/x86_64-linux-gnu/libXxf86vm.so.1.0.0
7f9c9bdf5000-7f9c9bdf6000 rw-p 00005000 08:09 3678709                    /usr/lib/x86_64-linux-gnu/libXxf86vm.so.1.0.0
7f9c9bdf6000-7f9c9bdff000 r-xp 00000000 08:09 3678691                    /usr/lib/x86_64-linux-gnu/libXrandr.so.2.2.0
7f9c9bdff000-7f9c9bffe000 ---p 00009000 08:09 3678691                    /usr/lib/x86_64-linux-gnu/libXrandr.so.2.2.0
7f9c9bffe000-7f9c9bfff000 r--p 00008000 08:09 3678691                    /usr/lib/x86_64-linux-gnu/libXrandr.so.2.2.0
7f9c9bfff000-7f9c9c000000 rw-p 00009000 08:09 3678691                    /usr/lib/x86_64-linux-gnu/libXrandr.so.2.2.0
7f9c9c000000-7f9c9c088000 rw-p 00000000 00:00 0 
7f9c9c088000-7f9ca0000000 ---p 00000000 00:00 0 
7f9ca0000000-7f9ca0021000 rw-p 00000000 00:00 0 
7f9ca0021000-7f9ca4000000 ---p 00000000 00:00 0 
7f9ca4000000-7f9ca4021000 rw-p 00000000 00:00 0 
7f9ca4021000-7f9ca8000000 ---p 00000000 00:00 0 
7f9ca8000000-7f9ca8181000 rw-p 00000000 00:00 0 
7f9ca8181000-7f9cac000000 ---p 00000000 00:00 0 
7f9cac000000-7f9cac021000 rw-p 00000000 00:00 0 
7f9cac021000-7f9cb0000000 ---p 00000000 00:00 0 
7f9cb0000000-7f9cb0021000 rw-p 00000000 00:00 0 
7f9cb0021000-7f9cb4000000 ---p 00000000 00:00 0 
7f9cb4000000-7f9cb4021000 rw-p 00000000 00:00 0 
7f9cb4021000-7f9cb8000000 ---p 00000000 00:00 0 
7f9cb8000000-7f9cb8021000 rw-p 00000000 00:00 0 
7f9cb8021000-7f9cbc000000 ---p 00000000 00:00 0 
7f9cbc000000-7f9cbc021000 rw-p 00000000 00:00 0 
7f9cbc021000-7f9cc0000000 ---p 00000000 00:00 0 
7f9cc0000000-7f9cc0021000 rw-p 00000000 00:00 0 
7f9cc0021000-7f9cc4000000 ---p 00000000 00:00 0 
7f9cc4165000-7f9cc4174000 r-xp 00000000 08:09 3678679                    /usr/lib/x86_64-linux-gnu/libXi.so.6.1.0
7f9cc4174000-7f9cc4373000 ---p 0000f000 08:09 3678679                    /usr/lib/x86_64-linux-gnu/libXi.so.6.1.0
7f9cc4373000-7f9cc4374000 r--p 0000e000 08:09 3678679                    /usr/lib/x86_64-linux-gnu/libXi.so.6.1.0
7f9cc4374000-7f9cc4375000 rw-p 0000f000 08:09 3678679                    /usr/lib/x86_64-linux-gnu/libXi.so.6.1.0
7f9cc4375000-7f9cc43d7000 r-xp 00000000 08:09 3934455                    /usr/lib/x86_64-linux-gnu/mesa/libGL.so.1.2.0
7f9cc43d7000-7f9cc45d6000 ---p 00062000 08:09 3934455                    /usr/lib/x86_64-linux-gnu/mesa/libGL.so.1.2.0
7f9cc45d6000-7f9cc45d9000 r--p 00061000 08:09 3934455                    /usr/lib/x86_64-linux-gnu/mesa/libGL.so.1.2.0
7f9cc45d9000-7f9cc45da000 rw-p 00064000 08:09 3934455                    /usr/lib/x86_64-linux-gnu/mesa/libGL.so.1.2.0
7f9cc45da000-7f9cc45db000 rw-p 00000000 00:00 0 
7f9cc45db000-7f9cc470b000 r-xp 00000000 08:09 3678654                    /usr/lib/x86_64-linux-gnu/libX11.so.6.3.0
7f9cc470b000-7f9cc490b000 ---p 00130000 08:09 3678654                    /usr/lib/x86_64-linux-gnu/libX11.so.6.3.0
7f9cc490b000-7f9cc490c000 r--p 00130000 08:09 3678654                    /usr/lib/x86_64-linux-gnu/libX11.so.6.3.0
7f9cc490c000-7f9cc4910000 rw-p 00131000 08:09 3678654                    /usr/lib/x86_64-linux-gnu/libX11.so.6.3.0
7f9cc4910000-7f9cc497f000 r-xp 00000000 08:09 2102220                    /home/raul/lwjgl/native/linux/x64/liblwjgl.so
7f9cc497f000-7f9cc4b7e000 ---p 0006f000 08:09 2102220                    /home/raul/lwjgl/native/linux/x64/liblwjgl.so
7f9cc4b7e000-7f9cc4b7f000 r--p 0006e000 08:09 2102220                    /home/raul/lwjgl/native/linux/x64/liblwjgl.so
7f9cc4b7f000-7f9cc4b80000 rw-p 0006f000 08:09 2102220                    /home/raul/lwjgl/native/linux/x64/liblwjgl.so
7f9cc4b80000-7f9cc4b81000 rw-p 00000000 00:00 0 
7f9cc4b81000-7f9cc4b82000 ---p 00000000 00:00 0 
7f9cc4b82000-7f9cc4c82000 rw-p 00000000 00:00 0                          [stack:17239]
7f9cc4c82000-7f9cc4c85000 ---p 00000000 00:00 0 
7f9cc4c85000-7f9cc4d83000 rw-p 00000000 00:00 0                          [stack:17238]
7f9cc4d83000-7f9cc4d86000 ---p 00000000 00:00 0 
7f9cc4d86000-7f9cc4e84000 rw-p 00000000 00:00 0                          [stack:17237]
7f9cc4e84000-7f9cc4e87000 ---p 00000000 00:00 0 
7f9cc4e87000-7f9cc4f85000 rw-p 00000000 00:00 0                          [stack:17236]
7f9cc4f85000-7f9cc4f88000 ---p 00000000 00:00 0 
7f9cc4f88000-7f9cc5086000 rw-p 00000000 00:00 0                          [stack:17235]
7f9cc5086000-7f9cc5768000 r--p 00000000 08:09 3677561                    /usr/lib/locale/locale-archive
7f9cc5768000-7f9cc576b000 ---p 00000000 00:00 0 
7f9cc576b000-7f9cc5869000 rw-p 00000000 00:00 0                          [stack:17234]
7f9cc5869000-7f9cc586c000 ---p 00000000 00:00 0 
7f9cc586c000-7f9cc596a000 rw-p 00000000 00:00 0                          [stack:17233]
7f9cc596a000-7f9cc596b000 ---p 00000000 00:00 0 
7f9cc596b000-7f9cc8000000 rw-p 00000000 00:00 0                          [stack:17232]
7f9cc8000000-7f9cc8021000 rw-p 00000000 00:00 0 
7f9cc8021000-7f9ccc000000 ---p 00000000 00:00 0 
7f9ccc04c000-7f9ccc054000 rw-s 00000000 00:04 133683                     /drm mm object (deleted)
7f9ccc054000-7f9ccc0c3000 rw-p 00000000 00:00 0 
7f9ccc0c3000-7f9ccc0e9000 r--p 00000000 08:09 4329090                    /usr/share/locale-langpack/es/LC_MESSAGES/libc.mo
7f9ccc0e9000-7f9cccbc2000 rw-p 00000000 00:00 0 
7f9cccbc2000-7f9cccd81000 r--s 039eb000 08:09 1837861                    /home/raul/jdk1.7.0_75/jre/lib/rt.jar
7f9cccd81000-7f9ccd000000 rw-p 00000000 00:00 0 
7f9ccd000000-7f9ccd270000 rwxp 00000000 00:00 0 
7f9ccd270000-7f9cd0bb1000 rw-p 00000000 00:00 0 
7f9cd0bb1000-7f9cd4000000 ---p 00000000 00:00 0 
7f9cd4007000-7f9cd400f000 rw-s 00000000 00:04 133682                     /drm mm object (deleted)
7f9cd400f000-7f9cd4017000 rw-s 00000000 00:04 133678                     /drm mm object (deleted)
7f9cd4017000-7f9cd401e000 r--s 00000000 08:09 3939448                    /usr/lib/x86_64-linux-gnu/gconv/gconv-modules.cache
7f9cd401e000-7f9cd40c2000 rw-p 00000000 00:00 0 
7f9cd40c2000-7f9cd40c3000 ---p 00000000 00:00 0 
7f9cd40c3000-7f9cd41c3000 rw-p 00000000 00:00 0                          [stack:17231]
7f9cd41c3000-7f9cd41c4000 ---p 00000000 00:00 0 
7f9cd41c4000-7f9cd42c4000 rw-p 00000000 00:00 0                          [stack:17230]
7f9cd42c4000-7f9cd42c5000 ---p 00000000 00:00 0 
7f9cd42c5000-7f9cd43c5000 rw-p 00000000 00:00 0                          [stack:17229]
7f9cd43c5000-7f9cd43c6000 ---p 00000000 00:00 0 
7f9cd43c6000-7f9cd44d1000 rw-p 00000000 00:00 0                          [stack:17228]
7f9cd44d1000-7f9cd44ef000 rw-p 00000000 00:00 0 
7f9cd44ef000-7f9cd4503000 rw-p 00000000 00:00 0 
7f9cd4503000-7f9cd462f000 rw-p 00000000 00:00 0 
7f9cd462f000-7f9cd463a000 rw-p 00000000 00:00 0 
7f9cd463a000-7f9cd4658000 rw-p 00000000 00:00 0 
7f9cd4658000-7f9cd466c000 rw-p 00000000 00:00 0 
7f9cd466c000-7f9cd4798000 rw-p 00000000 00:00 0 
7f9cd4798000-7f9cd47a2000 rw-p 00000000 00:00 0 
7f9cd47a2000-7f9cd4838000 rw-p 00000000 00:00 0 
7f9cd4838000-7f9cd4839000 rw-p 00000000 00:00 0 
7f9cd4839000-7f9cd4853000 r-xp 00000000 08:09 1837823                    /home/raul/jdk1.7.0_75/jre/lib/amd64/libzip.so
7f9cd4853000-7f9cd4a53000 ---p 0001a000 08:09 1837823                    /home/raul/jdk1.7.0_75/jre/lib/amd64/libzip.so
7f9cd4a53000-7f9cd4a54000 rw-p 0001a000 08:09 1837823                    /home/raul/jdk1.7.0_75/jre/lib/amd64/libzip.so
7f9cd4a54000-7f9cd4a5f000 r-xp 00000000 08:09 2625429                    /lib/x86_64-linux-gnu/libnss_files-2.19.so
7f9cd4a5f000-7f9cd4c5e000 ---p 0000b000 08:09 2625429                    /lib/x86_64-linux-gnu/libnss_files-2.19.so
7f9cd4c5e000-7f9cd4c5f000 r--p 0000a000 08:09 2625429                    /lib/x86_64-linux-gnu/libnss_files-2.19.so
7f9cd4c5f000-7f9cd4c60000 rw-p 0000b000 08:09 2625429                    /lib/x86_64-linux-gnu/libnss_files-2.19.so
7f9cd4c60000-7f9cd4c6b000 r-xp 00000000 08:09 2621542                    /lib/x86_64-linux-gnu/libnss_nis-2.19.so
7f9cd4c6b000-7f9cd4e6a000 ---p 0000b000 08:09 2621542                    /lib/x86_64-linux-gnu/libnss_nis-2.19.so
7f9cd4e6a000-7f9cd4e6b000 r--p 0000a000 08:09 2621542                    /lib/x86_64-linux-gnu/libnss_nis-2.19.so
7f9cd4e6b000-7f9cd4e6c000 rw-p 0000b000 08:09 2621542                    /lib/x86_64-linux-gnu/libnss_nis-2.19.so
7f9cd4e6c000-7f9cd4e83000 r-xp 00000000 08:09 2621536                    /lib/x86_64-linux-gnu/libnsl-2.19.so
7f9cd4e83000-7f9cd5082000 ---p 00017000 08:09 2621536                    /lib/x86_64-linux-gnu/libnsl-2.19.so
7f9cd5082000-7f9cd5083000 r--p 00016000 08:09 2621536                    /lib/x86_64-linux-gnu/libnsl-2.19.so
7f9cd5083000-7f9cd5084000 rw-p 00017000 08:09 2621536                    /lib/x86_64-linux-gnu/libnsl-2.19.so
7f9cd5084000-7f9cd5086000 rw-p 00000000 00:00 0 
7f9cd5086000-7f9cd508f000 r-xp 00000000 08:09 2621533                    /lib/x86_64-linux-gnu/libnss_compat-2.19.so
7f9cd508f000-7f9cd528e000 ---p 00009000 08:09 2621533                    /lib/x86_64-linux-gnu/libnss_compat-2.19.so
7f9cd528e000-7f9cd528f000 r--p 00008000 08:09 2621533                    /lib/x86_64-linux-gnu/libnss_compat-2.19.so
7f9cd528f000-7f9cd5290000 rw-p 00009000 08:09 2621533                    /lib/x86_64-linux-gnu/libnss_compat-2.19.so
7f9cd5290000-7f9cd52b9000 r-xp 00000000 08:09 1837758                    /home/raul/jdk1.7.0_75/jre/lib/amd64/libjava.so
7f9cd52b9000-7f9cd54b9000 ---p 00029000 08:09 1837758                    /home/raul/jdk1.7.0_75/jre/lib/amd64/libjava.so
7f9cd54b9000-7f9cd54bb000 rw-p 00029000 08:09 1837758                    /home/raul/jdk1.7.0_75/jre/lib/amd64/libjava.so
7f9cd54bb000-7f9cd54c8000 r-xp 00000000 08:09 1837636                    /home/raul/jdk1.7.0_75/jre/lib/amd64/libverify.so
7f9cd54c8000-7f9cd56c7000 ---p 0000d000 08:09 1837636                    /home/raul/jdk1.7.0_75/jre/lib/amd64/libverify.so
7f9cd56c7000-7f9cd56c9000 rw-p 0000c000 08:09 1837636                    /home/raul/jdk1.7.0_75/jre/lib/amd64/libverify.so
7f9cd56c9000-7f9cd56d0000 r-xp 00000000 08:09 2621470                    /lib/x86_64-linux-gnu/librt-2.19.so
7f9cd56d0000-7f9cd58cf000 ---p 00007000 08:09 2621470                    /lib/x86_64-linux-gnu/librt-2.19.so
7f9cd58cf000-7f9cd58d0000 r--p 00006000 08:09 2621470                    /lib/x86_64-linux-gnu/librt-2.19.so
7f9cd58d0000-7f9cd58d1000 rw-p 00007000 08:09 2621470                    /lib/x86_64-linux-gnu/librt-2.19.so
7f9cd58d1000-7f9cd59d6000 r-xp 00000000 08:09 2621535                    /lib/x86_64-linux-gnu/libm-2.19.so
7f9cd59d6000-7f9cd5bd5000 ---p 00105000 08:09 2621535                    /lib/x86_64-linux-gnu/libm-2.19.so
7f9cd5bd5000-7f9cd5bd6000 r--p 00104000 08:09 2621535                    /lib/x86_64-linux-gnu/libm-2.19.so
7f9cd5bd6000-7f9cd5bd7000 rw-p 00105000 08:09 2621535                    /lib/x86_64-linux-gnu/libm-2.19.so
7f9cd5bd7000-7f9cd674a000 r-xp 00000000 08:09 1837408                    /home/raul/jdk1.7.0_75/jre/lib/amd64/server/libjvm.so
7f9cd674a000-7f9cd694a000 ---p 00b73000 08:09 1837408                    /home/raul/jdk1.7.0_75/jre/lib/amd64/server/libjvm.so
7f9cd694a000-7f9cd6a0e000 rw-p 00b73000 08:09 1837408                    /home/raul/jdk1.7.0_75/jre/lib/amd64/server/libjvm.so
7f9cd6a0e000-7f9cd6a4f000 rw-p 00000000 00:00 0 
7f9cd6a4f000-7f9cd6c0a000 r-xp 00000000 08:09 2621469                    /lib/x86_64-linux-gnu/libc-2.19.so
7f9cd6c0a000-7f9cd6e0a000 ---p 001bb000 08:09 2621469                    /lib/x86_64-linux-gnu/libc-2.19.so
7f9cd6e0a000-7f9cd6e0e000 r--p 001bb000 08:09 2621469                    /lib/x86_64-linux-gnu/libc-2.19.so
7f9cd6e0e000-7f9cd6e10000 rw-p 001bf000 08:09 2621469                    /lib/x86_64-linux-gnu/libc-2.19.so
7f9cd6e10000-7f9cd6e15000 rw-p 00000000 00:00 0 
7f9cd6e15000-7f9cd6e18000 r-xp 00000000 08:09 2621531                    /lib/x86_64-linux-gnu/libdl-2.19.so
7f9cd6e18000-7f9cd7017000 ---p 00003000 08:09 2621531                    /lib/x86_64-linux-gnu/libdl-2.19.so
7f9cd7017000-7f9cd7018000 r--p 00002000 08:09 2621531                    /lib/x86_64-linux-gnu/libdl-2.19.so
7f9cd7018000-7f9cd7019000 rw-p 00003000 08:09 2621531                    /lib/x86_64-linux-gnu/libdl-2.19.so
7f9cd7019000-7f9cd702f000 r-xp 00000000 08:09 1837831                    /home/raul/jdk1.7.0_75/lib/amd64/jli/libjli.so
7f9cd702f000-7f9cd722f000 ---p 00016000 08:09 1837831                    /home/raul/jdk1.7.0_75/lib/amd64/jli/libjli.so
7f9cd722f000-7f9cd7230000 rw-p 00016000 08:09 1837831                    /home/raul/jdk1.7.0_75/lib/amd64/jli/libjli.so
7f9cd7230000-7f9cd7249000 r-xp 00000000 08:09 2621544                    /lib/x86_64-linux-gnu/libpthread-2.19.so
7f9cd7249000-7f9cd7448000 ---p 00019000 08:09 2621544                    /lib/x86_64-linux-gnu/libpthread-2.19.so
7f9cd7448000-7f9cd7449000 r--p 00018000 08:09 2621544                    /lib/x86_64-linux-gnu/libpthread-2.19.so
7f9cd7449000-7f9cd744a000 rw-p 00019000 08:09 2621544                    /lib/x86_64-linux-gnu/libpthread-2.19.so
7f9cd744a000-7f9cd744e000 rw-p 00000000 00:00 0 
7f9cd744e000-7f9cd7471000 r-xp 00000000 08:09 2621459                    /lib/x86_64-linux-gnu/ld-2.19.so
7f9cd7472000-7f9cd7473000 rw-p 00000000 00:00 0 
7f9cd7473000-7f9cd7474000 rw-s 00000000 00:04 133689                     /drm mm object (deleted)
7f9cd7474000-7f9cd7475000 rw-s 00000000 00:04 133692                     /drm mm object (deleted)
7f9cd7475000-7f9cd7476000 rw-s 00000000 00:04 133687                     /drm mm object (deleted)
7f9cd7476000-7f9cd7477000 rwxp 00000000 00:00 0 
7f9cd7477000-7f9cd7496000 rw-p 00000000 00:00 0 
7f9cd7496000-7f9cd754c000 rw-p 00000000 00:00 0 
7f9cd754c000-7f9cd754f000 ---p 00000000 00:00 0 
7f9cd754f000-7f9cd7651000 rw-p 00000000 00:00 0                          [stack:17227]
7f9cd7651000-7f9cd7652000 rw-s 00000000 00:04 133679                     /drm mm object (deleted)
7f9cd7652000-7f9cd7653000 rwxp 00000000 00:00 0 
7f9cd7653000-7f9cd7655000 r--s 00004000 08:09 1968631                    /home/raul/.netbeans/8.0.2/gluegen-runtime/gluegen-rt.jar
7f9cd7655000-7f9cd7664000 r--s 0012e000 08:09 2102216                    /home/raul/lwjgl/jar/lwjgl.jar
7f9cd7664000-7f9cd766c000 rw-s 00000000 08:09 4080678                    /tmp/hsperfdata_raul/17222
7f9cd766c000-7f9cd766d000 rw-p 00000000 00:00 0 
7f9cd766d000-7f9cd766e000 r--p 00000000 00:00 0 
7f9cd766e000-7f9cd7670000 rw-p 00000000 00:00 0 
7f9cd7670000-7f9cd7671000 r--p 00022000 08:09 2621459                    /lib/x86_64-linux-gnu/ld-2.19.so
7f9cd7671000-7f9cd7672000 rw-p 00023000 08:09 2621459                    /lib/x86_64-linux-gnu/ld-2.19.so
7f9cd7672000-7f9cd7673000 rw-p 00000000 00:00 0 
7fff25cd5000-7fff25cf6000 rw-p 00000000 00:00 0                          [stack]
7fff25dc3000-7fff25dc5000 r-xp 00000000 00:00 0                          [vdso]
ffffffffff600000-ffffffffff601000 r-xp 00000000 00:00 0                  [vsyscall]

VM Arguments:
jvm_args: -Dfile.encoding=UTF-8 -Djava.library.path=/home/raul/lwjgl/native/linux/x64 
java_command: simulador.Main
Launcher Type: SUN_STANDARD

Environment Variables:
PATH=/usr/local/sbin:/usr/local/bin:/usr/sbin:/usr/bin:/sbin:/bin:/usr/games:/usr/local/games
LD_LIBRARY_PATH=/home/raul/jdk1.7.0_75/jre/lib/amd64:/home/raul/jdk1.7.0_75/jre/lib/i386:
SHELL=/bin/bash
DISPLAY=:0.0

Signal Handlers:
SIGSEGV: [libjvm.so+0x9a21f0], sa_mask[0]=0x7ffbfeff, sa_flags=0x10000004
SIGBUS: [libjvm.so+0x9a21f0], sa_mask[0]=0x7ffbfeff, sa_flags=0x10000004
SIGFPE: [libjvm.so+0x81ba40], sa_mask[0]=0x7ffbfeff, sa_flags=0x10000004
SIGPIPE: [libjvm.so+0x81ba40], sa_mask[0]=0x7ffbfeff, sa_flags=0x10000004
SIGXFSZ: [libjvm.so+0x81ba40], sa_mask[0]=0x7ffbfeff, sa_flags=0x10000004
SIGILL: [libjvm.so+0x81ba40], sa_mask[0]=0x7ffbfeff, sa_flags=0x10000004
SIGUSR1: SIG_DFL, sa_mask[0]=0x00000000, sa_flags=0x00000000
SIGUSR2: [libjvm.so+0x81d240], sa_mask[0]=0x00000004, sa_flags=0x10000004
SIGHUP: [libjvm.so+0x81e360], sa_mask[0]=0x7ffbfeff, sa_flags=0x10000004
SIGINT: SIG_IGN, sa_mask[0]=0x00000000, sa_flags=0x00000000
SIGTERM: [libjvm.so+0x81e360], sa_mask[0]=0x7ffbfeff, sa_flags=0x10000004
SIGQUIT: [libjvm.so+0x81e360], sa_mask[0]=0x7ffbfeff, sa_flags=0x10000004


---------------  S Y S T E M  ---------------

OS:jessie/sid

uname:Linux 3.13.0-45-generic #74-Ubuntu SMP Tue Jan 13 19:36:28 UTC 2015 x86_64
libc:glibc 2.19 NPTL 2.19 
rlimit: STACK 8192k, CORE 0k, NPROC 29139, NOFILE 4096, AS infinity
load average:0,18 0,55 0,74

/proc/meminfo:
MemTotal:        3931356 kB
MemFree:          234156 kB
Buffers:          188128 kB
Cached:          1523364 kB
SwapCached:            0 kB
Active:          2226336 kB
Inactive:        1252156 kB
Active(anon):    1664268 kB
Inactive(anon):   454064 kB
Active(file):     562068 kB
Inactive(file):   798092 kB
Unevictable:          48 kB
Mlocked:              48 kB
SwapTotal:       4077564 kB
SwapFree:        4077564 kB
Dirty:              2048 kB
Writeback:             0 kB
AnonPages:       1767164 kB
Mapped:           280956 kB
Shmem:            350892 kB
Slab:             133416 kB
SReclaimable:     101772 kB
SUnreclaim:        31644 kB
KernelStack:        4104 kB
PageTables:        28932 kB
NFS_Unstable:          0 kB
Bounce:                0 kB
WritebackTmp:          0 kB
CommitLimit:     6043240 kB
Committed_AS:    4800288 kB
VmallocTotal:   34359738367 kB
VmallocUsed:      350760 kB
VmallocChunk:   34359366524 kB
HardwareCorrupted:     0 kB
AnonHugePages:    780288 kB
HugePages_Total:       0
HugePages_Free:        0
HugePages_Rsvd:        0
HugePages_Surp:        0
Hugepagesize:       2048 kB
DirectMap4k:      100416 kB
DirectMap2M:     3977216 kB


CPU:total 4 (2 cores per cpu, 2 threads per core) family 6 model 58 stepping 9, cmov, cx8, fxsr, mmx, sse, sse2, sse3, ssse3, sse4.1, sse4.2, popcnt, avx, aes, erms, ht, tsc, tscinvbit, tscinv

/proc/cpuinfo:
processor	: 0
vendor_id	: GenuineIntel
cpu family	: 6
model		: 58
model name	: Intel(R) Core(TM) i5-3230M CPU @ 2.60GHz
stepping	: 9
microcode	: 0x12
cpu MHz		: 2601.000
cache size	: 3072 KB
physical id	: 0
siblings	: 4
core id		: 0
cpu cores	: 2
apicid		: 0
initial apicid	: 0
fpu		: yes
fpu_exception	: yes
cpuid level	: 13
wp		: yes
flags		: fpu vme de pse tsc msr pae mce cx8 apic sep mtrr pge mca cmov pat pse36 clflush dts acpi mmx fxsr sse sse2 ss ht tm pbe syscall nx rdtscp lm constant_tsc arch_perfmon pebs bts rep_good nopl xtopology nonstop_tsc aperfmperf eagerfpu pni pclmulqdq dtes64 monitor ds_cpl vmx est tm2 ssse3 cx16 xtpr pdcm pcid sse4_1 sse4_2 x2apic popcnt tsc_deadline_timer aes xsave avx f16c rdrand lahf_lm ida arat epb xsaveopt pln pts dtherm tpr_shadow vnmi flexpriority ept vpid fsgsbase smep erms
bogomips	: 5188.06
clflush size	: 64
cache_alignment	: 64
address sizes	: 36 bits physical, 48 bits virtual
power management:

processor	: 1
vendor_id	: GenuineIntel
cpu family	: 6
model		: 58
model name	: Intel(R) Core(TM) i5-3230M CPU @ 2.60GHz
stepping	: 9
microcode	: 0x12
cpu MHz		: 2601.000
cache size	: 3072 KB
physical id	: 0
siblings	: 4
core id		: 1
cpu cores	: 2
apicid		: 2
initial apicid	: 2
fpu		: yes
fpu_exception	: yes
cpuid level	: 13
wp		: yes
flags		: fpu vme de pse tsc msr pae mce cx8 apic sep mtrr pge mca cmov pat pse36 clflush dts acpi mmx fxsr sse sse2 ss ht tm pbe syscall nx rdtscp lm constant_tsc arch_perfmon pebs bts rep_good nopl xtopology nonstop_tsc aperfmperf eagerfpu pni pclmulqdq dtes64 monitor ds_cpl vmx est tm2 ssse3 cx16 xtpr pdcm pcid sse4_1 sse4_2 x2apic popcnt tsc_deadline_timer aes xsave avx f16c rdrand lahf_lm ida arat epb xsaveopt pln pts dtherm tpr_shadow vnmi flexpriority ept vpid fsgsbase smep erms
bogomips	: 5188.06
clflush size	: 64
cache_alignment	: 64
address sizes	: 36 bits physical, 48 bits virtual
power management:

processor	: 2
vendor_id	: GenuineIntel
cpu family	: 6
model		: 58
model name	: Intel(R) Core(TM) i5-3230M CPU @ 2.60GHz
stepping	: 9
microcode	: 0x12
cpu MHz		: 2601.000
cache size	: 3072 KB
physical id	: 0
siblings	: 4
core id		: 0
cpu cores	: 2
apicid		: 1
initial apicid	: 1
fpu		: yes
fpu_exception	: yes
cpuid level	: 13
wp		: yes
flags		: fpu vme de pse tsc msr pae mce cx8 apic sep mtrr pge mca cmov pat pse36 clflush dts acpi mmx fxsr sse sse2 ss ht tm pbe syscall nx rdtscp lm constant_tsc arch_perfmon pebs bts rep_good nopl xtopology nonstop_tsc aperfmperf eagerfpu pni pclmulqdq dtes64 monitor ds_cpl vmx est tm2 ssse3 cx16 xtpr pdcm pcid sse4_1 sse4_2 x2apic popcnt tsc_deadline_timer aes xsave avx f16c rdrand lahf_lm ida arat epb xsaveopt pln pts dtherm tpr_shadow vnmi flexpriority ept vpid fsgsbase smep erms
bogomips	: 5188.06
clflush size	: 64
cache_alignment	: 64
address sizes	: 36 bits physical, 48 bits virtual
power management:

processor	: 3
vendor_id	: GenuineIntel
cpu family	: 6
model		: 58
model name	: Intel(R) Core(TM) i5-3230M CPU @ 2.60GHz
stepping	: 9
microcode	: 0x12
cpu MHz		: 1700.000
cache size	: 3072 KB
physical id	: 0
siblings	: 4
core id		: 1
cpu cores	: 2
apicid		: 3
initial apicid	: 3
fpu		: yes
fpu_exception	: yes
cpuid level	: 13
wp		: yes
flags		: fpu vme de pse tsc msr pae mce cx8 apic sep mtrr pge mca cmov pat pse36 clflush dts acpi mmx fxsr sse sse2 ss ht tm pbe syscall nx rdtscp lm constant_tsc arch_perfmon pebs bts rep_good nopl xtopology nonstop_tsc aperfmperf eagerfpu pni pclmulqdq dtes64 monitor ds_cpl vmx est tm2 ssse3 cx16 xtpr pdcm pcid sse4_1 sse4_2 x2apic popcnt tsc_deadline_timer aes xsave avx f16c rdrand lahf_lm ida arat epb xsaveopt pln pts dtherm tpr_shadow vnmi flexpriority ept vpid fsgsbase smep erms
bogomips	: 5188.06
clflush size	: 64
cache_alignment	: 64
address sizes	: 36 bits physical, 48 bits virtual
power management:



Memory: 4k page, physical 3931356k(234156k free), swap 4077564k(4077564k free)

vm_info: Java HotSpot(TM) 64-Bit Server VM (24.75-b04) for linux-amd64 JRE (1.7.0_75-b13), built on Dec 18 2014 16:45:18 by "java_re" with gcc 4.3.0 20080428 (Red Hat 4.3.0-8)

time: Thu Apr  9 16:05:43 2015
elapsed time: 0 seconds

