#
# A fatal error has been detected by the Java Runtime Environment:
#
#  SIGSEGV (0xb) at pc=0x00007fbf29872b80, pid=17556, tid=140459024152320
#
# JRE version: Java(TM) SE Runtime Environment (7.0_75-b13) (build 1.7.0_75-b13)
# Java VM: Java HotSpot(TM) 64-Bit Server VM (24.75-b04 mixed mode linux-amd64 compressed oops)
# Problematic frame:
# C  [libc.so.6+0x98b80]  envz_strip+0x610
#
# Failed to write core dump. Core dumps have been disabled. To enable core dumping, try "ulimit -c unlimited" before starting Java again
#
# If you would like to submit a bug report, please visit:
#   http://bugreport.sun.com/bugreport/crash.jsp
# The crash happened outside the Java Virtual Machine in native code.
# See problematic frame for where to report the bug.
#

---------------  T H R E A D  ---------------

Current thread (0x00007fbf2400a000):  JavaThread "main" [_thread_in_native, id=17561, stack(0x00007fbf2a2d7000,0x00007fbf2a3d8000)]

siginfo:si_signo=SIGSEGV: si_errno=0, si_code=1 (SEGV_MAPERR), si_addr=0x0000000000000000

Registers:
RAX=0xffff8040e3f4f20c, RBX=0x00007fbf1c045038, RCX=0x0000000000000300, RDX=0x0000000000000180
RSP=0x00007fbf2a3d62b8, RBP=0x0000000000000000, RSI=0x0000000000000000, RDI=0x00007fbf1c0b0c74
R8 =0x0000000000000007, R9 =0x0000000000000010, R10=0x0000000000000000, R11=0x0000000000000246
R12=0x0000000000000180, R13=0x0000000000000180, R14=0x0000000000000000, R15=0x00007fbf1c0b2158
RIP=0x00007fbf29872b80, EFLAGS=0x0000000000010202, CSGSFS=0x0000000000000033, ERR=0x0000000000000004
  TRAPNO=0x000000000000000e

Top of Stack: (sp=0x00007fbf2a3d62b8)
0x00007fbf2a3d62b8:   00007fbee76fb0dd 0000000000000000
0x00007fbf2a3d62c8:   0000000000000000 0000000000000000
0x00007fbf2a3d62d8:   00007fbf1c0b2160 0000000000000010
0x00007fbf2a3d62e8:   0000000000000010 00007fbf1c0b2158
0x00007fbf2a3d62f8:   0000000000000017 0000000000000000
0x00007fbf2a3d6308:   00007fbee771f1ee 0000000000000001
0x00007fbf2a3d6318:   00007fbf1c045038 00007fbf24b70770
0x00007fbf2a3d6328:   00007fbf00000180 000000000000000d
0x00007fbf2a3d6338:   00007fbf1c0b2160 00007fbf1c0b1fd8
0x00007fbf2a3d6348:   00007fbf1c045038 00007fbf2a3d63a0
0x00007fbf2a3d6358:   0000000000000000 0000000000000000
0x00007fbf2a3d6368:   00007fbee771fae4 0000000034c00016
0x00007fbf2a3d6378:   00007fbf00000003 0000001700000000
0x00007fbf2a3d6388:   0000000000000003 34c0001600000078
0x00007fbf2a3d6398:   0000001700000000 00007fbf1c0b1fd8
0x00007fbf2a3d63a8:   00007fbf1c0b1ff0 00007fbf1c0b2008
0x00007fbf2a3d63b8:   0000000000000001 00007fbf24b73e18
0x00007fbf2a3d63c8:   00007fbf1c045038 00007fbf24767a10
0x00007fbf2a3d63d8:   0000000000000000 0000000000000000
0x00007fbf2a3d63e8:   0000000000000001 00000000304c0aff
0x00007fbf2a3d63f8:   00007fbee722c03d 00007fbf00000000
0x00007fbf2a3d6408:   00007fbf24b74fb0 00007fbf2800bb40
0x00007fbf2a3d6418:   00007fbee76eb4df 00007fbf1c045038
0x00007fbf2a3d6428:   00007fbf24767000 00007fbf24767760
0x00007fbf2a3d6438:   00007fbee77ac70c 00007fbf247672b0
0x00007fbf2a3d6448:   0000000000000001 00007fbf00000000
0x00007fbf2a3d6458:   0000000000000000 00007fbf24767000
0x00007fbf2a3d6468:   00007fbf1c045038 0000000000000001
0x00007fbf2a3d6478:   00007fbf24767760 0000000000000001
0x00007fbf2a3d6488:   00007fbf24767000 0000000000000000
0x00007fbf2a3d6498:   00007fbee7760974 0000000000000001
0x00007fbf2a3d64a8:   00007fbf00000001 00000000000002bc 

Instructions: (pc=0x00007fbf29872b80)
0x00007fbf29872b60:   48 89 f0 48 8d 0c 12 48 29 f8 48 29 d0 48 39 c8
0x00007fbf29872b70:   0f 82 07 01 00 00 48 83 fa 10 0f 86 8b 01 00 00
0x00007fbf29872b80:   f3 44 0f 6f 06 48 83 fa 20 f3 44 0f 7f 07 f3 44
0x00007fbf29872b90:   0f 6f 44 16 f0 f3 44 0f 7f 44 17 f0 77 12 48 89 

Register to memory mapping:

RAX=0xffff8040e3f4f20c is an unknown value
RBX=0x00007fbf1c045038 is an unknown value
RCX=0x0000000000000300 is an unknown value
RDX=0x0000000000000180 is an unknown value
RSP=0x00007fbf2a3d62b8 is pointing into the stack for thread: 0x00007fbf2400a000
RBP=0x0000000000000000 is an unknown value
RSI=0x0000000000000000 is an unknown value
RDI=0x00007fbf1c0b0c74 is an unknown value
R8 =0x0000000000000007 is an unknown value
R9 =0x0000000000000010 is an unknown value
R10=0x0000000000000000 is an unknown value
R11=0x0000000000000246 is an unknown value
R12=0x0000000000000180 is an unknown value
R13=0x0000000000000180 is an unknown value
R14=0x0000000000000000 is an unknown value
R15=0x00007fbf1c0b2158 is an unknown value


Stack: [0x00007fbf2a2d7000,0x00007fbf2a3d8000],  sp=0x00007fbf2a3d62b8,  free space=1020k
Native frames: (J=compiled Java code, j=interpreted, Vv=VM code, C=native code)
C  [libc.so.6+0x98b80]  envz_strip+0x610

[error occurred during error reporting (printing native stack), id 0xb]

Java frames: (J=compiled Java code, j=interpreted, Vv=VM code)
j  org.lwjgl.opengl.GL11.nglDrawArrays(IIIJ)V+0
j  org.lwjgl.opengl.GL11.glDrawArrays(III)V+22
j  simulador.Avion.draw()V+144
j  simulador.Simulador.draw()V+35
j  simulador.Simulador.come_alive()V+100
j  simulador.Simulador.run()V+1
j  simulador.Main.main([Ljava/lang/String;)V+19
v  ~StubRoutines::call_stub

---------------  P R O C E S S  ---------------

Java Threads: ( => current thread )
  0x00007fbf240a0800 JavaThread "Service Thread" daemon [_thread_blocked, id=17572, stack(0x00007fbf1c1db000,0x00007fbf1c2dc000)]
  0x00007fbf2409e000 JavaThread "C2 CompilerThread1" daemon [_thread_blocked, id=17571, stack(0x00007fbf1c2dc000,0x00007fbf1c3dd000)]
  0x00007fbf2409b800 JavaThread "C2 CompilerThread0" daemon [_thread_blocked, id=17570, stack(0x00007fbf1c3dd000,0x00007fbf1c4de000)]
  0x00007fbf24099000 JavaThread "Signal Dispatcher" daemon [_thread_blocked, id=17569, stack(0x00007fbf1c4de000,0x00007fbf1c5df000)]
  0x00007fbf24070000 JavaThread "Finalizer" daemon [_thread_blocked, id=17568, stack(0x00007fbf1c5df000,0x00007fbf1c6e0000)]
  0x00007fbf2406e000 JavaThread "Reference Handler" daemon [_thread_blocked, id=17567, stack(0x00007fbf1c6e0000,0x00007fbf1c7e1000)]
=>0x00007fbf2400a000 JavaThread "main" [_thread_in_native, id=17561, stack(0x00007fbf2a2d7000,0x00007fbf2a3d8000)]

Other Threads:
  0x00007fbf24069800 VMThread [stack: 0x00007fbf1c7e1000,0x00007fbf1c8e2000] [id=17566]
  0x00007fbf240ab000 WatcherThread [stack: 0x00007fbf1c0da000,0x00007fbf1c1db000] [id=17573]

VM state:not at safepoint (normal execution)

VM Mutex/Monitor currently owned by a thread: None

Heap
 PSYoungGen      total 17920K, used 9042K [0x00000000ec000000, 0x00000000ed400000, 0x0000000100000000)
  eden space 15360K, 58% used [0x00000000ec000000,0x00000000ec8d4858,0x00000000ecf00000)
  from space 2560K, 0% used [0x00000000ed180000,0x00000000ed180000,0x00000000ed400000)
  to   space 2560K, 0% used [0x00000000ecf00000,0x00000000ecf00000,0x00000000ed180000)
 ParOldGen       total 40960K, used 0K [0x00000000c4000000, 0x00000000c6800000, 0x00000000ec000000)
  object space 40960K, 0% used [0x00000000c4000000,0x00000000c4000000,0x00000000c6800000)
 PSPermGen       total 21504K, used 7165K [0x00000000bee00000, 0x00000000c0300000, 0x00000000c4000000)
  object space 21504K, 33% used [0x00000000bee00000,0x00000000bf4ff638,0x00000000c0300000)

Card table byte_map: [0x00007fbf2039f000,0x00007fbf205a9000] byte_map_base: 0x00007fbf1fda8000

Polling page: 0x00007fbf2a3f8000

Code Cache  [0x00007fbf205a9000, 0x00007fbf20819000, 0x00007fbf235a9000)
 total_blobs=493 nmethods=19 adapters=428 free_code_cache=48591Kb largest_free_block=49749760

Compilation events (10 events):
Event: 0,206 Thread 0x00007fbf2409b800 nmethod 12 0x00007fbf2061eed0 code [0x00007fbf2061f000, 0x00007fbf2061f078]
Event: 0,207 Thread 0x00007fbf2409e000 nmethod 13 0x00007fbf2061ec50 code [0x00007fbf2061ed80, 0x00007fbf2061ee18]
Event: 0,235 Thread 0x00007fbf2409b800   15             org.lwjgl.system.MemoryUtil::memEncodeASCII (62 bytes)
Event: 0,235 Thread 0x00007fbf2409e000   16             java.lang.Object::<init> (1 bytes)
Event: 0,236 Thread 0x00007fbf2409e000 nmethod 16 0x00007fbf2062d310 code [0x00007fbf2062d440, 0x00007fbf2062d4b8]
Event: 0,242 Thread 0x00007fbf2409b800 nmethod 15 0x00007fbf2062f0d0 code [0x00007fbf2062f240, 0x00007fbf2062f698]
Event: 0,267 Thread 0x00007fbf2409e000   17             java.lang.String::equals (81 bytes)
Event: 0,270 Thread 0x00007fbf2409e000 nmethod 17 0x00007fbf20631290 code [0x00007fbf206313e0, 0x00007fbf20631638]
Event: 0,300 Thread 0x00007fbf2409b800   18             sun.net.www.ParseUtil::encodePath (336 bytes)
Event: 0,318 Thread 0x00007fbf2409b800 nmethod 18 0x00007fbf20635490 code [0x00007fbf206356e0, 0x00007fbf20636738]

GC Heap History (0 events):
No events

Deoptimization events (0 events):
No events

Internal exceptions (10 events):
Event: 0,322 Thread 0x00007fbf2400a000 Threw 0x00000000ec875560 at /HUDSON/workspace/7u-2-build-linux-amd64/jdk7u75/1940/hotspot/src/share/vm/prims/jvm.cpp:1281
Event: 0,323 Thread 0x00007fbf2400a000 Threw 0x00000000ec878060 at /HUDSON/workspace/7u-2-build-linux-amd64/jdk7u75/1940/hotspot/src/share/vm/prims/jvm.cpp:1281
Event: 0,323 Thread 0x00007fbf2400a000 Threw 0x00000000ec87ceb8 at /HUDSON/workspace/7u-2-build-linux-amd64/jdk7u75/1940/hotspot/src/share/vm/prims/jvm.cpp:1281
Event: 0,324 Thread 0x00007fbf2400a000 Threw 0x00000000ec881a08 at /HUDSON/workspace/7u-2-build-linux-amd64/jdk7u75/1940/hotspot/src/share/vm/prims/jvm.cpp:1281
Event: 0,324 Thread 0x00007fbf2400a000 Threw 0x00000000ec8840b0 at /HUDSON/workspace/7u-2-build-linux-amd64/jdk7u75/1940/hotspot/src/share/vm/prims/jvm.cpp:1281
Event: 0,330 Thread 0x00007fbf2400a000 Threw 0x00000000ec89cb70 at /HUDSON/workspace/7u-2-build-linux-amd64/jdk7u75/1940/hotspot/src/share/vm/prims/jvm.cpp:1281
Event: 0,333 Thread 0x00007fbf2400a000 Threw 0x00000000ec8a06f0 at /HUDSON/workspace/7u-2-build-linux-amd64/jdk7u75/1940/hotspot/src/share/vm/prims/jvm.cpp:1281
Event: 0,334 Thread 0x00007fbf2400a000 Threw 0x00000000ec8a70b8 at /HUDSON/workspace/7u-2-build-linux-amd64/jdk7u75/1940/hotspot/src/share/vm/prims/jvm.cpp:1281
Event: 0,335 Thread 0x00007fbf2400a000 Threw 0x00000000ec8a9e80 at /HUDSON/workspace/7u-2-build-linux-amd64/jdk7u75/1940/hotspot/src/share/vm/prims/jvm.cpp:1281
Event: 0,336 Thread 0x00007fbf2400a000 Threw 0x00000000ec8ae690 at /HUDSON/workspace/7u-2-build-linux-amd64/jdk7u75/1940/hotspot/src/share/vm/prims/jvm.cpp:1281

Events (10 events):
Event: 0,336 loading class 0x00007fbf240d2b10
Event: 0,336 loading class 0x00007fbf240d2b10 done
Event: 0,337 loading class 0x00007fbf1db38df0
Event: 0,337 loading class 0x00007fbf1db38df0 done
Event: 0,337 loading class 0x00007fbef0054100
Event: 0,337 loading class 0x00007fbef0054100 done
Event: 0,337 loading class 0x00007fbf1db17760
Event: 0,337 loading class 0x00007fbf1db17760 done
Event: 0,337 loading class 0x00007fbf1db3b000
Event: 0,337 loading class 0x00007fbf1db3b000 done


Dynamic libraries:
00400000-00401000 r-xp 00000000 08:09 1838081                            /home/raul/jdk1.7.0_75/bin/java
00600000-00601000 rw-p 00000000 08:09 1838081                            /home/raul/jdk1.7.0_75/bin/java
008db000-008fc000 rw-p 00000000 00:00 0                                  [heap]
bee00000-c0300000 rw-p 00000000 00:00 0 
c0300000-c4000000 rw-p 00000000 00:00 0 
c4000000-c6800000 rw-p 00000000 00:00 0 
c6800000-ec000000 rw-p 00000000 00:00 0 
ec000000-ed400000 rw-p 00000000 00:00 0 
ed400000-100000000 rw-p 00000000 00:00 0 
7fbee4ed6000-7fbee6074000 rw-p 00000000 00:00 0 
7fbee6074000-7fbee60ab000 r-xp 00000000 08:09 3679606                    /usr/lib/x86_64-linux-gnu/libtxc_dxtn_s2tc.so.0.0.0
7fbee60ab000-7fbee62aa000 ---p 00037000 08:09 3679606                    /usr/lib/x86_64-linux-gnu/libtxc_dxtn_s2tc.so.0.0.0
7fbee62aa000-7fbee62ab000 r--p 00036000 08:09 3679606                    /usr/lib/x86_64-linux-gnu/libtxc_dxtn_s2tc.so.0.0.0
7fbee62ab000-7fbee62ac000 rw-p 00037000 08:09 3679606                    /usr/lib/x86_64-linux-gnu/libtxc_dxtn_s2tc.so.0.0.0
7fbee62ac000-7fbee62c4000 r-xp 00000000 08:09 2625662                    /lib/x86_64-linux-gnu/libz.so.1.2.8
7fbee62c4000-7fbee64c3000 ---p 00018000 08:09 2625662                    /lib/x86_64-linux-gnu/libz.so.1.2.8
7fbee64c3000-7fbee64c4000 r--p 00017000 08:09 2625662                    /lib/x86_64-linux-gnu/libz.so.1.2.8
7fbee64c4000-7fbee64c5000 rw-p 00018000 08:09 2625662                    /lib/x86_64-linux-gnu/libz.so.1.2.8
7fbee64c5000-7fbee64cd000 r-xp 00000000 08:09 3679409                    /usr/lib/x86_64-linux-gnu/libpciaccess.so.0.11.1
7fbee64cd000-7fbee66cc000 ---p 00008000 08:09 3679409                    /usr/lib/x86_64-linux-gnu/libpciaccess.so.0.11.1
7fbee66cc000-7fbee66cd000 r--p 00007000 08:09 3679409                    /usr/lib/x86_64-linux-gnu/libpciaccess.so.0.11.1
7fbee66cd000-7fbee66ce000 rw-p 00008000 08:09 3679409                    /usr/lib/x86_64-linux-gnu/libpciaccess.so.0.11.1
7fbee66ce000-7fbee66e4000 r-xp 00000000 08:09 2625476                    /lib/x86_64-linux-gnu/libgcc_s.so.1
7fbee66e4000-7fbee68e3000 ---p 00016000 08:09 2625476                    /lib/x86_64-linux-gnu/libgcc_s.so.1
7fbee68e3000-7fbee68e4000 rw-p 00015000 08:09 2625476                    /lib/x86_64-linux-gnu/libgcc_s.so.1
7fbee68e4000-7fbee69ca000 r-xp 00000000 08:09 3679564                    /usr/lib/x86_64-linux-gnu/libstdc++.so.6.0.19
7fbee69ca000-7fbee6bc9000 ---p 000e6000 08:09 3679564                    /usr/lib/x86_64-linux-gnu/libstdc++.so.6.0.19
7fbee6bc9000-7fbee6bd1000 r--p 000e5000 08:09 3679564                    /usr/lib/x86_64-linux-gnu/libstdc++.so.6.0.19
7fbee6bd1000-7fbee6bd3000 rw-p 000ed000 08:09 3679564                    /usr/lib/x86_64-linux-gnu/libstdc++.so.6.0.19
7fbee6bd3000-7fbee6be8000 rw-p 00000000 00:00 0 
7fbee6be8000-7fbee6c0f000 r-xp 00000000 08:09 2625521                    /lib/x86_64-linux-gnu/libexpat.so.1.6.0
7fbee6c0f000-7fbee6e0f000 ---p 00027000 08:09 2625521                    /lib/x86_64-linux-gnu/libexpat.so.1.6.0
7fbee6e0f000-7fbee6e11000 r--p 00027000 08:09 2625521                    /lib/x86_64-linux-gnu/libexpat.so.1.6.0
7fbee6e11000-7fbee6e12000 rw-p 00029000 08:09 2625521                    /lib/x86_64-linux-gnu/libexpat.so.1.6.0
7fbee6e12000-7fbee6e1e000 r-xp 00000000 08:09 3673068                    /usr/lib/x86_64-linux-gnu/libdrm_radeon.so.1.0.1
7fbee6e1e000-7fbee701d000 ---p 0000c000 08:09 3673068                    /usr/lib/x86_64-linux-gnu/libdrm_radeon.so.1.0.1
7fbee701d000-7fbee701e000 r--p 0000b000 08:09 3673068                    /usr/lib/x86_64-linux-gnu/libdrm_radeon.so.1.0.1
7fbee701e000-7fbee701f000 rw-p 0000c000 08:09 3673068                    /usr/lib/x86_64-linux-gnu/libdrm_radeon.so.1.0.1
7fbee701f000-7fbee7025000 r-xp 00000000 08:09 3672797                    /usr/lib/x86_64-linux-gnu/libdrm_nouveau.so.2.0.0
7fbee7025000-7fbee7224000 ---p 00006000 08:09 3672797                    /usr/lib/x86_64-linux-gnu/libdrm_nouveau.so.2.0.0
7fbee7224000-7fbee7225000 r--p 00005000 08:09 3672797                    /usr/lib/x86_64-linux-gnu/libdrm_nouveau.so.2.0.0
7fbee7225000-7fbee7226000 rw-p 00006000 08:09 3672797                    /usr/lib/x86_64-linux-gnu/libdrm_nouveau.so.2.0.0
7fbee7226000-7fbee7245000 r-xp 00000000 08:09 3672795                    /usr/lib/x86_64-linux-gnu/libdrm_intel.so.1.0.0
7fbee7245000-7fbee7444000 ---p 0001f000 08:09 3672795                    /usr/lib/x86_64-linux-gnu/libdrm_intel.so.1.0.0
7fbee7444000-7fbee7445000 r--p 0001e000 08:09 3672795                    /usr/lib/x86_64-linux-gnu/libdrm_intel.so.1.0.0
7fbee7445000-7fbee7446000 rw-p 0001f000 08:09 3672795                    /usr/lib/x86_64-linux-gnu/libdrm_intel.so.1.0.0
7fbee7446000-7fbee7935000 r-xp 00000000 08:09 3934416                    /usr/lib/x86_64-linux-gnu/dri/i965_dri.so
7fbee7935000-7fbee7b34000 ---p 004ef000 08:09 3934416                    /usr/lib/x86_64-linux-gnu/dri/i965_dri.so
7fbee7b34000-7fbee7b4b000 r--p 004ee000 08:09 3934416                    /usr/lib/x86_64-linux-gnu/dri/i965_dri.so
7fbee7b4b000-7fbee7b57000 rw-p 00505000 08:09 3934416                    /usr/lib/x86_64-linux-gnu/dri/i965_dri.so
7fbee7b57000-7fbee7ba3000 rw-p 00000000 00:00 0 
7fbee7ba3000-7fbee7be7000 r-xp 00000000 08:09 2625517                    /lib/x86_64-linux-gnu/libdbus-1.so.3.7.6
7fbee7be7000-7fbee7de6000 ---p 00044000 08:09 2625517                    /lib/x86_64-linux-gnu/libdbus-1.so.3.7.6
7fbee7de6000-7fbee7de7000 r--p 00043000 08:09 2625517                    /lib/x86_64-linux-gnu/libdbus-1.so.3.7.6
7fbee7de7000-7fbee7de8000 rw-p 00044000 08:09 2625517                    /lib/x86_64-linux-gnu/libdbus-1.so.3.7.6
7fbee7de8000-7fbee7dff000 r-xp 00000000 08:09 2625563                    /lib/x86_64-linux-gnu/libnih.so.1.0.0
7fbee7dff000-7fbee7ffe000 ---p 00017000 08:09 2625563                    /lib/x86_64-linux-gnu/libnih.so.1.0.0
7fbee7ffe000-7fbee7fff000 r--p 00016000 08:09 2625563                    /lib/x86_64-linux-gnu/libnih.so.1.0.0
7fbee7fff000-7fbee8000000 rw-p 00017000 08:09 2625563                    /lib/x86_64-linux-gnu/libnih.so.1.0.0
7fbee8000000-7fbee8021000 rw-p 00000000 00:00 0 
7fbee8021000-7fbeec000000 ---p 00000000 00:00 0 
7fbeec000000-7fbeec021000 rw-p 00000000 00:00 0 
7fbeec021000-7fbef0000000 ---p 00000000 00:00 0 
7fbef0000000-7fbef0199000 rw-p 00000000 00:00 0 
7fbef0199000-7fbef4000000 ---p 00000000 00:00 0 
7fbef4000000-7fbef4090000 rw-p 00000000 00:00 0 
7fbef4090000-7fbef8000000 ---p 00000000 00:00 0 
7fbef8000000-7fbef8021000 rw-p 00000000 00:00 0 
7fbef8021000-7fbefc000000 ---p 00000000 00:00 0 
7fbefc000000-7fbefc021000 rw-p 00000000 00:00 0 
7fbefc021000-7fbf00000000 ---p 00000000 00:00 0 
7fbf00000000-7fbf00021000 rw-p 00000000 00:00 0 
7fbf00021000-7fbf04000000 ---p 00000000 00:00 0 
7fbf04000000-7fbf04021000 rw-p 00000000 00:00 0 
7fbf04021000-7fbf08000000 ---p 00000000 00:00 0 
7fbf08000000-7fbf08021000 rw-p 00000000 00:00 0 
7fbf08021000-7fbf0c000000 ---p 00000000 00:00 0 
7fbf0c000000-7fbf0c021000 rw-p 00000000 00:00 0 
7fbf0c021000-7fbf10000000 ---p 00000000 00:00 0 
7fbf10000000-7fbf10021000 rw-p 00000000 00:00 0 
7fbf10021000-7fbf14000000 ---p 00000000 00:00 0 
7fbf14002000-7fbf1400a000 r-xp 00000000 08:09 2625561                    /lib/x86_64-linux-gnu/libnih-dbus.so.1.0.0
7fbf1400a000-7fbf1420a000 ---p 00008000 08:09 2625561                    /lib/x86_64-linux-gnu/libnih-dbus.so.1.0.0
7fbf1420a000-7fbf1420b000 r--p 00008000 08:09 2625561                    /lib/x86_64-linux-gnu/libnih-dbus.so.1.0.0
7fbf1420b000-7fbf1420c000 rw-p 00009000 08:09 2625561                    /lib/x86_64-linux-gnu/libnih-dbus.so.1.0.0
7fbf1420c000-7fbf14225000 r-xp 00000000 08:09 2625512                    /lib/x86_64-linux-gnu/libcgmanager.so.0.0.0
7fbf14225000-7fbf14424000 ---p 00019000 08:09 2625512                    /lib/x86_64-linux-gnu/libcgmanager.so.0.0.0
7fbf14424000-7fbf14426000 r--p 00018000 08:09 2625512                    /lib/x86_64-linux-gnu/libcgmanager.so.0.0.0
7fbf14426000-7fbf14427000 rw-p 0001a000 08:09 2625512                    /lib/x86_64-linux-gnu/libcgmanager.so.0.0.0
7fbf14427000-7fbf14437000 r-xp 00000000 08:09 2625436                    /lib/x86_64-linux-gnu/libudev.so.1.3.5
7fbf14437000-7fbf14636000 ---p 00010000 08:09 2625436                    /lib/x86_64-linux-gnu/libudev.so.1.3.5
7fbf14636000-7fbf14637000 r--p 0000f000 08:09 2625436                    /lib/x86_64-linux-gnu/libudev.so.1.3.5
7fbf14637000-7fbf14638000 rw-p 00010000 08:09 2625436                    /lib/x86_64-linux-gnu/libudev.so.1.3.5
7fbf14638000-7fbf1463d000 r-xp 00000000 08:09 3678669                    /usr/lib/x86_64-linux-gnu/libXdmcp.so.6.0.0
7fbf1463d000-7fbf1483c000 ---p 00005000 08:09 3678669                    /usr/lib/x86_64-linux-gnu/libXdmcp.so.6.0.0
7fbf1483c000-7fbf1483d000 r--p 00004000 08:09 3678669                    /usr/lib/x86_64-linux-gnu/libXdmcp.so.6.0.0
7fbf1483d000-7fbf1483e000 rw-p 00005000 08:09 3678669                    /usr/lib/x86_64-linux-gnu/libXdmcp.so.6.0.0
7fbf1483e000-7fbf14840000 r-xp 00000000 08:09 3678658                    /usr/lib/x86_64-linux-gnu/libXau.so.6.0.0
7fbf14840000-7fbf14a40000 ---p 00002000 08:09 3678658                    /usr/lib/x86_64-linux-gnu/libXau.so.6.0.0
7fbf14a40000-7fbf14a41000 r--p 00002000 08:09 3678658                    /usr/lib/x86_64-linux-gnu/libXau.so.6.0.0
7fbf14a41000-7fbf14a42000 rw-p 00003000 08:09 3678658                    /usr/lib/x86_64-linux-gnu/libXau.so.6.0.0
7fbf14a42000-7fbf14a4b000 r-xp 00000000 08:09 3678693                    /usr/lib/x86_64-linux-gnu/libXrender.so.1.3.0
7fbf14a4b000-7fbf14c4a000 ---p 00009000 08:09 3678693                    /usr/lib/x86_64-linux-gnu/libXrender.so.1.3.0
7fbf14c4a000-7fbf14c4b000 r--p 00008000 08:09 3678693                    /usr/lib/x86_64-linux-gnu/libXrender.so.1.3.0
7fbf14c4b000-7fbf14c4c000 rw-p 00009000 08:09 3678693                    /usr/lib/x86_64-linux-gnu/libXrender.so.1.3.0
7fbf14c4c000-7fbf14c57000 r-xp 00000000 08:09 3672667                    /usr/lib/x86_64-linux-gnu/libdrm.so.2.4.0
7fbf14c57000-7fbf14e56000 ---p 0000b000 08:09 3672667                    /usr/lib/x86_64-linux-gnu/libdrm.so.2.4.0
7fbf14e56000-7fbf14e57000 r--p 0000a000 08:09 3672667                    /usr/lib/x86_64-linux-gnu/libdrm.so.2.4.0
7fbf14e57000-7fbf14e58000 rw-p 0000b000 08:09 3672667                    /usr/lib/x86_64-linux-gnu/libdrm.so.2.4.0
7fbf14e58000-7fbf14e59000 r-xp 00000000 08:09 3679738                    /usr/lib/x86_64-linux-gnu/libxshmfence.so.1.0.0
7fbf14e59000-7fbf15058000 ---p 00001000 08:09 3679738                    /usr/lib/x86_64-linux-gnu/libxshmfence.so.1.0.0
7fbf15058000-7fbf15059000 r--p 00000000 08:09 3679738                    /usr/lib/x86_64-linux-gnu/libxshmfence.so.1.0.0
7fbf15059000-7fbf1505a000 rw-p 00001000 08:09 3679738                    /usr/lib/x86_64-linux-gnu/libxshmfence.so.1.0.0
7fbf1505a000-7fbf1505f000 r-xp 00000000 08:09 3679720                    /usr/lib/x86_64-linux-gnu/libxcb-sync.so.1.0.0
7fbf1505f000-7fbf1525e000 ---p 00005000 08:09 3679720                    /usr/lib/x86_64-linux-gnu/libxcb-sync.so.1.0.0
7fbf1525e000-7fbf1525f000 r--p 00004000 08:09 3679720                    /usr/lib/x86_64-linux-gnu/libxcb-sync.so.1.0.0
7fbf1525f000-7fbf15260000 rw-p 00005000 08:09 3679720                    /usr/lib/x86_64-linux-gnu/libxcb-sync.so.1.0.0
7fbf15260000-7fbf15262000 r-xp 00000000 08:09 3679708                    /usr/lib/x86_64-linux-gnu/libxcb-present.so.0.0.0
7fbf15262000-7fbf15461000 ---p 00002000 08:09 3679708                    /usr/lib/x86_64-linux-gnu/libxcb-present.so.0.0.0
7fbf15461000-7fbf15462000 r--p 00001000 08:09 3679708                    /usr/lib/x86_64-linux-gnu/libxcb-present.so.0.0.0
7fbf15462000-7fbf15463000 rw-p 00002000 08:09 3679708                    /usr/lib/x86_64-linux-gnu/libxcb-present.so.0.0.0
7fbf15463000-7fbf15465000 r-xp 00000000 08:09 3679698                    /usr/lib/x86_64-linux-gnu/libxcb-dri3.so.0.0.0
7fbf15465000-7fbf15664000 ---p 00002000 08:09 3679698                    /usr/lib/x86_64-linux-gnu/libxcb-dri3.so.0.0.0
7fbf15664000-7fbf15665000 r--p 00001000 08:09 3679698                    /usr/lib/x86_64-linux-gnu/libxcb-dri3.so.0.0.0
7fbf15665000-7fbf15666000 rw-p 00002000 08:09 3679698                    /usr/lib/x86_64-linux-gnu/libxcb-dri3.so.0.0.0
7fbf15666000-7fbf15669000 r-xp 00000000 08:09 3679696                    /usr/lib/x86_64-linux-gnu/libxcb-dri2.so.0.0.0
7fbf15669000-7fbf15869000 ---p 00003000 08:09 3679696                    /usr/lib/x86_64-linux-gnu/libxcb-dri2.so.0.0.0
7fbf15869000-7fbf1586a000 r--p 00003000 08:09 3679696                    /usr/lib/x86_64-linux-gnu/libxcb-dri2.so.0.0.0
7fbf1586a000-7fbf1586b000 rw-p 00004000 08:09 3679696                    /usr/lib/x86_64-linux-gnu/libxcb-dri2.so.0.0.0
7fbf1586b000-7fbf15880000 r-xp 00000000 08:09 3679700                    /usr/lib/x86_64-linux-gnu/libxcb-glx.so.0.0.0
7fbf15880000-7fbf15a7f000 ---p 00015000 08:09 3679700                    /usr/lib/x86_64-linux-gnu/libxcb-glx.so.0.0.0
7fbf15a7f000-7fbf15a81000 r--p 00014000 08:09 3679700                    /usr/lib/x86_64-linux-gnu/libxcb-glx.so.0.0.0
7fbf15a81000-7fbf15a82000 rw-p 00016000 08:09 3679700                    /usr/lib/x86_64-linux-gnu/libxcb-glx.so.0.0.0
7fbf15a82000-7fbf15a83000 r-xp 00000000 08:09 3678652                    /usr/lib/x86_64-linux-gnu/libX11-xcb.so.1.0.0
7fbf15a83000-7fbf15c82000 ---p 00001000 08:09 3678652                    /usr/lib/x86_64-linux-gnu/libX11-xcb.so.1.0.0
7fbf15c82000-7fbf15c83000 r--p 00000000 08:09 3678652                    /usr/lib/x86_64-linux-gnu/libX11-xcb.so.1.0.0
7fbf15c83000-7fbf15c84000 rw-p 00001000 08:09 3678652                    /usr/lib/x86_64-linux-gnu/libX11-xcb.so.1.0.0
7fbf15c84000-7fbf15c89000 r-xp 00000000 08:09 3678673                    /usr/lib/x86_64-linux-gnu/libXfixes.so.3.1.0
7fbf15c89000-7fbf15e88000 ---p 00005000 08:09 3678673                    /usr/lib/x86_64-linux-gnu/libXfixes.so.3.1.0
7fbf15e88000-7fbf15e89000 r--p 00004000 08:09 3678673                    /usr/lib/x86_64-linux-gnu/libXfixes.so.3.1.0
7fbf15e89000-7fbf15e8a000 rw-p 00005000 08:09 3678673                    /usr/lib/x86_64-linux-gnu/libXfixes.so.3.1.0
7fbf15e8a000-7fbf15e8c000 r-xp 00000000 08:09 3678667                    /usr/lib/x86_64-linux-gnu/libXdamage.so.1.1.0
7fbf15e8c000-7fbf1608b000 ---p 00002000 08:09 3678667                    /usr/lib/x86_64-linux-gnu/libXdamage.so.1.1.0
7fbf1608b000-7fbf1608c000 r--p 00001000 08:09 3678667                    /usr/lib/x86_64-linux-gnu/libXdamage.so.1.1.0
7fbf1608c000-7fbf1608d000 rw-p 00002000 08:09 3678667                    /usr/lib/x86_64-linux-gnu/libXdamage.so.1.1.0
7fbf1608d000-7fbf1609e000 r-xp 00000000 08:09 3678671                    /usr/lib/x86_64-linux-gnu/libXext.so.6.4.0
7fbf1609e000-7fbf1629d000 ---p 00011000 08:09 3678671                    /usr/lib/x86_64-linux-gnu/libXext.so.6.4.0
7fbf1629d000-7fbf1629e000 r--p 00010000 08:09 3678671                    /usr/lib/x86_64-linux-gnu/libXext.so.6.4.0
7fbf1629e000-7fbf1629f000 rw-p 00011000 08:09 3678671                    /usr/lib/x86_64-linux-gnu/libXext.so.6.4.0
7fbf1629f000-7fbf162c1000 r-xp 00000000 08:09 3672157                    /usr/lib/x86_64-linux-gnu/libglapi.so.0.0.0
7fbf162c1000-7fbf164c1000 ---p 00022000 08:09 3672157                    /usr/lib/x86_64-linux-gnu/libglapi.so.0.0.0
7fbf164c1000-7fbf164c4000 r--p 00022000 08:09 3672157                    /usr/lib/x86_64-linux-gnu/libglapi.so.0.0.0
7fbf164c4000-7fbf164c5000 rw-p 00025000 08:09 3672157                    /usr/lib/x86_64-linux-gnu/libglapi.so.0.0.0
7fbf164c5000-7fbf164c6000 rw-p 00000000 00:00 0 
7fbf164c6000-7fbf164e3000 r-xp 00000000 08:09 3679728                    /usr/lib/x86_64-linux-gnu/libxcb.so.1.1.0
7fbf164e3000-7fbf166e3000 ---p 0001d000 08:09 3679728                    /usr/lib/x86_64-linux-gnu/libxcb.so.1.1.0
7fbf166e3000-7fbf166e4000 r--p 0001d000 08:09 3679728                    /usr/lib/x86_64-linux-gnu/libxcb.so.1.1.0
7fbf166e4000-7fbf166e5000 rw-p 0001e000 08:09 3679728                    /usr/lib/x86_64-linux-gnu/libxcb.so.1.1.0
7fbf166e5000-7fbf166ee000 r-xp 00000000 08:09 3678665                    /usr/lib/x86_64-linux-gnu/libXcursor.so.1.0.2
7fbf166ee000-7fbf168ed000 ---p 00009000 08:09 3678665                    /usr/lib/x86_64-linux-gnu/libXcursor.so.1.0.2
7fbf168ed000-7fbf168ee000 r--p 00008000 08:09 3678665                    /usr/lib/x86_64-linux-gnu/libXcursor.so.1.0.2
7fbf168ee000-7fbf168ef000 rw-p 00009000 08:09 3678665                    /usr/lib/x86_64-linux-gnu/libXcursor.so.1.0.2
7fbf168ef000-7fbf168f1000 r-xp 00000000 08:09 3678681                    /usr/lib/x86_64-linux-gnu/libXinerama.so.1.0.0
7fbf168f1000-7fbf16af0000 ---p 00002000 08:09 3678681                    /usr/lib/x86_64-linux-gnu/libXinerama.so.1.0.0
7fbf16af0000-7fbf16af1000 r--p 00001000 08:09 3678681                    /usr/lib/x86_64-linux-gnu/libXinerama.so.1.0.0
7fbf16af1000-7fbf16af2000 rw-p 00002000 08:09 3678681                    /usr/lib/x86_64-linux-gnu/libXinerama.so.1.0.0
7fbf16af2000-7fbf16af6000 r-xp 00000000 08:09 3678709                    /usr/lib/x86_64-linux-gnu/libXxf86vm.so.1.0.0
7fbf16af6000-7fbf16cf6000 ---p 00004000 08:09 3678709                    /usr/lib/x86_64-linux-gnu/libXxf86vm.so.1.0.0
7fbf16cf6000-7fbf16cf7000 r--p 00004000 08:09 3678709                    /usr/lib/x86_64-linux-gnu/libXxf86vm.so.1.0.0
7fbf16cf7000-7fbf16cf8000 rw-p 00005000 08:09 3678709                    /usr/lib/x86_64-linux-gnu/libXxf86vm.so.1.0.0
7fbf16cf8000-7fbf16d01000 r-xp 00000000 08:09 3678691                    /usr/lib/x86_64-linux-gnu/libXrandr.so.2.2.0
7fbf16d01000-7fbf16f00000 ---p 00009000 08:09 3678691                    /usr/lib/x86_64-linux-gnu/libXrandr.so.2.2.0
7fbf16f00000-7fbf16f01000 r--p 00008000 08:09 3678691                    /usr/lib/x86_64-linux-gnu/libXrandr.so.2.2.0
7fbf16f01000-7fbf16f02000 rw-p 00009000 08:09 3678691                    /usr/lib/x86_64-linux-gnu/libXrandr.so.2.2.0
7fbf16f02000-7fbf16f11000 r-xp 00000000 08:09 3678679                    /usr/lib/x86_64-linux-gnu/libXi.so.6.1.0
7fbf16f11000-7fbf17110000 ---p 0000f000 08:09 3678679                    /usr/lib/x86_64-linux-gnu/libXi.so.6.1.0
7fbf17110000-7fbf17111000 r--p 0000e000 08:09 3678679                    /usr/lib/x86_64-linux-gnu/libXi.so.6.1.0
7fbf17111000-7fbf17112000 rw-p 0000f000 08:09 3678679                    /usr/lib/x86_64-linux-gnu/libXi.so.6.1.0
7fbf17112000-7fbf17174000 r-xp 00000000 08:09 3934455                    /usr/lib/x86_64-linux-gnu/mesa/libGL.so.1.2.0
7fbf17174000-7fbf17373000 ---p 00062000 08:09 3934455                    /usr/lib/x86_64-linux-gnu/mesa/libGL.so.1.2.0
7fbf17373000-7fbf17376000 r--p 00061000 08:09 3934455                    /usr/lib/x86_64-linux-gnu/mesa/libGL.so.1.2.0
7fbf17376000-7fbf17377000 rw-p 00064000 08:09 3934455                    /usr/lib/x86_64-linux-gnu/mesa/libGL.so.1.2.0
7fbf17377000-7fbf17378000 rw-p 00000000 00:00 0 
7fbf17378000-7fbf174a8000 r-xp 00000000 08:09 3678654                    /usr/lib/x86_64-linux-gnu/libX11.so.6.3.0
7fbf174a8000-7fbf176a8000 ---p 00130000 08:09 3678654                    /usr/lib/x86_64-linux-gnu/libX11.so.6.3.0
7fbf176a8000-7fbf176a9000 r--p 00130000 08:09 3678654                    /usr/lib/x86_64-linux-gnu/libX11.so.6.3.0
7fbf176a9000-7fbf176ad000 rw-p 00131000 08:09 3678654                    /usr/lib/x86_64-linux-gnu/libX11.so.6.3.0
7fbf176ad000-7fbf1771c000 r-xp 00000000 08:09 2102220                    /home/raul/lwjgl/native/linux/x64/liblwjgl.so
7fbf1771c000-7fbf1791b000 ---p 0006f000 08:09 2102220                    /home/raul/lwjgl/native/linux/x64/liblwjgl.so
7fbf1791b000-7fbf1791c000 r--p 0006e000 08:09 2102220                    /home/raul/lwjgl/native/linux/x64/liblwjgl.so
7fbf1791c000-7fbf1791d000 rw-p 0006f000 08:09 2102220                    /home/raul/lwjgl/native/linux/x64/liblwjgl.so
7fbf1791d000-7fbf1791e000 rw-p 00000000 00:00 0 
7fbf1791e000-7fbf18000000 r--p 00000000 08:09 3677561                    /usr/lib/locale/locale-archive
7fbf18000000-7fbf18021000 rw-p 00000000 00:00 0 
7fbf18021000-7fbf1c000000 ---p 00000000 00:00 0 
7fbf1c03d000-7fbf1c045000 rw-s 00000000 00:04 144412                     /drm mm object (deleted)
7fbf1c045000-7fbf1c0b4000 rw-p 00000000 00:00 0 
7fbf1c0b4000-7fbf1c0da000 r--p 00000000 08:09 4329090                    /usr/share/locale-langpack/es/LC_MESSAGES/libc.mo
7fbf1c0da000-7fbf1c0db000 ---p 00000000 00:00 0 
7fbf1c0db000-7fbf1c1db000 rw-p 00000000 00:00 0                          [stack:17573]
7fbf1c1db000-7fbf1c1de000 ---p 00000000 00:00 0 
7fbf1c1de000-7fbf1c2dc000 rw-p 00000000 00:00 0                          [stack:17572]
7fbf1c2dc000-7fbf1c2df000 ---p 00000000 00:00 0 
7fbf1c2df000-7fbf1c3dd000 rw-p 00000000 00:00 0                          [stack:17571]
7fbf1c3dd000-7fbf1c3e0000 ---p 00000000 00:00 0 
7fbf1c3e0000-7fbf1c4de000 rw-p 00000000 00:00 0                          [stack:17570]
7fbf1c4de000-7fbf1c4e1000 ---p 00000000 00:00 0 
7fbf1c4e1000-7fbf1c5df000 rw-p 00000000 00:00 0                          [stack:17569]
7fbf1c5df000-7fbf1c5e2000 ---p 00000000 00:00 0 
7fbf1c5e2000-7fbf1c6e0000 rw-p 00000000 00:00 0                          [stack:17568]
7fbf1c6e0000-7fbf1c6e3000 ---p 00000000 00:00 0 
7fbf1c6e3000-7fbf1c7e1000 rw-p 00000000 00:00 0                          [stack:17567]
7fbf1c7e1000-7fbf1c7e2000 ---p 00000000 00:00 0 
7fbf1c7e2000-7fbf1d8e1000 rw-p 00000000 00:00 0                          [stack:17566]
7fbf1d8e1000-7fbf1daa0000 r--s 039eb000 08:09 1837861                    /home/raul/jdk1.7.0_75/jre/lib/rt.jar
7fbf1daa0000-7fbf1fe32000 rw-p 00000000 00:00 0 
7fbf1fe32000-7fbf1fe33000 ---p 00000000 00:00 0 
7fbf1fe33000-7fbf1ff33000 rw-p 00000000 00:00 0                          [stack:17565]
7fbf1ff33000-7fbf1ff34000 ---p 00000000 00:00 0 
7fbf1ff34000-7fbf20034000 rw-p 00000000 00:00 0                          [stack:17564]
7fbf20034000-7fbf20035000 ---p 00000000 00:00 0 
7fbf20035000-7fbf20135000 rw-p 00000000 00:00 0                          [stack:17563]
7fbf20135000-7fbf20136000 ---p 00000000 00:00 0 
7fbf20136000-7fbf20241000 rw-p 00000000 00:00 0                          [stack:17562]
7fbf20241000-7fbf2025f000 rw-p 00000000 00:00 0 
7fbf2025f000-7fbf20273000 rw-p 00000000 00:00 0 
7fbf20273000-7fbf2039f000 rw-p 00000000 00:00 0 
7fbf2039f000-7fbf203aa000 rw-p 00000000 00:00 0 
7fbf203aa000-7fbf203c8000 rw-p 00000000 00:00 0 
7fbf203c8000-7fbf203dc000 rw-p 00000000 00:00 0 
7fbf203dc000-7fbf20508000 rw-p 00000000 00:00 0 
7fbf20508000-7fbf20512000 rw-p 00000000 00:00 0 
7fbf20512000-7fbf205a8000 rw-p 00000000 00:00 0 
7fbf205a8000-7fbf205a9000 rw-p 00000000 00:00 0 
7fbf205a9000-7fbf20819000 rwxp 00000000 00:00 0 
7fbf20819000-7fbf235a9000 rw-p 00000000 00:00 0 
7fbf235a9000-7fbf235c3000 r-xp 00000000 08:09 1837823                    /home/raul/jdk1.7.0_75/jre/lib/amd64/libzip.so
7fbf235c3000-7fbf237c3000 ---p 0001a000 08:09 1837823                    /home/raul/jdk1.7.0_75/jre/lib/amd64/libzip.so
7fbf237c3000-7fbf237c4000 rw-p 0001a000 08:09 1837823                    /home/raul/jdk1.7.0_75/jre/lib/amd64/libzip.so
7fbf237c4000-7fbf237cf000 r-xp 00000000 08:09 2625429                    /lib/x86_64-linux-gnu/libnss_files-2.19.so
7fbf237cf000-7fbf239ce000 ---p 0000b000 08:09 2625429                    /lib/x86_64-linux-gnu/libnss_files-2.19.so
7fbf239ce000-7fbf239cf000 r--p 0000a000 08:09 2625429                    /lib/x86_64-linux-gnu/libnss_files-2.19.so
7fbf239cf000-7fbf239d0000 rw-p 0000b000 08:09 2625429                    /lib/x86_64-linux-gnu/libnss_files-2.19.so
7fbf239d0000-7fbf239db000 r-xp 00000000 08:09 2621542                    /lib/x86_64-linux-gnu/libnss_nis-2.19.so
7fbf239db000-7fbf23bda000 ---p 0000b000 08:09 2621542                    /lib/x86_64-linux-gnu/libnss_nis-2.19.so
7fbf23bda000-7fbf23bdb000 r--p 0000a000 08:09 2621542                    /lib/x86_64-linux-gnu/libnss_nis-2.19.so
7fbf23bdb000-7fbf23bdc000 rw-p 0000b000 08:09 2621542                    /lib/x86_64-linux-gnu/libnss_nis-2.19.so
7fbf23bdc000-7fbf23bf3000 r-xp 00000000 08:09 2621536                    /lib/x86_64-linux-gnu/libnsl-2.19.so
7fbf23bf3000-7fbf23df2000 ---p 00017000 08:09 2621536                    /lib/x86_64-linux-gnu/libnsl-2.19.so
7fbf23df2000-7fbf23df3000 r--p 00016000 08:09 2621536                    /lib/x86_64-linux-gnu/libnsl-2.19.so
7fbf23df3000-7fbf23df4000 rw-p 00017000 08:09 2621536                    /lib/x86_64-linux-gnu/libnsl-2.19.so
7fbf23df4000-7fbf23df6000 rw-p 00000000 00:00 0 
7fbf23df6000-7fbf23dff000 r-xp 00000000 08:09 2621533                    /lib/x86_64-linux-gnu/libnss_compat-2.19.so
7fbf23dff000-7fbf23ffe000 ---p 00009000 08:09 2621533                    /lib/x86_64-linux-gnu/libnss_compat-2.19.so
7fbf23ffe000-7fbf23fff000 r--p 00008000 08:09 2621533                    /lib/x86_64-linux-gnu/libnss_compat-2.19.so
7fbf23fff000-7fbf24000000 rw-p 00009000 08:09 2621533                    /lib/x86_64-linux-gnu/libnss_compat-2.19.so
7fbf24000000-7fbf24ba1000 rw-p 00000000 00:00 0 
7fbf24ba1000-7fbf28000000 ---p 00000000 00:00 0 
7fbf28004000-7fbf2800c000 rw-s 00000000 00:04 144411                     /drm mm object (deleted)
7fbf2800c000-7fbf28014000 rw-s 00000000 00:04 144407                     /drm mm object (deleted)
7fbf28014000-7fbf2801b000 r--s 00000000 08:09 3939448                    /usr/lib/x86_64-linux-gnu/gconv/gconv-modules.cache
7fbf2801b000-7fbf28044000 r-xp 00000000 08:09 1837758                    /home/raul/jdk1.7.0_75/jre/lib/amd64/libjava.so
7fbf28044000-7fbf28244000 ---p 00029000 08:09 1837758                    /home/raul/jdk1.7.0_75/jre/lib/amd64/libjava.so
7fbf28244000-7fbf28246000 rw-p 00029000 08:09 1837758                    /home/raul/jdk1.7.0_75/jre/lib/amd64/libjava.so
7fbf28246000-7fbf28253000 r-xp 00000000 08:09 1837636                    /home/raul/jdk1.7.0_75/jre/lib/amd64/libverify.so
7fbf28253000-7fbf28452000 ---p 0000d000 08:09 1837636                    /home/raul/jdk1.7.0_75/jre/lib/amd64/libverify.so
7fbf28452000-7fbf28454000 rw-p 0000c000 08:09 1837636                    /home/raul/jdk1.7.0_75/jre/lib/amd64/libverify.so
7fbf28454000-7fbf2845b000 r-xp 00000000 08:09 2621470                    /lib/x86_64-linux-gnu/librt-2.19.so
7fbf2845b000-7fbf2865a000 ---p 00007000 08:09 2621470                    /lib/x86_64-linux-gnu/librt-2.19.so
7fbf2865a000-7fbf2865b000 r--p 00006000 08:09 2621470                    /lib/x86_64-linux-gnu/librt-2.19.so
7fbf2865b000-7fbf2865c000 rw-p 00007000 08:09 2621470                    /lib/x86_64-linux-gnu/librt-2.19.so
7fbf2865c000-7fbf28761000 r-xp 00000000 08:09 2621535                    /lib/x86_64-linux-gnu/libm-2.19.so
7fbf28761000-7fbf28960000 ---p 00105000 08:09 2621535                    /lib/x86_64-linux-gnu/libm-2.19.so
7fbf28960000-7fbf28961000 r--p 00104000 08:09 2621535                    /lib/x86_64-linux-gnu/libm-2.19.so
7fbf28961000-7fbf28962000 rw-p 00105000 08:09 2621535                    /lib/x86_64-linux-gnu/libm-2.19.so
7fbf28962000-7fbf294d5000 r-xp 00000000 08:09 1837408                    /home/raul/jdk1.7.0_75/jre/lib/amd64/server/libjvm.so
7fbf294d5000-7fbf296d5000 ---p 00b73000 08:09 1837408                    /home/raul/jdk1.7.0_75/jre/lib/amd64/server/libjvm.so
7fbf296d5000-7fbf29799000 rw-p 00b73000 08:09 1837408                    /home/raul/jdk1.7.0_75/jre/lib/amd64/server/libjvm.so
7fbf29799000-7fbf297da000 rw-p 00000000 00:00 0 
7fbf297da000-7fbf29995000 r-xp 00000000 08:09 2621469                    /lib/x86_64-linux-gnu/libc-2.19.so
7fbf29995000-7fbf29b95000 ---p 001bb000 08:09 2621469                    /lib/x86_64-linux-gnu/libc-2.19.so
7fbf29b95000-7fbf29b99000 r--p 001bb000 08:09 2621469                    /lib/x86_64-linux-gnu/libc-2.19.so
7fbf29b99000-7fbf29b9b000 rw-p 001bf000 08:09 2621469                    /lib/x86_64-linux-gnu/libc-2.19.so
7fbf29b9b000-7fbf29ba0000 rw-p 00000000 00:00 0 
7fbf29ba0000-7fbf29ba3000 r-xp 00000000 08:09 2621531                    /lib/x86_64-linux-gnu/libdl-2.19.so
7fbf29ba3000-7fbf29da2000 ---p 00003000 08:09 2621531                    /lib/x86_64-linux-gnu/libdl-2.19.so
7fbf29da2000-7fbf29da3000 r--p 00002000 08:09 2621531                    /lib/x86_64-linux-gnu/libdl-2.19.so
7fbf29da3000-7fbf29da4000 rw-p 00003000 08:09 2621531                    /lib/x86_64-linux-gnu/libdl-2.19.so
7fbf29da4000-7fbf29dba000 r-xp 00000000 08:09 1837831                    /home/raul/jdk1.7.0_75/lib/amd64/jli/libjli.so
7fbf29dba000-7fbf29fba000 ---p 00016000 08:09 1837831                    /home/raul/jdk1.7.0_75/lib/amd64/jli/libjli.so
7fbf29fba000-7fbf29fbb000 rw-p 00016000 08:09 1837831                    /home/raul/jdk1.7.0_75/lib/amd64/jli/libjli.so
7fbf29fbb000-7fbf29fd4000 r-xp 00000000 08:09 2621544                    /lib/x86_64-linux-gnu/libpthread-2.19.so
7fbf29fd4000-7fbf2a1d3000 ---p 00019000 08:09 2621544                    /lib/x86_64-linux-gnu/libpthread-2.19.so
7fbf2a1d3000-7fbf2a1d4000 r--p 00018000 08:09 2621544                    /lib/x86_64-linux-gnu/libpthread-2.19.so
7fbf2a1d4000-7fbf2a1d5000 rw-p 00019000 08:09 2621544                    /lib/x86_64-linux-gnu/libpthread-2.19.so
7fbf2a1d5000-7fbf2a1d9000 rw-p 00000000 00:00 0 
7fbf2a1d9000-7fbf2a1fc000 r-xp 00000000 08:09 2621459                    /lib/x86_64-linux-gnu/ld-2.19.so
7fbf2a1fd000-7fbf2a1fe000 rw-p 00000000 00:00 0 
7fbf2a1fe000-7fbf2a1ff000 rw-s 00000000 00:04 143795                     /drm mm object (deleted)
7fbf2a1ff000-7fbf2a200000 rw-s 00000000 00:04 143798                     /drm mm object (deleted)
7fbf2a200000-7fbf2a201000 rw-s 00000000 00:04 143793                     /drm mm object (deleted)
7fbf2a201000-7fbf2a202000 rwxp 00000000 00:00 0 
7fbf2a202000-7fbf2a221000 rw-p 00000000 00:00 0 
7fbf2a221000-7fbf2a2d7000 rw-p 00000000 00:00 0 
7fbf2a2d7000-7fbf2a2da000 ---p 00000000 00:00 0 
7fbf2a2da000-7fbf2a3dc000 rw-p 00000000 00:00 0                          [stack:17561]
7fbf2a3dc000-7fbf2a3dd000 rw-s 00000000 00:04 144408                     /drm mm object (deleted)
7fbf2a3dd000-7fbf2a3de000 rwxp 00000000 00:00 0 
7fbf2a3de000-7fbf2a3e0000 r--s 00004000 08:09 1968631                    /home/raul/.netbeans/8.0.2/gluegen-runtime/gluegen-rt.jar
7fbf2a3e0000-7fbf2a3ef000 r--s 0012e000 08:09 2102216                    /home/raul/lwjgl/jar/lwjgl.jar
7fbf2a3ef000-7fbf2a3f7000 rw-s 00000000 08:09 4080678                    /tmp/hsperfdata_raul/17556
7fbf2a3f7000-7fbf2a3f8000 rw-p 00000000 00:00 0 
7fbf2a3f8000-7fbf2a3f9000 r--p 00000000 00:00 0 
7fbf2a3f9000-7fbf2a3fb000 rw-p 00000000 00:00 0 
7fbf2a3fb000-7fbf2a3fc000 r--p 00022000 08:09 2621459                    /lib/x86_64-linux-gnu/ld-2.19.so
7fbf2a3fc000-7fbf2a3fd000 rw-p 00023000 08:09 2621459                    /lib/x86_64-linux-gnu/ld-2.19.so
7fbf2a3fd000-7fbf2a3fe000 rw-p 00000000 00:00 0 
7fffabc03000-7fffabc24000 rw-p 00000000 00:00 0                          [stack]
7fffabcb5000-7fffabcb7000 r-xp 00000000 00:00 0                          [vdso]
ffffffffff600000-ffffffffff601000 r-xp 00000000 00:00 0                  [vsyscall]

VM Arguments:
jvm_args: -Dfile.encoding=UTF-8 -Djava.library.path=/home/raul/lwjgl/native/linux/x64 
java_command: simulador.Main
Launcher Type: SUN_STANDARD

Environment Variables:
PATH=/usr/local/sbin:/usr/local/bin:/usr/sbin:/usr/bin:/sbin:/bin:/usr/games:/usr/local/games
LD_LIBRARY_PATH=/home/raul/jdk1.7.0_75/jre/lib/amd64:/home/raul/jdk1.7.0_75/jre/lib/i386:
SHELL=/bin/bash
DISPLAY=:0.0

Signal Handlers:
SIGSEGV: [libjvm.so+0x9a21f0], sa_mask[0]=0x7ffbfeff, sa_flags=0x10000004
SIGBUS: [libjvm.so+0x9a21f0], sa_mask[0]=0x7ffbfeff, sa_flags=0x10000004
SIGFPE: [libjvm.so+0x81ba40], sa_mask[0]=0x7ffbfeff, sa_flags=0x10000004
SIGPIPE: [libjvm.so+0x81ba40], sa_mask[0]=0x7ffbfeff, sa_flags=0x10000004
SIGXFSZ: [libjvm.so+0x81ba40], sa_mask[0]=0x7ffbfeff, sa_flags=0x10000004
SIGILL: [libjvm.so+0x81ba40], sa_mask[0]=0x7ffbfeff, sa_flags=0x10000004
SIGUSR1: SIG_DFL, sa_mask[0]=0x00000000, sa_flags=0x00000000
SIGUSR2: [libjvm.so+0x81d240], sa_mask[0]=0x00000004, sa_flags=0x10000004
SIGHUP: [libjvm.so+0x81e360], sa_mask[0]=0x7ffbfeff, sa_flags=0x10000004
SIGINT: SIG_IGN, sa_mask[0]=0x00000000, sa_flags=0x00000000
SIGTERM: [libjvm.so+0x81e360], sa_mask[0]=0x7ffbfeff, sa_flags=0x10000004
SIGQUIT: [libjvm.so+0x81e360], sa_mask[0]=0x7ffbfeff, sa_flags=0x10000004


---------------  S Y S T E M  ---------------

OS:jessie/sid

uname:Linux 3.13.0-45-generic #74-Ubuntu SMP Tue Jan 13 19:36:28 UTC 2015 x86_64
libc:glibc 2.19 NPTL 2.19 
rlimit: STACK 8192k, CORE 0k, NPROC 29139, NOFILE 4096, AS infinity
load average:0,27 0,26 0,43

/proc/meminfo:
MemTotal:        3931356 kB
MemFree:          220680 kB
Buffers:          190120 kB
Cached:          1548484 kB
SwapCached:            0 kB
Active:          2210492 kB
Inactive:        1277776 kB
Active(anon):    1647156 kB
Inactive(anon):   472248 kB
Active(file):     563336 kB
Inactive(file):   805528 kB
Unevictable:          48 kB
Mlocked:              48 kB
SwapTotal:       4077564 kB
SwapFree:        4077564 kB
Dirty:               196 kB
Writeback:             0 kB
AnonPages:       1749644 kB
Mapped:           301248 kB
Shmem:            369736 kB
Slab:             134532 kB
SReclaimable:     102628 kB
SUnreclaim:        31904 kB
KernelStack:        4368 kB
PageTables:        31536 kB
NFS_Unstable:          0 kB
Bounce:                0 kB
WritebackTmp:          0 kB
CommitLimit:     6043240 kB
Committed_AS:    5051844 kB
VmallocTotal:   34359738367 kB
VmallocUsed:      350792 kB
VmallocChunk:   34359366524 kB
HardwareCorrupted:     0 kB
AnonHugePages:    790528 kB
HugePages_Total:       0
HugePages_Free:        0
HugePages_Rsvd:        0
HugePages_Surp:        0
Hugepagesize:       2048 kB
DirectMap4k:      100416 kB
DirectMap2M:     3977216 kB


CPU:total 4 (2 cores per cpu, 2 threads per core) family 6 model 58 stepping 9, cmov, cx8, fxsr, mmx, sse, sse2, sse3, ssse3, sse4.1, sse4.2, popcnt, avx, aes, erms, ht, tsc, tscinvbit, tscinv

/proc/cpuinfo:
processor	: 0
vendor_id	: GenuineIntel
cpu family	: 6
model		: 58
model name	: Intel(R) Core(TM) i5-3230M CPU @ 2.60GHz
stepping	: 9
microcode	: 0x12
cpu MHz		: 1200.000
cache size	: 3072 KB
physical id	: 0
siblings	: 4
core id		: 0
cpu cores	: 2
apicid		: 0
initial apicid	: 0
fpu		: yes
fpu_exception	: yes
cpuid level	: 13
wp		: yes
flags		: fpu vme de pse tsc msr pae mce cx8 apic sep mtrr pge mca cmov pat pse36 clflush dts acpi mmx fxsr sse sse2 ss ht tm pbe syscall nx rdtscp lm constant_tsc arch_perfmon pebs bts rep_good nopl xtopology nonstop_tsc aperfmperf eagerfpu pni pclmulqdq dtes64 monitor ds_cpl vmx est tm2 ssse3 cx16 xtpr pdcm pcid sse4_1 sse4_2 x2apic popcnt tsc_deadline_timer aes xsave avx f16c rdrand lahf_lm ida arat epb xsaveopt pln pts dtherm tpr_shadow vnmi flexpriority ept vpid fsgsbase smep erms
bogomips	: 5188.06
clflush size	: 64
cache_alignment	: 64
address sizes	: 36 bits physical, 48 bits virtual
power management:

processor	: 1
vendor_id	: GenuineIntel
cpu family	: 6
model		: 58
model name	: Intel(R) Core(TM) i5-3230M CPU @ 2.60GHz
stepping	: 9
microcode	: 0x12
cpu MHz		: 1600.000
cache size	: 3072 KB
physical id	: 0
siblings	: 4
core id		: 1
cpu cores	: 2
apicid		: 2
initial apicid	: 2
fpu		: yes
fpu_exception	: yes
cpuid level	: 13
wp		: yes
flags		: fpu vme de pse tsc msr pae mce cx8 apic sep mtrr pge mca cmov pat pse36 clflush dts acpi mmx fxsr sse sse2 ss ht tm pbe syscall nx rdtscp lm constant_tsc arch_perfmon pebs bts rep_good nopl xtopology nonstop_tsc aperfmperf eagerfpu pni pclmulqdq dtes64 monitor ds_cpl vmx est tm2 ssse3 cx16 xtpr pdcm pcid sse4_1 sse4_2 x2apic popcnt tsc_deadline_timer aes xsave avx f16c rdrand lahf_lm ida arat epb xsaveopt pln pts dtherm tpr_shadow vnmi flexpriority ept vpid fsgsbase smep erms
bogomips	: 5188.06
clflush size	: 64
cache_alignment	: 64
address sizes	: 36 bits physical, 48 bits virtual
power management:

processor	: 2
vendor_id	: GenuineIntel
cpu family	: 6
model		: 58
model name	: Intel(R) Core(TM) i5-3230M CPU @ 2.60GHz
stepping	: 9
microcode	: 0x12
cpu MHz		: 1200.000
cache size	: 3072 KB
physical id	: 0
siblings	: 4
core id		: 0
cpu cores	: 2
apicid		: 1
initial apicid	: 1
fpu		: yes
fpu_exception	: yes
cpuid level	: 13
wp		: yes
flags		: fpu vme de pse tsc msr pae mce cx8 apic sep mtrr pge mca cmov pat pse36 clflush dts acpi mmx fxsr sse sse2 ss ht tm pbe syscall nx rdtscp lm constant_tsc arch_perfmon pebs bts rep_good nopl xtopology nonstop_tsc aperfmperf eagerfpu pni pclmulqdq dtes64 monitor ds_cpl vmx est tm2 ssse3 cx16 xtpr pdcm pcid sse4_1 sse4_2 x2apic popcnt tsc_deadline_timer aes xsave avx f16c rdrand lahf_lm ida arat epb xsaveopt pln pts dtherm tpr_shadow vnmi flexpriority ept vpid fsgsbase smep erms
bogomips	: 5188.06
clflush size	: 64
cache_alignment	: 64
address sizes	: 36 bits physical, 48 bits virtual
power management:

processor	: 3
vendor_id	: GenuineIntel
cpu family	: 6
model		: 58
model name	: Intel(R) Core(TM) i5-3230M CPU @ 2.60GHz
stepping	: 9
microcode	: 0x12
cpu MHz		: 2601.000
cache size	: 3072 KB
physical id	: 0
siblings	: 4
core id		: 1
cpu cores	: 2
apicid		: 3
initial apicid	: 3
fpu		: yes
fpu_exception	: yes
cpuid level	: 13
wp		: yes
flags		: fpu vme de pse tsc msr pae mce cx8 apic sep mtrr pge mca cmov pat pse36 clflush dts acpi mmx fxsr sse sse2 ss ht tm pbe syscall nx rdtscp lm constant_tsc arch_perfmon pebs bts rep_good nopl xtopology nonstop_tsc aperfmperf eagerfpu pni pclmulqdq dtes64 monitor ds_cpl vmx est tm2 ssse3 cx16 xtpr pdcm pcid sse4_1 sse4_2 x2apic popcnt tsc_deadline_timer aes xsave avx f16c rdrand lahf_lm ida arat epb xsaveopt pln pts dtherm tpr_shadow vnmi flexpriority ept vpid fsgsbase smep erms
bogomips	: 5188.06
clflush size	: 64
cache_alignment	: 64
address sizes	: 36 bits physical, 48 bits virtual
power management:



Memory: 4k page, physical 3931356k(220680k free), swap 4077564k(4077564k free)

vm_info: Java HotSpot(TM) 64-Bit Server VM (24.75-b04) for linux-amd64 JRE (1.7.0_75-b13), built on Dec 18 2014 16:45:18 by "java_re" with gcc 4.3.0 20080428 (Red Hat 4.3.0-8)

time: Thu Apr  9 16:23:36 2015
elapsed time: 0 seconds

