#
# A fatal error has been detected by the Java Runtime Environment:
#
#  SIGSEGV (0xb) at pc=0x00007f1f2507db80, pid=5912, tid=139771753932544
#
# JRE version: Java(TM) SE Runtime Environment (7.0_75-b13) (build 1.7.0_75-b13)
# Java VM: Java HotSpot(TM) 64-Bit Server VM (24.75-b04 mixed mode linux-amd64 compressed oops)
# Problematic frame:
# C  [libc.so.6+0x98b80]  envz_strip+0x610
#
# Failed to write core dump. Core dumps have been disabled. To enable core dumping, try "ulimit -c unlimited" before starting Java again
#
# If you would like to submit a bug report, please visit:
#   http://bugreport.sun.com/bugreport/crash.jsp
# The crash happened outside the Java Virtual Machine in native code.
# See problematic frame for where to report the bug.
#

---------------  T H R E A D  ---------------

Current thread (0x00007f1f1c00a000):  JavaThread "main" [_thread_in_native, id=5915, stack(0x00007f1f25ae2000,0x00007f1f25be3000)]

siginfo:si_signo=SIGSEGV: si_errno=0, si_code=1 (SEGV_MAPERR), si_addr=0x0000000000000000

Registers:
RAX=0xffff80e0e7f3835c, RBX=0x00007f1f1805c038, RCX=0x0000000000000060, RDX=0x0000000000000030
RSP=0x00007f1f25be12d8, RBP=0x0000000000000000, RSI=0x0000000000000000, RDI=0x00007f1f180c7c74
R8 =0x0000000000000007, R9 =0x00007f1f1c000078, R10=0x0000000000000000, R11=0x0000000000000246
R12=0x0000000000000030, R13=0x0000000000000030, R14=0x0000000000000000, R15=0x00007f1f180c9170
RIP=0x00007f1f2507db80, EFLAGS=0x0000000000010202, CSGSFS=0x0000000000000033, ERR=0x0000000000000004
  TRAPNO=0x000000000000000e

Top of Stack: (sp=0x00007f1f25be12d8)
0x00007f1f25be12d8:   00007f1ee2ebf0dd 0000000000000000
0x00007f1f25be12e8:   0000000000000000 0000000000000000
0x00007f1f25be12f8:   00007f1f180c9178 0000000000000010
0x00007f1f25be1308:   0000000000000010 00007f1f180c9170
0x00007f1f25be1318:   0000000000000002 0000000000000000
0x00007f1f25be1328:   00007f1ee2ee31ee 0000000000000001
0x00007f1f25be1338:   00007f1f1805c038 00007f1f1c97e530
0x00007f1f25be1348:   00007f1f00000030 000000000000000d
0x00007f1f25be1358:   00007f1f180c9178 00007f1f180c8ff0
0x00007f1f25be1368:   00007f1f1805c038 00007f1f25be13c0
0x00007f1f25be1378:   0000000000000000 0000000000000001
0x00007f1f25be1388:   00007f1ee2ee3ae4 0000000000800016
0x00007f1f25be1398:   00007f1f00000002 0000000200000000
0x00007f1f25be13a8:   0000000000000001 00007f1f180c9148
0x00007f1f25be13b8:   0000000200000001 00007f1f180c8ff0
0x00007f1f25be13c8:   00007f1f1c969688 00007f1ee33212e8
0x00007f1f25be13d8:   0000000000000001 00007f1f1c97de98
0x00007f1f25be13e8:   00007f1f1805c038 00007f1f1c7674b0
0x00007f1f25be13f8:   0000000000000000 0000000000000000
0x00007f1f25be1408:   0000000000000001 00000000304c0aff
0x00007f1f25be1418:   00007f1ee29f003d 00007f1f00000000
0x00007f1f25be1428:   00007f1f1805c038 00007f1f1c317f20
0x00007f1f25be1438:   00007f1ee2eaf4df 00007f1f1805c038
0x00007f1f25be1448:   00007f1f1c766aa0 00007f1f1c767200
0x00007f1f25be1458:   00007f1ee2f7070c 00007f1f1c766d50
0x00007f1f25be1468:   0000000000000001 00007f1f00000000
0x00007f1f25be1478:   0000000000000000 00007f1f1c766aa0
0x00007f1f25be1488:   00007f1f1805c038 0000000000000001
0x00007f1f25be1498:   00007f1f1c767200 0000000000000001
0x00007f1f25be14a8:   00007f1f1c766aa0 0000000000000000
0x00007f1f25be14b8:   00007f1ee2f24974 0000000000000001
0x00007f1f25be14c8:   00007f1f00000001 00000000000002bc 

Instructions: (pc=0x00007f1f2507db80)
0x00007f1f2507db60:   48 89 f0 48 8d 0c 12 48 29 f8 48 29 d0 48 39 c8
0x00007f1f2507db70:   0f 82 07 01 00 00 48 83 fa 10 0f 86 8b 01 00 00
0x00007f1f2507db80:   f3 44 0f 6f 06 48 83 fa 20 f3 44 0f 7f 07 f3 44
0x00007f1f2507db90:   0f 6f 44 16 f0 f3 44 0f 7f 44 17 f0 77 12 48 89 

Register to memory mapping:

RAX=0xffff80e0e7f3835c is an unknown value
RBX=0x00007f1f1805c038 is an unknown value
RCX=0x0000000000000060 is an unknown value
RDX=0x0000000000000030 is an unknown value
RSP=0x00007f1f25be12d8 is pointing into the stack for thread: 0x00007f1f1c00a000
RBP=0x0000000000000000 is an unknown value
RSI=0x0000000000000000 is an unknown value
RDI=0x00007f1f180c7c74 is an unknown value
R8 =0x0000000000000007 is an unknown value
R9 =0x00007f1f1c000078 is an unknown value
R10=0x0000000000000000 is an unknown value
R11=0x0000000000000246 is an unknown value
R12=0x0000000000000030 is an unknown value
R13=0x0000000000000030 is an unknown value
R14=0x0000000000000000 is an unknown value
R15=0x00007f1f180c9170 is an unknown value


Stack: [0x00007f1f25ae2000,0x00007f1f25be3000],  sp=0x00007f1f25be12d8,  free space=1020k
Native frames: (J=compiled Java code, j=interpreted, Vv=VM code, C=native code)
C  [libc.so.6+0x98b80]  envz_strip+0x610

[error occurred during error reporting (printing native stack), id 0xb]

Java frames: (J=compiled Java code, j=interpreted, Vv=VM code)
j  org.lwjgl.opengl.GL11.nglDrawArrays(IIIJ)V+0
j  org.lwjgl.opengl.GL11.glDrawArrays(III)V+22
j  simulador.Avion.draw()V+119
j  simulador.Simulador.draw()V+35
j  simulador.Simulador.come_alive()V+57
j  simulador.Simulador.run()V+1
j  simulador.Main.main([Ljava/lang/String;)V+13
v  ~StubRoutines::call_stub

---------------  P R O C E S S  ---------------

Java Threads: ( => current thread )
  0x00007f1f1c098800 JavaThread "Service Thread" daemon [_thread_blocked, id=5927, stack(0x00007f1f13217000,0x00007f1f13318000)]
  0x00007f1f1c096000 JavaThread "C2 CompilerThread1" daemon [_thread_blocked, id=5926, stack(0x00007f1f13318000,0x00007f1f13419000)]
  0x00007f1f1c093800 JavaThread "C2 CompilerThread0" daemon [_thread_blocked, id=5925, stack(0x00007f1f13419000,0x00007f1f1351a000)]
  0x00007f1f1c091000 JavaThread "Signal Dispatcher" daemon [_thread_blocked, id=5924, stack(0x00007f1f1351a000,0x00007f1f1361b000)]
  0x00007f1f1c070000 JavaThread "Finalizer" daemon [_thread_blocked, id=5923, stack(0x00007f1f13cfd000,0x00007f1f13dfe000)]
  0x00007f1f1c06e000 JavaThread "Reference Handler" daemon [_thread_blocked, id=5922, stack(0x00007f1f13dfe000,0x00007f1f13eff000)]
=>0x00007f1f1c00a000 JavaThread "main" [_thread_in_native, id=5915, stack(0x00007f1f25ae2000,0x00007f1f25be3000)]

Other Threads:
  0x00007f1f1c069800 VMThread [stack: 0x00007f1f13eff000,0x00007f1f14000000] [id=5921]
  0x00007f1f1c0a3000 WatcherThread [stack: 0x00007f1f13116000,0x00007f1f13217000] [id=5928]

VM state:not at safepoint (normal execution)

VM Mutex/Monitor currently owned by a thread: None

Heap
 PSYoungGen      total 17920K, used 8978K [0x00000000ec000000, 0x00000000ed400000, 0x0000000100000000)
  eden space 15360K, 58% used [0x00000000ec000000,0x00000000ec8c4950,0x00000000ecf00000)
  from space 2560K, 0% used [0x00000000ed180000,0x00000000ed180000,0x00000000ed400000)
  to   space 2560K, 0% used [0x00000000ecf00000,0x00000000ecf00000,0x00000000ed180000)
 ParOldGen       total 40960K, used 0K [0x00000000c4000000, 0x00000000c6800000, 0x00000000ec000000)
  object space 40960K, 0% used [0x00000000c4000000,0x00000000c4000000,0x00000000c6800000)
 PSPermGen       total 21504K, used 7098K [0x00000000bee00000, 0x00000000c0300000, 0x00000000c4000000)
  object space 21504K, 33% used [0x00000000bee00000,0x00000000bf4ee810,0x00000000c0300000)

Card table byte_map: [0x00007f1f22bc5000,0x00007f1f22dcf000] byte_map_base: 0x00007f1f225ce000

Polling page: 0x00007f1f25c03000

Code Cache  [0x00007f1f19000000, 0x00007f1f19270000, 0x00007f1f1c000000)
 total_blobs=488 nmethods=19 adapters=423 free_code_cache=48595Kb largest_free_block=49749952

Compilation events (10 events):
Event: 0,295 Thread 0x00007f1f1c096000 nmethod 14 0x00007f1f19075150 code [0x00007f1f19075280, 0x00007f1f190752f8]
Event: 0,296 Thread 0x00007f1f1c093800 nmethod 12 0x00007f1f19074ed0 code [0x00007f1f19075000, 0x00007f1f19075098]
Event: 0,320 Thread 0x00007f1f1c096000   15             org.lwjgl.system.MemoryUtil::memEncodeASCII (62 bytes)
Event: 0,323 Thread 0x00007f1f1c093800   16             java.lang.Object::<init> (1 bytes)
Event: 0,324 Thread 0x00007f1f1c093800 nmethod 16 0x00007f1f19084790 code [0x00007f1f190848c0, 0x00007f1f19084938]
Event: 0,329 Thread 0x00007f1f1c096000 nmethod 15 0x00007f1f19086550 code [0x00007f1f190866c0, 0x00007f1f19086b18]
Event: 0,349 Thread 0x00007f1f1c093800   17             java.lang.String::equals (81 bytes)
Event: 0,353 Thread 0x00007f1f1c093800 nmethod 17 0x00007f1f19084b10 code [0x00007f1f19084c60, 0x00007f1f19084eb8]
Event: 0,383 Thread 0x00007f1f1c096000   18             sun.net.www.ParseUtil::encodePath (336 bytes)
Event: 0,403 Thread 0x00007f1f1c096000 nmethod 18 0x00007f1f1908c3d0 code [0x00007f1f1908c620, 0x00007f1f1908d678]

GC Heap History (0 events):
No events

Deoptimization events (0 events):
No events

Internal exceptions (10 events):
Event: 0,407 Thread 0x00007f1f1c00a000 Threw 0x00000000ec863648 at /HUDSON/workspace/7u-2-build-linux-amd64/jdk7u75/1940/hotspot/src/share/vm/prims/jvm.cpp:1281
Event: 0,408 Thread 0x00007f1f1c00a000 Threw 0x00000000ec866278 at /HUDSON/workspace/7u-2-build-linux-amd64/jdk7u75/1940/hotspot/src/share/vm/prims/jvm.cpp:1281
Event: 0,408 Thread 0x00007f1f1c00a000 Threw 0x00000000ec869298 at /HUDSON/workspace/7u-2-build-linux-amd64/jdk7u75/1940/hotspot/src/share/vm/prims/jvm.cpp:1281
Event: 0,408 Thread 0x00007f1f1c00a000 Threw 0x00000000ec86bd98 at /HUDSON/workspace/7u-2-build-linux-amd64/jdk7u75/1940/hotspot/src/share/vm/prims/jvm.cpp:1281
Event: 0,409 Thread 0x00007f1f1c00a000 Threw 0x00000000ec870bf0 at /HUDSON/workspace/7u-2-build-linux-amd64/jdk7u75/1940/hotspot/src/share/vm/prims/jvm.cpp:1281
Event: 0,409 Thread 0x00007f1f1c00a000 Threw 0x00000000ec875740 at /HUDSON/workspace/7u-2-build-linux-amd64/jdk7u75/1940/hotspot/src/share/vm/prims/jvm.cpp:1281
Event: 0,412 Thread 0x00007f1f1c00a000 Threw 0x00000000ec8785e0 at /HUDSON/workspace/7u-2-build-linux-amd64/jdk7u75/1940/hotspot/src/share/vm/prims/jvm.cpp:1281
Event: 0,412 Thread 0x00007f1f1c00a000 Threw 0x00000000ec87a8f0 at /HUDSON/workspace/7u-2-build-linux-amd64/jdk7u75/1940/hotspot/src/share/vm/prims/jvm.cpp:1281
Event: 0,413 Thread 0x00007f1f1c00a000 Threw 0x00000000ec87d588 at /HUDSON/workspace/7u-2-build-linux-amd64/jdk7u75/1940/hotspot/src/share/vm/prims/jvm.cpp:1281
Event: 0,415 Thread 0x00007f1f1c00a000 Threw 0x00000000ec8806f8 at /HUDSON/workspace/7u-2-build-linux-amd64/jdk7u75/1940/hotspot/src/share/vm/prims/jvm.cpp:1281

Events (10 events):
Event: 0,414 loading class 0x00007f1f2035edf0
Event: 0,414 loading class 0x00007f1f2035edf0 done
Event: 0,414 loading class 0x00007f1f1c820e00
Event: 0,414 loading class 0x00007f1f1c820e00 done
Event: 0,415 loading class 0x00007f1f2033d760
Event: 0,415 loading class 0x00007f1f2033d760 done
Event: 0,415 loading class 0x00007f1f20361000
Event: 0,415 loading class 0x00007f1f20361000 done
Event: 0,415 loading class 0x00007f1f1c364930
Event: 0,415 loading class 0x00007f1f1c364930 done


Dynamic libraries:
00400000-00401000 r-xp 00000000 08:09 1838081                            /home/raul/jdk1.7.0_75/bin/java
00600000-00601000 rw-p 00000000 08:09 1838081                            /home/raul/jdk1.7.0_75/bin/java
00ac0000-00ae1000 rw-p 00000000 00:00 0                                  [heap]
bee00000-c0300000 rw-p 00000000 00:00 0 
c0300000-c4000000 rw-p 00000000 00:00 0 
c4000000-c6800000 rw-p 00000000 00:00 0 
c6800000-ec000000 rw-p 00000000 00:00 0 
ec000000-ed400000 rw-p 00000000 00:00 0 
ed400000-100000000 rw-p 00000000 00:00 0 
7f1ee069a000-7f1ee1838000 rw-p 00000000 00:00 0 
7f1ee1838000-7f1ee186f000 r-xp 00000000 08:09 3679606                    /usr/lib/x86_64-linux-gnu/libtxc_dxtn_s2tc.so.0.0.0
7f1ee186f000-7f1ee1a6e000 ---p 00037000 08:09 3679606                    /usr/lib/x86_64-linux-gnu/libtxc_dxtn_s2tc.so.0.0.0
7f1ee1a6e000-7f1ee1a6f000 r--p 00036000 08:09 3679606                    /usr/lib/x86_64-linux-gnu/libtxc_dxtn_s2tc.so.0.0.0
7f1ee1a6f000-7f1ee1a70000 rw-p 00037000 08:09 3679606                    /usr/lib/x86_64-linux-gnu/libtxc_dxtn_s2tc.so.0.0.0
7f1ee1a70000-7f1ee1a88000 r-xp 00000000 08:09 2625662                    /lib/x86_64-linux-gnu/libz.so.1.2.8
7f1ee1a88000-7f1ee1c87000 ---p 00018000 08:09 2625662                    /lib/x86_64-linux-gnu/libz.so.1.2.8
7f1ee1c87000-7f1ee1c88000 r--p 00017000 08:09 2625662                    /lib/x86_64-linux-gnu/libz.so.1.2.8
7f1ee1c88000-7f1ee1c89000 rw-p 00018000 08:09 2625662                    /lib/x86_64-linux-gnu/libz.so.1.2.8
7f1ee1c89000-7f1ee1c91000 r-xp 00000000 08:09 3679409                    /usr/lib/x86_64-linux-gnu/libpciaccess.so.0.11.1
7f1ee1c91000-7f1ee1e90000 ---p 00008000 08:09 3679409                    /usr/lib/x86_64-linux-gnu/libpciaccess.so.0.11.1
7f1ee1e90000-7f1ee1e91000 r--p 00007000 08:09 3679409                    /usr/lib/x86_64-linux-gnu/libpciaccess.so.0.11.1
7f1ee1e91000-7f1ee1e92000 rw-p 00008000 08:09 3679409                    /usr/lib/x86_64-linux-gnu/libpciaccess.so.0.11.1
7f1ee1e92000-7f1ee1ea8000 r-xp 00000000 08:09 2625476                    /lib/x86_64-linux-gnu/libgcc_s.so.1
7f1ee1ea8000-7f1ee20a7000 ---p 00016000 08:09 2625476                    /lib/x86_64-linux-gnu/libgcc_s.so.1
7f1ee20a7000-7f1ee20a8000 rw-p 00015000 08:09 2625476                    /lib/x86_64-linux-gnu/libgcc_s.so.1
7f1ee20a8000-7f1ee218e000 r-xp 00000000 08:09 3679564                    /usr/lib/x86_64-linux-gnu/libstdc++.so.6.0.19
7f1ee218e000-7f1ee238d000 ---p 000e6000 08:09 3679564                    /usr/lib/x86_64-linux-gnu/libstdc++.so.6.0.19
7f1ee238d000-7f1ee2395000 r--p 000e5000 08:09 3679564                    /usr/lib/x86_64-linux-gnu/libstdc++.so.6.0.19
7f1ee2395000-7f1ee2397000 rw-p 000ed000 08:09 3679564                    /usr/lib/x86_64-linux-gnu/libstdc++.so.6.0.19
7f1ee2397000-7f1ee23ac000 rw-p 00000000 00:00 0 
7f1ee23ac000-7f1ee23d3000 r-xp 00000000 08:09 2625521                    /lib/x86_64-linux-gnu/libexpat.so.1.6.0
7f1ee23d3000-7f1ee25d3000 ---p 00027000 08:09 2625521                    /lib/x86_64-linux-gnu/libexpat.so.1.6.0
7f1ee25d3000-7f1ee25d5000 r--p 00027000 08:09 2625521                    /lib/x86_64-linux-gnu/libexpat.so.1.6.0
7f1ee25d5000-7f1ee25d6000 rw-p 00029000 08:09 2625521                    /lib/x86_64-linux-gnu/libexpat.so.1.6.0
7f1ee25d6000-7f1ee25e2000 r-xp 00000000 08:09 3673068                    /usr/lib/x86_64-linux-gnu/libdrm_radeon.so.1.0.1
7f1ee25e2000-7f1ee27e1000 ---p 0000c000 08:09 3673068                    /usr/lib/x86_64-linux-gnu/libdrm_radeon.so.1.0.1
7f1ee27e1000-7f1ee27e2000 r--p 0000b000 08:09 3673068                    /usr/lib/x86_64-linux-gnu/libdrm_radeon.so.1.0.1
7f1ee27e2000-7f1ee27e3000 rw-p 0000c000 08:09 3673068                    /usr/lib/x86_64-linux-gnu/libdrm_radeon.so.1.0.1
7f1ee27e3000-7f1ee27e9000 r-xp 00000000 08:09 3672797                    /usr/lib/x86_64-linux-gnu/libdrm_nouveau.so.2.0.0
7f1ee27e9000-7f1ee29e8000 ---p 00006000 08:09 3672797                    /usr/lib/x86_64-linux-gnu/libdrm_nouveau.so.2.0.0
7f1ee29e8000-7f1ee29e9000 r--p 00005000 08:09 3672797                    /usr/lib/x86_64-linux-gnu/libdrm_nouveau.so.2.0.0
7f1ee29e9000-7f1ee29ea000 rw-p 00006000 08:09 3672797                    /usr/lib/x86_64-linux-gnu/libdrm_nouveau.so.2.0.0
7f1ee29ea000-7f1ee2a09000 r-xp 00000000 08:09 3672795                    /usr/lib/x86_64-linux-gnu/libdrm_intel.so.1.0.0
7f1ee2a09000-7f1ee2c08000 ---p 0001f000 08:09 3672795                    /usr/lib/x86_64-linux-gnu/libdrm_intel.so.1.0.0
7f1ee2c08000-7f1ee2c09000 r--p 0001e000 08:09 3672795                    /usr/lib/x86_64-linux-gnu/libdrm_intel.so.1.0.0
7f1ee2c09000-7f1ee2c0a000 rw-p 0001f000 08:09 3672795                    /usr/lib/x86_64-linux-gnu/libdrm_intel.so.1.0.0
7f1ee2c0a000-7f1ee30f9000 r-xp 00000000 08:09 3934416                    /usr/lib/x86_64-linux-gnu/dri/i965_dri.so
7f1ee30f9000-7f1ee32f8000 ---p 004ef000 08:09 3934416                    /usr/lib/x86_64-linux-gnu/dri/i965_dri.so
7f1ee32f8000-7f1ee330f000 r--p 004ee000 08:09 3934416                    /usr/lib/x86_64-linux-gnu/dri/i965_dri.so
7f1ee330f000-7f1ee331b000 rw-p 00505000 08:09 3934416                    /usr/lib/x86_64-linux-gnu/dri/i965_dri.so
7f1ee331b000-7f1ee3367000 rw-p 00000000 00:00 0 
7f1ee3367000-7f1ee33ab000 r-xp 00000000 08:09 2625517                    /lib/x86_64-linux-gnu/libdbus-1.so.3.7.6
7f1ee33ab000-7f1ee35aa000 ---p 00044000 08:09 2625517                    /lib/x86_64-linux-gnu/libdbus-1.so.3.7.6
7f1ee35aa000-7f1ee35ab000 r--p 00043000 08:09 2625517                    /lib/x86_64-linux-gnu/libdbus-1.so.3.7.6
7f1ee35ab000-7f1ee35ac000 rw-p 00044000 08:09 2625517                    /lib/x86_64-linux-gnu/libdbus-1.so.3.7.6
7f1ee35ac000-7f1ee35b4000 r-xp 00000000 08:09 2625561                    /lib/x86_64-linux-gnu/libnih-dbus.so.1.0.0
7f1ee35b4000-7f1ee37b4000 ---p 00008000 08:09 2625561                    /lib/x86_64-linux-gnu/libnih-dbus.so.1.0.0
7f1ee37b4000-7f1ee37b5000 r--p 00008000 08:09 2625561                    /lib/x86_64-linux-gnu/libnih-dbus.so.1.0.0
7f1ee37b5000-7f1ee37b6000 rw-p 00009000 08:09 2625561                    /lib/x86_64-linux-gnu/libnih-dbus.so.1.0.0
7f1ee37b6000-7f1ee37cd000 r-xp 00000000 08:09 2625563                    /lib/x86_64-linux-gnu/libnih.so.1.0.0
7f1ee37cd000-7f1ee39cc000 ---p 00017000 08:09 2625563                    /lib/x86_64-linux-gnu/libnih.so.1.0.0
7f1ee39cc000-7f1ee39cd000 r--p 00016000 08:09 2625563                    /lib/x86_64-linux-gnu/libnih.so.1.0.0
7f1ee39cd000-7f1ee39ce000 rw-p 00017000 08:09 2625563                    /lib/x86_64-linux-gnu/libnih.so.1.0.0
7f1ee39ce000-7f1ee39e7000 r-xp 00000000 08:09 2625512                    /lib/x86_64-linux-gnu/libcgmanager.so.0.0.0
7f1ee39e7000-7f1ee3be6000 ---p 00019000 08:09 2625512                    /lib/x86_64-linux-gnu/libcgmanager.so.0.0.0
7f1ee3be6000-7f1ee3be8000 r--p 00018000 08:09 2625512                    /lib/x86_64-linux-gnu/libcgmanager.so.0.0.0
7f1ee3be8000-7f1ee3be9000 rw-p 0001a000 08:09 2625512                    /lib/x86_64-linux-gnu/libcgmanager.so.0.0.0
7f1ee3be9000-7f1ee3bf9000 r-xp 00000000 08:09 2625436                    /lib/x86_64-linux-gnu/libudev.so.1.3.5
7f1ee3bf9000-7f1ee3df8000 ---p 00010000 08:09 2625436                    /lib/x86_64-linux-gnu/libudev.so.1.3.5
7f1ee3df8000-7f1ee3df9000 r--p 0000f000 08:09 2625436                    /lib/x86_64-linux-gnu/libudev.so.1.3.5
7f1ee3df9000-7f1ee3dfa000 rw-p 00010000 08:09 2625436                    /lib/x86_64-linux-gnu/libudev.so.1.3.5
7f1ee3dfa000-7f1ee3dff000 r-xp 00000000 08:09 3678669                    /usr/lib/x86_64-linux-gnu/libXdmcp.so.6.0.0
7f1ee3dff000-7f1ee3ffe000 ---p 00005000 08:09 3678669                    /usr/lib/x86_64-linux-gnu/libXdmcp.so.6.0.0
7f1ee3ffe000-7f1ee3fff000 r--p 00004000 08:09 3678669                    /usr/lib/x86_64-linux-gnu/libXdmcp.so.6.0.0
7f1ee3fff000-7f1ee4000000 rw-p 00005000 08:09 3678669                    /usr/lib/x86_64-linux-gnu/libXdmcp.so.6.0.0
7f1ee4000000-7f1ee4021000 rw-p 00000000 00:00 0 
7f1ee4021000-7f1ee8000000 ---p 00000000 00:00 0 
7f1ee8000000-7f1ee8021000 rw-p 00000000 00:00 0 
7f1ee8021000-7f1eec000000 ---p 00000000 00:00 0 
7f1eec000000-7f1eec0e3000 rw-p 00000000 00:00 0 
7f1eec0e3000-7f1ef0000000 ---p 00000000 00:00 0 
7f1ef0000000-7f1ef00c4000 rw-p 00000000 00:00 0 
7f1ef00c4000-7f1ef4000000 ---p 00000000 00:00 0 
7f1ef4000000-7f1ef4021000 rw-p 00000000 00:00 0 
7f1ef4021000-7f1ef8000000 ---p 00000000 00:00 0 
7f1ef8000000-7f1ef8021000 rw-p 00000000 00:00 0 
7f1ef8021000-7f1efc000000 ---p 00000000 00:00 0 
7f1efc000000-7f1efc021000 rw-p 00000000 00:00 0 
7f1efc021000-7f1f00000000 ---p 00000000 00:00 0 
7f1f00000000-7f1f00021000 rw-p 00000000 00:00 0 
7f1f00021000-7f1f04000000 ---p 00000000 00:00 0 
7f1f04000000-7f1f04021000 rw-p 00000000 00:00 0 
7f1f04021000-7f1f08000000 ---p 00000000 00:00 0 
7f1f08000000-7f1f08021000 rw-p 00000000 00:00 0 
7f1f08021000-7f1f0c000000 ---p 00000000 00:00 0 
7f1f0c000000-7f1f0c021000 rw-p 00000000 00:00 0 
7f1f0c021000-7f1f10000000 ---p 00000000 00:00 0 
7f1f10036000-7f1f10038000 r-xp 00000000 08:09 3678658                    /usr/lib/x86_64-linux-gnu/libXau.so.6.0.0
7f1f10038000-7f1f10238000 ---p 00002000 08:09 3678658                    /usr/lib/x86_64-linux-gnu/libXau.so.6.0.0
7f1f10238000-7f1f10239000 r--p 00002000 08:09 3678658                    /usr/lib/x86_64-linux-gnu/libXau.so.6.0.0
7f1f10239000-7f1f1023a000 rw-p 00003000 08:09 3678658                    /usr/lib/x86_64-linux-gnu/libXau.so.6.0.0
7f1f1023a000-7f1f10243000 r-xp 00000000 08:09 3678693                    /usr/lib/x86_64-linux-gnu/libXrender.so.1.3.0
7f1f10243000-7f1f10442000 ---p 00009000 08:09 3678693                    /usr/lib/x86_64-linux-gnu/libXrender.so.1.3.0
7f1f10442000-7f1f10443000 r--p 00008000 08:09 3678693                    /usr/lib/x86_64-linux-gnu/libXrender.so.1.3.0
7f1f10443000-7f1f10444000 rw-p 00009000 08:09 3678693                    /usr/lib/x86_64-linux-gnu/libXrender.so.1.3.0
7f1f10444000-7f1f1044f000 r-xp 00000000 08:09 3672667                    /usr/lib/x86_64-linux-gnu/libdrm.so.2.4.0
7f1f1044f000-7f1f1064e000 ---p 0000b000 08:09 3672667                    /usr/lib/x86_64-linux-gnu/libdrm.so.2.4.0
7f1f1064e000-7f1f1064f000 r--p 0000a000 08:09 3672667                    /usr/lib/x86_64-linux-gnu/libdrm.so.2.4.0
7f1f1064f000-7f1f10650000 rw-p 0000b000 08:09 3672667                    /usr/lib/x86_64-linux-gnu/libdrm.so.2.4.0
7f1f10650000-7f1f10651000 r-xp 00000000 08:09 3679738                    /usr/lib/x86_64-linux-gnu/libxshmfence.so.1.0.0
7f1f10651000-7f1f10850000 ---p 00001000 08:09 3679738                    /usr/lib/x86_64-linux-gnu/libxshmfence.so.1.0.0
7f1f10850000-7f1f10851000 r--p 00000000 08:09 3679738                    /usr/lib/x86_64-linux-gnu/libxshmfence.so.1.0.0
7f1f10851000-7f1f10852000 rw-p 00001000 08:09 3679738                    /usr/lib/x86_64-linux-gnu/libxshmfence.so.1.0.0
7f1f10852000-7f1f10857000 r-xp 00000000 08:09 3679720                    /usr/lib/x86_64-linux-gnu/libxcb-sync.so.1.0.0
7f1f10857000-7f1f10a56000 ---p 00005000 08:09 3679720                    /usr/lib/x86_64-linux-gnu/libxcb-sync.so.1.0.0
7f1f10a56000-7f1f10a57000 r--p 00004000 08:09 3679720                    /usr/lib/x86_64-linux-gnu/libxcb-sync.so.1.0.0
7f1f10a57000-7f1f10a58000 rw-p 00005000 08:09 3679720                    /usr/lib/x86_64-linux-gnu/libxcb-sync.so.1.0.0
7f1f10a58000-7f1f10a5a000 r-xp 00000000 08:09 3679708                    /usr/lib/x86_64-linux-gnu/libxcb-present.so.0.0.0
7f1f10a5a000-7f1f10c59000 ---p 00002000 08:09 3679708                    /usr/lib/x86_64-linux-gnu/libxcb-present.so.0.0.0
7f1f10c59000-7f1f10c5a000 r--p 00001000 08:09 3679708                    /usr/lib/x86_64-linux-gnu/libxcb-present.so.0.0.0
7f1f10c5a000-7f1f10c5b000 rw-p 00002000 08:09 3679708                    /usr/lib/x86_64-linux-gnu/libxcb-present.so.0.0.0
7f1f10c5b000-7f1f10c5d000 r-xp 00000000 08:09 3679698                    /usr/lib/x86_64-linux-gnu/libxcb-dri3.so.0.0.0
7f1f10c5d000-7f1f10e5c000 ---p 00002000 08:09 3679698                    /usr/lib/x86_64-linux-gnu/libxcb-dri3.so.0.0.0
7f1f10e5c000-7f1f10e5d000 r--p 00001000 08:09 3679698                    /usr/lib/x86_64-linux-gnu/libxcb-dri3.so.0.0.0
7f1f10e5d000-7f1f10e5e000 rw-p 00002000 08:09 3679698                    /usr/lib/x86_64-linux-gnu/libxcb-dri3.so.0.0.0
7f1f10e5e000-7f1f10e61000 r-xp 00000000 08:09 3679696                    /usr/lib/x86_64-linux-gnu/libxcb-dri2.so.0.0.0
7f1f10e61000-7f1f11061000 ---p 00003000 08:09 3679696                    /usr/lib/x86_64-linux-gnu/libxcb-dri2.so.0.0.0
7f1f11061000-7f1f11062000 r--p 00003000 08:09 3679696                    /usr/lib/x86_64-linux-gnu/libxcb-dri2.so.0.0.0
7f1f11062000-7f1f11063000 rw-p 00004000 08:09 3679696                    /usr/lib/x86_64-linux-gnu/libxcb-dri2.so.0.0.0
7f1f11063000-7f1f11078000 r-xp 00000000 08:09 3679700                    /usr/lib/x86_64-linux-gnu/libxcb-glx.so.0.0.0
7f1f11078000-7f1f11277000 ---p 00015000 08:09 3679700                    /usr/lib/x86_64-linux-gnu/libxcb-glx.so.0.0.0
7f1f11277000-7f1f11279000 r--p 00014000 08:09 3679700                    /usr/lib/x86_64-linux-gnu/libxcb-glx.so.0.0.0
7f1f11279000-7f1f1127a000 rw-p 00016000 08:09 3679700                    /usr/lib/x86_64-linux-gnu/libxcb-glx.so.0.0.0
7f1f1127a000-7f1f1127b000 r-xp 00000000 08:09 3678652                    /usr/lib/x86_64-linux-gnu/libX11-xcb.so.1.0.0
7f1f1127b000-7f1f1147a000 ---p 00001000 08:09 3678652                    /usr/lib/x86_64-linux-gnu/libX11-xcb.so.1.0.0
7f1f1147a000-7f1f1147b000 r--p 00000000 08:09 3678652                    /usr/lib/x86_64-linux-gnu/libX11-xcb.so.1.0.0
7f1f1147b000-7f1f1147c000 rw-p 00001000 08:09 3678652                    /usr/lib/x86_64-linux-gnu/libX11-xcb.so.1.0.0
7f1f1147c000-7f1f11481000 r-xp 00000000 08:09 3678673                    /usr/lib/x86_64-linux-gnu/libXfixes.so.3.1.0
7f1f11481000-7f1f11680000 ---p 00005000 08:09 3678673                    /usr/lib/x86_64-linux-gnu/libXfixes.so.3.1.0
7f1f11680000-7f1f11681000 r--p 00004000 08:09 3678673                    /usr/lib/x86_64-linux-gnu/libXfixes.so.3.1.0
7f1f11681000-7f1f11682000 rw-p 00005000 08:09 3678673                    /usr/lib/x86_64-linux-gnu/libXfixes.so.3.1.0
7f1f11682000-7f1f11684000 r-xp 00000000 08:09 3678667                    /usr/lib/x86_64-linux-gnu/libXdamage.so.1.1.0
7f1f11684000-7f1f11883000 ---p 00002000 08:09 3678667                    /usr/lib/x86_64-linux-gnu/libXdamage.so.1.1.0
7f1f11883000-7f1f11884000 r--p 00001000 08:09 3678667                    /usr/lib/x86_64-linux-gnu/libXdamage.so.1.1.0
7f1f11884000-7f1f11885000 rw-p 00002000 08:09 3678667                    /usr/lib/x86_64-linux-gnu/libXdamage.so.1.1.0
7f1f11885000-7f1f11896000 r-xp 00000000 08:09 3678671                    /usr/lib/x86_64-linux-gnu/libXext.so.6.4.0
7f1f11896000-7f1f11a95000 ---p 00011000 08:09 3678671                    /usr/lib/x86_64-linux-gnu/libXext.so.6.4.0
7f1f11a95000-7f1f11a96000 r--p 00010000 08:09 3678671                    /usr/lib/x86_64-linux-gnu/libXext.so.6.4.0
7f1f11a96000-7f1f11a97000 rw-p 00011000 08:09 3678671                    /usr/lib/x86_64-linux-gnu/libXext.so.6.4.0
7f1f11a97000-7f1f11ab9000 r-xp 00000000 08:09 3672157                    /usr/lib/x86_64-linux-gnu/libglapi.so.0.0.0
7f1f11ab9000-7f1f11cb9000 ---p 00022000 08:09 3672157                    /usr/lib/x86_64-linux-gnu/libglapi.so.0.0.0
7f1f11cb9000-7f1f11cbc000 r--p 00022000 08:09 3672157                    /usr/lib/x86_64-linux-gnu/libglapi.so.0.0.0
7f1f11cbc000-7f1f11cbd000 rw-p 00025000 08:09 3672157                    /usr/lib/x86_64-linux-gnu/libglapi.so.0.0.0
7f1f11cbd000-7f1f11cbe000 rw-p 00000000 00:00 0 
7f1f11cbe000-7f1f11cdb000 r-xp 00000000 08:09 3679728                    /usr/lib/x86_64-linux-gnu/libxcb.so.1.1.0
7f1f11cdb000-7f1f11edb000 ---p 0001d000 08:09 3679728                    /usr/lib/x86_64-linux-gnu/libxcb.so.1.1.0
7f1f11edb000-7f1f11edc000 r--p 0001d000 08:09 3679728                    /usr/lib/x86_64-linux-gnu/libxcb.so.1.1.0
7f1f11edc000-7f1f11edd000 rw-p 0001e000 08:09 3679728                    /usr/lib/x86_64-linux-gnu/libxcb.so.1.1.0
7f1f11edd000-7f1f11ee6000 r-xp 00000000 08:09 3678665                    /usr/lib/x86_64-linux-gnu/libXcursor.so.1.0.2
7f1f11ee6000-7f1f120e5000 ---p 00009000 08:09 3678665                    /usr/lib/x86_64-linux-gnu/libXcursor.so.1.0.2
7f1f120e5000-7f1f120e6000 r--p 00008000 08:09 3678665                    /usr/lib/x86_64-linux-gnu/libXcursor.so.1.0.2
7f1f120e6000-7f1f120e7000 rw-p 00009000 08:09 3678665                    /usr/lib/x86_64-linux-gnu/libXcursor.so.1.0.2
7f1f120e7000-7f1f120e9000 r-xp 00000000 08:09 3678681                    /usr/lib/x86_64-linux-gnu/libXinerama.so.1.0.0
7f1f120e9000-7f1f122e8000 ---p 00002000 08:09 3678681                    /usr/lib/x86_64-linux-gnu/libXinerama.so.1.0.0
7f1f122e8000-7f1f122e9000 r--p 00001000 08:09 3678681                    /usr/lib/x86_64-linux-gnu/libXinerama.so.1.0.0
7f1f122e9000-7f1f122ea000 rw-p 00002000 08:09 3678681                    /usr/lib/x86_64-linux-gnu/libXinerama.so.1.0.0
7f1f122ea000-7f1f122ee000 r-xp 00000000 08:09 3678709                    /usr/lib/x86_64-linux-gnu/libXxf86vm.so.1.0.0
7f1f122ee000-7f1f124ee000 ---p 00004000 08:09 3678709                    /usr/lib/x86_64-linux-gnu/libXxf86vm.so.1.0.0
7f1f124ee000-7f1f124ef000 r--p 00004000 08:09 3678709                    /usr/lib/x86_64-linux-gnu/libXxf86vm.so.1.0.0
7f1f124ef000-7f1f124f0000 rw-p 00005000 08:09 3678709                    /usr/lib/x86_64-linux-gnu/libXxf86vm.so.1.0.0
7f1f124f0000-7f1f124f9000 r-xp 00000000 08:09 3678691                    /usr/lib/x86_64-linux-gnu/libXrandr.so.2.2.0
7f1f124f9000-7f1f126f8000 ---p 00009000 08:09 3678691                    /usr/lib/x86_64-linux-gnu/libXrandr.so.2.2.0
7f1f126f8000-7f1f126f9000 r--p 00008000 08:09 3678691                    /usr/lib/x86_64-linux-gnu/libXrandr.so.2.2.0
7f1f126f9000-7f1f126fa000 rw-p 00009000 08:09 3678691                    /usr/lib/x86_64-linux-gnu/libXrandr.so.2.2.0
7f1f126fa000-7f1f12709000 r-xp 00000000 08:09 3678679                    /usr/lib/x86_64-linux-gnu/libXi.so.6.1.0
7f1f12709000-7f1f12908000 ---p 0000f000 08:09 3678679                    /usr/lib/x86_64-linux-gnu/libXi.so.6.1.0
7f1f12908000-7f1f12909000 r--p 0000e000 08:09 3678679                    /usr/lib/x86_64-linux-gnu/libXi.so.6.1.0
7f1f12909000-7f1f1290a000 rw-p 0000f000 08:09 3678679                    /usr/lib/x86_64-linux-gnu/libXi.so.6.1.0
7f1f1290a000-7f1f1296c000 r-xp 00000000 08:09 3934455                    /usr/lib/x86_64-linux-gnu/mesa/libGL.so.1.2.0
7f1f1296c000-7f1f12b6b000 ---p 00062000 08:09 3934455                    /usr/lib/x86_64-linux-gnu/mesa/libGL.so.1.2.0
7f1f12b6b000-7f1f12b6e000 r--p 00061000 08:09 3934455                    /usr/lib/x86_64-linux-gnu/mesa/libGL.so.1.2.0
7f1f12b6e000-7f1f12b6f000 rw-p 00064000 08:09 3934455                    /usr/lib/x86_64-linux-gnu/mesa/libGL.so.1.2.0
7f1f12b6f000-7f1f12b70000 rw-p 00000000 00:00 0 
7f1f12b70000-7f1f12ca0000 r-xp 00000000 08:09 3678654                    /usr/lib/x86_64-linux-gnu/libX11.so.6.3.0
7f1f12ca0000-7f1f12ea0000 ---p 00130000 08:09 3678654                    /usr/lib/x86_64-linux-gnu/libX11.so.6.3.0
7f1f12ea0000-7f1f12ea1000 r--p 00130000 08:09 3678654                    /usr/lib/x86_64-linux-gnu/libX11.so.6.3.0
7f1f12ea1000-7f1f12ea5000 rw-p 00131000 08:09 3678654                    /usr/lib/x86_64-linux-gnu/libX11.so.6.3.0
7f1f12ea5000-7f1f12f14000 r-xp 00000000 08:09 2102220                    /home/raul/lwjgl/native/linux/x64/liblwjgl.so
7f1f12f14000-7f1f13113000 ---p 0006f000 08:09 2102220                    /home/raul/lwjgl/native/linux/x64/liblwjgl.so
7f1f13113000-7f1f13114000 r--p 0006e000 08:09 2102220                    /home/raul/lwjgl/native/linux/x64/liblwjgl.so
7f1f13114000-7f1f13115000 rw-p 0006f000 08:09 2102220                    /home/raul/lwjgl/native/linux/x64/liblwjgl.so
7f1f13115000-7f1f13116000 rw-p 00000000 00:00 0 
7f1f13116000-7f1f13117000 ---p 00000000 00:00 0 
7f1f13117000-7f1f13217000 rw-p 00000000 00:00 0                          [stack:5928]
7f1f13217000-7f1f1321a000 ---p 00000000 00:00 0 
7f1f1321a000-7f1f13318000 rw-p 00000000 00:00 0                          [stack:5927]
7f1f13318000-7f1f1331b000 ---p 00000000 00:00 0 
7f1f1331b000-7f1f13419000 rw-p 00000000 00:00 0                          [stack:5926]
7f1f13419000-7f1f1341c000 ---p 00000000 00:00 0 
7f1f1341c000-7f1f1351a000 rw-p 00000000 00:00 0                          [stack:5925]
7f1f1351a000-7f1f1351d000 ---p 00000000 00:00 0 
7f1f1351d000-7f1f1361b000 rw-p 00000000 00:00 0                          [stack:5924]
7f1f1361b000-7f1f13cfd000 r--p 00000000 08:09 3677561                    /usr/lib/locale/locale-archive
7f1f13cfd000-7f1f13d00000 ---p 00000000 00:00 0 
7f1f13d00000-7f1f13dfe000 rw-p 00000000 00:00 0                          [stack:5923]
7f1f13dfe000-7f1f13e01000 ---p 00000000 00:00 0 
7f1f13e01000-7f1f13eff000 rw-p 00000000 00:00 0                          [stack:5922]
7f1f13eff000-7f1f13f00000 ---p 00000000 00:00 0 
7f1f13f00000-7f1f14000000 rw-p 00000000 00:00 0                          [stack:5921]
7f1f14000000-7f1f14021000 rw-p 00000000 00:00 0 
7f1f14021000-7f1f18000000 ---p 00000000 00:00 0 
7f1f18054000-7f1f1805c000 rw-s 00000000 00:04 61530                      /drm mm object (deleted)
7f1f1805c000-7f1f180cb000 rw-p 00000000 00:00 0 
7f1f180cb000-7f1f180f1000 r--p 00000000 08:09 4329090                    /usr/share/locale-langpack/es/LC_MESSAGES/libc.mo
7f1f180f1000-7f1f19000000 rw-p 00000000 00:00 0 
7f1f19000000-7f1f19270000 rwxp 00000000 00:00 0 
7f1f19270000-7f1f1c98d000 rw-p 00000000 00:00 0 
7f1f1c98d000-7f1f20000000 ---p 00000000 00:00 0 
7f1f20000000-7f1f20008000 rw-s 00000000 00:04 61529                      /drm mm object (deleted)
7f1f20008000-7f1f20010000 rw-s 00000000 00:04 61525                      /drm mm object (deleted)
7f1f20010000-7f1f20017000 r--s 00000000 08:09 3939448                    /usr/lib/x86_64-linux-gnu/gconv/gconv-modules.cache
7f1f20017000-7f1f20107000 rw-p 00000000 00:00 0 
7f1f20107000-7f1f202c6000 r--s 039eb000 08:09 1837861                    /home/raul/jdk1.7.0_75/jre/lib/rt.jar
7f1f202c6000-7f1f22658000 rw-p 00000000 00:00 0 
7f1f22658000-7f1f22659000 ---p 00000000 00:00 0 
7f1f22659000-7f1f22759000 rw-p 00000000 00:00 0                          [stack:5920]
7f1f22759000-7f1f2275a000 ---p 00000000 00:00 0 
7f1f2275a000-7f1f2285a000 rw-p 00000000 00:00 0                          [stack:5919]
7f1f2285a000-7f1f2285b000 ---p 00000000 00:00 0 
7f1f2285b000-7f1f2295b000 rw-p 00000000 00:00 0                          [stack:5918]
7f1f2295b000-7f1f2295c000 ---p 00000000 00:00 0 
7f1f2295c000-7f1f22a67000 rw-p 00000000 00:00 0                          [stack:5917]
7f1f22a67000-7f1f22a85000 rw-p 00000000 00:00 0 
7f1f22a85000-7f1f22a99000 rw-p 00000000 00:00 0 
7f1f22a99000-7f1f22bc5000 rw-p 00000000 00:00 0 
7f1f22bc5000-7f1f22bd0000 rw-p 00000000 00:00 0 
7f1f22bd0000-7f1f22bee000 rw-p 00000000 00:00 0 
7f1f22bee000-7f1f22c02000 rw-p 00000000 00:00 0 
7f1f22c02000-7f1f22d2e000 rw-p 00000000 00:00 0 
7f1f22d2e000-7f1f22d38000 rw-p 00000000 00:00 0 
7f1f22d38000-7f1f22dce000 rw-p 00000000 00:00 0 
7f1f22dce000-7f1f22dcf000 rw-p 00000000 00:00 0 
7f1f22dcf000-7f1f22de9000 r-xp 00000000 08:09 1837823                    /home/raul/jdk1.7.0_75/jre/lib/amd64/libzip.so
7f1f22de9000-7f1f22fe9000 ---p 0001a000 08:09 1837823                    /home/raul/jdk1.7.0_75/jre/lib/amd64/libzip.so
7f1f22fe9000-7f1f22fea000 rw-p 0001a000 08:09 1837823                    /home/raul/jdk1.7.0_75/jre/lib/amd64/libzip.so
7f1f22fea000-7f1f22ff5000 r-xp 00000000 08:09 2625429                    /lib/x86_64-linux-gnu/libnss_files-2.19.so
7f1f22ff5000-7f1f231f4000 ---p 0000b000 08:09 2625429                    /lib/x86_64-linux-gnu/libnss_files-2.19.so
7f1f231f4000-7f1f231f5000 r--p 0000a000 08:09 2625429                    /lib/x86_64-linux-gnu/libnss_files-2.19.so
7f1f231f5000-7f1f231f6000 rw-p 0000b000 08:09 2625429                    /lib/x86_64-linux-gnu/libnss_files-2.19.so
7f1f231f6000-7f1f23201000 r-xp 00000000 08:09 2621542                    /lib/x86_64-linux-gnu/libnss_nis-2.19.so
7f1f23201000-7f1f23400000 ---p 0000b000 08:09 2621542                    /lib/x86_64-linux-gnu/libnss_nis-2.19.so
7f1f23400000-7f1f23401000 r--p 0000a000 08:09 2621542                    /lib/x86_64-linux-gnu/libnss_nis-2.19.so
7f1f23401000-7f1f23402000 rw-p 0000b000 08:09 2621542                    /lib/x86_64-linux-gnu/libnss_nis-2.19.so
7f1f23402000-7f1f23419000 r-xp 00000000 08:09 2621536                    /lib/x86_64-linux-gnu/libnsl-2.19.so
7f1f23419000-7f1f23618000 ---p 00017000 08:09 2621536                    /lib/x86_64-linux-gnu/libnsl-2.19.so
7f1f23618000-7f1f23619000 r--p 00016000 08:09 2621536                    /lib/x86_64-linux-gnu/libnsl-2.19.so
7f1f23619000-7f1f2361a000 rw-p 00017000 08:09 2621536                    /lib/x86_64-linux-gnu/libnsl-2.19.so
7f1f2361a000-7f1f2361c000 rw-p 00000000 00:00 0 
7f1f2361c000-7f1f23625000 r-xp 00000000 08:09 2621533                    /lib/x86_64-linux-gnu/libnss_compat-2.19.so
7f1f23625000-7f1f23824000 ---p 00009000 08:09 2621533                    /lib/x86_64-linux-gnu/libnss_compat-2.19.so
7f1f23824000-7f1f23825000 r--p 00008000 08:09 2621533                    /lib/x86_64-linux-gnu/libnss_compat-2.19.so
7f1f23825000-7f1f23826000 rw-p 00009000 08:09 2621533                    /lib/x86_64-linux-gnu/libnss_compat-2.19.so
7f1f23826000-7f1f2384f000 r-xp 00000000 08:09 1837758                    /home/raul/jdk1.7.0_75/jre/lib/amd64/libjava.so
7f1f2384f000-7f1f23a4f000 ---p 00029000 08:09 1837758                    /home/raul/jdk1.7.0_75/jre/lib/amd64/libjava.so
7f1f23a4f000-7f1f23a51000 rw-p 00029000 08:09 1837758                    /home/raul/jdk1.7.0_75/jre/lib/amd64/libjava.so
7f1f23a51000-7f1f23a5e000 r-xp 00000000 08:09 1837636                    /home/raul/jdk1.7.0_75/jre/lib/amd64/libverify.so
7f1f23a5e000-7f1f23c5d000 ---p 0000d000 08:09 1837636                    /home/raul/jdk1.7.0_75/jre/lib/amd64/libverify.so
7f1f23c5d000-7f1f23c5f000 rw-p 0000c000 08:09 1837636                    /home/raul/jdk1.7.0_75/jre/lib/amd64/libverify.so
7f1f23c5f000-7f1f23c66000 r-xp 00000000 08:09 2621470                    /lib/x86_64-linux-gnu/librt-2.19.so
7f1f23c66000-7f1f23e65000 ---p 00007000 08:09 2621470                    /lib/x86_64-linux-gnu/librt-2.19.so
7f1f23e65000-7f1f23e66000 r--p 00006000 08:09 2621470                    /lib/x86_64-linux-gnu/librt-2.19.so
7f1f23e66000-7f1f23e67000 rw-p 00007000 08:09 2621470                    /lib/x86_64-linux-gnu/librt-2.19.so
7f1f23e67000-7f1f23f6c000 r-xp 00000000 08:09 2621535                    /lib/x86_64-linux-gnu/libm-2.19.so
7f1f23f6c000-7f1f2416b000 ---p 00105000 08:09 2621535                    /lib/x86_64-linux-gnu/libm-2.19.so
7f1f2416b000-7f1f2416c000 r--p 00104000 08:09 2621535                    /lib/x86_64-linux-gnu/libm-2.19.so
7f1f2416c000-7f1f2416d000 rw-p 00105000 08:09 2621535                    /lib/x86_64-linux-gnu/libm-2.19.so
7f1f2416d000-7f1f24ce0000 r-xp 00000000 08:09 1837408                    /home/raul/jdk1.7.0_75/jre/lib/amd64/server/libjvm.so
7f1f24ce0000-7f1f24ee0000 ---p 00b73000 08:09 1837408                    /home/raul/jdk1.7.0_75/jre/lib/amd64/server/libjvm.so
7f1f24ee0000-7f1f24fa4000 rw-p 00b73000 08:09 1837408                    /home/raul/jdk1.7.0_75/jre/lib/amd64/server/libjvm.so
7f1f24fa4000-7f1f24fe5000 rw-p 00000000 00:00 0 
7f1f24fe5000-7f1f251a0000 r-xp 00000000 08:09 2621469                    /lib/x86_64-linux-gnu/libc-2.19.so
7f1f251a0000-7f1f253a0000 ---p 001bb000 08:09 2621469                    /lib/x86_64-linux-gnu/libc-2.19.so
7f1f253a0000-7f1f253a4000 r--p 001bb000 08:09 2621469                    /lib/x86_64-linux-gnu/libc-2.19.so
7f1f253a4000-7f1f253a6000 rw-p 001bf000 08:09 2621469                    /lib/x86_64-linux-gnu/libc-2.19.so
7f1f253a6000-7f1f253ab000 rw-p 00000000 00:00 0 
7f1f253ab000-7f1f253ae000 r-xp 00000000 08:09 2621531                    /lib/x86_64-linux-gnu/libdl-2.19.so
7f1f253ae000-7f1f255ad000 ---p 00003000 08:09 2621531                    /lib/x86_64-linux-gnu/libdl-2.19.so
7f1f255ad000-7f1f255ae000 r--p 00002000 08:09 2621531                    /lib/x86_64-linux-gnu/libdl-2.19.so
7f1f255ae000-7f1f255af000 rw-p 00003000 08:09 2621531                    /lib/x86_64-linux-gnu/libdl-2.19.so
7f1f255af000-7f1f255c5000 r-xp 00000000 08:09 1837831                    /home/raul/jdk1.7.0_75/lib/amd64/jli/libjli.so
7f1f255c5000-7f1f257c5000 ---p 00016000 08:09 1837831                    /home/raul/jdk1.7.0_75/lib/amd64/jli/libjli.so
7f1f257c5000-7f1f257c6000 rw-p 00016000 08:09 1837831                    /home/raul/jdk1.7.0_75/lib/amd64/jli/libjli.so
7f1f257c6000-7f1f257df000 r-xp 00000000 08:09 2621544                    /lib/x86_64-linux-gnu/libpthread-2.19.so
7f1f257df000-7f1f259de000 ---p 00019000 08:09 2621544                    /lib/x86_64-linux-gnu/libpthread-2.19.so
7f1f259de000-7f1f259df000 r--p 00018000 08:09 2621544                    /lib/x86_64-linux-gnu/libpthread-2.19.so
7f1f259df000-7f1f259e0000 rw-p 00019000 08:09 2621544                    /lib/x86_64-linux-gnu/libpthread-2.19.so
7f1f259e0000-7f1f259e4000 rw-p 00000000 00:00 0 
7f1f259e4000-7f1f25a07000 r-xp 00000000 08:09 2621459                    /lib/x86_64-linux-gnu/ld-2.19.so
7f1f25a09000-7f1f25a0a000 rw-p 00000000 00:00 0 
7f1f25a0a000-7f1f25a0b000 rw-s 00000000 00:04 64819                      /drm mm object (deleted)
7f1f25a0b000-7f1f25a0c000 rw-s 00000000 00:04 61534                      /drm mm object (deleted)
7f1f25a0c000-7f1f25a0d000 rwxp 00000000 00:00 0 
7f1f25a0d000-7f1f25a2c000 rw-p 00000000 00:00 0 
7f1f25a2c000-7f1f25ae2000 rw-p 00000000 00:00 0 
7f1f25ae2000-7f1f25ae5000 ---p 00000000 00:00 0 
7f1f25ae5000-7f1f25be7000 rw-p 00000000 00:00 0                          [stack:5915]
7f1f25be7000-7f1f25be8000 rw-s 00000000 00:04 61526                      /drm mm object (deleted)
7f1f25be8000-7f1f25be9000 rwxp 00000000 00:00 0 
7f1f25be9000-7f1f25beb000 r--s 00004000 08:09 1968631                    /home/raul/.netbeans/8.0.2/gluegen-runtime/gluegen-rt.jar
7f1f25beb000-7f1f25bfa000 r--s 0012e000 08:09 2102216                    /home/raul/lwjgl/jar/lwjgl.jar
7f1f25bfa000-7f1f25c02000 rw-s 00000000 08:09 4080676                    /tmp/hsperfdata_raul/5912
7f1f25c02000-7f1f25c03000 rw-p 00000000 00:00 0 
7f1f25c03000-7f1f25c04000 r--p 00000000 00:00 0 
7f1f25c04000-7f1f25c06000 rw-p 00000000 00:00 0 
7f1f25c06000-7f1f25c07000 r--p 00022000 08:09 2621459                    /lib/x86_64-linux-gnu/ld-2.19.so
7f1f25c07000-7f1f25c08000 rw-p 00023000 08:09 2621459                    /lib/x86_64-linux-gnu/ld-2.19.so
7f1f25c08000-7f1f25c09000 rw-p 00000000 00:00 0 
7fff98ca2000-7fff98cc3000 rw-p 00000000 00:00 0                          [stack]
7fff98cee000-7fff98cf0000 r-xp 00000000 00:00 0                          [vdso]
ffffffffff600000-ffffffffff601000 r-xp 00000000 00:00 0                  [vsyscall]

VM Arguments:
jvm_args: -Dfile.encoding=UTF-8 -Djava.library.path=/home/raul/lwjgl/native/linux/x64 
java_command: simulador.Main
Launcher Type: SUN_STANDARD

Environment Variables:
PATH=/usr/local/sbin:/usr/local/bin:/usr/sbin:/usr/bin:/sbin:/bin:/usr/games:/usr/local/games
LD_LIBRARY_PATH=/home/raul/jdk1.7.0_75/jre/lib/amd64:/home/raul/jdk1.7.0_75/jre/lib/i386:
SHELL=/bin/bash
DISPLAY=:0

Signal Handlers:
SIGSEGV: [libjvm.so+0x9a21f0], sa_mask[0]=0x7ffbfeff, sa_flags=0x10000004
SIGBUS: [libjvm.so+0x9a21f0], sa_mask[0]=0x7ffbfeff, sa_flags=0x10000004
SIGFPE: [libjvm.so+0x81ba40], sa_mask[0]=0x7ffbfeff, sa_flags=0x10000004
SIGPIPE: [libjvm.so+0x81ba40], sa_mask[0]=0x7ffbfeff, sa_flags=0x10000004
SIGXFSZ: [libjvm.so+0x81ba40], sa_mask[0]=0x7ffbfeff, sa_flags=0x10000004
SIGILL: [libjvm.so+0x81ba40], sa_mask[0]=0x7ffbfeff, sa_flags=0x10000004
SIGUSR1: SIG_DFL, sa_mask[0]=0x00000000, sa_flags=0x00000000
SIGUSR2: [libjvm.so+0x81d240], sa_mask[0]=0x00000004, sa_flags=0x10000004
SIGHUP: [libjvm.so+0x81e360], sa_mask[0]=0x7ffbfeff, sa_flags=0x10000004
SIGINT: SIG_IGN, sa_mask[0]=0x00000000, sa_flags=0x00000000
SIGTERM: [libjvm.so+0x81e360], sa_mask[0]=0x7ffbfeff, sa_flags=0x10000004
SIGQUIT: [libjvm.so+0x81e360], sa_mask[0]=0x7ffbfeff, sa_flags=0x10000004


---------------  S Y S T E M  ---------------

OS:jessie/sid

uname:Linux 3.13.0-45-generic #74-Ubuntu SMP Tue Jan 13 19:36:28 UTC 2015 x86_64
libc:glibc 2.19 NPTL 2.19 
rlimit: STACK 8192k, CORE 0k, NPROC 29139, NOFILE 4096, AS infinity
load average:0,82 0,94 0,82

/proc/meminfo:
MemTotal:        3931356 kB
MemFree:          895248 kB
Buffers:           96728 kB
Cached:          1354988 kB
SwapCached:            0 kB
Active:          1785024 kB
Inactive:        1081716 kB
Active(anon):    1416656 kB
Inactive(anon):   229152 kB
Active(file):     368368 kB
Inactive(file):   852564 kB
Unevictable:          32 kB
Mlocked:              32 kB
SwapTotal:       4077564 kB
SwapFree:        4077564 kB
Dirty:              1872 kB
Writeback:             0 kB
AnonPages:       1414924 kB
Mapped:           200644 kB
Shmem:            230788 kB
Slab:              86236 kB
SReclaimable:      55580 kB
SUnreclaim:        30656 kB
KernelStack:        4360 kB
PageTables:        28276 kB
NFS_Unstable:          0 kB
Bounce:                0 kB
WritebackTmp:          0 kB
CommitLimit:     6043240 kB
Committed_AS:    4493420 kB
VmallocTotal:   34359738367 kB
VmallocUsed:      350792 kB
VmallocChunk:   34359379968 kB
HardwareCorrupted:     0 kB
AnonHugePages:    712704 kB
HugePages_Total:       0
HugePages_Free:        0
HugePages_Rsvd:        0
HugePages_Surp:        0
Hugepagesize:       2048 kB
DirectMap4k:       69696 kB
DirectMap2M:     4007936 kB


CPU:total 4 (2 cores per cpu, 2 threads per core) family 6 model 58 stepping 9, cmov, cx8, fxsr, mmx, sse, sse2, sse3, ssse3, sse4.1, sse4.2, popcnt, avx, aes, erms, ht, tsc, tscinvbit, tscinv

/proc/cpuinfo:
processor	: 0
vendor_id	: GenuineIntel
cpu family	: 6
model		: 58
model name	: Intel(R) Core(TM) i5-3230M CPU @ 2.60GHz
stepping	: 9
microcode	: 0x12
cpu MHz		: 1200.000
cache size	: 3072 KB
physical id	: 0
siblings	: 4
core id		: 0
cpu cores	: 2
apicid		: 0
initial apicid	: 0
fpu		: yes
fpu_exception	: yes
cpuid level	: 13
wp		: yes
flags		: fpu vme de pse tsc msr pae mce cx8 apic sep mtrr pge mca cmov pat pse36 clflush dts acpi mmx fxsr sse sse2 ss ht tm pbe syscall nx rdtscp lm constant_tsc arch_perfmon pebs bts rep_good nopl xtopology nonstop_tsc aperfmperf eagerfpu pni pclmulqdq dtes64 monitor ds_cpl vmx est tm2 ssse3 cx16 xtpr pdcm pcid sse4_1 sse4_2 x2apic popcnt tsc_deadline_timer aes xsave avx f16c rdrand lahf_lm ida arat epb xsaveopt pln pts dtherm tpr_shadow vnmi flexpriority ept vpid fsgsbase smep erms
bogomips	: 5188.23
clflush size	: 64
cache_alignment	: 64
address sizes	: 36 bits physical, 48 bits virtual
power management:

processor	: 1
vendor_id	: GenuineIntel
cpu family	: 6
model		: 58
model name	: Intel(R) Core(TM) i5-3230M CPU @ 2.60GHz
stepping	: 9
microcode	: 0x12
cpu MHz		: 2601.000
cache size	: 3072 KB
physical id	: 0
siblings	: 4
core id		: 1
cpu cores	: 2
apicid		: 2
initial apicid	: 2
fpu		: yes
fpu_exception	: yes
cpuid level	: 13
wp		: yes
flags		: fpu vme de pse tsc msr pae mce cx8 apic sep mtrr pge mca cmov pat pse36 clflush dts acpi mmx fxsr sse sse2 ss ht tm pbe syscall nx rdtscp lm constant_tsc arch_perfmon pebs bts rep_good nopl xtopology nonstop_tsc aperfmperf eagerfpu pni pclmulqdq dtes64 monitor ds_cpl vmx est tm2 ssse3 cx16 xtpr pdcm pcid sse4_1 sse4_2 x2apic popcnt tsc_deadline_timer aes xsave avx f16c rdrand lahf_lm ida arat epb xsaveopt pln pts dtherm tpr_shadow vnmi flexpriority ept vpid fsgsbase smep erms
bogomips	: 5188.23
clflush size	: 64
cache_alignment	: 64
address sizes	: 36 bits physical, 48 bits virtual
power management:

processor	: 2
vendor_id	: GenuineIntel
cpu family	: 6
model		: 58
model name	: Intel(R) Core(TM) i5-3230M CPU @ 2.60GHz
stepping	: 9
microcode	: 0x12
cpu MHz		: 1200.000
cache size	: 3072 KB
physical id	: 0
siblings	: 4
core id		: 0
cpu cores	: 2
apicid		: 1
initial apicid	: 1
fpu		: yes
fpu_exception	: yes
cpuid level	: 13
wp		: yes
flags		: fpu vme de pse tsc msr pae mce cx8 apic sep mtrr pge mca cmov pat pse36 clflush dts acpi mmx fxsr sse sse2 ss ht tm pbe syscall nx rdtscp lm constant_tsc arch_perfmon pebs bts rep_good nopl xtopology nonstop_tsc aperfmperf eagerfpu pni pclmulqdq dtes64 monitor ds_cpl vmx est tm2 ssse3 cx16 xtpr pdcm pcid sse4_1 sse4_2 x2apic popcnt tsc_deadline_timer aes xsave avx f16c rdrand lahf_lm ida arat epb xsaveopt pln pts dtherm tpr_shadow vnmi flexpriority ept vpid fsgsbase smep erms
bogomips	: 5188.23
clflush size	: 64
cache_alignment	: 64
address sizes	: 36 bits physical, 48 bits virtual
power management:

processor	: 3
vendor_id	: GenuineIntel
cpu family	: 6
model		: 58
model name	: Intel(R) Core(TM) i5-3230M CPU @ 2.60GHz
stepping	: 9
microcode	: 0x12
cpu MHz		: 1200.000
cache size	: 3072 KB
physical id	: 0
siblings	: 4
core id		: 1
cpu cores	: 2
apicid		: 3
initial apicid	: 3
fpu		: yes
fpu_exception	: yes
cpuid level	: 13
wp		: yes
flags		: fpu vme de pse tsc msr pae mce cx8 apic sep mtrr pge mca cmov pat pse36 clflush dts acpi mmx fxsr sse sse2 ss ht tm pbe syscall nx rdtscp lm constant_tsc arch_perfmon pebs bts rep_good nopl xtopology nonstop_tsc aperfmperf eagerfpu pni pclmulqdq dtes64 monitor ds_cpl vmx est tm2 ssse3 cx16 xtpr pdcm pcid sse4_1 sse4_2 x2apic popcnt tsc_deadline_timer aes xsave avx f16c rdrand lahf_lm ida arat epb xsaveopt pln pts dtherm tpr_shadow vnmi flexpriority ept vpid fsgsbase smep erms
bogomips	: 5188.23
clflush size	: 64
cache_alignment	: 64
address sizes	: 36 bits physical, 48 bits virtual
power management:



Memory: 4k page, physical 3931356k(895248k free), swap 4077564k(4077564k free)

vm_info: Java HotSpot(TM) 64-Bit Server VM (24.75-b04) for linux-amd64 JRE (1.7.0_75-b13), built on Dec 18 2014 16:45:18 by "java_re" with gcc 4.3.0 20080428 (Red Hat 4.3.0-8)

time: Sat Mar 28 14:41:37 2015
elapsed time: 0 seconds

