#
# A fatal error has been detected by the Java Runtime Environment:
#
#  SIGSEGV (0xb) at pc=0x00007f5ef014db80, pid=4374, tid=140045743499008
#
# JRE version: Java(TM) SE Runtime Environment (7.0_75-b13) (build 1.7.0_75-b13)
# Java VM: Java HotSpot(TM) 64-Bit Server VM (24.75-b04 mixed mode linux-amd64 compressed oops)
# Problematic frame:
# C  [libc.so.6+0x98b80]  envz_strip+0x610
#
# Failed to write core dump. Core dumps have been disabled. To enable core dumping, try "ulimit -c unlimited" before starting Java again
#
# If you would like to submit a bug report, please visit:
#   http://bugreport.sun.com/bugreport/crash.jsp
# The crash happened outside the Java Virtual Machine in native code.
# See problematic frame for where to report the bug.
#

---------------  T H R E A D  ---------------

Current thread (0x00007f5ee800a000):  JavaThread "main" [_thread_in_native, id=4379, stack(0x00007f5ef0bb2000,0x00007f5ef0cb3000)]

siginfo:si_signo=SIGSEGV: si_errno=0, si_code=1 (SEGV_MAPERR), si_addr=0x0000000000000000

Registers:
RAX=0xffff80a11bf5c35c, RBX=0x00007f5ee4038038, RCX=0x0000000000000060, RDX=0x0000000000000030
RSP=0x00007f5ef0cb12d8, RBP=0x0000000000000000, RSI=0x0000000000000000, RDI=0x00007f5ee40a3c74
R8 =0x0000000000000007, R9 =0x00007f5ee8000078, R10=0x0000000000000000, R11=0x0000000000000246
R12=0x0000000000000030, R13=0x0000000000000030, R14=0x0000000000000000, R15=0x00007f5ee40a5170
RIP=0x00007f5ef014db80, EFLAGS=0x0000000000010202, CSGSFS=0x0000000000000033, ERR=0x0000000000000004
  TRAPNO=0x000000000000000e

Top of Stack: (sp=0x00007f5ef0cb12d8)
0x00007f5ef0cb12d8:   00007f5eade920dd 0000000000000000
0x00007f5ef0cb12e8:   0000000000000000 0000000000000000
0x00007f5ef0cb12f8:   00007f5ee40a5178 0000000000000010
0x00007f5ef0cb1308:   0000000000000010 00007f5ee40a5170
0x00007f5ef0cb1318:   0000000000000002 0000000000000000
0x00007f5ef0cb1328:   00007f5eadeb61ee 0000000000000001
0x00007f5ef0cb1338:   00007f5ee4038038 00007f5ee88efc60
0x00007f5ef0cb1348:   00007f5e00000030 000000000000000d
0x00007f5ef0cb1358:   00007f5ee40a5178 00007f5ee40a4ff0
0x00007f5ef0cb1368:   00007f5ee4038038 00007f5ef0cb13c0
0x00007f5ef0cb1378:   0000000000000000 0000000000000001
0x00007f5ef0cb1388:   00007f5eadeb6ae4 0000000000800016
0x00007f5ef0cb1398:   00007f5e00000002 0000000200000000
0x00007f5ef0cb13a8:   0000000000000001 00007f5ee40a5148
0x00007f5ef0cb13b8:   0000000200000001 00007f5ee40a4ff0
0x00007f5ef0cb13c8:   00007f5ee88fe9b8 00007f5eae2f42e8
0x00007f5ef0cb13d8:   0000000000000001 00007f5ee890cf38
0x00007f5ef0cb13e8:   00007f5ee4038038 00007f5ee8766f00
0x00007f5ef0cb13f8:   0000000000000000 0000000000000000
0x00007f5ef0cb1408:   0000000000000001 00000000304c0aff
0x00007f5ef0cb1418:   00007f5ead9c303d 00007f5e00000000
0x00007f5ef0cb1428:   00007f5ee4038038 00007f5ee8317aa0
0x00007f5ef0cb1438:   00007f5eade824df 00007f5ee4038038
0x00007f5ef0cb1448:   00007f5ee87664f0 00007f5ee8766c50
0x00007f5ef0cb1458:   00007f5eadf4370c 00007f5ee87667a0
0x00007f5ef0cb1468:   0000000000000001 00007f5e00000000
0x00007f5ef0cb1478:   0000000000000000 00007f5ee87664f0
0x00007f5ef0cb1488:   00007f5ee4038038 0000000000000001
0x00007f5ef0cb1498:   00007f5ee8766c50 0000000000000001
0x00007f5ef0cb14a8:   00007f5ee87664f0 0000000000000000
0x00007f5ef0cb14b8:   00007f5eadef7974 0000000000000001
0x00007f5ef0cb14c8:   00007f5e00000001 00000000000002bc 

Instructions: (pc=0x00007f5ef014db80)
0x00007f5ef014db60:   48 89 f0 48 8d 0c 12 48 29 f8 48 29 d0 48 39 c8
0x00007f5ef014db70:   0f 82 07 01 00 00 48 83 fa 10 0f 86 8b 01 00 00
0x00007f5ef014db80:   f3 44 0f 6f 06 48 83 fa 20 f3 44 0f 7f 07 f3 44
0x00007f5ef014db90:   0f 6f 44 16 f0 f3 44 0f 7f 44 17 f0 77 12 48 89 

Register to memory mapping:

RAX=0xffff80a11bf5c35c is an unknown value
RBX=0x00007f5ee4038038 is an unknown value
RCX=0x0000000000000060 is an unknown value
RDX=0x0000000000000030 is an unknown value
RSP=0x00007f5ef0cb12d8 is pointing into the stack for thread: 0x00007f5ee800a000
RBP=0x0000000000000000 is an unknown value
RSI=0x0000000000000000 is an unknown value
RDI=0x00007f5ee40a3c74 is an unknown value
R8 =0x0000000000000007 is an unknown value
R9 =0x00007f5ee8000078 is an unknown value
R10=0x0000000000000000 is an unknown value
R11=0x0000000000000246 is an unknown value
R12=0x0000000000000030 is an unknown value
R13=0x0000000000000030 is an unknown value
R14=0x0000000000000000 is an unknown value
R15=0x00007f5ee40a5170 is an unknown value


Stack: [0x00007f5ef0bb2000,0x00007f5ef0cb3000],  sp=0x00007f5ef0cb12d8,  free space=1020k
Native frames: (J=compiled Java code, j=interpreted, Vv=VM code, C=native code)
C  [libc.so.6+0x98b80]  envz_strip+0x610

[error occurred during error reporting (printing native stack), id 0xb]

Java frames: (J=compiled Java code, j=interpreted, Vv=VM code)
j  org.lwjgl.opengl.GL11.nglDrawArrays(IIIJ)V+0
j  org.lwjgl.opengl.GL11.glDrawArrays(III)V+22
j  simulador.Avion.draw()V+111
j  simulador.Simulador.draw()V+35
j  simulador.Simulador.come_alive()V+57
j  simulador.Simulador.run()V+1
j  simulador.Main.main([Ljava/lang/String;)V+13
v  ~StubRoutines::call_stub

---------------  P R O C E S S  ---------------

Java Threads: ( => current thread )
  0x00007f5ee80a0800 JavaThread "Service Thread" daemon [_thread_blocked, id=4390, stack(0x00007f5ee4419000,0x00007f5ee451a000)]
  0x00007f5ee809e000 JavaThread "C2 CompilerThread1" daemon [_thread_blocked, id=4389, stack(0x00007f5ee451a000,0x00007f5ee461b000)]
  0x00007f5ee809b000 JavaThread "C2 CompilerThread0" daemon [_thread_blocked, id=4388, stack(0x00007f5ee461b000,0x00007f5ee471c000)]
  0x00007f5ee8099000 JavaThread "Signal Dispatcher" daemon [_thread_blocked, id=4387, stack(0x00007f5ee471c000,0x00007f5ee481d000)]
  0x00007f5ee8070000 JavaThread "Finalizer" daemon [_thread_blocked, id=4386, stack(0x00007f5ee4eff000,0x00007f5ee5000000)]
  0x00007f5ee806e000 JavaThread "Reference Handler" daemon [_thread_blocked, id=4385, stack(0x00007f5eec066000,0x00007f5eec167000)]
=>0x00007f5ee800a000 JavaThread "main" [_thread_in_native, id=4379, stack(0x00007f5ef0bb2000,0x00007f5ef0cb3000)]

Other Threads:
  0x00007f5ee8069800 VMThread [stack: 0x00007f5eec167000,0x00007f5eec268000] [id=4384]
  0x00007f5ee80ab800 WatcherThread [stack: 0x00007f5ee4318000,0x00007f5ee4419000] [id=4391]

VM state:not at safepoint (normal execution)

VM Mutex/Monitor currently owned by a thread: None

Heap
 PSYoungGen      total 17920K, used 8978K [0x00000000ec000000, 0x00000000ed400000, 0x0000000100000000)
  eden space 15360K, 58% used [0x00000000ec000000,0x00000000ec8c48f8,0x00000000ecf00000)
  from space 2560K, 0% used [0x00000000ed180000,0x00000000ed180000,0x00000000ed400000)
  to   space 2560K, 0% used [0x00000000ecf00000,0x00000000ecf00000,0x00000000ed180000)
 ParOldGen       total 40960K, used 0K [0x00000000c4000000, 0x00000000c6800000, 0x00000000ec000000)
  object space 40960K, 0% used [0x00000000c4000000,0x00000000c4000000,0x00000000c6800000)
 PSPermGen       total 21504K, used 7097K [0x00000000bee00000, 0x00000000c0300000, 0x00000000c4000000)
  object space 21504K, 33% used [0x00000000bee00000,0x00000000bf4ee7f0,0x00000000c0300000)

Card table byte_map: [0x00007f5eedc95000,0x00007f5eede9f000] byte_map_base: 0x00007f5eed69e000

Polling page: 0x00007f5ef0cd3000

Code Cache  [0x00007f5ee5000000, 0x00007f5ee5270000, 0x00007f5ee8000000)
 total_blobs=488 nmethods=19 adapters=423 free_code_cache=48594Kb largest_free_block=49750912

Compilation events (10 events):
Event: 0,220 Thread 0x00007f5ee809b000 nmethod 14 0x00007f5ee5075d90 code [0x00007f5ee5075ec0, 0x00007f5ee5075f38]
Event: 0,220 Thread 0x00007f5ee809e000 nmethod 12 0x00007f5ee5075b10 code [0x00007f5ee5075c40, 0x00007f5ee5075cd8]
Event: 0,244 Thread 0x00007f5ee809b000   15             org.lwjgl.system.MemoryUtil::memEncodeASCII (62 bytes)
Event: 0,246 Thread 0x00007f5ee809e000   16             java.lang.Object::<init> (1 bytes)
Event: 0,247 Thread 0x00007f5ee809e000 nmethod 16 0x00007f5ee50843d0 code [0x00007f5ee5084500, 0x00007f5ee5084578]
Event: 0,258 Thread 0x00007f5ee809b000 nmethod 15 0x00007f5ee5086190 code [0x00007f5ee5086300, 0x00007f5ee5086758]
Event: 0,276 Thread 0x00007f5ee809e000   17             java.lang.String::equals (81 bytes)
Event: 0,279 Thread 0x00007f5ee809e000 nmethod 17 0x00007f5ee5081950 code [0x00007f5ee5081aa0, 0x00007f5ee5081cf8]
Event: 0,316 Thread 0x00007f5ee809b000   18             sun.net.www.ParseUtil::encodePath (336 bytes)
Event: 0,338 Thread 0x00007f5ee809b000 nmethod 18 0x00007f5ee508c010 code [0x00007f5ee508c260, 0x00007f5ee508d2b8]

GC Heap History (0 events):
No events

Deoptimization events (0 events):
No events

Internal exceptions (10 events):
Event: 0,341 Thread 0x00007f5ee800a000 Threw 0x00000000ec8635f0 at /HUDSON/workspace/7u-2-build-linux-amd64/jdk7u75/1940/hotspot/src/share/vm/prims/jvm.cpp:1281
Event: 0,341 Thread 0x00007f5ee800a000 Threw 0x00000000ec866220 at /HUDSON/workspace/7u-2-build-linux-amd64/jdk7u75/1940/hotspot/src/share/vm/prims/jvm.cpp:1281
Event: 0,341 Thread 0x00007f5ee800a000 Threw 0x00000000ec869240 at /HUDSON/workspace/7u-2-build-linux-amd64/jdk7u75/1940/hotspot/src/share/vm/prims/jvm.cpp:1281
Event: 0,342 Thread 0x00007f5ee800a000 Threw 0x00000000ec86bd40 at /HUDSON/workspace/7u-2-build-linux-amd64/jdk7u75/1940/hotspot/src/share/vm/prims/jvm.cpp:1281
Event: 0,342 Thread 0x00007f5ee800a000 Threw 0x00000000ec870b98 at /HUDSON/workspace/7u-2-build-linux-amd64/jdk7u75/1940/hotspot/src/share/vm/prims/jvm.cpp:1281
Event: 0,342 Thread 0x00007f5ee800a000 Threw 0x00000000ec8756e8 at /HUDSON/workspace/7u-2-build-linux-amd64/jdk7u75/1940/hotspot/src/share/vm/prims/jvm.cpp:1281
Event: 0,345 Thread 0x00007f5ee800a000 Threw 0x00000000ec878588 at /HUDSON/workspace/7u-2-build-linux-amd64/jdk7u75/1940/hotspot/src/share/vm/prims/jvm.cpp:1281
Event: 0,345 Thread 0x00007f5ee800a000 Threw 0x00000000ec87a898 at /HUDSON/workspace/7u-2-build-linux-amd64/jdk7u75/1940/hotspot/src/share/vm/prims/jvm.cpp:1281
Event: 0,346 Thread 0x00007f5ee800a000 Threw 0x00000000ec87d510 at /HUDSON/workspace/7u-2-build-linux-amd64/jdk7u75/1940/hotspot/src/share/vm/prims/jvm.cpp:1281
Event: 0,348 Thread 0x00007f5ee800a000 Threw 0x00000000ec880680 at /HUDSON/workspace/7u-2-build-linux-amd64/jdk7u75/1940/hotspot/src/share/vm/prims/jvm.cpp:1281

Events (10 events):
Event: 0,347 loading class 0x00007f5eed4bedf0
Event: 0,347 loading class 0x00007f5eed4bedf0 done
Event: 0,347 loading class 0x00007f5ebc0159f0
Event: 0,347 loading class 0x00007f5ebc0159f0 done
Event: 0,347 loading class 0x00007f5eed49d760
Event: 0,348 loading class 0x00007f5eed49d760 done
Event: 0,348 loading class 0x00007f5eed4c1000
Event: 0,348 loading class 0x00007f5eed4c1000 done
Event: 0,348 loading class 0x00007f5ee87b7000
Event: 0,348 loading class 0x00007f5ee87b7000 done


Dynamic libraries:
00400000-00401000 r-xp 00000000 08:09 1838081                            /home/raul/jdk1.7.0_75/bin/java
00600000-00601000 rw-p 00000000 08:09 1838081                            /home/raul/jdk1.7.0_75/bin/java
00699000-006ba000 rw-p 00000000 00:00 0                                  [heap]
bee00000-c0300000 rw-p 00000000 00:00 0 
c0300000-c4000000 rw-p 00000000 00:00 0 
c4000000-c6800000 rw-p 00000000 00:00 0 
c6800000-ec000000 rw-p 00000000 00:00 0 
ec000000-ed400000 rw-p 00000000 00:00 0 
ed400000-100000000 rw-p 00000000 00:00 0 
7f5eab66d000-7f5eac80b000 rw-p 00000000 00:00 0 
7f5eac80b000-7f5eac842000 r-xp 00000000 08:09 3679606                    /usr/lib/x86_64-linux-gnu/libtxc_dxtn_s2tc.so.0.0.0
7f5eac842000-7f5eaca41000 ---p 00037000 08:09 3679606                    /usr/lib/x86_64-linux-gnu/libtxc_dxtn_s2tc.so.0.0.0
7f5eaca41000-7f5eaca42000 r--p 00036000 08:09 3679606                    /usr/lib/x86_64-linux-gnu/libtxc_dxtn_s2tc.so.0.0.0
7f5eaca42000-7f5eaca43000 rw-p 00037000 08:09 3679606                    /usr/lib/x86_64-linux-gnu/libtxc_dxtn_s2tc.so.0.0.0
7f5eaca43000-7f5eaca5b000 r-xp 00000000 08:09 2625662                    /lib/x86_64-linux-gnu/libz.so.1.2.8
7f5eaca5b000-7f5eacc5a000 ---p 00018000 08:09 2625662                    /lib/x86_64-linux-gnu/libz.so.1.2.8
7f5eacc5a000-7f5eacc5b000 r--p 00017000 08:09 2625662                    /lib/x86_64-linux-gnu/libz.so.1.2.8
7f5eacc5b000-7f5eacc5c000 rw-p 00018000 08:09 2625662                    /lib/x86_64-linux-gnu/libz.so.1.2.8
7f5eacc5c000-7f5eacc64000 r-xp 00000000 08:09 3679409                    /usr/lib/x86_64-linux-gnu/libpciaccess.so.0.11.1
7f5eacc64000-7f5eace63000 ---p 00008000 08:09 3679409                    /usr/lib/x86_64-linux-gnu/libpciaccess.so.0.11.1
7f5eace63000-7f5eace64000 r--p 00007000 08:09 3679409                    /usr/lib/x86_64-linux-gnu/libpciaccess.so.0.11.1
7f5eace64000-7f5eace65000 rw-p 00008000 08:09 3679409                    /usr/lib/x86_64-linux-gnu/libpciaccess.so.0.11.1
7f5eace65000-7f5eace7b000 r-xp 00000000 08:09 2625476                    /lib/x86_64-linux-gnu/libgcc_s.so.1
7f5eace7b000-7f5ead07a000 ---p 00016000 08:09 2625476                    /lib/x86_64-linux-gnu/libgcc_s.so.1
7f5ead07a000-7f5ead07b000 rw-p 00015000 08:09 2625476                    /lib/x86_64-linux-gnu/libgcc_s.so.1
7f5ead07b000-7f5ead161000 r-xp 00000000 08:09 3679564                    /usr/lib/x86_64-linux-gnu/libstdc++.so.6.0.19
7f5ead161000-7f5ead360000 ---p 000e6000 08:09 3679564                    /usr/lib/x86_64-linux-gnu/libstdc++.so.6.0.19
7f5ead360000-7f5ead368000 r--p 000e5000 08:09 3679564                    /usr/lib/x86_64-linux-gnu/libstdc++.so.6.0.19
7f5ead368000-7f5ead36a000 rw-p 000ed000 08:09 3679564                    /usr/lib/x86_64-linux-gnu/libstdc++.so.6.0.19
7f5ead36a000-7f5ead37f000 rw-p 00000000 00:00 0 
7f5ead37f000-7f5ead3a6000 r-xp 00000000 08:09 2625521                    /lib/x86_64-linux-gnu/libexpat.so.1.6.0
7f5ead3a6000-7f5ead5a6000 ---p 00027000 08:09 2625521                    /lib/x86_64-linux-gnu/libexpat.so.1.6.0
7f5ead5a6000-7f5ead5a8000 r--p 00027000 08:09 2625521                    /lib/x86_64-linux-gnu/libexpat.so.1.6.0
7f5ead5a8000-7f5ead5a9000 rw-p 00029000 08:09 2625521                    /lib/x86_64-linux-gnu/libexpat.so.1.6.0
7f5ead5a9000-7f5ead5b5000 r-xp 00000000 08:09 3673068                    /usr/lib/x86_64-linux-gnu/libdrm_radeon.so.1.0.1
7f5ead5b5000-7f5ead7b4000 ---p 0000c000 08:09 3673068                    /usr/lib/x86_64-linux-gnu/libdrm_radeon.so.1.0.1
7f5ead7b4000-7f5ead7b5000 r--p 0000b000 08:09 3673068                    /usr/lib/x86_64-linux-gnu/libdrm_radeon.so.1.0.1
7f5ead7b5000-7f5ead7b6000 rw-p 0000c000 08:09 3673068                    /usr/lib/x86_64-linux-gnu/libdrm_radeon.so.1.0.1
7f5ead7b6000-7f5ead7bc000 r-xp 00000000 08:09 3672797                    /usr/lib/x86_64-linux-gnu/libdrm_nouveau.so.2.0.0
7f5ead7bc000-7f5ead9bb000 ---p 00006000 08:09 3672797                    /usr/lib/x86_64-linux-gnu/libdrm_nouveau.so.2.0.0
7f5ead9bb000-7f5ead9bc000 r--p 00005000 08:09 3672797                    /usr/lib/x86_64-linux-gnu/libdrm_nouveau.so.2.0.0
7f5ead9bc000-7f5ead9bd000 rw-p 00006000 08:09 3672797                    /usr/lib/x86_64-linux-gnu/libdrm_nouveau.so.2.0.0
7f5ead9bd000-7f5ead9dc000 r-xp 00000000 08:09 3672795                    /usr/lib/x86_64-linux-gnu/libdrm_intel.so.1.0.0
7f5ead9dc000-7f5eadbdb000 ---p 0001f000 08:09 3672795                    /usr/lib/x86_64-linux-gnu/libdrm_intel.so.1.0.0
7f5eadbdb000-7f5eadbdc000 r--p 0001e000 08:09 3672795                    /usr/lib/x86_64-linux-gnu/libdrm_intel.so.1.0.0
7f5eadbdc000-7f5eadbdd000 rw-p 0001f000 08:09 3672795                    /usr/lib/x86_64-linux-gnu/libdrm_intel.so.1.0.0
7f5eadbdd000-7f5eae0cc000 r-xp 00000000 08:09 3934416                    /usr/lib/x86_64-linux-gnu/dri/i965_dri.so
7f5eae0cc000-7f5eae2cb000 ---p 004ef000 08:09 3934416                    /usr/lib/x86_64-linux-gnu/dri/i965_dri.so
7f5eae2cb000-7f5eae2e2000 r--p 004ee000 08:09 3934416                    /usr/lib/x86_64-linux-gnu/dri/i965_dri.so
7f5eae2e2000-7f5eae2ee000 rw-p 00505000 08:09 3934416                    /usr/lib/x86_64-linux-gnu/dri/i965_dri.so
7f5eae2ee000-7f5eae33a000 rw-p 00000000 00:00 0 
7f5eae33a000-7f5eae37e000 r-xp 00000000 08:09 2625517                    /lib/x86_64-linux-gnu/libdbus-1.so.3.7.6
7f5eae37e000-7f5eae57d000 ---p 00044000 08:09 2625517                    /lib/x86_64-linux-gnu/libdbus-1.so.3.7.6
7f5eae57d000-7f5eae57e000 r--p 00043000 08:09 2625517                    /lib/x86_64-linux-gnu/libdbus-1.so.3.7.6
7f5eae57e000-7f5eae57f000 rw-p 00044000 08:09 2625517                    /lib/x86_64-linux-gnu/libdbus-1.so.3.7.6
7f5eae57f000-7f5eae587000 r-xp 00000000 08:09 2625561                    /lib/x86_64-linux-gnu/libnih-dbus.so.1.0.0
7f5eae587000-7f5eae787000 ---p 00008000 08:09 2625561                    /lib/x86_64-linux-gnu/libnih-dbus.so.1.0.0
7f5eae787000-7f5eae788000 r--p 00008000 08:09 2625561                    /lib/x86_64-linux-gnu/libnih-dbus.so.1.0.0
7f5eae788000-7f5eae789000 rw-p 00009000 08:09 2625561                    /lib/x86_64-linux-gnu/libnih-dbus.so.1.0.0
7f5eae789000-7f5eae7a0000 r-xp 00000000 08:09 2625563                    /lib/x86_64-linux-gnu/libnih.so.1.0.0
7f5eae7a0000-7f5eae99f000 ---p 00017000 08:09 2625563                    /lib/x86_64-linux-gnu/libnih.so.1.0.0
7f5eae99f000-7f5eae9a0000 r--p 00016000 08:09 2625563                    /lib/x86_64-linux-gnu/libnih.so.1.0.0
7f5eae9a0000-7f5eae9a1000 rw-p 00017000 08:09 2625563                    /lib/x86_64-linux-gnu/libnih.so.1.0.0
7f5eae9a1000-7f5eae9ba000 r-xp 00000000 08:09 2625512                    /lib/x86_64-linux-gnu/libcgmanager.so.0.0.0
7f5eae9ba000-7f5eaebb9000 ---p 00019000 08:09 2625512                    /lib/x86_64-linux-gnu/libcgmanager.so.0.0.0
7f5eaebb9000-7f5eaebbb000 r--p 00018000 08:09 2625512                    /lib/x86_64-linux-gnu/libcgmanager.so.0.0.0
7f5eaebbb000-7f5eaebbc000 rw-p 0001a000 08:09 2625512                    /lib/x86_64-linux-gnu/libcgmanager.so.0.0.0
7f5eaebbc000-7f5eaebcc000 r-xp 00000000 08:09 2625436                    /lib/x86_64-linux-gnu/libudev.so.1.3.5
7f5eaebcc000-7f5eaedcb000 ---p 00010000 08:09 2625436                    /lib/x86_64-linux-gnu/libudev.so.1.3.5
7f5eaedcb000-7f5eaedcc000 r--p 0000f000 08:09 2625436                    /lib/x86_64-linux-gnu/libudev.so.1.3.5
7f5eaedcc000-7f5eaedcd000 rw-p 00010000 08:09 2625436                    /lib/x86_64-linux-gnu/libudev.so.1.3.5
7f5eaedcd000-7f5eaedd2000 r-xp 00000000 08:09 3678669                    /usr/lib/x86_64-linux-gnu/libXdmcp.so.6.0.0
7f5eaedd2000-7f5eaefd1000 ---p 00005000 08:09 3678669                    /usr/lib/x86_64-linux-gnu/libXdmcp.so.6.0.0
7f5eaefd1000-7f5eaefd2000 r--p 00004000 08:09 3678669                    /usr/lib/x86_64-linux-gnu/libXdmcp.so.6.0.0
7f5eaefd2000-7f5eaefd3000 rw-p 00005000 08:09 3678669                    /usr/lib/x86_64-linux-gnu/libXdmcp.so.6.0.0
7f5eaefd3000-7f5eaefd5000 r-xp 00000000 08:09 3678658                    /usr/lib/x86_64-linux-gnu/libXau.so.6.0.0
7f5eaefd5000-7f5eaf1d5000 ---p 00002000 08:09 3678658                    /usr/lib/x86_64-linux-gnu/libXau.so.6.0.0
7f5eaf1d5000-7f5eaf1d6000 r--p 00002000 08:09 3678658                    /usr/lib/x86_64-linux-gnu/libXau.so.6.0.0
7f5eaf1d6000-7f5eaf1d7000 rw-p 00003000 08:09 3678658                    /usr/lib/x86_64-linux-gnu/libXau.so.6.0.0
7f5eaf1d7000-7f5eaf1e0000 r-xp 00000000 08:09 3678693                    /usr/lib/x86_64-linux-gnu/libXrender.so.1.3.0
7f5eaf1e0000-7f5eaf3df000 ---p 00009000 08:09 3678693                    /usr/lib/x86_64-linux-gnu/libXrender.so.1.3.0
7f5eaf3df000-7f5eaf3e0000 r--p 00008000 08:09 3678693                    /usr/lib/x86_64-linux-gnu/libXrender.so.1.3.0
7f5eaf3e0000-7f5eaf3e1000 rw-p 00009000 08:09 3678693                    /usr/lib/x86_64-linux-gnu/libXrender.so.1.3.0
7f5eaf3e1000-7f5eaf3ec000 r-xp 00000000 08:09 3672667                    /usr/lib/x86_64-linux-gnu/libdrm.so.2.4.0
7f5eaf3ec000-7f5eaf5eb000 ---p 0000b000 08:09 3672667                    /usr/lib/x86_64-linux-gnu/libdrm.so.2.4.0
7f5eaf5eb000-7f5eaf5ec000 r--p 0000a000 08:09 3672667                    /usr/lib/x86_64-linux-gnu/libdrm.so.2.4.0
7f5eaf5ec000-7f5eaf5ed000 rw-p 0000b000 08:09 3672667                    /usr/lib/x86_64-linux-gnu/libdrm.so.2.4.0
7f5eaf5ed000-7f5eaf5ee000 r-xp 00000000 08:09 3679738                    /usr/lib/x86_64-linux-gnu/libxshmfence.so.1.0.0
7f5eaf5ee000-7f5eaf7ed000 ---p 00001000 08:09 3679738                    /usr/lib/x86_64-linux-gnu/libxshmfence.so.1.0.0
7f5eaf7ed000-7f5eaf7ee000 r--p 00000000 08:09 3679738                    /usr/lib/x86_64-linux-gnu/libxshmfence.so.1.0.0
7f5eaf7ee000-7f5eaf7ef000 rw-p 00001000 08:09 3679738                    /usr/lib/x86_64-linux-gnu/libxshmfence.so.1.0.0
7f5eaf7ef000-7f5eaf7f4000 r-xp 00000000 08:09 3679720                    /usr/lib/x86_64-linux-gnu/libxcb-sync.so.1.0.0
7f5eaf7f4000-7f5eaf9f3000 ---p 00005000 08:09 3679720                    /usr/lib/x86_64-linux-gnu/libxcb-sync.so.1.0.0
7f5eaf9f3000-7f5eaf9f4000 r--p 00004000 08:09 3679720                    /usr/lib/x86_64-linux-gnu/libxcb-sync.so.1.0.0
7f5eaf9f4000-7f5eaf9f5000 rw-p 00005000 08:09 3679720                    /usr/lib/x86_64-linux-gnu/libxcb-sync.so.1.0.0
7f5eaf9f5000-7f5eaf9f7000 r-xp 00000000 08:09 3679708                    /usr/lib/x86_64-linux-gnu/libxcb-present.so.0.0.0
7f5eaf9f7000-7f5eafbf6000 ---p 00002000 08:09 3679708                    /usr/lib/x86_64-linux-gnu/libxcb-present.so.0.0.0
7f5eafbf6000-7f5eafbf7000 r--p 00001000 08:09 3679708                    /usr/lib/x86_64-linux-gnu/libxcb-present.so.0.0.0
7f5eafbf7000-7f5eafbf8000 rw-p 00002000 08:09 3679708                    /usr/lib/x86_64-linux-gnu/libxcb-present.so.0.0.0
7f5eafbf8000-7f5eafbfa000 r-xp 00000000 08:09 3679698                    /usr/lib/x86_64-linux-gnu/libxcb-dri3.so.0.0.0
7f5eafbfa000-7f5eafdf9000 ---p 00002000 08:09 3679698                    /usr/lib/x86_64-linux-gnu/libxcb-dri3.so.0.0.0
7f5eafdf9000-7f5eafdfa000 r--p 00001000 08:09 3679698                    /usr/lib/x86_64-linux-gnu/libxcb-dri3.so.0.0.0
7f5eafdfa000-7f5eafdfb000 rw-p 00002000 08:09 3679698                    /usr/lib/x86_64-linux-gnu/libxcb-dri3.so.0.0.0
7f5eafdfb000-7f5eafdfe000 r-xp 00000000 08:09 3679696                    /usr/lib/x86_64-linux-gnu/libxcb-dri2.so.0.0.0
7f5eafdfe000-7f5eafffe000 ---p 00003000 08:09 3679696                    /usr/lib/x86_64-linux-gnu/libxcb-dri2.so.0.0.0
7f5eafffe000-7f5eaffff000 r--p 00003000 08:09 3679696                    /usr/lib/x86_64-linux-gnu/libxcb-dri2.so.0.0.0
7f5eaffff000-7f5eb0000000 rw-p 00004000 08:09 3679696                    /usr/lib/x86_64-linux-gnu/libxcb-dri2.so.0.0.0
7f5eb0000000-7f5eb0021000 rw-p 00000000 00:00 0 
7f5eb0021000-7f5eb4000000 ---p 00000000 00:00 0 
7f5eb4000000-7f5eb4021000 rw-p 00000000 00:00 0 
7f5eb4021000-7f5eb8000000 ---p 00000000 00:00 0 
7f5eb8000000-7f5eb81bc000 rw-p 00000000 00:00 0 
7f5eb81bc000-7f5ebc000000 ---p 00000000 00:00 0 
7f5ebc000000-7f5ebc050000 rw-p 00000000 00:00 0 
7f5ebc050000-7f5ec0000000 ---p 00000000 00:00 0 
7f5ec0000000-7f5ec0021000 rw-p 00000000 00:00 0 
7f5ec0021000-7f5ec4000000 ---p 00000000 00:00 0 
7f5ec4000000-7f5ec4021000 rw-p 00000000 00:00 0 
7f5ec4021000-7f5ec8000000 ---p 00000000 00:00 0 
7f5ec8000000-7f5ec8021000 rw-p 00000000 00:00 0 
7f5ec8021000-7f5ecc000000 ---p 00000000 00:00 0 
7f5ecc000000-7f5ecc021000 rw-p 00000000 00:00 0 
7f5ecc021000-7f5ed0000000 ---p 00000000 00:00 0 
7f5ed0000000-7f5ed0021000 rw-p 00000000 00:00 0 
7f5ed0021000-7f5ed4000000 ---p 00000000 00:00 0 
7f5ed4000000-7f5ed4021000 rw-p 00000000 00:00 0 
7f5ed4021000-7f5ed8000000 ---p 00000000 00:00 0 
7f5ed8000000-7f5ed8021000 rw-p 00000000 00:00 0 
7f5ed8021000-7f5edc000000 ---p 00000000 00:00 0 
7f5edc12e000-7f5edc143000 r-xp 00000000 08:09 3679700                    /usr/lib/x86_64-linux-gnu/libxcb-glx.so.0.0.0
7f5edc143000-7f5edc342000 ---p 00015000 08:09 3679700                    /usr/lib/x86_64-linux-gnu/libxcb-glx.so.0.0.0
7f5edc342000-7f5edc344000 r--p 00014000 08:09 3679700                    /usr/lib/x86_64-linux-gnu/libxcb-glx.so.0.0.0
7f5edc344000-7f5edc345000 rw-p 00016000 08:09 3679700                    /usr/lib/x86_64-linux-gnu/libxcb-glx.so.0.0.0
7f5edc345000-7f5edc346000 r-xp 00000000 08:09 3678652                    /usr/lib/x86_64-linux-gnu/libX11-xcb.so.1.0.0
7f5edc346000-7f5edc545000 ---p 00001000 08:09 3678652                    /usr/lib/x86_64-linux-gnu/libX11-xcb.so.1.0.0
7f5edc545000-7f5edc546000 r--p 00000000 08:09 3678652                    /usr/lib/x86_64-linux-gnu/libX11-xcb.so.1.0.0
7f5edc546000-7f5edc547000 rw-p 00001000 08:09 3678652                    /usr/lib/x86_64-linux-gnu/libX11-xcb.so.1.0.0
7f5edc547000-7f5edc54c000 r-xp 00000000 08:09 3678673                    /usr/lib/x86_64-linux-gnu/libXfixes.so.3.1.0
7f5edc54c000-7f5edc74b000 ---p 00005000 08:09 3678673                    /usr/lib/x86_64-linux-gnu/libXfixes.so.3.1.0
7f5edc74b000-7f5edc74c000 r--p 00004000 08:09 3678673                    /usr/lib/x86_64-linux-gnu/libXfixes.so.3.1.0
7f5edc74c000-7f5edc74d000 rw-p 00005000 08:09 3678673                    /usr/lib/x86_64-linux-gnu/libXfixes.so.3.1.0
7f5edc74d000-7f5edc74f000 r-xp 00000000 08:09 3678667                    /usr/lib/x86_64-linux-gnu/libXdamage.so.1.1.0
7f5edc74f000-7f5edc94e000 ---p 00002000 08:09 3678667                    /usr/lib/x86_64-linux-gnu/libXdamage.so.1.1.0
7f5edc94e000-7f5edc94f000 r--p 00001000 08:09 3678667                    /usr/lib/x86_64-linux-gnu/libXdamage.so.1.1.0
7f5edc94f000-7f5edc950000 rw-p 00002000 08:09 3678667                    /usr/lib/x86_64-linux-gnu/libXdamage.so.1.1.0
7f5edc950000-7f5edc961000 r-xp 00000000 08:09 3678671                    /usr/lib/x86_64-linux-gnu/libXext.so.6.4.0
7f5edc961000-7f5edcb60000 ---p 00011000 08:09 3678671                    /usr/lib/x86_64-linux-gnu/libXext.so.6.4.0
7f5edcb60000-7f5edcb61000 r--p 00010000 08:09 3678671                    /usr/lib/x86_64-linux-gnu/libXext.so.6.4.0
7f5edcb61000-7f5edcb62000 rw-p 00011000 08:09 3678671                    /usr/lib/x86_64-linux-gnu/libXext.so.6.4.0
7f5edcb62000-7f5edcb84000 r-xp 00000000 08:09 3672157                    /usr/lib/x86_64-linux-gnu/libglapi.so.0.0.0
7f5edcb84000-7f5edcd84000 ---p 00022000 08:09 3672157                    /usr/lib/x86_64-linux-gnu/libglapi.so.0.0.0
7f5edcd84000-7f5edcd87000 r--p 00022000 08:09 3672157                    /usr/lib/x86_64-linux-gnu/libglapi.so.0.0.0
7f5edcd87000-7f5edcd88000 rw-p 00025000 08:09 3672157                    /usr/lib/x86_64-linux-gnu/libglapi.so.0.0.0
7f5edcd88000-7f5edcd89000 rw-p 00000000 00:00 0 
7f5edcd89000-7f5edcda6000 r-xp 00000000 08:09 3679728                    /usr/lib/x86_64-linux-gnu/libxcb.so.1.1.0
7f5edcda6000-7f5edcfa6000 ---p 0001d000 08:09 3679728                    /usr/lib/x86_64-linux-gnu/libxcb.so.1.1.0
7f5edcfa6000-7f5edcfa7000 r--p 0001d000 08:09 3679728                    /usr/lib/x86_64-linux-gnu/libxcb.so.1.1.0
7f5edcfa7000-7f5edcfa8000 rw-p 0001e000 08:09 3679728                    /usr/lib/x86_64-linux-gnu/libxcb.so.1.1.0
7f5edcfa8000-7f5edcfb1000 r-xp 00000000 08:09 3678665                    /usr/lib/x86_64-linux-gnu/libXcursor.so.1.0.2
7f5edcfb1000-7f5edd1b0000 ---p 00009000 08:09 3678665                    /usr/lib/x86_64-linux-gnu/libXcursor.so.1.0.2
7f5edd1b0000-7f5edd1b1000 r--p 00008000 08:09 3678665                    /usr/lib/x86_64-linux-gnu/libXcursor.so.1.0.2
7f5edd1b1000-7f5edd1b2000 rw-p 00009000 08:09 3678665                    /usr/lib/x86_64-linux-gnu/libXcursor.so.1.0.2
7f5edd1b2000-7f5edd1b4000 r-xp 00000000 08:09 3678681                    /usr/lib/x86_64-linux-gnu/libXinerama.so.1.0.0
7f5edd1b4000-7f5edd3b3000 ---p 00002000 08:09 3678681                    /usr/lib/x86_64-linux-gnu/libXinerama.so.1.0.0
7f5edd3b3000-7f5edd3b4000 r--p 00001000 08:09 3678681                    /usr/lib/x86_64-linux-gnu/libXinerama.so.1.0.0
7f5edd3b4000-7f5edd3b5000 rw-p 00002000 08:09 3678681                    /usr/lib/x86_64-linux-gnu/libXinerama.so.1.0.0
7f5edd3b5000-7f5edd3b9000 r-xp 00000000 08:09 3678709                    /usr/lib/x86_64-linux-gnu/libXxf86vm.so.1.0.0
7f5edd3b9000-7f5edd5b9000 ---p 00004000 08:09 3678709                    /usr/lib/x86_64-linux-gnu/libXxf86vm.so.1.0.0
7f5edd5b9000-7f5edd5ba000 r--p 00004000 08:09 3678709                    /usr/lib/x86_64-linux-gnu/libXxf86vm.so.1.0.0
7f5edd5ba000-7f5edd5bb000 rw-p 00005000 08:09 3678709                    /usr/lib/x86_64-linux-gnu/libXxf86vm.so.1.0.0
7f5edd5bb000-7f5edd5c4000 r-xp 00000000 08:09 3678691                    /usr/lib/x86_64-linux-gnu/libXrandr.so.2.2.0
7f5edd5c4000-7f5edd7c3000 ---p 00009000 08:09 3678691                    /usr/lib/x86_64-linux-gnu/libXrandr.so.2.2.0
7f5edd7c3000-7f5edd7c4000 r--p 00008000 08:09 3678691                    /usr/lib/x86_64-linux-gnu/libXrandr.so.2.2.0
7f5edd7c4000-7f5edd7c5000 rw-p 00009000 08:09 3678691                    /usr/lib/x86_64-linux-gnu/libXrandr.so.2.2.0
7f5edd7c5000-7f5edd7d4000 r-xp 00000000 08:09 3678679                    /usr/lib/x86_64-linux-gnu/libXi.so.6.1.0
7f5edd7d4000-7f5edd9d3000 ---p 0000f000 08:09 3678679                    /usr/lib/x86_64-linux-gnu/libXi.so.6.1.0
7f5edd9d3000-7f5edd9d4000 r--p 0000e000 08:09 3678679                    /usr/lib/x86_64-linux-gnu/libXi.so.6.1.0
7f5edd9d4000-7f5edd9d5000 rw-p 0000f000 08:09 3678679                    /usr/lib/x86_64-linux-gnu/libXi.so.6.1.0
7f5edd9d5000-7f5edda37000 r-xp 00000000 08:09 3934455                    /usr/lib/x86_64-linux-gnu/mesa/libGL.so.1.2.0
7f5edda37000-7f5eddc36000 ---p 00062000 08:09 3934455                    /usr/lib/x86_64-linux-gnu/mesa/libGL.so.1.2.0
7f5eddc36000-7f5eddc39000 r--p 00061000 08:09 3934455                    /usr/lib/x86_64-linux-gnu/mesa/libGL.so.1.2.0
7f5eddc39000-7f5eddc3a000 rw-p 00064000 08:09 3934455                    /usr/lib/x86_64-linux-gnu/mesa/libGL.so.1.2.0
7f5eddc3a000-7f5eddc3b000 rw-p 00000000 00:00 0 
7f5eddc3b000-7f5eddd6b000 r-xp 00000000 08:09 3678654                    /usr/lib/x86_64-linux-gnu/libX11.so.6.3.0
7f5eddd6b000-7f5eddf6b000 ---p 00130000 08:09 3678654                    /usr/lib/x86_64-linux-gnu/libX11.so.6.3.0
7f5eddf6b000-7f5eddf6c000 r--p 00130000 08:09 3678654                    /usr/lib/x86_64-linux-gnu/libX11.so.6.3.0
7f5eddf6c000-7f5eddf70000 rw-p 00131000 08:09 3678654                    /usr/lib/x86_64-linux-gnu/libX11.so.6.3.0
7f5eddf70000-7f5ee0000000 rw-p 00000000 00:00 0 
7f5ee0000000-7f5ee0021000 rw-p 00000000 00:00 0 
7f5ee0021000-7f5ee4000000 ---p 00000000 00:00 0 
7f5ee4038000-7f5ee40a7000 rw-p 00000000 00:00 0 
7f5ee40a7000-7f5ee4116000 r-xp 00000000 08:09 2102220                    /home/raul/lwjgl/native/linux/x64/liblwjgl.so
7f5ee4116000-7f5ee4315000 ---p 0006f000 08:09 2102220                    /home/raul/lwjgl/native/linux/x64/liblwjgl.so
7f5ee4315000-7f5ee4316000 r--p 0006e000 08:09 2102220                    /home/raul/lwjgl/native/linux/x64/liblwjgl.so
7f5ee4316000-7f5ee4317000 rw-p 0006f000 08:09 2102220                    /home/raul/lwjgl/native/linux/x64/liblwjgl.so
7f5ee4317000-7f5ee4318000 rw-p 00000000 00:00 0 
7f5ee4318000-7f5ee4319000 ---p 00000000 00:00 0 
7f5ee4319000-7f5ee4419000 rw-p 00000000 00:00 0                          [stack:4391]
7f5ee4419000-7f5ee441c000 ---p 00000000 00:00 0 
7f5ee441c000-7f5ee451a000 rw-p 00000000 00:00 0                          [stack:4390]
7f5ee451a000-7f5ee451d000 ---p 00000000 00:00 0 
7f5ee451d000-7f5ee461b000 rw-p 00000000 00:00 0                          [stack:4389]
7f5ee461b000-7f5ee461e000 ---p 00000000 00:00 0 
7f5ee461e000-7f5ee471c000 rw-p 00000000 00:00 0                          [stack:4388]
7f5ee471c000-7f5ee471f000 ---p 00000000 00:00 0 
7f5ee471f000-7f5ee481d000 rw-p 00000000 00:00 0                          [stack:4387]
7f5ee481d000-7f5ee4eff000 r--p 00000000 08:09 3677561                    /usr/lib/locale/locale-archive
7f5ee4eff000-7f5ee4f02000 ---p 00000000 00:00 0 
7f5ee4f02000-7f5ee5000000 rw-p 00000000 00:00 0                          [stack:4386]
7f5ee5000000-7f5ee5270000 rwxp 00000000 00:00 0 
7f5ee5270000-7f5ee8921000 rw-p 00000000 00:00 0 
7f5ee8921000-7f5eec000000 ---p 00000000 00:00 0 
7f5eec021000-7f5eec029000 rw-s 00000000 00:04 43694                      /drm mm object (deleted)
7f5eec029000-7f5eec031000 rw-s 00000000 00:04 43693                      /drm mm object (deleted)
7f5eec031000-7f5eec039000 rw-s 00000000 00:04 43689                      /drm mm object (deleted)
7f5eec039000-7f5eec040000 r--s 00000000 08:09 3939448                    /usr/lib/x86_64-linux-gnu/gconv/gconv-modules.cache
7f5eec040000-7f5eec066000 r--p 00000000 08:09 4329090                    /usr/share/locale-langpack/es/LC_MESSAGES/libc.mo
7f5eec066000-7f5eec069000 ---p 00000000 00:00 0 
7f5eec069000-7f5eec167000 rw-p 00000000 00:00 0                          [stack:4385]
7f5eec167000-7f5eec168000 ---p 00000000 00:00 0 
7f5eec168000-7f5eed267000 rw-p 00000000 00:00 0                          [stack:4384]
7f5eed267000-7f5eed426000 r--s 039eb000 08:09 1837861                    /home/raul/jdk1.7.0_75/jre/lib/rt.jar
7f5eed426000-7f5eed728000 rw-p 00000000 00:00 0 
7f5eed728000-7f5eed729000 ---p 00000000 00:00 0 
7f5eed729000-7f5eed829000 rw-p 00000000 00:00 0                          [stack:4383]
7f5eed829000-7f5eed82a000 ---p 00000000 00:00 0 
7f5eed82a000-7f5eed92a000 rw-p 00000000 00:00 0                          [stack:4382]
7f5eed92a000-7f5eed92b000 ---p 00000000 00:00 0 
7f5eed92b000-7f5eeda2b000 rw-p 00000000 00:00 0                          [stack:4381]
7f5eeda2b000-7f5eeda2c000 ---p 00000000 00:00 0 
7f5eeda2c000-7f5eedb37000 rw-p 00000000 00:00 0                          [stack:4380]
7f5eedb37000-7f5eedb55000 rw-p 00000000 00:00 0 
7f5eedb55000-7f5eedb69000 rw-p 00000000 00:00 0 
7f5eedb69000-7f5eedc95000 rw-p 00000000 00:00 0 
7f5eedc95000-7f5eedca0000 rw-p 00000000 00:00 0 
7f5eedca0000-7f5eedcbe000 rw-p 00000000 00:00 0 
7f5eedcbe000-7f5eedcd2000 rw-p 00000000 00:00 0 
7f5eedcd2000-7f5eeddfe000 rw-p 00000000 00:00 0 
7f5eeddfe000-7f5eede08000 rw-p 00000000 00:00 0 
7f5eede08000-7f5eede9e000 rw-p 00000000 00:00 0 
7f5eede9e000-7f5eede9f000 rw-p 00000000 00:00 0 
7f5eede9f000-7f5eedeb9000 r-xp 00000000 08:09 1837823                    /home/raul/jdk1.7.0_75/jre/lib/amd64/libzip.so
7f5eedeb9000-7f5eee0b9000 ---p 0001a000 08:09 1837823                    /home/raul/jdk1.7.0_75/jre/lib/amd64/libzip.so
7f5eee0b9000-7f5eee0ba000 rw-p 0001a000 08:09 1837823                    /home/raul/jdk1.7.0_75/jre/lib/amd64/libzip.so
7f5eee0ba000-7f5eee0c5000 r-xp 00000000 08:09 2625429                    /lib/x86_64-linux-gnu/libnss_files-2.19.so
7f5eee0c5000-7f5eee2c4000 ---p 0000b000 08:09 2625429                    /lib/x86_64-linux-gnu/libnss_files-2.19.so
7f5eee2c4000-7f5eee2c5000 r--p 0000a000 08:09 2625429                    /lib/x86_64-linux-gnu/libnss_files-2.19.so
7f5eee2c5000-7f5eee2c6000 rw-p 0000b000 08:09 2625429                    /lib/x86_64-linux-gnu/libnss_files-2.19.so
7f5eee2c6000-7f5eee2d1000 r-xp 00000000 08:09 2621542                    /lib/x86_64-linux-gnu/libnss_nis-2.19.so
7f5eee2d1000-7f5eee4d0000 ---p 0000b000 08:09 2621542                    /lib/x86_64-linux-gnu/libnss_nis-2.19.so
7f5eee4d0000-7f5eee4d1000 r--p 0000a000 08:09 2621542                    /lib/x86_64-linux-gnu/libnss_nis-2.19.so
7f5eee4d1000-7f5eee4d2000 rw-p 0000b000 08:09 2621542                    /lib/x86_64-linux-gnu/libnss_nis-2.19.so
7f5eee4d2000-7f5eee4e9000 r-xp 00000000 08:09 2621536                    /lib/x86_64-linux-gnu/libnsl-2.19.so
7f5eee4e9000-7f5eee6e8000 ---p 00017000 08:09 2621536                    /lib/x86_64-linux-gnu/libnsl-2.19.so
7f5eee6e8000-7f5eee6e9000 r--p 00016000 08:09 2621536                    /lib/x86_64-linux-gnu/libnsl-2.19.so
7f5eee6e9000-7f5eee6ea000 rw-p 00017000 08:09 2621536                    /lib/x86_64-linux-gnu/libnsl-2.19.so
7f5eee6ea000-7f5eee6ec000 rw-p 00000000 00:00 0 
7f5eee6ec000-7f5eee6f5000 r-xp 00000000 08:09 2621533                    /lib/x86_64-linux-gnu/libnss_compat-2.19.so
7f5eee6f5000-7f5eee8f4000 ---p 00009000 08:09 2621533                    /lib/x86_64-linux-gnu/libnss_compat-2.19.so
7f5eee8f4000-7f5eee8f5000 r--p 00008000 08:09 2621533                    /lib/x86_64-linux-gnu/libnss_compat-2.19.so
7f5eee8f5000-7f5eee8f6000 rw-p 00009000 08:09 2621533                    /lib/x86_64-linux-gnu/libnss_compat-2.19.so
7f5eee8f6000-7f5eee91f000 r-xp 00000000 08:09 1837758                    /home/raul/jdk1.7.0_75/jre/lib/amd64/libjava.so
7f5eee91f000-7f5eeeb1f000 ---p 00029000 08:09 1837758                    /home/raul/jdk1.7.0_75/jre/lib/amd64/libjava.so
7f5eeeb1f000-7f5eeeb21000 rw-p 00029000 08:09 1837758                    /home/raul/jdk1.7.0_75/jre/lib/amd64/libjava.so
7f5eeeb21000-7f5eeeb2e000 r-xp 00000000 08:09 1837636                    /home/raul/jdk1.7.0_75/jre/lib/amd64/libverify.so
7f5eeeb2e000-7f5eeed2d000 ---p 0000d000 08:09 1837636                    /home/raul/jdk1.7.0_75/jre/lib/amd64/libverify.so
7f5eeed2d000-7f5eeed2f000 rw-p 0000c000 08:09 1837636                    /home/raul/jdk1.7.0_75/jre/lib/amd64/libverify.so
7f5eeed2f000-7f5eeed36000 r-xp 00000000 08:09 2621470                    /lib/x86_64-linux-gnu/librt-2.19.so
7f5eeed36000-7f5eeef35000 ---p 00007000 08:09 2621470                    /lib/x86_64-linux-gnu/librt-2.19.so
7f5eeef35000-7f5eeef36000 r--p 00006000 08:09 2621470                    /lib/x86_64-linux-gnu/librt-2.19.so
7f5eeef36000-7f5eeef37000 rw-p 00007000 08:09 2621470                    /lib/x86_64-linux-gnu/librt-2.19.so
7f5eeef37000-7f5eef03c000 r-xp 00000000 08:09 2621535                    /lib/x86_64-linux-gnu/libm-2.19.so
7f5eef03c000-7f5eef23b000 ---p 00105000 08:09 2621535                    /lib/x86_64-linux-gnu/libm-2.19.so
7f5eef23b000-7f5eef23c000 r--p 00104000 08:09 2621535                    /lib/x86_64-linux-gnu/libm-2.19.so
7f5eef23c000-7f5eef23d000 rw-p 00105000 08:09 2621535                    /lib/x86_64-linux-gnu/libm-2.19.so
7f5eef23d000-7f5eefdb0000 r-xp 00000000 08:09 1837408                    /home/raul/jdk1.7.0_75/jre/lib/amd64/server/libjvm.so
7f5eefdb0000-7f5eeffb0000 ---p 00b73000 08:09 1837408                    /home/raul/jdk1.7.0_75/jre/lib/amd64/server/libjvm.so
7f5eeffb0000-7f5ef0074000 rw-p 00b73000 08:09 1837408                    /home/raul/jdk1.7.0_75/jre/lib/amd64/server/libjvm.so
7f5ef0074000-7f5ef00b5000 rw-p 00000000 00:00 0 
7f5ef00b5000-7f5ef0270000 r-xp 00000000 08:09 2621469                    /lib/x86_64-linux-gnu/libc-2.19.so
7f5ef0270000-7f5ef0470000 ---p 001bb000 08:09 2621469                    /lib/x86_64-linux-gnu/libc-2.19.so
7f5ef0470000-7f5ef0474000 r--p 001bb000 08:09 2621469                    /lib/x86_64-linux-gnu/libc-2.19.so
7f5ef0474000-7f5ef0476000 rw-p 001bf000 08:09 2621469                    /lib/x86_64-linux-gnu/libc-2.19.so
7f5ef0476000-7f5ef047b000 rw-p 00000000 00:00 0 
7f5ef047b000-7f5ef047e000 r-xp 00000000 08:09 2621531                    /lib/x86_64-linux-gnu/libdl-2.19.so
7f5ef047e000-7f5ef067d000 ---p 00003000 08:09 2621531                    /lib/x86_64-linux-gnu/libdl-2.19.so
7f5ef067d000-7f5ef067e000 r--p 00002000 08:09 2621531                    /lib/x86_64-linux-gnu/libdl-2.19.so
7f5ef067e000-7f5ef067f000 rw-p 00003000 08:09 2621531                    /lib/x86_64-linux-gnu/libdl-2.19.so
7f5ef067f000-7f5ef0695000 r-xp 00000000 08:09 1837831                    /home/raul/jdk1.7.0_75/lib/amd64/jli/libjli.so
7f5ef0695000-7f5ef0895000 ---p 00016000 08:09 1837831                    /home/raul/jdk1.7.0_75/lib/amd64/jli/libjli.so
7f5ef0895000-7f5ef0896000 rw-p 00016000 08:09 1837831                    /home/raul/jdk1.7.0_75/lib/amd64/jli/libjli.so
7f5ef0896000-7f5ef08af000 r-xp 00000000 08:09 2621544                    /lib/x86_64-linux-gnu/libpthread-2.19.so
7f5ef08af000-7f5ef0aae000 ---p 00019000 08:09 2621544                    /lib/x86_64-linux-gnu/libpthread-2.19.so
7f5ef0aae000-7f5ef0aaf000 r--p 00018000 08:09 2621544                    /lib/x86_64-linux-gnu/libpthread-2.19.so
7f5ef0aaf000-7f5ef0ab0000 rw-p 00019000 08:09 2621544                    /lib/x86_64-linux-gnu/libpthread-2.19.so
7f5ef0ab0000-7f5ef0ab4000 rw-p 00000000 00:00 0 
7f5ef0ab4000-7f5ef0ad7000 r-xp 00000000 08:09 2621459                    /lib/x86_64-linux-gnu/ld-2.19.so
7f5ef0ad9000-7f5ef0ada000 rw-p 00000000 00:00 0 
7f5ef0ada000-7f5ef0adb000 rw-s 00000000 00:04 43700                      /drm mm object (deleted)
7f5ef0adb000-7f5ef0adc000 rw-s 00000000 00:04 43698                      /drm mm object (deleted)
7f5ef0adc000-7f5ef0add000 rwxp 00000000 00:00 0 
7f5ef0add000-7f5ef0afc000 rw-p 00000000 00:00 0 
7f5ef0afc000-7f5ef0bb2000 rw-p 00000000 00:00 0 
7f5ef0bb2000-7f5ef0bb5000 ---p 00000000 00:00 0 
7f5ef0bb5000-7f5ef0cb7000 rw-p 00000000 00:00 0                          [stack:4379]
7f5ef0cb7000-7f5ef0cb8000 rw-s 00000000 00:04 43690                      /drm mm object (deleted)
7f5ef0cb8000-7f5ef0cb9000 rwxp 00000000 00:00 0 
7f5ef0cb9000-7f5ef0cbb000 r--s 00004000 08:09 1968631                    /home/raul/.netbeans/8.0.2/gluegen-runtime/gluegen-rt.jar
7f5ef0cbb000-7f5ef0cca000 r--s 0012e000 08:09 2102216                    /home/raul/lwjgl/jar/lwjgl.jar
7f5ef0cca000-7f5ef0cd2000 rw-s 00000000 08:09 4080672                    /tmp/hsperfdata_raul/4374
7f5ef0cd2000-7f5ef0cd3000 rw-p 00000000 00:00 0 
7f5ef0cd3000-7f5ef0cd4000 r--p 00000000 00:00 0 
7f5ef0cd4000-7f5ef0cd6000 rw-p 00000000 00:00 0 
7f5ef0cd6000-7f5ef0cd7000 r--p 00022000 08:09 2621459                    /lib/x86_64-linux-gnu/ld-2.19.so
7f5ef0cd7000-7f5ef0cd8000 rw-p 00023000 08:09 2621459                    /lib/x86_64-linux-gnu/ld-2.19.so
7f5ef0cd8000-7f5ef0cd9000 rw-p 00000000 00:00 0 
7fff5e8f5000-7fff5e916000 rw-p 00000000 00:00 0                          [stack]
7fff5e988000-7fff5e98a000 r-xp 00000000 00:00 0                          [vdso]
ffffffffff600000-ffffffffff601000 r-xp 00000000 00:00 0                  [vsyscall]

VM Arguments:
jvm_args: -Dfile.encoding=UTF-8 -Djava.library.path=/home/raul/lwjgl/native/linux/x64 
java_command: simulador.Main
Launcher Type: SUN_STANDARD

Environment Variables:
PATH=/usr/local/sbin:/usr/local/bin:/usr/sbin:/usr/bin:/sbin:/bin:/usr/games:/usr/local/games
LD_LIBRARY_PATH=/home/raul/jdk1.7.0_75/jre/lib/amd64:/home/raul/jdk1.7.0_75/jre/lib/i386:
SHELL=/bin/bash
DISPLAY=:0.0

Signal Handlers:
SIGSEGV: [libjvm.so+0x9a21f0], sa_mask[0]=0x7ffbfeff, sa_flags=0x10000004
SIGBUS: [libjvm.so+0x9a21f0], sa_mask[0]=0x7ffbfeff, sa_flags=0x10000004
SIGFPE: [libjvm.so+0x81ba40], sa_mask[0]=0x7ffbfeff, sa_flags=0x10000004
SIGPIPE: [libjvm.so+0x81ba40], sa_mask[0]=0x7ffbfeff, sa_flags=0x10000004
SIGXFSZ: [libjvm.so+0x81ba40], sa_mask[0]=0x7ffbfeff, sa_flags=0x10000004
SIGILL: [libjvm.so+0x81ba40], sa_mask[0]=0x7ffbfeff, sa_flags=0x10000004
SIGUSR1: SIG_DFL, sa_mask[0]=0x00000000, sa_flags=0x00000000
SIGUSR2: [libjvm.so+0x81d240], sa_mask[0]=0x00000004, sa_flags=0x10000004
SIGHUP: [libjvm.so+0x81e360], sa_mask[0]=0x7ffbfeff, sa_flags=0x10000004
SIGINT: SIG_IGN, sa_mask[0]=0x00000000, sa_flags=0x00000000
SIGTERM: [libjvm.so+0x81e360], sa_mask[0]=0x7ffbfeff, sa_flags=0x10000004
SIGQUIT: [libjvm.so+0x81e360], sa_mask[0]=0x7ffbfeff, sa_flags=0x10000004


---------------  S Y S T E M  ---------------

OS:jessie/sid

uname:Linux 3.13.0-45-generic #74-Ubuntu SMP Tue Jan 13 19:36:28 UTC 2015 x86_64
libc:glibc 2.19 NPTL 2.19 
rlimit: STACK 8192k, CORE 0k, NPROC 29139, NOFILE 4096, AS infinity
load average:1,07 0,97 1,05

/proc/meminfo:
MemTotal:        3931356 kB
MemFree:          723068 kB
Buffers:          143160 kB
Cached:          1534772 kB
SwapCached:            0 kB
Active:          1771752 kB
Inactive:        1222464 kB
Active(anon):    1318436 kB
Inactive(anon):   328140 kB
Active(file):     453316 kB
Inactive(file):   894324 kB
Unevictable:          32 kB
Mlocked:              32 kB
SwapTotal:       4077564 kB
SwapFree:        4077564 kB
Dirty:              1204 kB
Writeback:             0 kB
AnonPages:       1316560 kB
Mapped:           212024 kB
Shmem:            330296 kB
Slab:             130572 kB
SReclaimable:      99360 kB
SUnreclaim:        31212 kB
KernelStack:        3696 kB
PageTables:        28132 kB
NFS_Unstable:          0 kB
Bounce:                0 kB
WritebackTmp:          0 kB
CommitLimit:     6043240 kB
Committed_AS:    4591932 kB
VmallocTotal:   34359738367 kB
VmallocUsed:      350760 kB
VmallocChunk:   34359378944 kB
HardwareCorrupted:     0 kB
AnonHugePages:    694272 kB
HugePages_Total:       0
HugePages_Free:        0
HugePages_Rsvd:        0
HugePages_Surp:        0
Hugepagesize:       2048 kB
DirectMap4k:       86080 kB
DirectMap2M:     3991552 kB


CPU:total 4 (2 cores per cpu, 2 threads per core) family 6 model 58 stepping 9, cmov, cx8, fxsr, mmx, sse, sse2, sse3, ssse3, sse4.1, sse4.2, popcnt, avx, aes, erms, ht, tsc, tscinvbit, tscinv

/proc/cpuinfo:
processor	: 0
vendor_id	: GenuineIntel
cpu family	: 6
model		: 58
model name	: Intel(R) Core(TM) i5-3230M CPU @ 2.60GHz
stepping	: 9
microcode	: 0x12
cpu MHz		: 1700.000
cache size	: 3072 KB
physical id	: 0
siblings	: 4
core id		: 0
cpu cores	: 2
apicid		: 0
initial apicid	: 0
fpu		: yes
fpu_exception	: yes
cpuid level	: 13
wp		: yes
flags		: fpu vme de pse tsc msr pae mce cx8 apic sep mtrr pge mca cmov pat pse36 clflush dts acpi mmx fxsr sse sse2 ss ht tm pbe syscall nx rdtscp lm constant_tsc arch_perfmon pebs bts rep_good nopl xtopology nonstop_tsc aperfmperf eagerfpu pni pclmulqdq dtes64 monitor ds_cpl vmx est tm2 ssse3 cx16 xtpr pdcm pcid sse4_1 sse4_2 x2apic popcnt tsc_deadline_timer aes xsave avx f16c rdrand lahf_lm ida arat epb xsaveopt pln pts dtherm tpr_shadow vnmi flexpriority ept vpid fsgsbase smep erms
bogomips	: 5188.00
clflush size	: 64
cache_alignment	: 64
address sizes	: 36 bits physical, 48 bits virtual
power management:

processor	: 1
vendor_id	: GenuineIntel
cpu family	: 6
model		: 58
model name	: Intel(R) Core(TM) i5-3230M CPU @ 2.60GHz
stepping	: 9
microcode	: 0x12
cpu MHz		: 1200.000
cache size	: 3072 KB
physical id	: 0
siblings	: 4
core id		: 1
cpu cores	: 2
apicid		: 2
initial apicid	: 2
fpu		: yes
fpu_exception	: yes
cpuid level	: 13
wp		: yes
flags		: fpu vme de pse tsc msr pae mce cx8 apic sep mtrr pge mca cmov pat pse36 clflush dts acpi mmx fxsr sse sse2 ss ht tm pbe syscall nx rdtscp lm constant_tsc arch_perfmon pebs bts rep_good nopl xtopology nonstop_tsc aperfmperf eagerfpu pni pclmulqdq dtes64 monitor ds_cpl vmx est tm2 ssse3 cx16 xtpr pdcm pcid sse4_1 sse4_2 x2apic popcnt tsc_deadline_timer aes xsave avx f16c rdrand lahf_lm ida arat epb xsaveopt pln pts dtherm tpr_shadow vnmi flexpriority ept vpid fsgsbase smep erms
bogomips	: 5188.00
clflush size	: 64
cache_alignment	: 64
address sizes	: 36 bits physical, 48 bits virtual
power management:

processor	: 2
vendor_id	: GenuineIntel
cpu family	: 6
model		: 58
model name	: Intel(R) Core(TM) i5-3230M CPU @ 2.60GHz
stepping	: 9
microcode	: 0x12
cpu MHz		: 2601.000
cache size	: 3072 KB
physical id	: 0
siblings	: 4
core id		: 0
cpu cores	: 2
apicid		: 1
initial apicid	: 1
fpu		: yes
fpu_exception	: yes
cpuid level	: 13
wp		: yes
flags		: fpu vme de pse tsc msr pae mce cx8 apic sep mtrr pge mca cmov pat pse36 clflush dts acpi mmx fxsr sse sse2 ss ht tm pbe syscall nx rdtscp lm constant_tsc arch_perfmon pebs bts rep_good nopl xtopology nonstop_tsc aperfmperf eagerfpu pni pclmulqdq dtes64 monitor ds_cpl vmx est tm2 ssse3 cx16 xtpr pdcm pcid sse4_1 sse4_2 x2apic popcnt tsc_deadline_timer aes xsave avx f16c rdrand lahf_lm ida arat epb xsaveopt pln pts dtherm tpr_shadow vnmi flexpriority ept vpid fsgsbase smep erms
bogomips	: 5188.00
clflush size	: 64
cache_alignment	: 64
address sizes	: 36 bits physical, 48 bits virtual
power management:

processor	: 3
vendor_id	: GenuineIntel
cpu family	: 6
model		: 58
model name	: Intel(R) Core(TM) i5-3230M CPU @ 2.60GHz
stepping	: 9
microcode	: 0x12
cpu MHz		: 2601.000
cache size	: 3072 KB
physical id	: 0
siblings	: 4
core id		: 1
cpu cores	: 2
apicid		: 3
initial apicid	: 3
fpu		: yes
fpu_exception	: yes
cpuid level	: 13
wp		: yes
flags		: fpu vme de pse tsc msr pae mce cx8 apic sep mtrr pge mca cmov pat pse36 clflush dts acpi mmx fxsr sse sse2 ss ht tm pbe syscall nx rdtscp lm constant_tsc arch_perfmon pebs bts rep_good nopl xtopology nonstop_tsc aperfmperf eagerfpu pni pclmulqdq dtes64 monitor ds_cpl vmx est tm2 ssse3 cx16 xtpr pdcm pcid sse4_1 sse4_2 x2apic popcnt tsc_deadline_timer aes xsave avx f16c rdrand lahf_lm ida arat epb xsaveopt pln pts dtherm tpr_shadow vnmi flexpriority ept vpid fsgsbase smep erms
bogomips	: 5188.00
clflush size	: 64
cache_alignment	: 64
address sizes	: 36 bits physical, 48 bits virtual
power management:



Memory: 4k page, physical 3931356k(723068k free), swap 4077564k(4077564k free)

vm_info: Java HotSpot(TM) 64-Bit Server VM (24.75-b04) for linux-amd64 JRE (1.7.0_75-b13), built on Dec 18 2014 16:45:18 by "java_re" with gcc 4.3.0 20080428 (Red Hat 4.3.0-8)

time: Sat Mar 28 01:07:48 2015
elapsed time: 0 seconds

